[0.113s] DEBUG:colcon:Command line arguments: ['/usr/bin/colcon', 'build', '--symlink-install']
[0.113s] DEBUG:colcon:Parsed command line arguments: Namespace(log_base=None, log_level=None, verb_name='build', build_base='build', install_base='install', merge_install=False, symlink_install=True, test_result_base=None, continue_on_error=False, executor='parallel', parallel_workers=12, event_handlers=None, ignore_user_meta=False, metas=['./colcon.meta'], base_paths=['.'], packages_ignore=None, packages_ignore_regex=None, paths=None, packages_up_to=None, packages_up_to_regex=None, packages_above=None, packages_above_and_dependencies=None, packages_above_depth=None, packages_select_by_dep=None, packages_skip_by_dep=None, packages_skip_up_to=None, packages_select_build_failed=False, packages_skip_build_finished=False, packages_select_test_failures=False, packages_skip_test_passed=False, packages_select=None, packages_skip=None, packages_select_regex=None, packages_skip_regex=None, packages_start=None, packages_end=None, allow_overriding=[], cmake_args=None, cmake_target=None, cmake_target_skip_unavailable=False, cmake_clean_cache=False, cmake_clean_first=False, cmake_force_configure=False, ament_cmake_args=None, catkin_cmake_args=None, catkin_skip_building_tests=False, verb_parser=<colcon_defaults.argument_parser.defaults.DefaultArgumentsDecorator object at 0x7f97b9d7df40>, verb_extension=<colcon_core.verb.build.BuildVerb object at 0x7f97b9e9ea80>, main=<bound method BuildVerb.main of <colcon_core.verb.build.BuildVerb object at 0x7f97b9e9ea80>>)
[0.153s] Level 1:colcon.colcon_core.package_discovery:discover_packages(colcon_meta) check parameters
[0.153s] Level 1:colcon.colcon_core.package_discovery:discover_packages(recursive) check parameters
[0.153s] Level 1:colcon.colcon_core.package_discovery:discover_packages(ignore) check parameters
[0.153s] Level 1:colcon.colcon_core.package_discovery:discover_packages(path) check parameters
[0.153s] Level 1:colcon.colcon_core.package_discovery:discover_packages(colcon_meta) discover
[0.153s] Level 1:colcon.colcon_core.package_discovery:discover_packages(recursive) discover
[0.153s] INFO:colcon.colcon_core.package_discovery:Crawling recursively for packages in '/home/seth/omnibase_ws'
[0.153s] Level 1:colcon.colcon_core.package_identification:_identify(.) by extensions ['ignore', 'ignore_ament_install']
[0.153s] Level 1:colcon.colcon_core.package_identification:_identify(.) by extension 'ignore'
[0.153s] Level 1:colcon.colcon_core.package_identification:_identify(.) by extension 'ignore_ament_install'
[0.153s] Level 1:colcon.colcon_core.package_identification:_identify(.) by extensions ['colcon_pkg']
[0.153s] Level 1:colcon.colcon_core.package_identification:_identify(.) by extension 'colcon_pkg'
[0.153s] Level 1:colcon.colcon_core.package_identification:_identify(.) by extensions ['colcon_meta']
[0.153s] Level 1:colcon.colcon_core.package_identification:_identify(.) by extension 'colcon_meta'
[0.153s] Level 1:colcon.colcon_core.package_identification:_identify(.) by extensions ['ros']
[0.153s] Level 1:colcon.colcon_core.package_identification:_identify(.) by extension 'ros'
[0.172s] Level 1:colcon.colcon_core.package_identification:_identify(.) by extensions ['cmake', 'python']
[0.172s] Level 1:colcon.colcon_core.package_identification:_identify(.) by extension 'cmake'
[0.172s] Level 1:colcon.colcon_core.package_identification:_identify(.) by extension 'python'
[0.172s] Level 1:colcon.colcon_core.package_identification:_identify(.) by extensions ['python_setup_py']
[0.172s] Level 1:colcon.colcon_core.package_identification:_identify(.) by extension 'python_setup_py'
[0.172s] Level 1:colcon.colcon_core.package_identification:_identify(build) by extensions ['ignore', 'ignore_ament_install']
[0.172s] Level 1:colcon.colcon_core.package_identification:_identify(build) by extension 'ignore'
[0.172s] Level 1:colcon.colcon_core.package_identification:_identify(build) ignored
[0.172s] Level 1:colcon.colcon_core.package_identification:_identify(install) by extensions ['ignore', 'ignore_ament_install']
[0.172s] Level 1:colcon.colcon_core.package_identification:_identify(install) by extension 'ignore'
[0.172s] Level 1:colcon.colcon_core.package_identification:_identify(install) ignored
[0.172s] Level 1:colcon.colcon_core.package_identification:_identify(log) by extensions ['ignore', 'ignore_ament_install']
[0.172s] Level 1:colcon.colcon_core.package_identification:_identify(log) by extension 'ignore'
[0.172s] Level 1:colcon.colcon_core.package_identification:_identify(log) ignored
[0.172s] Level 1:colcon.colcon_core.package_identification:_identify(src) by extensions ['ignore', 'ignore_ament_install']
[0.172s] Level 1:colcon.colcon_core.package_identification:_identify(src) by extension 'ignore'
[0.172s] Level 1:colcon.colcon_core.package_identification:_identify(src) by extension 'ignore_ament_install'
[0.172s] Level 1:colcon.colcon_core.package_identification:_identify(src) by extensions ['colcon_pkg']
[0.172s] Level 1:colcon.colcon_core.package_identification:_identify(src) by extension 'colcon_pkg'
[0.172s] Level 1:colcon.colcon_core.package_identification:_identify(src) by extensions ['colcon_meta']
[0.172s] Level 1:colcon.colcon_core.package_identification:_identify(src) by extension 'colcon_meta'
[0.172s] Level 1:colcon.colcon_core.package_identification:_identify(src) by extensions ['ros']
[0.172s] Level 1:colcon.colcon_core.package_identification:_identify(src) by extension 'ros'
[0.172s] Level 1:colcon.colcon_core.package_identification:_identify(src) by extensions ['cmake', 'python']
[0.172s] Level 1:colcon.colcon_core.package_identification:_identify(src) by extension 'cmake'
[0.172s] Level 1:colcon.colcon_core.package_identification:_identify(src) by extension 'python'
[0.173s] Level 1:colcon.colcon_core.package_identification:_identify(src) by extensions ['python_setup_py']
[0.173s] Level 1:colcon.colcon_core.package_identification:_identify(src) by extension 'python_setup_py'
[0.173s] Level 1:colcon.colcon_core.package_identification:_identify(src/omnibase_bringup) by extensions ['ignore', 'ignore_ament_install']
[0.173s] Level 1:colcon.colcon_core.package_identification:_identify(src/omnibase_bringup) by extension 'ignore'
[0.173s] Level 1:colcon.colcon_core.package_identification:_identify(src/omnibase_bringup) by extension 'ignore_ament_install'
[0.173s] Level 1:colcon.colcon_core.package_identification:_identify(src/omnibase_bringup) by extensions ['colcon_pkg']
[0.173s] Level 1:colcon.colcon_core.package_identification:_identify(src/omnibase_bringup) by extension 'colcon_pkg'
[0.173s] Level 1:colcon.colcon_core.package_identification:_identify(src/omnibase_bringup) by extensions ['colcon_meta']
[0.173s] Level 1:colcon.colcon_core.package_identification:_identify(src/omnibase_bringup) by extension 'colcon_meta'
[0.173s] Level 1:colcon.colcon_core.package_identification:_identify(src/omnibase_bringup) by extensions ['ros']
[0.173s] Level 1:colcon.colcon_core.package_identification:_identify(src/omnibase_bringup) by extension 'ros'
[0.175s] DEBUG:colcon.colcon_core.package_identification:Package 'src/omnibase_bringup' with type 'ros.ament_cmake' and name 'omnibase_bringup'
[0.175s] Level 1:colcon.colcon_core.package_identification:_identify(src/omnibase_control) by extensions ['ignore', 'ignore_ament_install']
[0.175s] Level 1:colcon.colcon_core.package_identification:_identify(src/omnibase_control) by extension 'ignore'
[0.175s] Level 1:colcon.colcon_core.package_identification:_identify(src/omnibase_control) by extension 'ignore_ament_install'
[0.175s] Level 1:colcon.colcon_core.package_identification:_identify(src/omnibase_control) by extensions ['colcon_pkg']
[0.175s] Level 1:colcon.colcon_core.package_identification:_identify(src/omnibase_control) by extension 'colcon_pkg'
[0.175s] Level 1:colcon.colcon_core.package_identification:_identify(src/omnibase_control) by extensions ['colcon_meta']
[0.175s] Level 1:colcon.colcon_core.package_identification:_identify(src/omnibase_control) by extension 'colcon_meta'
[0.175s] Level 1:colcon.colcon_core.package_identification:_identify(src/omnibase_control) by extensions ['ros']
[0.175s] Level 1:colcon.colcon_core.package_identification:_identify(src/omnibase_control) by extension 'ros'
[0.175s] DEBUG:colcon.colcon_core.package_identification:Package 'src/omnibase_control' with type 'ros.ament_python' and name 'omnibase_control'
[0.175s] Level 1:colcon.colcon_core.package_identification:_identify(src/omnibase_description) by extensions ['ignore', 'ignore_ament_install']
[0.175s] Level 1:colcon.colcon_core.package_identification:_identify(src/omnibase_description) by extension 'ignore'
[0.175s] Level 1:colcon.colcon_core.package_identification:_identify(src/omnibase_description) by extension 'ignore_ament_install'
[0.175s] Level 1:colcon.colcon_core.package_identification:_identify(src/omnibase_description) by extensions ['colcon_pkg']
[0.175s] Level 1:colcon.colcon_core.package_identification:_identify(src/omnibase_description) by extension 'colcon_pkg'
[0.175s] Level 1:colcon.colcon_core.package_identification:_identify(src/omnibase_description) by extensions ['colcon_meta']
[0.175s] Level 1:colcon.colcon_core.package_identification:_identify(src/omnibase_description) by extension 'colcon_meta'
[0.175s] Level 1:colcon.colcon_core.package_identification:_identify(src/omnibase_description) by extensions ['ros']
[0.175s] Level 1:colcon.colcon_core.package_identification:_identify(src/omnibase_description) by extension 'ros'
[0.175s] DEBUG:colcon.colcon_core.package_identification:Package 'src/omnibase_description' with type 'ros.ament_cmake' and name 'omnibase_description'
[0.176s] Level 1:colcon.colcon_core.package_identification:_identify(src/omnibase_gazebo) by extensions ['ignore', 'ignore_ament_install']
[0.176s] Level 1:colcon.colcon_core.package_identification:_identify(src/omnibase_gazebo) by extension 'ignore'
[0.176s] Level 1:colcon.colcon_core.package_identification:_identify(src/omnibase_gazebo) by extension 'ignore_ament_install'
[0.176s] Level 1:colcon.colcon_core.package_identification:_identify(src/omnibase_gazebo) by extensions ['colcon_pkg']
[0.176s] Level 1:colcon.colcon_core.package_identification:_identify(src/omnibase_gazebo) by extension 'colcon_pkg'
[0.176s] Level 1:colcon.colcon_core.package_identification:_identify(src/omnibase_gazebo) by extensions ['colcon_meta']
[0.176s] Level 1:colcon.colcon_core.package_identification:_identify(src/omnibase_gazebo) by extension 'colcon_meta'
[0.176s] Level 1:colcon.colcon_core.package_identification:_identify(src/omnibase_gazebo) by extensions ['ros']
[0.176s] Level 1:colcon.colcon_core.package_identification:_identify(src/omnibase_gazebo) by extension 'ros'
[0.176s] DEBUG:colcon.colcon_core.package_identification:Package 'src/omnibase_gazebo' with type 'ros.ament_cmake' and name 'omnibase_gazebo'
[0.176s] Level 1:colcon.colcon_core.package_identification:_identify(src/omnibase_vision) by extensions ['ignore', 'ignore_ament_install']
[0.176s] Level 1:colcon.colcon_core.package_identification:_identify(src/omnibase_vision) by extension 'ignore'
[0.176s] Level 1:colcon.colcon_core.package_identification:_identify(src/omnibase_vision) by extension 'ignore_ament_install'
[0.176s] Level 1:colcon.colcon_core.package_identification:_identify(src/omnibase_vision) by extensions ['colcon_pkg']
[0.176s] Level 1:colcon.colcon_core.package_identification:_identify(src/omnibase_vision) by extension 'colcon_pkg'
[0.176s] Level 1:colcon.colcon_core.package_identification:_identify(src/omnibase_vision) by extensions ['colcon_meta']
[0.176s] Level 1:colcon.colcon_core.package_identification:_identify(src/omnibase_vision) by extension 'colcon_meta'
[0.176s] Level 1:colcon.colcon_core.package_identification:_identify(src/omnibase_vision) by extensions ['ros']
[0.176s] Level 1:colcon.colcon_core.package_identification:_identify(src/omnibase_vision) by extension 'ros'
[0.176s] DEBUG:colcon.colcon_core.package_identification:Package 'src/omnibase_vision' with type 'ros.ament_python' and name 'omnibase_vision'
[0.176s] Level 1:colcon.colcon_core.package_identification:_identify(uav) by extensions ['ignore', 'ignore_ament_install']
[0.176s] Level 1:colcon.colcon_core.package_identification:_identify(uav) by extension 'ignore'
[0.176s] Level 1:colcon.colcon_core.package_identification:_identify(uav) by extension 'ignore_ament_install'
[0.177s] Level 1:colcon.colcon_core.package_identification:_identify(uav) by extensions ['colcon_pkg']
[0.177s] Level 1:colcon.colcon_core.package_identification:_identify(uav) by extension 'colcon_pkg'
[0.177s] Level 1:colcon.colcon_core.package_identification:_identify(uav) by extensions ['colcon_meta']
[0.177s] Level 1:colcon.colcon_core.package_identification:_identify(uav) by extension 'colcon_meta'
[0.177s] Level 1:colcon.colcon_core.package_identification:_identify(uav) by extensions ['ros']
[0.177s] Level 1:colcon.colcon_core.package_identification:_identify(uav) by extension 'ros'
[0.177s] Level 1:colcon.colcon_core.package_identification:_identify(uav) by extensions ['cmake', 'python']
[0.177s] Level 1:colcon.colcon_core.package_identification:_identify(uav) by extension 'cmake'
[0.177s] Level 1:colcon.colcon_core.package_identification:_identify(uav) by extension 'python'
[0.177s] Level 1:colcon.colcon_core.package_identification:_identify(uav) by extensions ['python_setup_py']
[0.177s] Level 1:colcon.colcon_core.package_identification:_identify(uav) by extension 'python_setup_py'
[0.177s] Level 1:colcon.colcon_core.package_identification:_identify(uav/materials) by extensions ['ignore', 'ignore_ament_install']
[0.177s] Level 1:colcon.colcon_core.package_identification:_identify(uav/materials) by extension 'ignore'
[0.177s] Level 1:colcon.colcon_core.package_identification:_identify(uav/materials) by extension 'ignore_ament_install'
[0.177s] Level 1:colcon.colcon_core.package_identification:_identify(uav/materials) by extensions ['colcon_pkg']
[0.177s] Level 1:colcon.colcon_core.package_identification:_identify(uav/materials) by extension 'colcon_pkg'
[0.177s] Level 1:colcon.colcon_core.package_identification:_identify(uav/materials) by extensions ['colcon_meta']
[0.177s] Level 1:colcon.colcon_core.package_identification:_identify(uav/materials) by extension 'colcon_meta'
[0.177s] Level 1:colcon.colcon_core.package_identification:_identify(uav/materials) by extensions ['ros']
[0.177s] Level 1:colcon.colcon_core.package_identification:_identify(uav/materials) by extension 'ros'
[0.177s] Level 1:colcon.colcon_core.package_identification:_identify(uav/materials) by extensions ['cmake', 'python']
[0.177s] Level 1:colcon.colcon_core.package_identification:_identify(uav/materials) by extension 'cmake'
[0.177s] Level 1:colcon.colcon_core.package_identification:_identify(uav/materials) by extension 'python'
[0.177s] Level 1:colcon.colcon_core.package_identification:_identify(uav/materials) by extensions ['python_setup_py']
[0.177s] Level 1:colcon.colcon_core.package_identification:_identify(uav/materials) by extension 'python_setup_py'
[0.177s] Level 1:colcon.colcon_core.package_identification:_identify(uav/materials/textures) by extensions ['ignore', 'ignore_ament_install']
[0.177s] Level 1:colcon.colcon_core.package_identification:_identify(uav/materials/textures) by extension 'ignore'
[0.177s] Level 1:colcon.colcon_core.package_identification:_identify(uav/materials/textures) by extension 'ignore_ament_install'
[0.177s] Level 1:colcon.colcon_core.package_identification:_identify(uav/materials/textures) by extensions ['colcon_pkg']
[0.177s] Level 1:colcon.colcon_core.package_identification:_identify(uav/materials/textures) by extension 'colcon_pkg'
[0.177s] Level 1:colcon.colcon_core.package_identification:_identify(uav/materials/textures) by extensions ['colcon_meta']
[0.177s] Level 1:colcon.colcon_core.package_identification:_identify(uav/materials/textures) by extension 'colcon_meta'
[0.177s] Level 1:colcon.colcon_core.package_identification:_identify(uav/materials/textures) by extensions ['ros']
[0.177s] Level 1:colcon.colcon_core.package_identification:_identify(uav/materials/textures) by extension 'ros'
[0.177s] Level 1:colcon.colcon_core.package_identification:_identify(uav/materials/textures) by extensions ['cmake', 'python']
[0.177s] Level 1:colcon.colcon_core.package_identification:_identify(uav/materials/textures) by extension 'cmake'
[0.177s] Level 1:colcon.colcon_core.package_identification:_identify(uav/materials/textures) by extension 'python'
[0.177s] Level 1:colcon.colcon_core.package_identification:_identify(uav/materials/textures) by extensions ['python_setup_py']
[0.177s] Level 1:colcon.colcon_core.package_identification:_identify(uav/materials/textures) by extension 'python_setup_py'
[0.177s] Level 1:colcon.colcon_core.package_identification:_identify(uav/meshes) by extensions ['ignore', 'ignore_ament_install']
[0.177s] Level 1:colcon.colcon_core.package_identification:_identify(uav/meshes) by extension 'ignore'
[0.177s] Level 1:colcon.colcon_core.package_identification:_identify(uav/meshes) by extension 'ignore_ament_install'
[0.177s] Level 1:colcon.colcon_core.package_identification:_identify(uav/meshes) by extensions ['colcon_pkg']
[0.177s] Level 1:colcon.colcon_core.package_identification:_identify(uav/meshes) by extension 'colcon_pkg'
[0.177s] Level 1:colcon.colcon_core.package_identification:_identify(uav/meshes) by extensions ['colcon_meta']
[0.177s] Level 1:colcon.colcon_core.package_identification:_identify(uav/meshes) by extension 'colcon_meta'
[0.177s] Level 1:colcon.colcon_core.package_identification:_identify(uav/meshes) by extensions ['ros']
[0.177s] Level 1:colcon.colcon_core.package_identification:_identify(uav/meshes) by extension 'ros'
[0.177s] Level 1:colcon.colcon_core.package_identification:_identify(uav/meshes) by extensions ['cmake', 'python']
[0.177s] Level 1:colcon.colcon_core.package_identification:_identify(uav/meshes) by extension 'cmake'
[0.177s] Level 1:colcon.colcon_core.package_identification:_identify(uav/meshes) by extension 'python'
[0.177s] Level 1:colcon.colcon_core.package_identification:_identify(uav/meshes) by extensions ['python_setup_py']
[0.177s] Level 1:colcon.colcon_core.package_identification:_identify(uav/meshes) by extension 'python_setup_py'
[0.178s] Level 1:colcon.colcon_core.package_identification:_identify(uav/thumbnails) by extensions ['ignore', 'ignore_ament_install']
[0.178s] Level 1:colcon.colcon_core.package_identification:_identify(uav/thumbnails) by extension 'ignore'
[0.178s] Level 1:colcon.colcon_core.package_identification:_identify(uav/thumbnails) by extension 'ignore_ament_install'
[0.178s] Level 1:colcon.colcon_core.package_identification:_identify(uav/thumbnails) by extensions ['colcon_pkg']
[0.178s] Level 1:colcon.colcon_core.package_identification:_identify(uav/thumbnails) by extension 'colcon_pkg'
[0.178s] Level 1:colcon.colcon_core.package_identification:_identify(uav/thumbnails) by extensions ['colcon_meta']
[0.178s] Level 1:colcon.colcon_core.package_identification:_identify(uav/thumbnails) by extension 'colcon_meta'
[0.178s] Level 1:colcon.colcon_core.package_identification:_identify(uav/thumbnails) by extensions ['ros']
[0.178s] Level 1:colcon.colcon_core.package_identification:_identify(uav/thumbnails) by extension 'ros'
[0.178s] Level 1:colcon.colcon_core.package_identification:_identify(uav/thumbnails) by extensions ['cmake', 'python']
[0.178s] Level 1:colcon.colcon_core.package_identification:_identify(uav/thumbnails) by extension 'cmake'
[0.178s] Level 1:colcon.colcon_core.package_identification:_identify(uav/thumbnails) by extension 'python'
[0.178s] Level 1:colcon.colcon_core.package_identification:_identify(uav/thumbnails) by extensions ['python_setup_py']
[0.178s] Level 1:colcon.colcon_core.package_identification:_identify(uav/thumbnails) by extension 'python_setup_py'
[0.178s] Level 1:colcon.colcon_core.package_discovery:discover_packages(recursive) using defaults
[0.178s] Level 1:colcon.colcon_core.package_discovery:discover_packages(ignore) discover
[0.178s] Level 1:colcon.colcon_core.package_discovery:discover_packages(ignore) using defaults
[0.178s] Level 1:colcon.colcon_core.package_discovery:discover_packages(path) discover
[0.178s] Level 1:colcon.colcon_core.package_discovery:discover_packages(path) using defaults
[0.193s] Level 1:colcon.colcon_core.package_discovery:discover_packages(prefix_path) check parameters
[0.193s] Level 1:colcon.colcon_core.package_discovery:discover_packages(prefix_path) discover
[0.194s] WARNING:colcon.colcon_ros.prefix_path.ament:The path '/home/seth/omnibase_ws/install/omnibase_bringup' in the environment variable AMENT_PREFIX_PATH doesn't exist
[0.194s] WARNING:colcon.colcon_ros.prefix_path.ament:The path '/home/seth/omnibase_ws/install/omnibase_vision' in the environment variable AMENT_PREFIX_PATH doesn't exist
[0.194s] WARNING:colcon.colcon_ros.prefix_path.ament:The path '/home/seth/omnibase_ws/install/omnibase_gazebo' in the environment variable AMENT_PREFIX_PATH doesn't exist
[0.194s] WARNING:colcon.colcon_ros.prefix_path.ament:The path '/home/seth/omnibase_ws/install/omnibase_description' in the environment variable AMENT_PREFIX_PATH doesn't exist
[0.194s] WARNING:colcon.colcon_ros.prefix_path.ament:The path '/home/seth/omnibase_ws/install/omnibase_control' in the environment variable AMENT_PREFIX_PATH doesn't exist
[0.195s] WARNING:colcon.colcon_ros.prefix_path.catkin:The path '/home/seth/omnibase_ws/install/omnibase_bringup' in the environment variable CMAKE_PREFIX_PATH doesn't exist
[0.195s] WARNING:colcon.colcon_ros.prefix_path.catkin:The path '/home/seth/omnibase_ws/install/omnibase_gazebo' in the environment variable CMAKE_PREFIX_PATH doesn't exist
[0.195s] WARNING:colcon.colcon_ros.prefix_path.catkin:The path '/home/seth/omnibase_ws/install/omnibase_description' in the environment variable CMAKE_PREFIX_PATH doesn't exist
[0.195s] DEBUG:colcon.colcon_installed_package_information.package_discovery:Found 0 installed packages in /home/seth/omnibase_ws/install
[0.196s] DEBUG:colcon.colcon_installed_package_information.package_discovery:Found 4 installed packages in /home/seth/mecanum_ws/install
[0.197s] DEBUG:colcon.colcon_installed_package_information.package_discovery:Found 366 installed packages in /opt/ros/jazzy
[0.198s] Level 1:colcon.colcon_core.package_discovery:discover_packages(prefix_path) using defaults
[0.228s] Level 5:colcon.colcon_core.verb:set package 'omnibase_control' build argument 'cmake_args' from command line to 'None'
[0.228s] Level 5:colcon.colcon_core.verb:set package 'omnibase_control' build argument 'cmake_target' from command line to 'None'
[0.228s] Level 5:colcon.colcon_core.verb:set package 'omnibase_control' build argument 'cmake_target_skip_unavailable' from command line to 'False'
[0.228s] Level 5:colcon.colcon_core.verb:set package 'omnibase_control' build argument 'cmake_clean_cache' from command line to 'False'
[0.228s] Level 5:colcon.colcon_core.verb:set package 'omnibase_control' build argument 'cmake_clean_first' from command line to 'False'
[0.228s] Level 5:colcon.colcon_core.verb:set package 'omnibase_control' build argument 'cmake_force_configure' from command line to 'False'
[0.228s] Level 5:colcon.colcon_core.verb:set package 'omnibase_control' build argument 'ament_cmake_args' from command line to 'None'
[0.228s] Level 5:colcon.colcon_core.verb:set package 'omnibase_control' build argument 'catkin_cmake_args' from command line to 'None'
[0.228s] Level 5:colcon.colcon_core.verb:set package 'omnibase_control' build argument 'catkin_skip_building_tests' from command line to 'False'
[0.228s] DEBUG:colcon.colcon_core.verb:Building package 'omnibase_control' with the following arguments: {'ament_cmake_args': None, 'build_base': '/home/seth/omnibase_ws/build/omnibase_control', 'catkin_cmake_args': None, 'catkin_skip_building_tests': False, 'cmake_args': None, 'cmake_clean_cache': False, 'cmake_clean_first': False, 'cmake_force_configure': False, 'cmake_target': None, 'cmake_target_skip_unavailable': False, 'install_base': '/home/seth/omnibase_ws/install/omnibase_control', 'merge_install': False, 'path': '/home/seth/omnibase_ws/src/omnibase_control', 'symlink_install': True, 'test_result_base': None}
[0.228s] Level 5:colcon.colcon_core.verb:set package 'omnibase_description' build argument 'cmake_args' from command line to 'None'
[0.228s] Level 5:colcon.colcon_core.verb:set package 'omnibase_description' build argument 'cmake_target' from command line to 'None'
[0.228s] Level 5:colcon.colcon_core.verb:set package 'omnibase_description' build argument 'cmake_target_skip_unavailable' from command line to 'False'
[0.228s] Level 5:colcon.colcon_core.verb:set package 'omnibase_description' build argument 'cmake_clean_cache' from command line to 'False'
[0.228s] Level 5:colcon.colcon_core.verb:set package 'omnibase_description' build argument 'cmake_clean_first' from command line to 'False'
[0.228s] Level 5:colcon.colcon_core.verb:set package 'omnibase_description' build argument 'cmake_force_configure' from command line to 'False'
[0.228s] Level 5:colcon.colcon_core.verb:set package 'omnibase_description' build argument 'ament_cmake_args' from command line to 'None'
[0.228s] Level 5:colcon.colcon_core.verb:set package 'omnibase_description' build argument 'catkin_cmake_args' from command line to 'None'
[0.228s] Level 5:colcon.colcon_core.verb:set package 'omnibase_description' build argument 'catkin_skip_building_tests' from command line to 'False'
[0.228s] DEBUG:colcon.colcon_core.verb:Building package 'omnibase_description' with the following arguments: {'ament_cmake_args': None, 'build_base': '/home/seth/omnibase_ws/build/omnibase_description', 'catkin_cmake_args': None, 'catkin_skip_building_tests': False, 'cmake_args': None, 'cmake_clean_cache': False, 'cmake_clean_first': False, 'cmake_force_configure': False, 'cmake_target': None, 'cmake_target_skip_unavailable': False, 'install_base': '/home/seth/omnibase_ws/install/omnibase_description', 'merge_install': False, 'path': '/home/seth/omnibase_ws/src/omnibase_description', 'symlink_install': True, 'test_result_base': None}
[0.229s] Level 5:colcon.colcon_core.verb:set package 'omnibase_vision' build argument 'cmake_args' from command line to 'None'
[0.229s] Level 5:colcon.colcon_core.verb:set package 'omnibase_vision' build argument 'cmake_target' from command line to 'None'
[0.229s] Level 5:colcon.colcon_core.verb:set package 'omnibase_vision' build argument 'cmake_target_skip_unavailable' from command line to 'False'
[0.229s] Level 5:colcon.colcon_core.verb:set package 'omnibase_vision' build argument 'cmake_clean_cache' from command line to 'False'
[0.229s] Level 5:colcon.colcon_core.verb:set package 'omnibase_vision' build argument 'cmake_clean_first' from command line to 'False'
[0.229s] Level 5:colcon.colcon_core.verb:set package 'omnibase_vision' build argument 'cmake_force_configure' from command line to 'False'
[0.229s] Level 5:colcon.colcon_core.verb:set package 'omnibase_vision' build argument 'ament_cmake_args' from command line to 'None'
[0.229s] Level 5:colcon.colcon_core.verb:set package 'omnibase_vision' build argument 'catkin_cmake_args' from command line to 'None'
[0.229s] Level 5:colcon.colcon_core.verb:set package 'omnibase_vision' build argument 'catkin_skip_building_tests' from command line to 'False'
[0.229s] DEBUG:colcon.colcon_core.verb:Building package 'omnibase_vision' with the following arguments: {'ament_cmake_args': None, 'build_base': '/home/seth/omnibase_ws/build/omnibase_vision', 'catkin_cmake_args': None, 'catkin_skip_building_tests': False, 'cmake_args': None, 'cmake_clean_cache': False, 'cmake_clean_first': False, 'cmake_force_configure': False, 'cmake_target': None, 'cmake_target_skip_unavailable': False, 'install_base': '/home/seth/omnibase_ws/install/omnibase_vision', 'merge_install': False, 'path': '/home/seth/omnibase_ws/src/omnibase_vision', 'symlink_install': True, 'test_result_base': None}
[0.229s] Level 5:colcon.colcon_core.verb:set package 'omnibase_gazebo' build argument 'cmake_args' from command line to 'None'
[0.229s] Level 5:colcon.colcon_core.verb:set package 'omnibase_gazebo' build argument 'cmake_target' from command line to 'None'
[0.229s] Level 5:colcon.colcon_core.verb:set package 'omnibase_gazebo' build argument 'cmake_target_skip_unavailable' from command line to 'False'
[0.229s] Level 5:colcon.colcon_core.verb:set package 'omnibase_gazebo' build argument 'cmake_clean_cache' from command line to 'False'
[0.229s] Level 5:colcon.colcon_core.verb:set package 'omnibase_gazebo' build argument 'cmake_clean_first' from command line to 'False'
[0.229s] Level 5:colcon.colcon_core.verb:set package 'omnibase_gazebo' build argument 'cmake_force_configure' from command line to 'False'
[0.229s] Level 5:colcon.colcon_core.verb:set package 'omnibase_gazebo' build argument 'ament_cmake_args' from command line to 'None'
[0.229s] Level 5:colcon.colcon_core.verb:set package 'omnibase_gazebo' build argument 'catkin_cmake_args' from command line to 'None'
[0.229s] Level 5:colcon.colcon_core.verb:set package 'omnibase_gazebo' build argument 'catkin_skip_building_tests' from command line to 'False'
[0.229s] DEBUG:colcon.colcon_core.verb:Building package 'omnibase_gazebo' with the following arguments: {'ament_cmake_args': None, 'build_base': '/home/seth/omnibase_ws/build/omnibase_gazebo', 'catkin_cmake_args': None, 'catkin_skip_building_tests': False, 'cmake_args': None, 'cmake_clean_cache': False, 'cmake_clean_first': False, 'cmake_force_configure': False, 'cmake_target': None, 'cmake_target_skip_unavailable': False, 'install_base': '/home/seth/omnibase_ws/install/omnibase_gazebo', 'merge_install': False, 'path': '/home/seth/omnibase_ws/src/omnibase_gazebo', 'symlink_install': True, 'test_result_base': None}
[0.229s] Level 5:colcon.colcon_core.verb:set package 'omnibase_bringup' build argument 'cmake_args' from command line to 'None'
[0.229s] Level 5:colcon.colcon_core.verb:set package 'omnibase_bringup' build argument 'cmake_target' from command line to 'None'
[0.229s] Level 5:colcon.colcon_core.verb:set package 'omnibase_bringup' build argument 'cmake_target_skip_unavailable' from command line to 'False'
[0.229s] Level 5:colcon.colcon_core.verb:set package 'omnibase_bringup' build argument 'cmake_clean_cache' from command line to 'False'
[0.229s] Level 5:colcon.colcon_core.verb:set package 'omnibase_bringup' build argument 'cmake_clean_first' from command line to 'False'
[0.229s] Level 5:colcon.colcon_core.verb:set package 'omnibase_bringup' build argument 'cmake_force_configure' from command line to 'False'
[0.229s] Level 5:colcon.colcon_core.verb:set package 'omnibase_bringup' build argument 'ament_cmake_args' from command line to 'None'
[0.229s] Level 5:colcon.colcon_core.verb:set package 'omnibase_bringup' build argument 'catkin_cmake_args' from command line to 'None'
[0.229s] Level 5:colcon.colcon_core.verb:set package 'omnibase_bringup' build argument 'catkin_skip_building_tests' from command line to 'False'
[0.229s] DEBUG:colcon.colcon_core.verb:Building package 'omnibase_bringup' with the following arguments: {'ament_cmake_args': None, 'build_base': '/home/seth/omnibase_ws/build/omnibase_bringup', 'catkin_cmake_args': None, 'catkin_skip_building_tests': False, 'cmake_args': None, 'cmake_clean_cache': False, 'cmake_clean_first': False, 'cmake_force_configure': False, 'cmake_target': None, 'cmake_target_skip_unavailable': False, 'install_base': '/home/seth/omnibase_ws/install/omnibase_bringup', 'merge_install': False, 'path': '/home/seth/omnibase_ws/src/omnibase_bringup', 'symlink_install': True, 'test_result_base': None}
[0.229s] INFO:colcon.colcon_core.executor:Executing jobs using 'parallel' executor
[0.230s] DEBUG:colcon.colcon_parallel_executor.executor.parallel:run_until_complete
[0.230s] INFO:colcon.colcon_ros.task.ament_cmake.build:Building ROS package in '/home/seth/omnibase_ws/src/omnibase_description' with build type 'ament_cmake'
[0.230s] INFO:colcon.colcon_cmake.task.cmake.build:Building CMake package in '/home/seth/omnibase_ws/src/omnibase_description'
[0.232s] INFO:colcon.colcon_core.plugin_system:Skipping extension 'colcon_core.shell.bat': Not used on non-Windows systems
[0.232s] INFO:colcon.colcon_core.shell:Skip shell extension 'powershell' for command environment: Not usable outside of PowerShell
[0.232s] DEBUG:colcon.colcon_core.shell:Skip shell extension 'dsv' for command environment
[0.235s] INFO:colcon.colcon_ros.task.ament_python.build:Building ROS package in '/home/seth/omnibase_ws/src/omnibase_control' with build type 'ament_python'
[0.235s] Level 1:colcon.colcon_core.shell:create_environment_hook('omnibase_control', 'ament_prefix_path')
[0.235s] INFO:colcon.colcon_core.shell:Creating environment hook '/home/seth/omnibase_ws/install/omnibase_control/share/omnibase_control/hook/ament_prefix_path.ps1'
[0.236s] INFO:colcon.colcon_core.shell:Creating environment descriptor '/home/seth/omnibase_ws/install/omnibase_control/share/omnibase_control/hook/ament_prefix_path.dsv'
[0.236s] INFO:colcon.colcon_core.shell:Creating environment hook '/home/seth/omnibase_ws/install/omnibase_control/share/omnibase_control/hook/ament_prefix_path.sh'
[0.237s] INFO:colcon.colcon_core.shell:Skip shell extension 'powershell' for command environment: Not usable outside of PowerShell
[0.237s] DEBUG:colcon.colcon_core.shell:Skip shell extension 'dsv' for command environment
[0.239s] INFO:colcon.colcon_ros.task.ament_python.build:Building ROS package in '/home/seth/omnibase_ws/src/omnibase_vision' with build type 'ament_python'
[0.239s] Level 1:colcon.colcon_core.shell:create_environment_hook('omnibase_vision', 'ament_prefix_path')
[0.239s] INFO:colcon.colcon_core.shell:Creating environment hook '/home/seth/omnibase_ws/install/omnibase_vision/share/omnibase_vision/hook/ament_prefix_path.ps1'
[0.239s] INFO:colcon.colcon_core.shell:Creating environment descriptor '/home/seth/omnibase_ws/install/omnibase_vision/share/omnibase_vision/hook/ament_prefix_path.dsv'
[0.240s] INFO:colcon.colcon_core.shell:Creating environment hook '/home/seth/omnibase_ws/install/omnibase_vision/share/omnibase_vision/hook/ament_prefix_path.sh'
[0.240s] INFO:colcon.colcon_core.shell:Skip shell extension 'powershell' for command environment: Not usable outside of PowerShell
[0.240s] DEBUG:colcon.colcon_core.shell:Skip shell extension 'dsv' for command environment
[0.244s] DEBUG:colcon.colcon_core.event_handler.log_command:Invoking command in '/home/seth/omnibase_ws/build/omnibase_description': CMAKE_PREFIX_PATH=${CMAKE_PREFIX_PATH}:/home/seth/omnibase_ws/install/omnibase_vision:/home/seth/omnibase_ws/install/omnibase_control:/opt/ros/jazzy DEBUGINFOD_URLS=https://debuginfod.ubuntu.com /usr/bin/cmake /home/seth/omnibase_ws/src/omnibase_description -DAMENT_CMAKE_SYMLINK_INSTALL=1 -DCMAKE_INSTALL_PREFIX=/home/seth/omnibase_ws/install/omnibase_description
[0.360s] INFO:colcon.colcon_core.task.python.build:Building Python package in '/home/seth/omnibase_ws/src/omnibase_control'
[0.360s] INFO:colcon.colcon_core.shell:Skip shell extension 'powershell' for command environment: Not usable outside of PowerShell
[0.360s] DEBUG:colcon.colcon_core.shell:Skip shell extension 'dsv' for command environment
[0.475s] INFO:colcon.colcon_core.task.python.build:Building Python package in '/home/seth/omnibase_ws/src/omnibase_vision'
[0.475s] INFO:colcon.colcon_core.shell:Skip shell extension 'powershell' for command environment: Not usable outside of PowerShell
[0.475s] DEBUG:colcon.colcon_core.shell:Skip shell extension 'dsv' for command environment
[0.874s] DEBUG:colcon.colcon_core.event_handler.log_command:Invoking command in '/home/seth/omnibase_ws/build/omnibase_vision': DEBUGINFOD_URLS=https://debuginfod.ubuntu.com PYTHONPATH=/home/seth/omnibase_ws/build/omnibase_vision/prefix_override:/usr/lib/python3/dist-packages/colcon_core/task/python/colcon_distutils_commands:/home/seth/omnibase_ws/install/omnibase_vision/lib/python3.12/site-packages:${PYTHONPATH} /usr/bin/python3 -W ignore:setup.py install is deprecated -W ignore:easy_install command is deprecated setup.py develop --editable --build-directory /home/seth/omnibase_ws/build/omnibase_vision/build --no-deps symlink_data
[0.876s] DEBUG:colcon.colcon_core.event_handler.log_command:Invoking command in '/home/seth/omnibase_ws/build/omnibase_control': DEBUGINFOD_URLS=https://debuginfod.ubuntu.com PYTHONPATH=/home/seth/omnibase_ws/build/omnibase_control/prefix_override:/usr/lib/python3/dist-packages/colcon_core/task/python/colcon_distutils_commands:/home/seth/omnibase_ws/install/omnibase_control/lib/python3.12/site-packages:${PYTHONPATH} /usr/bin/python3 -W ignore:setup.py install is deprecated -W ignore:easy_install command is deprecated setup.py develop --editable --build-directory /home/seth/omnibase_ws/build/omnibase_control/build --no-deps symlink_data
[0.996s] DEBUG:colcon.colcon_core.event_handler.log_command:Invoked command in '/home/seth/omnibase_ws/build/omnibase_description' returned '0': CMAKE_PREFIX_PATH=${CMAKE_PREFIX_PATH}:/home/seth/omnibase_ws/install/omnibase_vision:/home/seth/omnibase_ws/install/omnibase_control:/opt/ros/jazzy DEBUGINFOD_URLS=https://debuginfod.ubuntu.com /usr/bin/cmake /home/seth/omnibase_ws/src/omnibase_description -DAMENT_CMAKE_SYMLINK_INSTALL=1 -DCMAKE_INSTALL_PREFIX=/home/seth/omnibase_ws/install/omnibase_description
[0.997s] DEBUG:colcon.colcon_core.event_handler.log_command:Invoking command in '/home/seth/omnibase_ws/build/omnibase_description': CMAKE_PREFIX_PATH=${CMAKE_PREFIX_PATH}:/home/seth/omnibase_ws/install/omnibase_vision:/home/seth/omnibase_ws/install/omnibase_control:/opt/ros/jazzy DEBUGINFOD_URLS=https://debuginfod.ubuntu.com /usr/bin/cmake --build /home/seth/omnibase_ws/build/omnibase_description -- -j12 -l12
[1.028s] DEBUG:colcon.colcon_core.event_handler.log_command:Invoked command in '/home/seth/omnibase_ws/build/omnibase_description' returned '0': CMAKE_PREFIX_PATH=${CMAKE_PREFIX_PATH}:/home/seth/omnibase_ws/install/omnibase_vision:/home/seth/omnibase_ws/install/omnibase_control:/opt/ros/jazzy DEBUGINFOD_URLS=https://debuginfod.ubuntu.com /usr/bin/cmake --build /home/seth/omnibase_ws/build/omnibase_description -- -j12 -l12
[1.036s] DEBUG:colcon.colcon_core.event_handler.log_command:Invoking command in '/home/seth/omnibase_ws/build/omnibase_description': CMAKE_PREFIX_PATH=${CMAKE_PREFIX_PATH}:/home/seth/omnibase_ws/install/omnibase_vision:/home/seth/omnibase_ws/install/omnibase_control:/opt/ros/jazzy DEBUGINFOD_URLS=https://debuginfod.ubuntu.com /usr/bin/cmake --install /home/seth/omnibase_ws/build/omnibase_description
[1.155s] Level 1:colcon.colcon_core.environment:create_environment_scripts_only(omnibase_description)
[1.155s] DEBUG:colcon.colcon_core.event_handler.log_command:Invoked command in '/home/seth/omnibase_ws/build/omnibase_description' returned '0': CMAKE_PREFIX_PATH=${CMAKE_PREFIX_PATH}:/home/seth/omnibase_ws/install/omnibase_vision:/home/seth/omnibase_ws/install/omnibase_control:/opt/ros/jazzy DEBUGINFOD_URLS=https://debuginfod.ubuntu.com /usr/bin/cmake --install /home/seth/omnibase_ws/build/omnibase_description
[1.158s] Level 1:colcon.colcon_core.environment:checking '/home/seth/omnibase_ws/install/omnibase_description' for CMake module files
[1.159s] Level 1:colcon.colcon_core.environment:checking '/home/seth/omnibase_ws/install/omnibase_description' for CMake config files
[1.159s] Level 1:colcon.colcon_core.shell:create_environment_hook('omnibase_description', 'cmake_prefix_path')
[1.159s] INFO:colcon.colcon_core.shell:Creating environment hook '/home/seth/omnibase_ws/install/omnibase_description/share/omnibase_description/hook/cmake_prefix_path.ps1'
[1.159s] INFO:colcon.colcon_core.shell:Creating environment descriptor '/home/seth/omnibase_ws/install/omnibase_description/share/omnibase_description/hook/cmake_prefix_path.dsv'
[1.159s] INFO:colcon.colcon_core.shell:Creating environment hook '/home/seth/omnibase_ws/install/omnibase_description/share/omnibase_description/hook/cmake_prefix_path.sh'
[1.160s] Level 1:colcon.colcon_core.environment:checking '/home/seth/omnibase_ws/install/omnibase_description/bin'
[1.160s] Level 1:colcon.colcon_core.environment:checking '/home/seth/omnibase_ws/install/omnibase_description/lib/pkgconfig/omnibase_description.pc'
[1.160s] Level 1:colcon.colcon_core.environment:checking '/home/seth/omnibase_ws/install/omnibase_description/lib/python3.12/site-packages'
[1.160s] Level 1:colcon.colcon_core.environment:checking '/home/seth/omnibase_ws/install/omnibase_description/bin'
[1.160s] INFO:colcon.colcon_core.shell:Creating package script '/home/seth/omnibase_ws/install/omnibase_description/share/omnibase_description/package.ps1'
[1.161s] INFO:colcon.colcon_core.shell:Creating package descriptor '/home/seth/omnibase_ws/install/omnibase_description/share/omnibase_description/package.dsv'
[1.161s] INFO:colcon.colcon_core.shell:Creating package script '/home/seth/omnibase_ws/install/omnibase_description/share/omnibase_description/package.sh'
[1.162s] INFO:colcon.colcon_core.shell:Creating package script '/home/seth/omnibase_ws/install/omnibase_description/share/omnibase_description/package.bash'
[1.162s] INFO:colcon.colcon_core.shell:Creating package script '/home/seth/omnibase_ws/install/omnibase_description/share/omnibase_description/package.zsh'
[1.163s] Level 1:colcon.colcon_core.environment:create_file_with_runtime_dependencies(/home/seth/omnibase_ws/install/omnibase_description/share/colcon-core/packages/omnibase_description)
[1.163s] Level 1:colcon.colcon_core.environment:create_environment_scripts_only(omnibase_description)
[1.163s] Level 1:colcon.colcon_core.environment:checking '/home/seth/omnibase_ws/install/omnibase_description' for CMake module files
[1.163s] Level 1:colcon.colcon_core.environment:checking '/home/seth/omnibase_ws/install/omnibase_description' for CMake config files
[1.163s] Level 1:colcon.colcon_core.shell:create_environment_hook('omnibase_description', 'cmake_prefix_path')
[1.164s] INFO:colcon.colcon_core.shell:Creating environment hook '/home/seth/omnibase_ws/install/omnibase_description/share/omnibase_description/hook/cmake_prefix_path.ps1'
[1.164s] INFO:colcon.colcon_core.shell:Creating environment descriptor '/home/seth/omnibase_ws/install/omnibase_description/share/omnibase_description/hook/cmake_prefix_path.dsv'
[1.164s] INFO:colcon.colcon_core.shell:Creating environment hook '/home/seth/omnibase_ws/install/omnibase_description/share/omnibase_description/hook/cmake_prefix_path.sh'
[1.164s] Level 1:colcon.colcon_core.environment:checking '/home/seth/omnibase_ws/install/omnibase_description/bin'
[1.164s] Level 1:colcon.colcon_core.environment:checking '/home/seth/omnibase_ws/install/omnibase_description/lib/pkgconfig/omnibase_description.pc'
[1.164s] Level 1:colcon.colcon_core.environment:checking '/home/seth/omnibase_ws/install/omnibase_description/lib/python3.12/site-packages'
[1.164s] Level 1:colcon.colcon_core.environment:checking '/home/seth/omnibase_ws/install/omnibase_description/bin'
[1.165s] INFO:colcon.colcon_core.shell:Creating package script '/home/seth/omnibase_ws/install/omnibase_description/share/omnibase_description/package.ps1'
[1.165s] INFO:colcon.colcon_core.shell:Creating package descriptor '/home/seth/omnibase_ws/install/omnibase_description/share/omnibase_description/package.dsv'
[1.165s] INFO:colcon.colcon_core.shell:Creating package script '/home/seth/omnibase_ws/install/omnibase_description/share/omnibase_description/package.sh'
[1.165s] INFO:colcon.colcon_core.shell:Creating package script '/home/seth/omnibase_ws/install/omnibase_description/share/omnibase_description/package.bash'
[1.165s] INFO:colcon.colcon_core.shell:Creating package script '/home/seth/omnibase_ws/install/omnibase_description/share/omnibase_description/package.zsh'
[1.165s] Level 1:colcon.colcon_core.environment:create_file_with_runtime_dependencies(/home/seth/omnibase_ws/install/omnibase_description/share/colcon-core/packages/omnibase_description)
[1.166s] INFO:colcon.colcon_ros.task.ament_cmake.build:Building ROS package in '/home/seth/omnibase_ws/src/omnibase_gazebo' with build type 'ament_cmake'
[1.166s] INFO:colcon.colcon_cmake.task.cmake.build:Building CMake package in '/home/seth/omnibase_ws/src/omnibase_gazebo'
[1.166s] INFO:colcon.colcon_core.shell:Skip shell extension 'powershell' for command environment: Not usable outside of PowerShell
[1.166s] DEBUG:colcon.colcon_core.shell:Skip shell extension 'dsv' for command environment
[1.169s] Level 1:colcon.colcon_core.shell:create_environment_hook('omnibase_control', 'pythonpath_develop')
[1.169s] INFO:colcon.colcon_core.shell:Creating environment hook '/home/seth/omnibase_ws/build/omnibase_control/share/omnibase_control/hook/pythonpath_develop.ps1'
[1.169s] DEBUG:colcon.colcon_core.event_handler.log_command:Invoked command in '/home/seth/omnibase_ws/build/omnibase_control' returned '0': DEBUGINFOD_URLS=https://debuginfod.ubuntu.com PYTHONPATH=/home/seth/omnibase_ws/build/omnibase_control/prefix_override:/usr/lib/python3/dist-packages/colcon_core/task/python/colcon_distutils_commands:/home/seth/omnibase_ws/install/omnibase_control/lib/python3.12/site-packages:${PYTHONPATH} /usr/bin/python3 -W ignore:setup.py install is deprecated -W ignore:easy_install command is deprecated setup.py develop --editable --build-directory /home/seth/omnibase_ws/build/omnibase_control/build --no-deps symlink_data
[1.169s] INFO:colcon.colcon_core.shell:Creating environment descriptor '/home/seth/omnibase_ws/build/omnibase_control/share/omnibase_control/hook/pythonpath_develop.dsv'
[1.169s] INFO:colcon.colcon_core.shell:Creating environment hook '/home/seth/omnibase_ws/build/omnibase_control/share/omnibase_control/hook/pythonpath_develop.sh'
[1.170s] Level 1:colcon.colcon_core.environment:checking '/home/seth/omnibase_ws/install/omnibase_control' for CMake module files
[1.170s] Level 1:colcon.colcon_core.environment:checking '/home/seth/omnibase_ws/install/omnibase_control' for CMake config files
[1.170s] Level 1:colcon.colcon_core.environment:checking '/home/seth/omnibase_ws/install/omnibase_control/lib'
[1.170s] Level 1:colcon.colcon_core.environment:checking '/home/seth/omnibase_ws/install/omnibase_control/bin'
[1.170s] Level 1:colcon.colcon_core.environment:checking '/home/seth/omnibase_ws/install/omnibase_control/lib/pkgconfig/omnibase_control.pc'
[1.170s] Level 1:colcon.colcon_core.environment:checking '/home/seth/omnibase_ws/install/omnibase_control/lib/python3.12/site-packages'
[1.170s] Level 1:colcon.colcon_core.shell:create_environment_hook('omnibase_control', 'pythonpath')
[1.170s] INFO:colcon.colcon_core.shell:Creating environment hook '/home/seth/omnibase_ws/install/omnibase_control/share/omnibase_control/hook/pythonpath.ps1'
[1.171s] INFO:colcon.colcon_core.shell:Creating environment descriptor '/home/seth/omnibase_ws/install/omnibase_control/share/omnibase_control/hook/pythonpath.dsv'
[1.171s] INFO:colcon.colcon_core.shell:Creating environment hook '/home/seth/omnibase_ws/install/omnibase_control/share/omnibase_control/hook/pythonpath.sh'
[1.171s] Level 1:colcon.colcon_core.environment:checking '/home/seth/omnibase_ws/install/omnibase_control/bin'
[1.171s] Level 1:colcon.colcon_core.environment:create_environment_scripts_only(omnibase_control)
[1.171s] INFO:colcon.colcon_core.shell:Creating package script '/home/seth/omnibase_ws/install/omnibase_control/share/omnibase_control/package.ps1'
[1.171s] INFO:colcon.colcon_core.shell:Creating package descriptor '/home/seth/omnibase_ws/install/omnibase_control/share/omnibase_control/package.dsv'
[1.171s] INFO:colcon.colcon_core.shell:Creating package script '/home/seth/omnibase_ws/install/omnibase_control/share/omnibase_control/package.sh'
[1.172s] INFO:colcon.colcon_core.shell:Creating package script '/home/seth/omnibase_ws/install/omnibase_control/share/omnibase_control/package.bash'
[1.172s] INFO:colcon.colcon_core.shell:Creating package script '/home/seth/omnibase_ws/install/omnibase_control/share/omnibase_control/package.zsh'
[1.172s] Level 1:colcon.colcon_core.environment:create_file_with_runtime_dependencies(/home/seth/omnibase_ws/install/omnibase_control/share/colcon-core/packages/omnibase_control)
[1.172s] Level 1:colcon.colcon_core.shell:create_environment_hook('omnibase_vision', 'pythonpath_develop')
[1.172s] INFO:colcon.colcon_core.shell:Creating environment hook '/home/seth/omnibase_ws/build/omnibase_vision/share/omnibase_vision/hook/pythonpath_develop.ps1'
[1.173s] DEBUG:colcon.colcon_core.event_handler.log_command:Invoked command in '/home/seth/omnibase_ws/build/omnibase_vision' returned '0': DEBUGINFOD_URLS=https://debuginfod.ubuntu.com PYTHONPATH=/home/seth/omnibase_ws/build/omnibase_vision/prefix_override:/usr/lib/python3/dist-packages/colcon_core/task/python/colcon_distutils_commands:/home/seth/omnibase_ws/install/omnibase_vision/lib/python3.12/site-packages:${PYTHONPATH} /usr/bin/python3 -W ignore:setup.py install is deprecated -W ignore:easy_install command is deprecated setup.py develop --editable --build-directory /home/seth/omnibase_ws/build/omnibase_vision/build --no-deps symlink_data
[1.173s] INFO:colcon.colcon_core.shell:Creating environment descriptor '/home/seth/omnibase_ws/build/omnibase_vision/share/omnibase_vision/hook/pythonpath_develop.dsv'
[1.173s] INFO:colcon.colcon_core.shell:Creating environment hook '/home/seth/omnibase_ws/build/omnibase_vision/share/omnibase_vision/hook/pythonpath_develop.sh'
[1.173s] Level 1:colcon.colcon_core.environment:checking '/home/seth/omnibase_ws/install/omnibase_vision' for CMake module files
[1.173s] Level 1:colcon.colcon_core.environment:checking '/home/seth/omnibase_ws/install/omnibase_vision' for CMake config files
[1.173s] Level 1:colcon.colcon_core.environment:checking '/home/seth/omnibase_ws/install/omnibase_vision/lib'
[1.173s] Level 1:colcon.colcon_core.environment:checking '/home/seth/omnibase_ws/install/omnibase_vision/bin'
[1.173s] Level 1:colcon.colcon_core.environment:checking '/home/seth/omnibase_ws/install/omnibase_vision/lib/pkgconfig/omnibase_vision.pc'
[1.174s] Level 1:colcon.colcon_core.environment:checking '/home/seth/omnibase_ws/install/omnibase_vision/lib/python3.12/site-packages'
[1.174s] Level 1:colcon.colcon_core.shell:create_environment_hook('omnibase_vision', 'pythonpath')
[1.174s] INFO:colcon.colcon_core.shell:Creating environment hook '/home/seth/omnibase_ws/install/omnibase_vision/share/omnibase_vision/hook/pythonpath.ps1'
[1.174s] INFO:colcon.colcon_core.shell:Creating environment descriptor '/home/seth/omnibase_ws/install/omnibase_vision/share/omnibase_vision/hook/pythonpath.dsv'
[1.174s] INFO:colcon.colcon_core.shell:Creating environment hook '/home/seth/omnibase_ws/install/omnibase_vision/share/omnibase_vision/hook/pythonpath.sh'
[1.174s] Level 1:colcon.colcon_core.environment:checking '/home/seth/omnibase_ws/install/omnibase_vision/bin'
[1.174s] Level 1:colcon.colcon_core.environment:create_environment_scripts_only(omnibase_vision)
[1.174s] INFO:colcon.colcon_core.shell:Creating package script '/home/seth/omnibase_ws/install/omnibase_vision/share/omnibase_vision/package.ps1'
[1.175s] INFO:colcon.colcon_core.shell:Creating package descriptor '/home/seth/omnibase_ws/install/omnibase_vision/share/omnibase_vision/package.dsv'
[1.175s] INFO:colcon.colcon_core.shell:Creating package script '/home/seth/omnibase_ws/install/omnibase_vision/share/omnibase_vision/package.sh'
[1.175s] INFO:colcon.colcon_core.shell:Creating package script '/home/seth/omnibase_ws/install/omnibase_vision/share/omnibase_vision/package.bash'
[1.175s] INFO:colcon.colcon_core.shell:Creating package script '/home/seth/omnibase_ws/install/omnibase_vision/share/omnibase_vision/package.zsh'
[1.175s] Level 1:colcon.colcon_core.environment:create_file_with_runtime_dependencies(/home/seth/omnibase_ws/install/omnibase_vision/share/colcon-core/packages/omnibase_vision)
[1.177s] DEBUG:colcon.colcon_core.event_handler.log_command:Invoking command in '/home/seth/omnibase_ws/build/omnibase_gazebo': CMAKE_PREFIX_PATH=/home/seth/omnibase_ws/install/omnibase_description:/home/seth/omnibase_ws/install/omnibase_bringup:/home/seth/omnibase_ws/install/omnibase_gazebo:/home/seth/mecanum_ws/install/mecanum_base_sim:/home/seth/mecanum_ws/install/mecanum_base_description:/home/seth/mecanum_ws/install/mecanum_base_controller:/home/seth/mecanum_ws/install/mecanum_base_bringup:/opt/ros/jazzy/opt/gz_sim_vendor:/opt/ros/jazzy/opt/gz_sensors_vendor:/opt/ros/jazzy/opt/gz_physics_vendor:/opt/ros/jazzy/opt/sdformat_vendor:/opt/ros/jazzy/opt/gz_gui_vendor:/opt/ros/jazzy/opt/gz_transport_vendor:/opt/ros/jazzy/opt/gz_rendering_vendor:/opt/ros/jazzy/opt/gz_plugin_vendor:/opt/ros/jazzy/opt/gz_fuel_tools_vendor:/opt/ros/jazzy/opt/gz_msgs_vendor:/opt/ros/jazzy/opt/gz_common_vendor:/opt/ros/jazzy/opt/gz_math_vendor:/opt/ros/jazzy/opt/gz_utils_vendor:/opt/ros/jazzy/opt/gz_tools_vendor:/opt/ros/jazzy/opt/gz_ogre_next_vendor:/opt/ros/jazzy/opt/gz_dartsim_vendor:/opt/ros/jazzy/opt/gz_cmake_vendor:/home/seth/omnibase_ws/install/omnibase_vision:/home/seth/omnibase_ws/install/omnibase_control:/opt/ros/jazzy DEBUGINFOD_URLS=https://debuginfod.ubuntu.com /usr/bin/cmake /home/seth/omnibase_ws/src/omnibase_gazebo -DAMENT_CMAKE_SYMLINK_INSTALL=1 -DCMAKE_INSTALL_PREFIX=/home/seth/omnibase_ws/install/omnibase_gazebo
[1.629s] DEBUG:colcon.colcon_core.event_handler.log_command:Invoked command in '/home/seth/omnibase_ws/build/omnibase_gazebo' returned '0': CMAKE_PREFIX_PATH=/home/seth/omnibase_ws/install/omnibase_description:/home/seth/omnibase_ws/install/omnibase_bringup:/home/seth/omnibase_ws/install/omnibase_gazebo:/home/seth/mecanum_ws/install/mecanum_base_sim:/home/seth/mecanum_ws/install/mecanum_base_description:/home/seth/mecanum_ws/install/mecanum_base_controller:/home/seth/mecanum_ws/install/mecanum_base_bringup:/opt/ros/jazzy/opt/gz_sim_vendor:/opt/ros/jazzy/opt/gz_sensors_vendor:/opt/ros/jazzy/opt/gz_physics_vendor:/opt/ros/jazzy/opt/sdformat_vendor:/opt/ros/jazzy/opt/gz_gui_vendor:/opt/ros/jazzy/opt/gz_transport_vendor:/opt/ros/jazzy/opt/gz_rendering_vendor:/opt/ros/jazzy/opt/gz_plugin_vendor:/opt/ros/jazzy/opt/gz_fuel_tools_vendor:/opt/ros/jazzy/opt/gz_msgs_vendor:/opt/ros/jazzy/opt/gz_common_vendor:/opt/ros/jazzy/opt/gz_math_vendor:/opt/ros/jazzy/opt/gz_utils_vendor:/opt/ros/jazzy/opt/gz_tools_vendor:/opt/ros/jazzy/opt/gz_ogre_next_vendor:/opt/ros/jazzy/opt/gz_dartsim_vendor:/opt/ros/jazzy/opt/gz_cmake_vendor:/home/seth/omnibase_ws/install/omnibase_vision:/home/seth/omnibase_ws/install/omnibase_control:/opt/ros/jazzy DEBUGINFOD_URLS=https://debuginfod.ubuntu.com /usr/bin/cmake /home/seth/omnibase_ws/src/omnibase_gazebo -DAMENT_CMAKE_SYMLINK_INSTALL=1 -DCMAKE_INSTALL_PREFIX=/home/seth/omnibase_ws/install/omnibase_gazebo
[1.629s] DEBUG:colcon.colcon_core.event_handler.log_command:Invoking command in '/home/seth/omnibase_ws/build/omnibase_gazebo': CMAKE_PREFIX_PATH=/home/seth/omnibase_ws/install/omnibase_description:/home/seth/omnibase_ws/install/omnibase_bringup:/home/seth/omnibase_ws/install/omnibase_gazebo:/home/seth/mecanum_ws/install/mecanum_base_sim:/home/seth/mecanum_ws/install/mecanum_base_description:/home/seth/mecanum_ws/install/mecanum_base_controller:/home/seth/mecanum_ws/install/mecanum_base_bringup:/opt/ros/jazzy/opt/gz_sim_vendor:/opt/ros/jazzy/opt/gz_sensors_vendor:/opt/ros/jazzy/opt/gz_physics_vendor:/opt/ros/jazzy/opt/sdformat_vendor:/opt/ros/jazzy/opt/gz_gui_vendor:/opt/ros/jazzy/opt/gz_transport_vendor:/opt/ros/jazzy/opt/gz_rendering_vendor:/opt/ros/jazzy/opt/gz_plugin_vendor:/opt/ros/jazzy/opt/gz_fuel_tools_vendor:/opt/ros/jazzy/opt/gz_msgs_vendor:/opt/ros/jazzy/opt/gz_common_vendor:/opt/ros/jazzy/opt/gz_math_vendor:/opt/ros/jazzy/opt/gz_utils_vendor:/opt/ros/jazzy/opt/gz_tools_vendor:/opt/ros/jazzy/opt/gz_ogre_next_vendor:/opt/ros/jazzy/opt/gz_dartsim_vendor:/opt/ros/jazzy/opt/gz_cmake_vendor:/home/seth/omnibase_ws/install/omnibase_vision:/home/seth/omnibase_ws/install/omnibase_control:/opt/ros/jazzy DEBUGINFOD_URLS=https://debuginfod.ubuntu.com /usr/bin/cmake --build /home/seth/omnibase_ws/build/omnibase_gazebo -- -j12 -l12
[1.706s] DEBUG:colcon.colcon_core.event_handler.log_command:Invoked command in '/home/seth/omnibase_ws/build/omnibase_gazebo' returned '0': CMAKE_PREFIX_PATH=/home/seth/omnibase_ws/install/omnibase_description:/home/seth/omnibase_ws/install/omnibase_bringup:/home/seth/omnibase_ws/install/omnibase_gazebo:/home/seth/mecanum_ws/install/mecanum_base_sim:/home/seth/mecanum_ws/install/mecanum_base_description:/home/seth/mecanum_ws/install/mecanum_base_controller:/home/seth/mecanum_ws/install/mecanum_base_bringup:/opt/ros/jazzy/opt/gz_sim_vendor:/opt/ros/jazzy/opt/gz_sensors_vendor:/opt/ros/jazzy/opt/gz_physics_vendor:/opt/ros/jazzy/opt/sdformat_vendor:/opt/ros/jazzy/opt/gz_gui_vendor:/opt/ros/jazzy/opt/gz_transport_vendor:/opt/ros/jazzy/opt/gz_rendering_vendor:/opt/ros/jazzy/opt/gz_plugin_vendor:/opt/ros/jazzy/opt/gz_fuel_tools_vendor:/opt/ros/jazzy/opt/gz_msgs_vendor:/opt/ros/jazzy/opt/gz_common_vendor:/opt/ros/jazzy/opt/gz_math_vendor:/opt/ros/jazzy/opt/gz_utils_vendor:/opt/ros/jazzy/opt/gz_tools_vendor:/opt/ros/jazzy/opt/gz_ogre_next_vendor:/opt/ros/jazzy/opt/gz_dartsim_vendor:/opt/ros/jazzy/opt/gz_cmake_vendor:/home/seth/omnibase_ws/install/omnibase_vision:/home/seth/omnibase_ws/install/omnibase_control:/opt/ros/jazzy DEBUGINFOD_URLS=https://debuginfod.ubuntu.com /usr/bin/cmake --build /home/seth/omnibase_ws/build/omnibase_gazebo -- -j12 -l12
[1.706s] DEBUG:colcon.colcon_core.event_handler.log_command:Invoking command in '/home/seth/omnibase_ws/build/omnibase_gazebo': CMAKE_PREFIX_PATH=/home/seth/omnibase_ws/install/omnibase_description:/home/seth/omnibase_ws/install/omnibase_bringup:/home/seth/omnibase_ws/install/omnibase_gazebo:/home/seth/mecanum_ws/install/mecanum_base_sim:/home/seth/mecanum_ws/install/mecanum_base_description:/home/seth/mecanum_ws/install/mecanum_base_controller:/home/seth/mecanum_ws/install/mecanum_base_bringup:/opt/ros/jazzy/opt/gz_sim_vendor:/opt/ros/jazzy/opt/gz_sensors_vendor:/opt/ros/jazzy/opt/gz_physics_vendor:/opt/ros/jazzy/opt/sdformat_vendor:/opt/ros/jazzy/opt/gz_gui_vendor:/opt/ros/jazzy/opt/gz_transport_vendor:/opt/ros/jazzy/opt/gz_rendering_vendor:/opt/ros/jazzy/opt/gz_plugin_vendor:/opt/ros/jazzy/opt/gz_fuel_tools_vendor:/opt/ros/jazzy/opt/gz_msgs_vendor:/opt/ros/jazzy/opt/gz_common_vendor:/opt/ros/jazzy/opt/gz_math_vendor:/opt/ros/jazzy/opt/gz_utils_vendor:/opt/ros/jazzy/opt/gz_tools_vendor:/opt/ros/jazzy/opt/gz_ogre_next_vendor:/opt/ros/jazzy/opt/gz_dartsim_vendor:/opt/ros/jazzy/opt/gz_cmake_vendor:/home/seth/omnibase_ws/install/omnibase_vision:/home/seth/omnibase_ws/install/omnibase_control:/opt/ros/jazzy DEBUGINFOD_URLS=https://debuginfod.ubuntu.com /usr/bin/cmake --install /home/seth/omnibase_ws/build/omnibase_gazebo
[1.881s] Level 1:colcon.colcon_core.environment:create_environment_scripts_only(omnibase_gazebo)
[1.881s] Level 1:colcon.colcon_core.environment:checking '/home/seth/omnibase_ws/install/omnibase_gazebo' for CMake module files
[1.881s] DEBUG:colcon.colcon_core.event_handler.log_command:Invoked command in '/home/seth/omnibase_ws/build/omnibase_gazebo' returned '0': CMAKE_PREFIX_PATH=/home/seth/omnibase_ws/install/omnibase_description:/home/seth/omnibase_ws/install/omnibase_bringup:/home/seth/omnibase_ws/install/omnibase_gazebo:/home/seth/mecanum_ws/install/mecanum_base_sim:/home/seth/mecanum_ws/install/mecanum_base_description:/home/seth/mecanum_ws/install/mecanum_base_controller:/home/seth/mecanum_ws/install/mecanum_base_bringup:/opt/ros/jazzy/opt/gz_sim_vendor:/opt/ros/jazzy/opt/gz_sensors_vendor:/opt/ros/jazzy/opt/gz_physics_vendor:/opt/ros/jazzy/opt/sdformat_vendor:/opt/ros/jazzy/opt/gz_gui_vendor:/opt/ros/jazzy/opt/gz_transport_vendor:/opt/ros/jazzy/opt/gz_rendering_vendor:/opt/ros/jazzy/opt/gz_plugin_vendor:/opt/ros/jazzy/opt/gz_fuel_tools_vendor:/opt/ros/jazzy/opt/gz_msgs_vendor:/opt/ros/jazzy/opt/gz_common_vendor:/opt/ros/jazzy/opt/gz_math_vendor:/opt/ros/jazzy/opt/gz_utils_vendor:/opt/ros/jazzy/opt/gz_tools_vendor:/opt/ros/jazzy/opt/gz_ogre_next_vendor:/opt/ros/jazzy/opt/gz_dartsim_vendor:/opt/ros/jazzy/opt/gz_cmake_vendor:/home/seth/omnibase_ws/install/omnibase_vision:/home/seth/omnibase_ws/install/omnibase_control:/opt/ros/jazzy DEBUGINFOD_URLS=https://debuginfod.ubuntu.com /usr/bin/cmake --install /home/seth/omnibase_ws/build/omnibase_gazebo
[1.881s] Level 1:colcon.colcon_core.environment:checking '/home/seth/omnibase_ws/install/omnibase_gazebo' for CMake config files
[1.882s] Level 1:colcon.colcon_core.shell:create_environment_hook('omnibase_gazebo', 'cmake_prefix_path')
[1.882s] INFO:colcon.colcon_core.shell:Creating environment hook '/home/seth/omnibase_ws/install/omnibase_gazebo/share/omnibase_gazebo/hook/cmake_prefix_path.ps1'
[1.882s] INFO:colcon.colcon_core.shell:Creating environment descriptor '/home/seth/omnibase_ws/install/omnibase_gazebo/share/omnibase_gazebo/hook/cmake_prefix_path.dsv'
[1.882s] INFO:colcon.colcon_core.shell:Creating environment hook '/home/seth/omnibase_ws/install/omnibase_gazebo/share/omnibase_gazebo/hook/cmake_prefix_path.sh'
[1.882s] Level 1:colcon.colcon_core.environment:checking '/home/seth/omnibase_ws/install/omnibase_gazebo/bin'
[1.882s] Level 1:colcon.colcon_core.environment:checking '/home/seth/omnibase_ws/install/omnibase_gazebo/lib/pkgconfig/omnibase_gazebo.pc'
[1.883s] Level 1:colcon.colcon_core.environment:checking '/home/seth/omnibase_ws/install/omnibase_gazebo/lib/python3.12/site-packages'
[1.883s] Level 1:colcon.colcon_core.environment:checking '/home/seth/omnibase_ws/install/omnibase_gazebo/bin'
[1.883s] INFO:colcon.colcon_core.shell:Creating package script '/home/seth/omnibase_ws/install/omnibase_gazebo/share/omnibase_gazebo/package.ps1'
[1.883s] INFO:colcon.colcon_core.shell:Creating package descriptor '/home/seth/omnibase_ws/install/omnibase_gazebo/share/omnibase_gazebo/package.dsv'
[1.883s] INFO:colcon.colcon_core.shell:Creating package script '/home/seth/omnibase_ws/install/omnibase_gazebo/share/omnibase_gazebo/package.sh'
[1.883s] INFO:colcon.colcon_core.shell:Creating package script '/home/seth/omnibase_ws/install/omnibase_gazebo/share/omnibase_gazebo/package.bash'
[1.884s] INFO:colcon.colcon_core.shell:Creating package script '/home/seth/omnibase_ws/install/omnibase_gazebo/share/omnibase_gazebo/package.zsh'
[1.884s] Level 1:colcon.colcon_core.environment:create_file_with_runtime_dependencies(/home/seth/omnibase_ws/install/omnibase_gazebo/share/colcon-core/packages/omnibase_gazebo)
[1.884s] Level 1:colcon.colcon_core.environment:create_environment_scripts_only(omnibase_gazebo)
[1.884s] Level 1:colcon.colcon_core.environment:checking '/home/seth/omnibase_ws/install/omnibase_gazebo' for CMake module files
[1.884s] Level 1:colcon.colcon_core.environment:checking '/home/seth/omnibase_ws/install/omnibase_gazebo' for CMake config files
[1.884s] Level 1:colcon.colcon_core.shell:create_environment_hook('omnibase_gazebo', 'cmake_prefix_path')
[1.884s] INFO:colcon.colcon_core.shell:Creating environment hook '/home/seth/omnibase_ws/install/omnibase_gazebo/share/omnibase_gazebo/hook/cmake_prefix_path.ps1'
[1.885s] INFO:colcon.colcon_core.shell:Creating environment descriptor '/home/seth/omnibase_ws/install/omnibase_gazebo/share/omnibase_gazebo/hook/cmake_prefix_path.dsv'
[1.885s] INFO:colcon.colcon_core.shell:Creating environment hook '/home/seth/omnibase_ws/install/omnibase_gazebo/share/omnibase_gazebo/hook/cmake_prefix_path.sh'
[1.885s] Level 1:colcon.colcon_core.environment:checking '/home/seth/omnibase_ws/install/omnibase_gazebo/bin'
[1.885s] Level 1:colcon.colcon_core.environment:checking '/home/seth/omnibase_ws/install/omnibase_gazebo/lib/pkgconfig/omnibase_gazebo.pc'
[1.885s] Level 1:colcon.colcon_core.environment:checking '/home/seth/omnibase_ws/install/omnibase_gazebo/lib/python3.12/site-packages'
[1.885s] Level 1:colcon.colcon_core.environment:checking '/home/seth/omnibase_ws/install/omnibase_gazebo/bin'
[1.885s] INFO:colcon.colcon_core.shell:Creating package script '/home/seth/omnibase_ws/install/omnibase_gazebo/share/omnibase_gazebo/package.ps1'
[1.886s] INFO:colcon.colcon_core.shell:Creating package descriptor '/home/seth/omnibase_ws/install/omnibase_gazebo/share/omnibase_gazebo/package.dsv'
[1.886s] INFO:colcon.colcon_core.shell:Creating package script '/home/seth/omnibase_ws/install/omnibase_gazebo/share/omnibase_gazebo/package.sh'
[1.886s] INFO:colcon.colcon_core.shell:Creating package script '/home/seth/omnibase_ws/install/omnibase_gazebo/share/omnibase_gazebo/package.bash'
[1.886s] INFO:colcon.colcon_core.shell:Creating package script '/home/seth/omnibase_ws/install/omnibase_gazebo/share/omnibase_gazebo/package.zsh'
[1.886s] Level 1:colcon.colcon_core.environment:create_file_with_runtime_dependencies(/home/seth/omnibase_ws/install/omnibase_gazebo/share/colcon-core/packages/omnibase_gazebo)
[1.887s] INFO:colcon.colcon_ros.task.ament_cmake.build:Building ROS package in '/home/seth/omnibase_ws/src/omnibase_bringup' with build type 'ament_cmake'
[1.887s] INFO:colcon.colcon_cmake.task.cmake.build:Building CMake package in '/home/seth/omnibase_ws/src/omnibase_bringup'
[1.887s] INFO:colcon.colcon_core.shell:Skip shell extension 'powershell' for command environment: Not usable outside of PowerShell
[1.887s] DEBUG:colcon.colcon_core.shell:Skip shell extension 'dsv' for command environment
[1.896s] DEBUG:colcon.colcon_core.event_handler.log_command:Invoking command in '/home/seth/omnibase_ws/build/omnibase_bringup': AMENT_PREFIX_PATH=/home/seth/omnibase_ws/install/omnibase_vision:/home/seth/omnibase_ws/install/omnibase_control:/home/seth/omnibase_ws/install/omnibase_bringup:/home/seth/omnibase_ws/install/omnibase_gazebo:/home/seth/omnibase_ws/install/omnibase_description:/home/seth/mecanum_ws/install/mecanum_base_sim:/home/seth/mecanum_ws/install/mecanum_base_description:/home/seth/mecanum_ws/install/mecanum_base_controller:/home/seth/mecanum_ws/install/mecanum_base_bringup:/opt/ros/jazzy CMAKE_PREFIX_PATH=/home/seth/omnibase_ws/install/omnibase_gazebo:/home/seth/omnibase_ws/install/omnibase_description:/home/seth/omnibase_ws/install/omnibase_bringup:/home/seth/mecanum_ws/install/mecanum_base_sim:/home/seth/mecanum_ws/install/mecanum_base_description:/home/seth/mecanum_ws/install/mecanum_base_controller:/home/seth/mecanum_ws/install/mecanum_base_bringup:/opt/ros/jazzy/opt/gz_sim_vendor:/opt/ros/jazzy/opt/gz_sensors_vendor:/opt/ros/jazzy/opt/gz_physics_vendor:/opt/ros/jazzy/opt/sdformat_vendor:/opt/ros/jazzy/opt/gz_gui_vendor:/opt/ros/jazzy/opt/gz_transport_vendor:/opt/ros/jazzy/opt/gz_rendering_vendor:/opt/ros/jazzy/opt/gz_plugin_vendor:/opt/ros/jazzy/opt/gz_fuel_tools_vendor:/opt/ros/jazzy/opt/gz_msgs_vendor:/opt/ros/jazzy/opt/gz_common_vendor:/opt/ros/jazzy/opt/gz_math_vendor:/opt/ros/jazzy/opt/gz_utils_vendor:/opt/ros/jazzy/opt/gz_tools_vendor:/opt/ros/jazzy/opt/gz_ogre_next_vendor:/opt/ros/jazzy/opt/gz_dartsim_vendor:/opt/ros/jazzy/opt/gz_cmake_vendor:/home/seth/omnibase_ws/install/omnibase_vision:/home/seth/omnibase_ws/install/omnibase_control:/opt/ros/jazzy DEBUGINFOD_URLS=https://debuginfod.ubuntu.com /usr/bin/cmake /home/seth/omnibase_ws/src/omnibase_bringup -DAMENT_CMAKE_SYMLINK_INSTALL=1 -DCMAKE_INSTALL_PREFIX=/home/seth/omnibase_ws/install/omnibase_bringup
[2.365s] DEBUG:colcon.colcon_core.event_handler.log_command:Invoked command in '/home/seth/omnibase_ws/build/omnibase_bringup' returned '0': AMENT_PREFIX_PATH=/home/seth/omnibase_ws/install/omnibase_vision:/home/seth/omnibase_ws/install/omnibase_control:/home/seth/omnibase_ws/install/omnibase_bringup:/home/seth/omnibase_ws/install/omnibase_gazebo:/home/seth/omnibase_ws/install/omnibase_description:/home/seth/mecanum_ws/install/mecanum_base_sim:/home/seth/mecanum_ws/install/mecanum_base_description:/home/seth/mecanum_ws/install/mecanum_base_controller:/home/seth/mecanum_ws/install/mecanum_base_bringup:/opt/ros/jazzy CMAKE_PREFIX_PATH=/home/seth/omnibase_ws/install/omnibase_gazebo:/home/seth/omnibase_ws/install/omnibase_description:/home/seth/omnibase_ws/install/omnibase_bringup:/home/seth/mecanum_ws/install/mecanum_base_sim:/home/seth/mecanum_ws/install/mecanum_base_description:/home/seth/mecanum_ws/install/mecanum_base_controller:/home/seth/mecanum_ws/install/mecanum_base_bringup:/opt/ros/jazzy/opt/gz_sim_vendor:/opt/ros/jazzy/opt/gz_sensors_vendor:/opt/ros/jazzy/opt/gz_physics_vendor:/opt/ros/jazzy/opt/sdformat_vendor:/opt/ros/jazzy/opt/gz_gui_vendor:/opt/ros/jazzy/opt/gz_transport_vendor:/opt/ros/jazzy/opt/gz_rendering_vendor:/opt/ros/jazzy/opt/gz_plugin_vendor:/opt/ros/jazzy/opt/gz_fuel_tools_vendor:/opt/ros/jazzy/opt/gz_msgs_vendor:/opt/ros/jazzy/opt/gz_common_vendor:/opt/ros/jazzy/opt/gz_math_vendor:/opt/ros/jazzy/opt/gz_utils_vendor:/opt/ros/jazzy/opt/gz_tools_vendor:/opt/ros/jazzy/opt/gz_ogre_next_vendor:/opt/ros/jazzy/opt/gz_dartsim_vendor:/opt/ros/jazzy/opt/gz_cmake_vendor:/home/seth/omnibase_ws/install/omnibase_vision:/home/seth/omnibase_ws/install/omnibase_control:/opt/ros/jazzy DEBUGINFOD_URLS=https://debuginfod.ubuntu.com /usr/bin/cmake /home/seth/omnibase_ws/src/omnibase_bringup -DAMENT_CMAKE_SYMLINK_INSTALL=1 -DCMAKE_INSTALL_PREFIX=/home/seth/omnibase_ws/install/omnibase_bringup
[2.365s] DEBUG:colcon.colcon_core.event_handler.log_command:Invoking command in '/home/seth/omnibase_ws/build/omnibase_bringup': AMENT_PREFIX_PATH=/home/seth/omnibase_ws/install/omnibase_vision:/home/seth/omnibase_ws/install/omnibase_control:/home/seth/omnibase_ws/install/omnibase_bringup:/home/seth/omnibase_ws/install/omnibase_gazebo:/home/seth/omnibase_ws/install/omnibase_description:/home/seth/mecanum_ws/install/mecanum_base_sim:/home/seth/mecanum_ws/install/mecanum_base_description:/home/seth/mecanum_ws/install/mecanum_base_controller:/home/seth/mecanum_ws/install/mecanum_base_bringup:/opt/ros/jazzy CMAKE_PREFIX_PATH=/home/seth/omnibase_ws/install/omnibase_gazebo:/home/seth/omnibase_ws/install/omnibase_description:/home/seth/omnibase_ws/install/omnibase_bringup:/home/seth/mecanum_ws/install/mecanum_base_sim:/home/seth/mecanum_ws/install/mecanum_base_description:/home/seth/mecanum_ws/install/mecanum_base_controller:/home/seth/mecanum_ws/install/mecanum_base_bringup:/opt/ros/jazzy/opt/gz_sim_vendor:/opt/ros/jazzy/opt/gz_sensors_vendor:/opt/ros/jazzy/opt/gz_physics_vendor:/opt/ros/jazzy/opt/sdformat_vendor:/opt/ros/jazzy/opt/gz_gui_vendor:/opt/ros/jazzy/opt/gz_transport_vendor:/opt/ros/jazzy/opt/gz_rendering_vendor:/opt/ros/jazzy/opt/gz_plugin_vendor:/opt/ros/jazzy/opt/gz_fuel_tools_vendor:/opt/ros/jazzy/opt/gz_msgs_vendor:/opt/ros/jazzy/opt/gz_common_vendor:/opt/ros/jazzy/opt/gz_math_vendor:/opt/ros/jazzy/opt/gz_utils_vendor:/opt/ros/jazzy/opt/gz_tools_vendor:/opt/ros/jazzy/opt/gz_ogre_next_vendor:/opt/ros/jazzy/opt/gz_dartsim_vendor:/opt/ros/jazzy/opt/gz_cmake_vendor:/home/seth/omnibase_ws/install/omnibase_vision:/home/seth/omnibase_ws/install/omnibase_control:/opt/ros/jazzy DEBUGINFOD_URLS=https://debuginfod.ubuntu.com /usr/bin/cmake --build /home/seth/omnibase_ws/build/omnibase_bringup -- -j12 -l12
[2.391s] DEBUG:colcon.colcon_core.event_handler.log_command:Invoked command in '/home/seth/omnibase_ws/build/omnibase_bringup' returned '0': AMENT_PREFIX_PATH=/home/seth/omnibase_ws/install/omnibase_vision:/home/seth/omnibase_ws/install/omnibase_control:/home/seth/omnibase_ws/install/omnibase_bringup:/home/seth/omnibase_ws/install/omnibase_gazebo:/home/seth/omnibase_ws/install/omnibase_description:/home/seth/mecanum_ws/install/mecanum_base_sim:/home/seth/mecanum_ws/install/mecanum_base_description:/home/seth/mecanum_ws/install/mecanum_base_controller:/home/seth/mecanum_ws/install/mecanum_base_bringup:/opt/ros/jazzy CMAKE_PREFIX_PATH=/home/seth/omnibase_ws/install/omnibase_gazebo:/home/seth/omnibase_ws/install/omnibase_description:/home/seth/omnibase_ws/install/omnibase_bringup:/home/seth/mecanum_ws/install/mecanum_base_sim:/home/seth/mecanum_ws/install/mecanum_base_description:/home/seth/mecanum_ws/install/mecanum_base_controller:/home/seth/mecanum_ws/install/mecanum_base_bringup:/opt/ros/jazzy/opt/gz_sim_vendor:/opt/ros/jazzy/opt/gz_sensors_vendor:/opt/ros/jazzy/opt/gz_physics_vendor:/opt/ros/jazzy/opt/sdformat_vendor:/opt/ros/jazzy/opt/gz_gui_vendor:/opt/ros/jazzy/opt/gz_transport_vendor:/opt/ros/jazzy/opt/gz_rendering_vendor:/opt/ros/jazzy/opt/gz_plugin_vendor:/opt/ros/jazzy/opt/gz_fuel_tools_vendor:/opt/ros/jazzy/opt/gz_msgs_vendor:/opt/ros/jazzy/opt/gz_common_vendor:/opt/ros/jazzy/opt/gz_math_vendor:/opt/ros/jazzy/opt/gz_utils_vendor:/opt/ros/jazzy/opt/gz_tools_vendor:/opt/ros/jazzy/opt/gz_ogre_next_vendor:/opt/ros/jazzy/opt/gz_dartsim_vendor:/opt/ros/jazzy/opt/gz_cmake_vendor:/home/seth/omnibase_ws/install/omnibase_vision:/home/seth/omnibase_ws/install/omnibase_control:/opt/ros/jazzy DEBUGINFOD_URLS=https://debuginfod.ubuntu.com /usr/bin/cmake --build /home/seth/omnibase_ws/build/omnibase_bringup -- -j12 -l12
[2.392s] DEBUG:colcon.colcon_core.event_handler.log_command:Invoking command in '/home/seth/omnibase_ws/build/omnibase_bringup': AMENT_PREFIX_PATH=/home/seth/omnibase_ws/install/omnibase_vision:/home/seth/omnibase_ws/install/omnibase_control:/home/seth/omnibase_ws/install/omnibase_bringup:/home/seth/omnibase_ws/install/omnibase_gazebo:/home/seth/omnibase_ws/install/omnibase_description:/home/seth/mecanum_ws/install/mecanum_base_sim:/home/seth/mecanum_ws/install/mecanum_base_description:/home/seth/mecanum_ws/install/mecanum_base_controller:/home/seth/mecanum_ws/install/mecanum_base_bringup:/opt/ros/jazzy CMAKE_PREFIX_PATH=/home/seth/omnibase_ws/install/omnibase_gazebo:/home/seth/omnibase_ws/install/omnibase_description:/home/seth/omnibase_ws/install/omnibase_bringup:/home/seth/mecanum_ws/install/mecanum_base_sim:/home/seth/mecanum_ws/install/mecanum_base_description:/home/seth/mecanum_ws/install/mecanum_base_controller:/home/seth/mecanum_ws/install/mecanum_base_bringup:/opt/ros/jazzy/opt/gz_sim_vendor:/opt/ros/jazzy/opt/gz_sensors_vendor:/opt/ros/jazzy/opt/gz_physics_vendor:/opt/ros/jazzy/opt/sdformat_vendor:/opt/ros/jazzy/opt/gz_gui_vendor:/opt/ros/jazzy/opt/gz_transport_vendor:/opt/ros/jazzy/opt/gz_rendering_vendor:/opt/ros/jazzy/opt/gz_plugin_vendor:/opt/ros/jazzy/opt/gz_fuel_tools_vendor:/opt/ros/jazzy/opt/gz_msgs_vendor:/opt/ros/jazzy/opt/gz_common_vendor:/opt/ros/jazzy/opt/gz_math_vendor:/opt/ros/jazzy/opt/gz_utils_vendor:/opt/ros/jazzy/opt/gz_tools_vendor:/opt/ros/jazzy/opt/gz_ogre_next_vendor:/opt/ros/jazzy/opt/gz_dartsim_vendor:/opt/ros/jazzy/opt/gz_cmake_vendor:/home/seth/omnibase_ws/install/omnibase_vision:/home/seth/omnibase_ws/install/omnibase_control:/opt/ros/jazzy DEBUGINFOD_URLS=https://debuginfod.ubuntu.com /usr/bin/cmake --install /home/seth/omnibase_ws/build/omnibase_bringup
[2.500s] Level 1:colcon.colcon_core.environment:create_environment_scripts_only(omnibase_bringup)
[2.500s] Level 1:colcon.colcon_core.environment:checking '/home/seth/omnibase_ws/install/omnibase_bringup' for CMake module files
[2.500s] DEBUG:colcon.colcon_core.event_handler.log_command:Invoked command in '/home/seth/omnibase_ws/build/omnibase_bringup' returned '0': AMENT_PREFIX_PATH=/home/seth/omnibase_ws/install/omnibase_vision:/home/seth/omnibase_ws/install/omnibase_control:/home/seth/omnibase_ws/install/omnibase_bringup:/home/seth/omnibase_ws/install/omnibase_gazebo:/home/seth/omnibase_ws/install/omnibase_description:/home/seth/mecanum_ws/install/mecanum_base_sim:/home/seth/mecanum_ws/install/mecanum_base_description:/home/seth/mecanum_ws/install/mecanum_base_controller:/home/seth/mecanum_ws/install/mecanum_base_bringup:/opt/ros/jazzy CMAKE_PREFIX_PATH=/home/seth/omnibase_ws/install/omnibase_gazebo:/home/seth/omnibase_ws/install/omnibase_description:/home/seth/omnibase_ws/install/omnibase_bringup:/home/seth/mecanum_ws/install/mecanum_base_sim:/home/seth/mecanum_ws/install/mecanum_base_description:/home/seth/mecanum_ws/install/mecanum_base_controller:/home/seth/mecanum_ws/install/mecanum_base_bringup:/opt/ros/jazzy/opt/gz_sim_vendor:/opt/ros/jazzy/opt/gz_sensors_vendor:/opt/ros/jazzy/opt/gz_physics_vendor:/opt/ros/jazzy/opt/sdformat_vendor:/opt/ros/jazzy/opt/gz_gui_vendor:/opt/ros/jazzy/opt/gz_transport_vendor:/opt/ros/jazzy/opt/gz_rendering_vendor:/opt/ros/jazzy/opt/gz_plugin_vendor:/opt/ros/jazzy/opt/gz_fuel_tools_vendor:/opt/ros/jazzy/opt/gz_msgs_vendor:/opt/ros/jazzy/opt/gz_common_vendor:/opt/ros/jazzy/opt/gz_math_vendor:/opt/ros/jazzy/opt/gz_utils_vendor:/opt/ros/jazzy/opt/gz_tools_vendor:/opt/ros/jazzy/opt/gz_ogre_next_vendor:/opt/ros/jazzy/opt/gz_dartsim_vendor:/opt/ros/jazzy/opt/gz_cmake_vendor:/home/seth/omnibase_ws/install/omnibase_vision:/home/seth/omnibase_ws/install/omnibase_control:/opt/ros/jazzy DEBUGINFOD_URLS=https://debuginfod.ubuntu.com /usr/bin/cmake --install /home/seth/omnibase_ws/build/omnibase_bringup
[2.501s] Level 1:colcon.colcon_core.environment:checking '/home/seth/omnibase_ws/install/omnibase_bringup' for CMake config files
[2.501s] Level 1:colcon.colcon_core.shell:create_environment_hook('omnibase_bringup', 'cmake_prefix_path')
[2.501s] INFO:colcon.colcon_core.shell:Creating environment hook '/home/seth/omnibase_ws/install/omnibase_bringup/share/omnibase_bringup/hook/cmake_prefix_path.ps1'
[2.501s] INFO:colcon.colcon_core.shell:Creating environment descriptor '/home/seth/omnibase_ws/install/omnibase_bringup/share/omnibase_bringup/hook/cmake_prefix_path.dsv'
[2.501s] INFO:colcon.colcon_core.shell:Creating environment hook '/home/seth/omnibase_ws/install/omnibase_bringup/share/omnibase_bringup/hook/cmake_prefix_path.sh'
[2.502s] Level 1:colcon.colcon_core.environment:checking '/home/seth/omnibase_ws/install/omnibase_bringup/bin'
[2.502s] Level 1:colcon.colcon_core.environment:checking '/home/seth/omnibase_ws/install/omnibase_bringup/lib/pkgconfig/omnibase_bringup.pc'
[2.502s] Level 1:colcon.colcon_core.environment:checking '/home/seth/omnibase_ws/install/omnibase_bringup/lib/python3.12/site-packages'
[2.502s] Level 1:colcon.colcon_core.environment:checking '/home/seth/omnibase_ws/install/omnibase_bringup/bin'
[2.502s] INFO:colcon.colcon_core.shell:Creating package script '/home/seth/omnibase_ws/install/omnibase_bringup/share/omnibase_bringup/package.ps1'
[2.503s] INFO:colcon.colcon_core.shell:Creating package descriptor '/home/seth/omnibase_ws/install/omnibase_bringup/share/omnibase_bringup/package.dsv'
[2.503s] INFO:colcon.colcon_core.shell:Creating package script '/home/seth/omnibase_ws/install/omnibase_bringup/share/omnibase_bringup/package.sh'
[2.503s] INFO:colcon.colcon_core.shell:Creating package script '/home/seth/omnibase_ws/install/omnibase_bringup/share/omnibase_bringup/package.bash'
[2.503s] INFO:colcon.colcon_core.shell:Creating package script '/home/seth/omnibase_ws/install/omnibase_bringup/share/omnibase_bringup/package.zsh'
[2.503s] Level 1:colcon.colcon_core.environment:create_file_with_runtime_dependencies(/home/seth/omnibase_ws/install/omnibase_bringup/share/colcon-core/packages/omnibase_bringup)
[2.504s] Level 1:colcon.colcon_core.environment:create_environment_scripts_only(omnibase_bringup)
[2.504s] Level 1:colcon.colcon_core.environment:checking '/home/seth/omnibase_ws/install/omnibase_bringup' for CMake module files
[2.504s] Level 1:colcon.colcon_core.environment:checking '/home/seth/omnibase_ws/install/omnibase_bringup' for CMake config files
[2.504s] Level 1:colcon.colcon_core.shell:create_environment_hook('omnibase_bringup', 'cmake_prefix_path')
[2.504s] INFO:colcon.colcon_core.shell:Creating environment hook '/home/seth/omnibase_ws/install/omnibase_bringup/share/omnibase_bringup/hook/cmake_prefix_path.ps1'
[2.505s] INFO:colcon.colcon_core.shell:Creating environment descriptor '/home/seth/omnibase_ws/install/omnibase_bringup/share/omnibase_bringup/hook/cmake_prefix_path.dsv'
[2.505s] INFO:colcon.colcon_core.shell:Creating environment hook '/home/seth/omnibase_ws/install/omnibase_bringup/share/omnibase_bringup/hook/cmake_prefix_path.sh'
[2.505s] Level 1:colcon.colcon_core.environment:checking '/home/seth/omnibase_ws/install/omnibase_bringup/bin'
[2.505s] Level 1:colcon.colcon_core.environment:checking '/home/seth/omnibase_ws/install/omnibase_bringup/lib/pkgconfig/omnibase_bringup.pc'
[2.505s] Level 1:colcon.colcon_core.environment:checking '/home/seth/omnibase_ws/install/omnibase_bringup/lib/python3.12/site-packages'
[2.506s] Level 1:colcon.colcon_core.environment:checking '/home/seth/omnibase_ws/install/omnibase_bringup/bin'
[2.506s] INFO:colcon.colcon_core.shell:Creating package script '/home/seth/omnibase_ws/install/omnibase_bringup/share/omnibase_bringup/package.ps1'
[2.506s] INFO:colcon.colcon_core.shell:Creating package descriptor '/home/seth/omnibase_ws/install/omnibase_bringup/share/omnibase_bringup/package.dsv'
[2.506s] INFO:colcon.colcon_core.shell:Creating package script '/home/seth/omnibase_ws/install/omnibase_bringup/share/omnibase_bringup/package.sh'
[2.506s] INFO:colcon.colcon_core.shell:Creating package script '/home/seth/omnibase_ws/install/omnibase_bringup/share/omnibase_bringup/package.bash'
[2.507s] INFO:colcon.colcon_core.shell:Creating package script '/home/seth/omnibase_ws/install/omnibase_bringup/share/omnibase_bringup/package.zsh'
[2.507s] Level 1:colcon.colcon_core.environment:create_file_with_runtime_dependencies(/home/seth/omnibase_ws/install/omnibase_bringup/share/colcon-core/packages/omnibase_bringup)
[2.507s] DEBUG:colcon.colcon_parallel_executor.executor.parallel:closing loop
[2.507s] DEBUG:colcon.colcon_parallel_executor.executor.parallel:loop closed
[2.507s] DEBUG:colcon.colcon_parallel_executor.executor.parallel:run_until_complete finished with '0'
[2.507s] DEBUG:colcon.colcon_core.event_reactor:joining thread
[2.517s] INFO:colcon.colcon_core.plugin_system:Skipping extension 'colcon_notification.desktop_notification.terminal_notifier': Not used on non-Darwin systems
[2.517s] INFO:colcon.colcon_core.plugin_system:Skipping extension 'colcon_notification.desktop_notification.win32': Not used on non-Windows systems
[2.517s] INFO:colcon.colcon_notification.desktop_notification:Sending desktop notification using 'notify2'
[2.526s] DEBUG:colcon.colcon_core.event_reactor:joined thread
[2.526s] INFO:colcon.colcon_core.shell:Creating prefix script '/home/seth/omnibase_ws/install/local_setup.ps1'
[2.527s] INFO:colcon.colcon_core.shell:Creating prefix util module '/home/seth/omnibase_ws/install/_local_setup_util_ps1.py'
[2.527s] INFO:colcon.colcon_core.shell:Creating prefix chain script '/home/seth/omnibase_ws/install/setup.ps1'
[2.528s] INFO:colcon.colcon_core.shell:Creating prefix script '/home/seth/omnibase_ws/install/local_setup.sh'
[2.529s] INFO:colcon.colcon_core.shell:Creating prefix util module '/home/seth/omnibase_ws/install/_local_setup_util_sh.py'
[2.529s] INFO:colcon.colcon_core.shell:Creating prefix chain script '/home/seth/omnibase_ws/install/setup.sh'
[2.530s] INFO:colcon.colcon_core.shell:Creating prefix script '/home/seth/omnibase_ws/install/local_setup.bash'
[2.530s] INFO:colcon.colcon_core.shell:Creating prefix chain script '/home/seth/omnibase_ws/install/setup.bash'
[2.531s] INFO:colcon.colcon_core.shell:Creating prefix script '/home/seth/omnibase_ws/install/local_setup.zsh'
[2.531s] INFO:colcon.colcon_core.shell:Creating prefix chain script '/home/seth/omnibase_ws/install/setup.zsh'
