[0.007s] Invoking command in '/home/seth/base_ws/build/mecanumbot_description': CMAKE_PREFIX_PATH=${CMAKE_PREFIX_PATH}:/home/seth/omnibase_ws/install/omnibase_vision:/home/seth/omnibase_ws/install/omnibase_control:/opt/ros/jazzy DEBUGINFOD_URLS=https://debuginfod.ubuntu.com /usr/bin/cmake /home/seth/base_ws/src/ros2-mecanum-bot/mecanumbot_description -DCMAKE_INSTALL_PREFIX=/home/seth/base_ws/install/mecanumbot_description
[0.020s] -- Found ament_cmake: 2.5.4 (/opt/ros/jazzy/share/ament_cmake/cmake)
[0.164s] -- Override CMake install command with custom implementation using symlinks instead of copying resources
[0.176s] -- Found urdf: 2.10.0 (/opt/ros/jazzy/share/urdf/cmake)
[0.200s] -- Found TinyXML2 via Config file: /usr/lib/x86_64-linux-gnu/cmake/tinyxml2
[0.205s] -- Found xacro: 2.1.1 (/opt/ros/jazzy/share/xacro/cmake)
[0.261s] -- Configuring done (0.2s)
[0.263s] -- Generating done (0.0s)
[0.265s] -- Build files have been written to: /home/seth/base_ws/build/mecanumbot_description
[0.268s] Invoked command in '/home/seth/base_ws/build/mecanumbot_description' returned '0': CMAKE_PREFIX_PATH=${CMAKE_PREFIX_PATH}:/home/seth/omnibase_ws/install/omnibase_vision:/home/seth/omnibase_ws/install/omnibase_control:/opt/ros/jazzy DEBUGINFOD_URLS=https://debuginfod.ubuntu.com /usr/bin/cmake /home/seth/base_ws/src/ros2-mecanum-bot/mecanumbot_description -DCMAKE_INSTALL_PREFIX=/home/seth/base_ws/install/mecanumbot_description
[0.269s] Invoking command in '/home/seth/base_ws/build/mecanumbot_description': CMAKE_PREFIX_PATH=${CMAKE_PREFIX_PATH}:/home/seth/omnibase_ws/install/omnibase_vision:/home/seth/omnibase_ws/install/omnibase_control:/opt/ros/jazzy DEBUGINFOD_URLS=https://debuginfod.ubuntu.com /usr/bin/cmake --build /home/seth/base_ws/build/mecanumbot_description -- -j12 -l12
[0.307s] Invoked command in '/home/seth/base_ws/build/mecanumbot_description' returned '0': CMAKE_PREFIX_PATH=${CMAKE_PREFIX_PATH}:/home/seth/omnibase_ws/install/omnibase_vision:/home/seth/omnibase_ws/install/omnibase_control:/opt/ros/jazzy DEBUGINFOD_URLS=https://debuginfod.ubuntu.com /usr/bin/cmake --build /home/seth/base_ws/build/mecanumbot_description -- -j12 -l12
[0.314s] Invoking command in '/home/seth/base_ws/build/mecanumbot_description': CMAKE_PREFIX_PATH=${CMAKE_PREFIX_PATH}:/home/seth/omnibase_ws/install/omnibase_vision:/home/seth/omnibase_ws/install/omnibase_control:/opt/ros/jazzy DEBUGINFOD_URLS=https://debuginfod.ubuntu.com /usr/bin/cmake --install /home/seth/base_ws/build/mecanumbot_description
[0.320s] -- Install configuration: ""
[0.321s] -- Execute custom install script
[0.321s] -- Up-to-date symlink: /home/seth/base_ws/install/mecanumbot_description/share/mecanumbot_description/urdf/mecanumbot.urdf
[0.321s] -- Up-to-date symlink: /home/seth/base_ws/install/mecanumbot_description/share/mecanumbot_description/urdf/mecanumbot_sim.urdf
[0.321s] -- Up-to-date symlink: /home/seth/base_ws/install/mecanumbot_description/share/mecanumbot_description/rviz/model.rviz
[0.321s] -- Up-to-date symlink: /home/seth/base_ws/install/mecanumbot_description/share/mecanumbot_description/meshes/fl_wheel_link.STL
[0.322s] -- Up-to-date symlink: /home/seth/base_ws/install/mecanumbot_description/share/mecanumbot_description/meshes/fr_wheel_link.STL
[0.322s] -- Up-to-date symlink: /home/seth/base_ws/install/mecanumbot_description/share/mecanumbot_description/meshes/rl_wheel_link.STL
[0.322s] -- Up-to-date symlink: /home/seth/base_ws/install/mecanumbot_description/share/mecanumbot_description/meshes/rr_wheel_link.STL
[0.322s] -- Up-to-date symlink: /home/seth/base_ws/install/mecanumbot_description/share/mecanumbot_description/config/robot_controller_config.yaml
[0.322s] -- Symlinking: /home/seth/base_ws/install/mecanumbot_description/share/mecanumbot_description/config/sim_controller_config.yaml
[0.329s] -- Up-to-date symlink: /home/seth/base_ws/install/mecanumbot_description/share/ament_index/resource_index/package_run_dependencies/mecanumbot_description
[0.329s] -- Up-to-date symlink: /home/seth/base_ws/install/mecanumbot_description/share/ament_index/resource_index/parent_prefix_path/mecanumbot_description
[0.329s] -- Up-to-date symlink: /home/seth/base_ws/install/mecanumbot_description/share/mecanumbot_description/environment/ament_prefix_path.sh
[0.329s] -- Up-to-date symlink: /home/seth/base_ws/install/mecanumbot_description/share/mecanumbot_description/environment/ament_prefix_path.dsv
[0.329s] -- Up-to-date symlink: /home/seth/base_ws/install/mecanumbot_description/share/mecanumbot_description/environment/path.sh
[0.329s] -- Up-to-date symlink: /home/seth/base_ws/install/mecanumbot_description/share/mecanumbot_description/environment/path.dsv
[0.329s] -- Up-to-date symlink: /home/seth/base_ws/install/mecanumbot_description/share/mecanumbot_description/local_setup.bash
[0.329s] -- Up-to-date symlink: /home/seth/base_ws/install/mecanumbot_description/share/mecanumbot_description/local_setup.sh
[0.330s] -- Up-to-date symlink: /home/seth/base_ws/install/mecanumbot_description/share/mecanumbot_description/local_setup.zsh
[0.330s] -- Up-to-date symlink: /home/seth/base_ws/install/mecanumbot_description/share/mecanumbot_description/local_setup.dsv
[0.330s] -- Symlinking: /home/seth/base_ws/install/mecanumbot_description/share/mecanumbot_description/package.dsv
[0.336s] -- Up-to-date symlink: /home/seth/base_ws/install/mecanumbot_description/share/ament_index/resource_index/packages/mecanumbot_description
[0.337s] -- Up-to-date symlink: /home/seth/base_ws/install/mecanumbot_description/share/mecanumbot_description/cmake/mecanumbot_descriptionConfig.cmake
[0.337s] -- Up-to-date symlink: /home/seth/base_ws/install/mecanumbot_description/share/mecanumbot_description/cmake/mecanumbot_descriptionConfig-version.cmake
[0.337s] -- Up-to-date symlink: /home/seth/base_ws/install/mecanumbot_description/share/mecanumbot_description/package.xml
[0.338s] Invoked command in '/home/seth/base_ws/build/mecanumbot_description' returned '0': CMAKE_PREFIX_PATH=${CMAKE_PREFIX_PATH}:/home/seth/omnibase_ws/install/omnibase_vision:/home/seth/omnibase_ws/install/omnibase_control:/opt/ros/jazzy DEBUGINFOD_URLS=https://debuginfod.ubuntu.com /usr/bin/cmake --install /home/seth/base_ws/build/mecanumbot_description
