[0.017s] Invoking command in '/home/seth/base_ws/build/mecanumbot_description': CMAKE_PREFIX_PATH=${CMAKE_PREFIX_PATH}:/home/seth/omnibase_ws/install/omnibase_vision:/home/seth/omnibase_ws/install/omnibase_control:/opt/ros/jazzy DEBUGINFOD_URLS=https://debuginfod.ubuntu.com /usr/bin/cmake /home/seth/base_ws/src/ros2-mecanum-bot/mecanumbot_description -DAMENT_CMAKE_SYMLINK_INSTALL=1 -DCMAKE_INSTALL_PREFIX=/home/seth/base_ws/install/mecanumbot_description
[0.060s] -- The C compiler identification is GNU 11.5.0
[0.097s] -- The CXX compiler identification is GNU 11.5.0
[0.109s] -- Detecting C compiler ABI info
[0.172s] -- Detecting C compiler ABI info - done
[0.177s] -- Check for working C compiler: /usr/bin/cc - skipped
[0.177s] -- Detecting C compile features
[0.178s] -- Detecting C compile features - done
[0.184s] -- Detecting CXX compiler ABI info
[0.256s] -- Detecting CXX compiler ABI info - done
[0.263s] -- Check for working CXX compiler: /usr/bin/c++ - skipped
[0.264s] -- Detecting CXX compile features
[0.264s] -- Detecting CXX compile features - done
[0.268s] -- Found ament_cmake: 2.5.4 (/opt/ros/jazzy/share/ament_cmake/cmake)
[0.385s] -- Found Python3: /usr/bin/python3 (found version "3.12.3") found components: Interpreter 
[0.433s] -- Override CMake install command with custom implementation using symlinks instead of copying resources
[0.478s] -- Found urdf: 2.10.0 (/opt/ros/jazzy/share/urdf/cmake)
[0.516s] -- Found TinyXML2 via Config file: /usr/lib/x86_64-linux-gnu/cmake/tinyxml2
[0.528s] -- Found xacro: 2.1.1 (/opt/ros/jazzy/share/xacro/cmake)
[0.579s] -- Configuring done (0.6s)
[0.581s] -- Generating done (0.0s)
[0.582s] -- Build files have been written to: /home/seth/base_ws/build/mecanumbot_description
[0.587s] Invoked command in '/home/seth/base_ws/build/mecanumbot_description' returned '0': CMAKE_PREFIX_PATH=${CMAKE_PREFIX_PATH}:/home/seth/omnibase_ws/install/omnibase_vision:/home/seth/omnibase_ws/install/omnibase_control:/opt/ros/jazzy DEBUGINFOD_URLS=https://debuginfod.ubuntu.com /usr/bin/cmake /home/seth/base_ws/src/ros2-mecanum-bot/mecanumbot_description -DAMENT_CMAKE_SYMLINK_INSTALL=1 -DCMAKE_INSTALL_PREFIX=/home/seth/base_ws/install/mecanumbot_description
[0.588s] Invoking command in '/home/seth/base_ws/build/mecanumbot_description': CMAKE_PREFIX_PATH=${CMAKE_PREFIX_PATH}:/home/seth/omnibase_ws/install/omnibase_vision:/home/seth/omnibase_ws/install/omnibase_control:/opt/ros/jazzy DEBUGINFOD_URLS=https://debuginfod.ubuntu.com /usr/bin/cmake --build /home/seth/base_ws/build/mecanumbot_description -- -j12 -l12
[0.616s] Invoked command in '/home/seth/base_ws/build/mecanumbot_description' returned '0': CMAKE_PREFIX_PATH=${CMAKE_PREFIX_PATH}:/home/seth/omnibase_ws/install/omnibase_vision:/home/seth/omnibase_ws/install/omnibase_control:/opt/ros/jazzy DEBUGINFOD_URLS=https://debuginfod.ubuntu.com /usr/bin/cmake --build /home/seth/base_ws/build/mecanumbot_description -- -j12 -l12
[0.623s] Invoking command in '/home/seth/base_ws/build/mecanumbot_description': CMAKE_PREFIX_PATH=${CMAKE_PREFIX_PATH}:/home/seth/omnibase_ws/install/omnibase_vision:/home/seth/omnibase_ws/install/omnibase_control:/opt/ros/jazzy DEBUGINFOD_URLS=https://debuginfod.ubuntu.com /usr/bin/cmake --install /home/seth/base_ws/build/mecanumbot_description
[0.627s] -- Install configuration: ""
[0.628s] -- Execute custom install script
[0.628s] -- Symlinking: /home/seth/base_ws/install/mecanumbot_description/share/mecanumbot_description/urdf/mecanumbot.urdf
[0.634s] -- Symlinking: /home/seth/base_ws/install/mecanumbot_description/share/mecanumbot_description/urdf/mecanumbot_sim.urdf
[0.640s] -- Symlinking: /home/seth/base_ws/install/mecanumbot_description/share/mecanumbot_description/rviz/model.rviz
[0.646s] -- Symlinking: /home/seth/base_ws/install/mecanumbot_description/share/mecanumbot_description/meshes/fl_wheel_link.STL
[0.652s] -- Symlinking: /home/seth/base_ws/install/mecanumbot_description/share/mecanumbot_description/meshes/fr_wheel_link.STL
[0.658s] -- Symlinking: /home/seth/base_ws/install/mecanumbot_description/share/mecanumbot_description/meshes/rl_wheel_link.STL
[0.666s] -- Symlinking: /home/seth/base_ws/install/mecanumbot_description/share/mecanumbot_description/meshes/rr_wheel_link.STL
[0.673s] -- Symlinking: /home/seth/base_ws/install/mecanumbot_description/share/mecanumbot_description/config/robot_controller_config.yaml
[0.680s] -- Symlinking: /home/seth/base_ws/install/mecanumbot_description/share/ament_index/resource_index/package_run_dependencies/mecanumbot_description
[0.686s] -- Symlinking: /home/seth/base_ws/install/mecanumbot_description/share/ament_index/resource_index/parent_prefix_path/mecanumbot_description
[0.692s] -- Symlinking: /home/seth/base_ws/install/mecanumbot_description/share/mecanumbot_description/environment/ament_prefix_path.sh
[0.699s] -- Symlinking: /home/seth/base_ws/install/mecanumbot_description/share/mecanumbot_description/environment/ament_prefix_path.dsv
[0.706s] -- Symlinking: /home/seth/base_ws/install/mecanumbot_description/share/mecanumbot_description/environment/path.sh
[0.712s] -- Symlinking: /home/seth/base_ws/install/mecanumbot_description/share/mecanumbot_description/environment/path.dsv
[0.719s] -- Symlinking: /home/seth/base_ws/install/mecanumbot_description/share/mecanumbot_description/local_setup.bash
[0.725s] -- Symlinking: /home/seth/base_ws/install/mecanumbot_description/share/mecanumbot_description/local_setup.sh
[0.732s] -- Symlinking: /home/seth/base_ws/install/mecanumbot_description/share/mecanumbot_description/local_setup.zsh
[0.738s] -- Symlinking: /home/seth/base_ws/install/mecanumbot_description/share/mecanumbot_description/local_setup.dsv
[0.744s] -- Symlinking: /home/seth/base_ws/install/mecanumbot_description/share/mecanumbot_description/package.dsv
[0.750s] -- Symlinking: /home/seth/base_ws/install/mecanumbot_description/share/ament_index/resource_index/packages/mecanumbot_description
[0.756s] -- Symlinking: /home/seth/base_ws/install/mecanumbot_description/share/mecanumbot_description/cmake/mecanumbot_descriptionConfig.cmake
[0.762s] -- Symlinking: /home/seth/base_ws/install/mecanumbot_description/share/mecanumbot_description/cmake/mecanumbot_descriptionConfig-version.cmake
[0.769s] -- Symlinking: /home/seth/base_ws/install/mecanumbot_description/share/mecanumbot_description/package.xml
[0.776s] Invoked command in '/home/seth/base_ws/build/mecanumbot_description' returned '0': CMAKE_PREFIX_PATH=${CMAKE_PREFIX_PATH}:/home/seth/omnibase_ws/install/omnibase_vision:/home/seth/omnibase_ws/install/omnibase_control:/opt/ros/jazzy DEBUGINFOD_URLS=https://debuginfod.ubuntu.com /usr/bin/cmake --install /home/seth/base_ws/build/mecanumbot_description
