[0.015s] Invoking command in '/home/juds/omnibase_ws/build/omnibase_gazebo': AMENT_PREFIX_PATH=/home/juds/omnibase_ws/install/omnibase_description:${AMENT_PREFIX_PATH} CMAKE_PREFIX_PATH=/home/juds/omnibase_ws/install/omnibase_description:/opt/ros/jazzy/opt/gz_sim_vendor:/opt/ros/jazzy/opt/gz_sensors_vendor:/opt/ros/jazzy/opt/gz_physics_vendor:/opt/ros/jazzy/opt/sdformat_vendor:/opt/ros/jazzy/opt/gz_gui_vendor:/opt/ros/jazzy/opt/gz_transport_vendor:/opt/ros/jazzy/opt/gz_rendering_vendor:/opt/ros/jazzy/opt/gz_plugin_vendor:/opt/ros/jazzy/opt/gz_fuel_tools_vendor:/opt/ros/jazzy/opt/gz_msgs_vendor:/opt/ros/jazzy/opt/gz_common_vendor:/opt/ros/jazzy/opt/gz_math_vendor:/opt/ros/jazzy/opt/gz_utils_vendor:/opt/ros/jazzy/opt/gz_tools_vendor:/opt/ros/jazzy/opt/gz_ogre_next_vendor:/opt/ros/jazzy/opt/gz_dartsim_vendor:/opt/ros/jazzy/opt/gz_cmake_vendor:/opt/ros/jazzy DEBUGINFOD_URLS=https://debuginfod.ubuntu.com /usr/bin/cmake /home/juds/omnibase_ws/src/omnibase_gazebo -DAMENT_CMAKE_SYMLINK_INSTALL=1 -DCMAKE_INSTALL_PREFIX=/home/juds/omnibase_ws/install/omnibase_gazebo
[0.131s] -- The C compiler identification is GNU 13.3.0
[0.250s] -- The CXX compiler identification is GNU 13.3.0
[0.282s] -- Detecting C compiler ABI info
[0.466s] -- Detecting C compiler ABI info - done
[0.489s] -- Check for working C compiler: /usr/bin/cc - skipped
[0.489s] -- Detecting C compile features
[0.491s] -- Detecting C compile features - done
[0.514s] -- Detecting CXX compiler ABI info
[0.722s] -- Detecting CXX compiler ABI info - done
[0.745s] -- Check for working CXX compiler: /usr/bin/c++ - skipped
[0.746s] -- Detecting CXX compile features
[0.747s] -- Detecting CXX compile features - done
[0.755s] -- Found ament_cmake: 2.5.4 (/opt/ros/jazzy/share/ament_cmake/cmake)
[1.080s] -- Found Python3: /usr/bin/python3 (found version "3.12.3") found components: Interpreter 
[1.309s] -- Override CMake install command with custom implementation using symlinks instead of copying resources
[1.772s] -- Configuring done (1.7s)
[1.782s] -- Generating done (0.0s)
[1.787s] -- Build files have been written to: /home/juds/omnibase_ws/build/omnibase_gazebo
[1.799s] Invoked command in '/home/juds/omnibase_ws/build/omnibase_gazebo' returned '0': AMENT_PREFIX_PATH=/home/juds/omnibase_ws/install/omnibase_description:${AMENT_PREFIX_PATH} CMAKE_PREFIX_PATH=/home/juds/omnibase_ws/install/omnibase_description:/opt/ros/jazzy/opt/gz_sim_vendor:/opt/ros/jazzy/opt/gz_sensors_vendor:/opt/ros/jazzy/opt/gz_physics_vendor:/opt/ros/jazzy/opt/sdformat_vendor:/opt/ros/jazzy/opt/gz_gui_vendor:/opt/ros/jazzy/opt/gz_transport_vendor:/opt/ros/jazzy/opt/gz_rendering_vendor:/opt/ros/jazzy/opt/gz_plugin_vendor:/opt/ros/jazzy/opt/gz_fuel_tools_vendor:/opt/ros/jazzy/opt/gz_msgs_vendor:/opt/ros/jazzy/opt/gz_common_vendor:/opt/ros/jazzy/opt/gz_math_vendor:/opt/ros/jazzy/opt/gz_utils_vendor:/opt/ros/jazzy/opt/gz_tools_vendor:/opt/ros/jazzy/opt/gz_ogre_next_vendor:/opt/ros/jazzy/opt/gz_dartsim_vendor:/opt/ros/jazzy/opt/gz_cmake_vendor:/opt/ros/jazzy DEBUGINFOD_URLS=https://debuginfod.ubuntu.com /usr/bin/cmake /home/juds/omnibase_ws/src/omnibase_gazebo -DAMENT_CMAKE_SYMLINK_INSTALL=1 -DCMAKE_INSTALL_PREFIX=/home/juds/omnibase_ws/install/omnibase_gazebo
[1.802s] Invoking command in '/home/juds/omnibase_ws/build/omnibase_gazebo': AMENT_PREFIX_PATH=/home/juds/omnibase_ws/install/omnibase_description:${AMENT_PREFIX_PATH} CMAKE_PREFIX_PATH=/home/juds/omnibase_ws/install/omnibase_description:/opt/ros/jazzy/opt/gz_sim_vendor:/opt/ros/jazzy/opt/gz_sensors_vendor:/opt/ros/jazzy/opt/gz_physics_vendor:/opt/ros/jazzy/opt/sdformat_vendor:/opt/ros/jazzy/opt/gz_gui_vendor:/opt/ros/jazzy/opt/gz_transport_vendor:/opt/ros/jazzy/opt/gz_rendering_vendor:/opt/ros/jazzy/opt/gz_plugin_vendor:/opt/ros/jazzy/opt/gz_fuel_tools_vendor:/opt/ros/jazzy/opt/gz_msgs_vendor:/opt/ros/jazzy/opt/gz_common_vendor:/opt/ros/jazzy/opt/gz_math_vendor:/opt/ros/jazzy/opt/gz_utils_vendor:/opt/ros/jazzy/opt/gz_tools_vendor:/opt/ros/jazzy/opt/gz_ogre_next_vendor:/opt/ros/jazzy/opt/gz_dartsim_vendor:/opt/ros/jazzy/opt/gz_cmake_vendor:/opt/ros/jazzy DEBUGINFOD_URLS=https://debuginfod.ubuntu.com /usr/bin/cmake --build /home/juds/omnibase_ws/build/omnibase_gazebo -- -j4 -l4
[1.919s] Invoked command in '/home/juds/omnibase_ws/build/omnibase_gazebo' returned '0': AMENT_PREFIX_PATH=/home/juds/omnibase_ws/install/omnibase_description:${AMENT_PREFIX_PATH} CMAKE_PREFIX_PATH=/home/juds/omnibase_ws/install/omnibase_description:/opt/ros/jazzy/opt/gz_sim_vendor:/opt/ros/jazzy/opt/gz_sensors_vendor:/opt/ros/jazzy/opt/gz_physics_vendor:/opt/ros/jazzy/opt/sdformat_vendor:/opt/ros/jazzy/opt/gz_gui_vendor:/opt/ros/jazzy/opt/gz_transport_vendor:/opt/ros/jazzy/opt/gz_rendering_vendor:/opt/ros/jazzy/opt/gz_plugin_vendor:/opt/ros/jazzy/opt/gz_fuel_tools_vendor:/opt/ros/jazzy/opt/gz_msgs_vendor:/opt/ros/jazzy/opt/gz_common_vendor:/opt/ros/jazzy/opt/gz_math_vendor:/opt/ros/jazzy/opt/gz_utils_vendor:/opt/ros/jazzy/opt/gz_tools_vendor:/opt/ros/jazzy/opt/gz_ogre_next_vendor:/opt/ros/jazzy/opt/gz_dartsim_vendor:/opt/ros/jazzy/opt/gz_cmake_vendor:/opt/ros/jazzy DEBUGINFOD_URLS=https://debuginfod.ubuntu.com /usr/bin/cmake --build /home/juds/omnibase_ws/build/omnibase_gazebo -- -j4 -l4
[1.922s] Invoking command in '/home/juds/omnibase_ws/build/omnibase_gazebo': AMENT_PREFIX_PATH=/home/juds/omnibase_ws/install/omnibase_description:${AMENT_PREFIX_PATH} CMAKE_PREFIX_PATH=/home/juds/omnibase_ws/install/omnibase_description:/opt/ros/jazzy/opt/gz_sim_vendor:/opt/ros/jazzy/opt/gz_sensors_vendor:/opt/ros/jazzy/opt/gz_physics_vendor:/opt/ros/jazzy/opt/sdformat_vendor:/opt/ros/jazzy/opt/gz_gui_vendor:/opt/ros/jazzy/opt/gz_transport_vendor:/opt/ros/jazzy/opt/gz_rendering_vendor:/opt/ros/jazzy/opt/gz_plugin_vendor:/opt/ros/jazzy/opt/gz_fuel_tools_vendor:/opt/ros/jazzy/opt/gz_msgs_vendor:/opt/ros/jazzy/opt/gz_common_vendor:/opt/ros/jazzy/opt/gz_math_vendor:/opt/ros/jazzy/opt/gz_utils_vendor:/opt/ros/jazzy/opt/gz_tools_vendor:/opt/ros/jazzy/opt/gz_ogre_next_vendor:/opt/ros/jazzy/opt/gz_dartsim_vendor:/opt/ros/jazzy/opt/gz_cmake_vendor:/opt/ros/jazzy DEBUGINFOD_URLS=https://debuginfod.ubuntu.com /usr/bin/cmake --install /home/juds/omnibase_ws/build/omnibase_gazebo
[1.946s] -- Install configuration: ""
[1.947s] -- Execute custom install script
[1.949s] -- Symlinking: /home/juds/omnibase_ws/install/omnibase_gazebo/share/omnibase_gazebo/worlds/tracking_world.sdf
[1.977s] -- Symlinking: /home/juds/omnibase_ws/install/omnibase_gazebo/share/omnibase_gazebo/models/led_marker/model.config
[2.004s] -- Symlinking: /home/juds/omnibase_ws/install/omnibase_gazebo/share/omnibase_gazebo/models/led_marker/model.sdf
[2.034s] -- Symlinking: /home/juds/omnibase_ws/install/omnibase_gazebo/share/omnibase_gazebo/config/ros_gz_bridge.yaml
[2.062s] -- Symlinking: /home/juds/omnibase_ws/install/omnibase_gazebo/share/omnibase_gazebo/launch/simulation.launch.py
[2.090s] -- Symlinking: /home/juds/omnibase_ws/install/omnibase_gazebo/share/ament_index/resource_index/package_run_dependencies/omnibase_gazebo
[2.120s] -- Symlinking: /home/juds/omnibase_ws/install/omnibase_gazebo/share/ament_index/resource_index/parent_prefix_path/omnibase_gazebo
[2.146s] -- Symlinking: /home/juds/omnibase_ws/install/omnibase_gazebo/share/omnibase_gazebo/environment/ament_prefix_path.sh
[2.174s] -- Symlinking: /home/juds/omnibase_ws/install/omnibase_gazebo/share/omnibase_gazebo/environment/ament_prefix_path.dsv
[2.201s] -- Symlinking: /home/juds/omnibase_ws/install/omnibase_gazebo/share/omnibase_gazebo/environment/path.sh
[2.230s] -- Symlinking: /home/juds/omnibase_ws/install/omnibase_gazebo/share/omnibase_gazebo/environment/path.dsv
[2.259s] -- Symlinking: /home/juds/omnibase_ws/install/omnibase_gazebo/share/omnibase_gazebo/local_setup.bash
[2.286s] -- Symlinking: /home/juds/omnibase_ws/install/omnibase_gazebo/share/omnibase_gazebo/local_setup.sh
[2.313s] -- Symlinking: /home/juds/omnibase_ws/install/omnibase_gazebo/share/omnibase_gazebo/local_setup.zsh
[2.341s] -- Symlinking: /home/juds/omnibase_ws/install/omnibase_gazebo/share/omnibase_gazebo/local_setup.dsv
[2.369s] -- Symlinking: /home/juds/omnibase_ws/install/omnibase_gazebo/share/omnibase_gazebo/package.dsv
[2.398s] -- Symlinking: /home/juds/omnibase_ws/install/omnibase_gazebo/share/ament_index/resource_index/packages/omnibase_gazebo
[2.429s] -- Symlinking: /home/juds/omnibase_ws/install/omnibase_gazebo/share/omnibase_gazebo/cmake/omnibase_gazeboConfig.cmake
[2.456s] -- Symlinking: /home/juds/omnibase_ws/install/omnibase_gazebo/share/omnibase_gazebo/cmake/omnibase_gazeboConfig-version.cmake
[2.483s] -- Symlinking: /home/juds/omnibase_ws/install/omnibase_gazebo/share/omnibase_gazebo/package.xml
[2.539s] Invoked command in '/home/juds/omnibase_ws/build/omnibase_gazebo' returned '0': AMENT_PREFIX_PATH=/home/juds/omnibase_ws/install/omnibase_description:${AMENT_PREFIX_PATH} CMAKE_PREFIX_PATH=/home/juds/omnibase_ws/install/omnibase_description:/opt/ros/jazzy/opt/gz_sim_vendor:/opt/ros/jazzy/opt/gz_sensors_vendor:/opt/ros/jazzy/opt/gz_physics_vendor:/opt/ros/jazzy/opt/sdformat_vendor:/opt/ros/jazzy/opt/gz_gui_vendor:/opt/ros/jazzy/opt/gz_transport_vendor:/opt/ros/jazzy/opt/gz_rendering_vendor:/opt/ros/jazzy/opt/gz_plugin_vendor:/opt/ros/jazzy/opt/gz_fuel_tools_vendor:/opt/ros/jazzy/opt/gz_msgs_vendor:/opt/ros/jazzy/opt/gz_common_vendor:/opt/ros/jazzy/opt/gz_math_vendor:/opt/ros/jazzy/opt/gz_utils_vendor:/opt/ros/jazzy/opt/gz_tools_vendor:/opt/ros/jazzy/opt/gz_ogre_next_vendor:/opt/ros/jazzy/opt/gz_dartsim_vendor:/opt/ros/jazzy/opt/gz_cmake_vendor:/opt/ros/jazzy DEBUGINFOD_URLS=https://debuginfod.ubuntu.com /usr/bin/cmake --install /home/juds/omnibase_ws/build/omnibase_gazebo
