[0.011s] Invoking command in '/home/seth/omnibase_ws/build/omnibase_description': CMAKE_PREFIX_PATH=${CMAKE_PREFIX_PATH}:/home/seth/omnibase_ws/install/omnibase_vision:/home/seth/omnibase_ws/install/omnibase_control:/opt/ros/jazzy DEBUGINFOD_URLS=https://debuginfod.ubuntu.com /usr/bin/cmake --build /home/seth/omnibase_ws/build/omnibase_description -- -j12 -l12
[0.133s] Invoked command in '/home/seth/omnibase_ws/build/omnibase_description' returned '0': CMAKE_PREFIX_PATH=${CMAKE_PREFIX_PATH}:/home/seth/omnibase_ws/install/omnibase_vision:/home/seth/omnibase_ws/install/omnibase_control:/opt/ros/jazzy DEBUGINFOD_URLS=https://debuginfod.ubuntu.com /usr/bin/cmake --build /home/seth/omnibase_ws/build/omnibase_description -- -j12 -l12
[0.142s] Invoking command in '/home/seth/omnibase_ws/build/omnibase_description': CMAKE_PREFIX_PATH=${CMAKE_PREFIX_PATH}:/home/seth/omnibase_ws/install/omnibase_vision:/home/seth/omnibase_ws/install/omnibase_control:/opt/ros/jazzy DEBUGINFOD_URLS=https://debuginfod.ubuntu.com /usr/bin/cmake --install /home/seth/omnibase_ws/build/omnibase_description
[0.148s] -- Install configuration: ""
[0.148s] -- Execute custom install script
[0.149s] -- Up-to-date symlink: /home/seth/omnibase_ws/install/omnibase_description/share/omnibase_description/urdf/omnibase.urdf.xacro
[0.149s] -- Up-to-date symlink: /home/seth/omnibase_ws/install/omnibase_description/share/omnibase_description/launch/description.launch.py
[0.149s] -- Up-to-date symlink: /home/seth/omnibase_ws/install/omnibase_description/share/omnibase_description/meshes/fl_wheel_link.STL
[0.149s] -- Up-to-date symlink: /home/seth/omnibase_ws/install/omnibase_description/share/omnibase_description/meshes/fr_wheel_link.STL
[0.149s] -- Up-to-date symlink: /home/seth/omnibase_ws/install/omnibase_description/share/omnibase_description/meshes/rl_wheel_link.STL
[0.149s] -- Up-to-date symlink: /home/seth/omnibase_ws/install/omnibase_description/share/omnibase_description/meshes/rr_wheel_link.STL
[0.149s] -- Up-to-date symlink: /home/seth/omnibase_ws/install/omnibase_description/share/ament_index/resource_index/package_run_dependencies/omnibase_description
[0.149s] -- Up-to-date symlink: /home/seth/omnibase_ws/install/omnibase_description/share/ament_index/resource_index/parent_prefix_path/omnibase_description
[0.149s] -- Up-to-date symlink: /home/seth/omnibase_ws/install/omnibase_description/share/omnibase_description/environment/ament_prefix_path.sh
[0.149s] -- Up-to-date symlink: /home/seth/omnibase_ws/install/omnibase_description/share/omnibase_description/environment/ament_prefix_path.dsv
[0.149s] -- Up-to-date symlink: /home/seth/omnibase_ws/install/omnibase_description/share/omnibase_description/environment/path.sh
[0.150s] -- Up-to-date symlink: /home/seth/omnibase_ws/install/omnibase_description/share/omnibase_description/environment/path.dsv
[0.150s] -- Up-to-date symlink: /home/seth/omnibase_ws/install/omnibase_description/share/omnibase_description/local_setup.bash
[0.150s] -- Up-to-date symlink: /home/seth/omnibase_ws/install/omnibase_description/share/omnibase_description/local_setup.sh
[0.150s] -- Up-to-date symlink: /home/seth/omnibase_ws/install/omnibase_description/share/omnibase_description/local_setup.zsh
[0.150s] -- Up-to-date symlink: /home/seth/omnibase_ws/install/omnibase_description/share/omnibase_description/local_setup.dsv
[0.150s] -- Symlinking: /home/seth/omnibase_ws/install/omnibase_description/share/omnibase_description/package.dsv
[0.157s] -- Up-to-date symlink: /home/seth/omnibase_ws/install/omnibase_description/share/ament_index/resource_index/packages/omnibase_description
[0.157s] -- Up-to-date symlink: /home/seth/omnibase_ws/install/omnibase_description/share/omnibase_description/cmake/omnibase_descriptionConfig.cmake
[0.157s] -- Up-to-date symlink: /home/seth/omnibase_ws/install/omnibase_description/share/omnibase_description/cmake/omnibase_descriptionConfig-version.cmake
[0.157s] -- Up-to-date symlink: /home/seth/omnibase_ws/install/omnibase_description/share/omnibase_description/package.xml
[0.159s] Invoked command in '/home/seth/omnibase_ws/build/omnibase_description' returned '0': CMAKE_PREFIX_PATH=${CMAKE_PREFIX_PATH}:/home/seth/omnibase_ws/install/omnibase_vision:/home/seth/omnibase_ws/install/omnibase_control:/opt/ros/jazzy DEBUGINFOD_URLS=https://debuginfod.ubuntu.com /usr/bin/cmake --install /home/seth/omnibase_ws/build/omnibase_description
