[0.006s] Invoking command in '/home/seth/omnibase_ws/build/omnibase_gazebo': CMAKE_PREFIX_PATH=/home/seth/omnibase_ws/install/omnibase_description:/home/seth/omnibase_ws/install/omnibase_bringup:/home/seth/omnibase_ws/install/omnibase_gazebo:/home/seth/mecanum_ws/install/mecanum_base_sim:/home/seth/mecanum_ws/install/mecanum_base_description:/home/seth/mecanum_ws/install/mecanum_base_controller:/home/seth/mecanum_ws/install/mecanum_base_bringup:/opt/ros/jazzy/opt/gz_sim_vendor:/opt/ros/jazzy/opt/gz_sensors_vendor:/opt/ros/jazzy/opt/gz_physics_vendor:/opt/ros/jazzy/opt/sdformat_vendor:/opt/ros/jazzy/opt/gz_gui_vendor:/opt/ros/jazzy/opt/gz_transport_vendor:/opt/ros/jazzy/opt/gz_rendering_vendor:/opt/ros/jazzy/opt/gz_plugin_vendor:/opt/ros/jazzy/opt/gz_fuel_tools_vendor:/opt/ros/jazzy/opt/gz_msgs_vendor:/opt/ros/jazzy/opt/gz_common_vendor:/opt/ros/jazzy/opt/gz_math_vendor:/opt/ros/jazzy/opt/gz_utils_vendor:/opt/ros/jazzy/opt/gz_tools_vendor:/opt/ros/jazzy/opt/gz_ogre_next_vendor:/opt/ros/jazzy/opt/gz_dartsim_vendor:/opt/ros/jazzy/opt/gz_cmake_vendor:/home/seth/omnibase_ws/install/omnibase_vision:/home/seth/omnibase_ws/install/omnibase_control:/opt/ros/jazzy DEBUGINFOD_URLS=https://debuginfod.ubuntu.com /usr/bin/cmake --build /home/seth/omnibase_ws/build/omnibase_gazebo -- -j12 -l12
[0.024s] -- Found ament_cmake: 2.5.4 (/opt/ros/jazzy/share/ament_cmake/cmake)
[0.152s] -- Override CMake install command with custom implementation using symlinks instead of copying resources
[0.161s] -- Looking for gz-sim8 -- found version 8.10.0
[0.172s] -- Searching for dependencies of gz-sim8
[0.174s] -- Looking for sdformat14 -- found version 14.8.0
[0.175s] -- Searching for dependencies of sdformat14
[0.181s] -- Checking for module 'tinyxml2'
[0.193s] --   Found tinyxml2, version 10.0.0
[0.222s] -- Looking for gz-math7 -- found version 7.5.2
[0.222s] -- Searching for dependencies of gz-math7
[0.224s] -- Looking for gz-utils2 -- found version 2.2.1
[0.225s] -- Searching for dependencies of gz-utils2
[0.227s] -- Looking for gz-utils2 -- found version 2.2.1
[0.227s] -- Searching for dependencies of gz-utils2
[0.227s] -- Searching for <gz-utils2> component [cli]
[0.230s] -- Looking for gz-utils2-cli -- found version 2.2.1
[0.230s] -- Searching for dependencies of gz-utils2-cli
[0.234s] -- Looking for gz-plugin2 -- found version 2.0.4
[0.234s] -- Searching for dependencies of gz-plugin2
[0.234s] -- Looking for gz-utils2 -- found version 2.2.1
[0.235s] -- Searching for <gz-plugin2> component [loader]
[0.237s] -- Looking for gz-plugin2-loader -- found version 2.0.4
[0.237s] -- Searching for dependencies of gz-plugin2-loader
[0.238s] -- Searching for <gz-plugin2> component [register]
[0.241s] -- Looking for gz-plugin2-register -- found version 2.0.4
[0.241s] -- Searching for dependencies of gz-plugin2-register
[0.244s] -- Looking for gz-transport13 -- found version 13.5.0
[0.244s] -- Searching for dependencies of gz-transport13
[0.362s] -- Found Protobuf: /usr/lib/x86_64-linux-gnu/libprotobuf.so (found version "3.21.12") 
[0.373s] -- Config-file not installed for ZeroMQ -- checking for pkg-config
[0.376s] -- Checking for module 'libzmq >= 4'
[0.386s] --   Found libzmq, version 4.3.5
[0.415s] -- Found ZeroMQ: TRUE (Required is at least version "4") 
[0.420s] -- Checking for module 'uuid'
[0.429s] --   Found uuid, version 2.39.3
[0.452s] -- Found UUID: TRUE  
[0.452s] -- Looking for gz-utils2 -- found version 2.2.1
[0.454s] -- Looking for gz-msgs10 -- found version 10.3.2
[0.455s] -- Searching for dependencies of gz-msgs10
[0.468s] -- Looking for gz-utils2 -- found version 2.2.1
[0.468s] -- Looking for gz-math7 -- found version 7.5.2
[0.474s] -- Searching for <gz-transport13> component [log]
[0.476s] -- Looking for gz-transport13-log -- found version 13.5.0
[0.476s] -- Searching for dependencies of gz-transport13-log
[0.476s] -- Searching for <gz-transport13> component [parameters]
[0.478s] -- Looking for gz-transport13-parameters -- found version 13.5.0
[0.478s] -- Searching for dependencies of gz-transport13-parameters
[0.478s] -- Looking for gz-msgs10 -- found version 10.3.2
[0.481s] -- Looking for gz-common5 -- found version 5.7.1
[0.481s] -- Searching for dependencies of gz-common5
[0.481s] -- Looking for gz-utils2 -- found version 2.2.1
[0.481s] -- Looking for dlfcn.h - found
[0.483s] -- Looking for libdl - found
[0.483s] -- Found DL: TRUE  
[0.487s] -- Searching for <gz-common5> component [av]
[0.489s] -- Looking for gz-common5-av -- found version 5.7.1
[0.489s] -- Searching for dependencies of gz-common5-av
[0.492s] -- Checking for module 'libswscale'
[0.503s] --   Found libswscale, version 7.5.100
[0.528s] -- Found SWSCALE: TRUE  
[0.531s] -- Checking for module 'libavdevice >= 56.4.100'
[0.541s] --   Found libavdevice, version 60.3.100
[0.572s] -- Found AVDEVICE: TRUE (Required is at least version "56.4.100") 
[0.575s] -- Checking for module 'libavformat'
[0.586s] --   Found libavformat, version 60.16.100
[0.613s] -- Found AVFORMAT: TRUE  
[0.616s] -- Checking for module 'libavcodec'
[0.627s] --   Found libavcodec, version 60.31.102
[0.652s] -- Found AVCODEC: TRUE  
[0.700s] -- Checking for module 'libavutil'
[0.711s] --   Found libavutil, version 58.29.100
[0.735s] -- Found AVUTIL: TRUE  
[0.735s] -- Searching for <gz-common5> component [events]
[0.737s] -- Looking for gz-common5-events -- found version 5.7.1
[0.737s] -- Searching for dependencies of gz-common5-events
[0.738s] -- Looking for gz-math7 -- found version 7.5.2
[0.738s] -- Searching for <gz-common5> component [graphics]
[0.741s] -- Looking for gz-common5-graphics -- found version 5.7.1
[0.741s] -- Searching for dependencies of gz-common5-graphics
[0.741s] -- Looking for gz-math7 -- found version 7.5.2
[0.746s] -- Found GzAssimp: TRUE (found version "5.3.0") 
[0.746s] -- Searching for <gz-common5> component [io]
[0.748s] -- Looking for gz-common5-io -- found version 5.7.1
[0.748s] -- Searching for dependencies of gz-common5-io
[0.749s] -- Searching for <gz-common5> component [profiler]
[0.751s] -- Looking for gz-common5-profiler -- found version 5.7.1
[0.751s] -- Searching for dependencies of gz-common5-profiler
[0.753s] -- Looking for gz-fuel_tools9 -- found version 9.1.1
[0.753s] -- Searching for dependencies of gz-fuel_tools9
[0.814s] -- Found CURL: /usr/lib/x86_64-linux-gnu/libcurl.so (found version "8.5.0")  
[0.821s] -- Checking for module 'jsoncpp'
[0.832s] --   Found jsoncpp, version 1.9.5
[0.854s] -- Found JSONCPP: TRUE  
[0.865s] -- Checking for module 'yaml-0.1'
[0.876s] --   Found yaml-0.1, version 0.2.5
[0.898s] -- Found YAML: TRUE  
[0.902s] -- Checking for module 'libzip'
[0.914s] --   Found libzip, version 1.7.3
[0.937s] -- Found ZIP: TRUE  
[0.938s] -- Looking for gz-utils2 -- found version 2.2.1
[0.938s] -- Looking for gz-common5 -- found version 5.7.1
[0.938s] -- Searching for dependencies of gz-common5
[0.938s] -- Looking for gz-utils2 -- found version 2.2.1
[0.938s] -- Looking for dlfcn.h - found
[0.938s] -- Looking for libdl - found
[0.943s] -- Searching for <gz-common5> component [testing]
[0.945s] -- Looking for gz-common5-testing -- found version 5.7.1
[0.945s] -- Searching for dependencies of gz-common5-testing
[0.946s] -- Looking for gz-math7 -- found version 7.5.2
[0.946s] -- Looking for gz-msgs10 -- found version 10.3.2
[0.949s] -- Looking for gz-gui8 -- found version 8.4.0
[0.949s] -- Searching for dependencies of gz-gui8
[0.966s] -- Looking for gz-utils2 -- found version 2.2.1
[0.967s] -- Looking for gz-math7 -- found version 7.5.2
[0.967s] -- Looking for gz-common5 -- found version 5.7.1
[0.967s] -- Looking for gz-plugin2 -- found version 2.0.4
[0.967s] -- Looking for gz-transport13 -- found version 13.5.0
[0.969s] -- Looking for gz-rendering8 -- found version 8.2.2
[0.970s] -- Searching for dependencies of gz-rendering8
[0.970s] -- Looking for gz-math7 -- found version 7.5.2
[0.970s] -- Searching for dependencies of gz-math7
[0.970s] -- Looking for gz-utils2 -- found version 2.2.1
[0.970s] -- Searching for <gz-math7> component [eigen3]
[0.972s] -- Looking for gz-math7-eigen3 -- found version 7.5.2
[0.972s] -- Searching for dependencies of gz-math7-eigen3
[0.979s] -- Looking for gz-common5 -- found version 5.7.1
[0.979s] -- Searching for dependencies of gz-common5
[0.980s] -- Looking for gz-utils2 -- found version 2.2.1
[0.980s] -- Looking for dlfcn.h - found
[0.980s] -- Looking for libdl - found
[0.984s] -- Searching for <gz-common5> component [graphics]
[0.984s] -- Searching for <gz-common5> component [events]
[0.984s] -- Searching for <gz-common5> component [geospatial]
[0.986s] -- Looking for gz-common5-geospatial -- found version 5.7.1
[0.986s] -- Searching for dependencies of gz-common5-geospatial
[0.986s] -- Looking for gz-math7 -- found version 7.5.2
[0.987s] -- Looking for gz-common5 -- found version 5.7.1
[0.987s] -- Looking for gz-plugin2 -- found version 2.0.4
[0.988s] -- Searching for dependencies of gz-plugin2
[0.988s] -- Looking for gz-utils2 -- found version 2.2.1
[0.988s] -- Searching for <gz-plugin2> component [all]
[0.989s] -- Looking for all libraries of gz-plugin2 -- found version 2.0.4
[0.990s] -- Looking for gz-plugin2 -- found version 2.0.4
[0.990s] -- Looking for gz-utils2 -- found version 2.2.1
[0.999s] -- Found OpenGL: /usr/lib/x86_64-linux-gnu/libOpenGL.so  found components: OpenGL 
[1.000s] -- Looking for gz-msgs10 -- found version 10.3.2
[1.022s] -- Looking for gz-physics7 -- found version 7.6.0
[1.022s] -- Searching for dependencies of gz-physics7
[1.022s] -- Looking for gz-common5 -- found version 5.7.1
[1.023s] -- Looking for gz-math7 -- found version 7.5.2
[1.023s] -- Looking for gz-plugin2 -- found version 2.0.4
[1.023s] -- Looking for gz-utils2 -- found version 2.2.1
[1.024s] -- Searching for <gz-physics7> component [heightmap]
[1.025s] -- Looking for gz-physics7-heightmap -- found version 7.6.0
[1.025s] -- Searching for dependencies of gz-physics7-heightmap
[1.025s] -- Looking for gz-common5 -- found version 5.7.1
[1.026s] -- Searching for <gz-physics7> component [mesh]
[1.027s] -- Looking for gz-physics7-mesh -- found version 7.6.0
[1.027s] -- Searching for dependencies of gz-physics7-mesh
[1.028s] -- Looking for gz-common5 -- found version 5.7.1
[1.028s] -- Searching for <gz-physics7> component [sdf]
[1.029s] -- Looking for gz-physics7-sdf -- found version 7.6.0
[1.029s] -- Searching for dependencies of gz-physics7-sdf
[1.029s] -- Looking for sdformat14 -- found version 14.8.0
[1.032s] -- Looking for gz-sensors8 -- found version 8.2.2
[1.032s] -- Searching for dependencies of gz-sensors8
[1.046s] -- Looking for gz-math7 -- found version 7.5.2
[1.047s] -- Looking for gz-common5 -- found version 5.7.1
[1.047s] -- Looking for gz-transport13 -- found version 13.5.0
[1.047s] -- Looking for gz-rendering8 -- found version 8.2.2
[1.047s] -- Looking for gz-msgs10 -- found version 10.3.2
[1.048s] -- Looking for sdformat14 -- found version 14.8.0
[1.048s] -- Searching for <gz-sensors8> component [air_pressure]
[1.049s] -- Looking for gz-sensors8-air_pressure -- found version 8.2.2
[1.050s] -- Searching for dependencies of gz-sensors8-air_pressure
[1.050s] -- Searching for <gz-sensors8> component [air_speed]
[1.051s] -- Looking for gz-sensors8-air_speed -- found version 8.2.2
[1.051s] -- Searching for dependencies of gz-sensors8-air_speed
[1.052s] -- Searching for <gz-sensors8> component [altimeter]
[1.053s] -- Looking for gz-sensors8-altimeter -- found version 8.2.2
[1.053s] -- Searching for dependencies of gz-sensors8-altimeter
[1.053s] -- Searching for <gz-sensors8> component [imu]
[1.055s] -- Looking for gz-sensors8-imu -- found version 8.2.2
[1.055s] -- Searching for dependencies of gz-sensors8-imu
[1.055s] -- Searching for <gz-sensors8> component [force_torque]
[1.056s] -- Looking for gz-sensors8-force_torque -- found version 8.2.2
[1.057s] -- Searching for dependencies of gz-sensors8-force_torque
[1.057s] -- Searching for <gz-sensors8> component [logical_camera]
[1.058s] -- Looking for gz-sensors8-logical_camera -- found version 8.2.2
[1.058s] -- Searching for dependencies of gz-sensors8-logical_camera
[1.059s] -- Searching for <gz-sensors8> component [magnetometer]
[1.060s] -- Looking for gz-sensors8-magnetometer -- found version 8.2.2
[1.060s] -- Searching for dependencies of gz-sensors8-magnetometer
[1.061s] -- Searching for <gz-sensors8> component [navsat]
[1.062s] -- Looking for gz-sensors8-navsat -- found version 8.2.2
[1.062s] -- Searching for dependencies of gz-sensors8-navsat
[1.062s] -- Searching for <gz-sensors8> component [dvl]
[1.064s] -- Looking for gz-sensors8-dvl -- found version 8.2.2
[1.064s] -- Searching for dependencies of gz-sensors8-dvl
[1.064s] -- Looking for gz-sensors8 -- found version 8.2.2
[1.064s] -- Searching for dependencies of gz-sensors8
[1.078s] -- Looking for gz-math7 -- found version 7.5.2
[1.078s] -- Looking for gz-common5 -- found version 5.7.1
[1.078s] -- Looking for gz-transport13 -- found version 13.5.0
[1.078s] -- Looking for gz-rendering8 -- found version 8.2.2
[1.078s] -- Looking for gz-msgs10 -- found version 10.3.2
[1.079s] -- Looking for sdformat14 -- found version 14.8.0
[1.079s] -- Searching for <gz-sensors8> component [rendering]
[1.080s] -- Looking for gz-sensors8-rendering -- found version 8.2.2
[1.080s] -- Searching for dependencies of gz-sensors8-rendering
[1.081s] -- Searching for <gz-sensors8> component [rendering]
[1.081s] -- Searching for <gz-sensors8> component [lidar]
[1.082s] -- Looking for gz-sensors8-lidar -- found version 8.2.2
[1.082s] -- Searching for dependencies of gz-sensors8-lidar
[1.083s] -- Looking for gz-sensors8 -- found version 8.2.2
[1.083s] -- Searching for <gz-sensors8> component [gpu_lidar]
[1.084s] -- Looking for gz-sensors8-gpu_lidar -- found version 8.2.2
[1.084s] -- Searching for dependencies of gz-sensors8-gpu_lidar
[1.085s] -- Looking for gz-sensors8 -- found version 8.2.2
[1.085s] -- Searching for <gz-sensors8> component [camera]
[1.086s] -- Looking for gz-sensors8-camera -- found version 8.2.2
[1.087s] -- Searching for dependencies of gz-sensors8-camera
[1.087s] -- Looking for gz-sensors8 -- found version 8.2.2
[1.087s] -- Searching for <gz-sensors8> component [boundingbox_camera]
[1.089s] -- Looking for gz-sensors8-boundingbox_camera -- found version 8.2.2
[1.089s] -- Searching for dependencies of gz-sensors8-boundingbox_camera
[1.089s] -- Searching for <gz-sensors8> component [segmentation_camera]
[1.091s] -- Looking for gz-sensors8-segmentation_camera -- found version 8.2.2
[1.091s] -- Searching for dependencies of gz-sensors8-segmentation_camera
[1.091s] -- Searching for <gz-sensors8> component [depth_camera]
[1.093s] -- Looking for gz-sensors8-depth_camera -- found version 8.2.2
[1.093s] -- Searching for dependencies of gz-sensors8-depth_camera
[1.093s] -- Looking for gz-sensors8 -- found version 8.2.2
[1.094s] -- Searching for <gz-sensors8> component [rgbd_camera]
[1.095s] -- Looking for gz-sensors8-rgbd_camera -- found version 8.2.2
[1.095s] -- Searching for dependencies of gz-sensors8-rgbd_camera
[1.095s] -- Looking for gz-sensors8 -- found version 8.2.2
[1.096s] -- Searching for <gz-sensors8> component [thermal_camera]
[1.097s] -- Looking for gz-sensors8-thermal_camera -- found version 8.2.2
[1.097s] -- Searching for dependencies of gz-sensors8-thermal_camera
[1.097s] -- Looking for gz-sensors8 -- found version 8.2.2
[1.098s] -- Searching for <gz-sensors8> component [wide_angle_camera]
[1.099s] -- Looking for gz-sensors8-wide_angle_camera -- found version 8.2.2
[1.099s] -- Searching for dependencies of gz-sensors8-wide_angle_camera
[1.100s] -- Looking for gz-rendering8 -- found version 8.2.2
[1.100s] -- Looking for gz-math7 -- found version 7.5.2
[1.100s] -- Looking for gz-utils2 -- found version 2.2.1
[1.117s] -- Looking for gz-plugin2 -- found version 2.0.4
[1.117s] -- Looking for gz-transport13 -- found version 13.5.0
[1.166s] -- Configuring done (1.1s)
[1.176s] -- Generating done (0.0s)
[1.178s] -- Build files have been written to: /home/seth/omnibase_ws/build/omnibase_gazebo
[1.206s] [ 50%] [32mBuilding CXX object CMakeFiles/ForceBasedMove.dir/plugins/ForceBasedMove.cpp.o[0m
[4.370s] [100%] [32m[1mLinking CXX shared library libForceBasedMove.so[0m
[4.517s] [100%] Built target ForceBasedMove
[4.524s] Invoked command in '/home/seth/omnibase_ws/build/omnibase_gazebo' returned '0': CMAKE_PREFIX_PATH=/home/seth/omnibase_ws/install/omnibase_description:/home/seth/omnibase_ws/install/omnibase_bringup:/home/seth/omnibase_ws/install/omnibase_gazebo:/home/seth/mecanum_ws/install/mecanum_base_sim:/home/seth/mecanum_ws/install/mecanum_base_description:/home/seth/mecanum_ws/install/mecanum_base_controller:/home/seth/mecanum_ws/install/mecanum_base_bringup:/opt/ros/jazzy/opt/gz_sim_vendor:/opt/ros/jazzy/opt/gz_sensors_vendor:/opt/ros/jazzy/opt/gz_physics_vendor:/opt/ros/jazzy/opt/sdformat_vendor:/opt/ros/jazzy/opt/gz_gui_vendor:/opt/ros/jazzy/opt/gz_transport_vendor:/opt/ros/jazzy/opt/gz_rendering_vendor:/opt/ros/jazzy/opt/gz_plugin_vendor:/opt/ros/jazzy/opt/gz_fuel_tools_vendor:/opt/ros/jazzy/opt/gz_msgs_vendor:/opt/ros/jazzy/opt/gz_common_vendor:/opt/ros/jazzy/opt/gz_math_vendor:/opt/ros/jazzy/opt/gz_utils_vendor:/opt/ros/jazzy/opt/gz_tools_vendor:/opt/ros/jazzy/opt/gz_ogre_next_vendor:/opt/ros/jazzy/opt/gz_dartsim_vendor:/opt/ros/jazzy/opt/gz_cmake_vendor:/home/seth/omnibase_ws/install/omnibase_vision:/home/seth/omnibase_ws/install/omnibase_control:/opt/ros/jazzy DEBUGINFOD_URLS=https://debuginfod.ubuntu.com /usr/bin/cmake --build /home/seth/omnibase_ws/build/omnibase_gazebo -- -j12 -l12
[4.525s] Invoking command in '/home/seth/omnibase_ws/build/omnibase_gazebo': CMAKE_PREFIX_PATH=/home/seth/omnibase_ws/install/omnibase_description:/home/seth/omnibase_ws/install/omnibase_bringup:/home/seth/omnibase_ws/install/omnibase_gazebo:/home/seth/mecanum_ws/install/mecanum_base_sim:/home/seth/mecanum_ws/install/mecanum_base_description:/home/seth/mecanum_ws/install/mecanum_base_controller:/home/seth/mecanum_ws/install/mecanum_base_bringup:/opt/ros/jazzy/opt/gz_sim_vendor:/opt/ros/jazzy/opt/gz_sensors_vendor:/opt/ros/jazzy/opt/gz_physics_vendor:/opt/ros/jazzy/opt/sdformat_vendor:/opt/ros/jazzy/opt/gz_gui_vendor:/opt/ros/jazzy/opt/gz_transport_vendor:/opt/ros/jazzy/opt/gz_rendering_vendor:/opt/ros/jazzy/opt/gz_plugin_vendor:/opt/ros/jazzy/opt/gz_fuel_tools_vendor:/opt/ros/jazzy/opt/gz_msgs_vendor:/opt/ros/jazzy/opt/gz_common_vendor:/opt/ros/jazzy/opt/gz_math_vendor:/opt/ros/jazzy/opt/gz_utils_vendor:/opt/ros/jazzy/opt/gz_tools_vendor:/opt/ros/jazzy/opt/gz_ogre_next_vendor:/opt/ros/jazzy/opt/gz_dartsim_vendor:/opt/ros/jazzy/opt/gz_cmake_vendor:/home/seth/omnibase_ws/install/omnibase_vision:/home/seth/omnibase_ws/install/omnibase_control:/opt/ros/jazzy DEBUGINFOD_URLS=https://debuginfod.ubuntu.com /usr/bin/cmake --install /home/seth/omnibase_ws/build/omnibase_gazebo
[4.530s] -- Install configuration: ""
[4.530s] -- Execute custom install script
[4.530s] -- Symlinking: /home/seth/omnibase_ws/install/omnibase_gazebo/lib/libForceBasedMove.so
[4.536s] -- Up-to-date symlink: /home/seth/omnibase_ws/install/omnibase_gazebo/share/omnibase_gazebo/worlds/tracking_world.sdf
[4.536s] -- Up-to-date symlink: /home/seth/omnibase_ws/install/omnibase_gazebo/share/omnibase_gazebo/models/led_marker/model.config
[4.536s] -- Up-to-date symlink: /home/seth/omnibase_ws/install/omnibase_gazebo/share/omnibase_gazebo/models/led_marker/model.sdf
[4.537s] -- Up-to-date symlink: /home/seth/omnibase_ws/install/omnibase_gazebo/share/omnibase_gazebo/config/ros_gz_bridge.yaml
[4.537s] -- Up-to-date symlink: /home/seth/omnibase_ws/install/omnibase_gazebo/share/omnibase_gazebo/launch/simulation.launch.py
[4.537s] -- Up-to-date symlink: /home/seth/omnibase_ws/install/omnibase_gazebo/share/ament_index/resource_index/package_run_dependencies/omnibase_gazebo
[4.537s] -- Up-to-date symlink: /home/seth/omnibase_ws/install/omnibase_gazebo/share/ament_index/resource_index/parent_prefix_path/omnibase_gazebo
[4.537s] -- Up-to-date symlink: /home/seth/omnibase_ws/install/omnibase_gazebo/share/omnibase_gazebo/environment/ament_prefix_path.sh
[4.537s] -- Up-to-date symlink: /home/seth/omnibase_ws/install/omnibase_gazebo/share/omnibase_gazebo/environment/ament_prefix_path.dsv
[4.537s] -- Up-to-date symlink: /home/seth/omnibase_ws/install/omnibase_gazebo/share/omnibase_gazebo/environment/path.sh
[4.537s] -- Up-to-date symlink: /home/seth/omnibase_ws/install/omnibase_gazebo/share/omnibase_gazebo/environment/path.dsv
[4.537s] -- Up-to-date symlink: /home/seth/omnibase_ws/install/omnibase_gazebo/share/omnibase_gazebo/local_setup.bash
[4.537s] -- Up-to-date symlink: /home/seth/omnibase_ws/install/omnibase_gazebo/share/omnibase_gazebo/local_setup.sh
[4.538s] -- Up-to-date symlink: /home/seth/omnibase_ws/install/omnibase_gazebo/share/omnibase_gazebo/local_setup.zsh
[4.538s] -- Up-to-date symlink: /home/seth/omnibase_ws/install/omnibase_gazebo/share/omnibase_gazebo/local_setup.dsv
[4.538s] -- Symlinking: /home/seth/omnibase_ws/install/omnibase_gazebo/share/omnibase_gazebo/package.dsv
[4.544s] -- Up-to-date symlink: /home/seth/omnibase_ws/install/omnibase_gazebo/share/ament_index/resource_index/packages/omnibase_gazebo
[4.544s] -- Up-to-date symlink: /home/seth/omnibase_ws/install/omnibase_gazebo/share/omnibase_gazebo/cmake/omnibase_gazeboConfig.cmake
[4.544s] -- Up-to-date symlink: /home/seth/omnibase_ws/install/omnibase_gazebo/share/omnibase_gazebo/cmake/omnibase_gazeboConfig-version.cmake
[4.545s] -- Up-to-date symlink: /home/seth/omnibase_ws/install/omnibase_gazebo/share/omnibase_gazebo/package.xml
[4.546s] Invoked command in '/home/seth/omnibase_ws/build/omnibase_gazebo' returned '0': CMAKE_PREFIX_PATH=/home/seth/omnibase_ws/install/omnibase_description:/home/seth/omnibase_ws/install/omnibase_bringup:/home/seth/omnibase_ws/install/omnibase_gazebo:/home/seth/mecanum_ws/install/mecanum_base_sim:/home/seth/mecanum_ws/install/mecanum_base_description:/home/seth/mecanum_ws/install/mecanum_base_controller:/home/seth/mecanum_ws/install/mecanum_base_bringup:/opt/ros/jazzy/opt/gz_sim_vendor:/opt/ros/jazzy/opt/gz_sensors_vendor:/opt/ros/jazzy/opt/gz_physics_vendor:/opt/ros/jazzy/opt/sdformat_vendor:/opt/ros/jazzy/opt/gz_gui_vendor:/opt/ros/jazzy/opt/gz_transport_vendor:/opt/ros/jazzy/opt/gz_rendering_vendor:/opt/ros/jazzy/opt/gz_plugin_vendor:/opt/ros/jazzy/opt/gz_fuel_tools_vendor:/opt/ros/jazzy/opt/gz_msgs_vendor:/opt/ros/jazzy/opt/gz_common_vendor:/opt/ros/jazzy/opt/gz_math_vendor:/opt/ros/jazzy/opt/gz_utils_vendor:/opt/ros/jazzy/opt/gz_tools_vendor:/opt/ros/jazzy/opt/gz_ogre_next_vendor:/opt/ros/jazzy/opt/gz_dartsim_vendor:/opt/ros/jazzy/opt/gz_cmake_vendor:/home/seth/omnibase_ws/install/omnibase_vision:/home/seth/omnibase_ws/install/omnibase_control:/opt/ros/jazzy DEBUGINFOD_URLS=https://debuginfod.ubuntu.com /usr/bin/cmake --install /home/seth/omnibase_ws/build/omnibase_gazebo
