[0.025s] Invoking command in '/home/seth/omnibase_ws/build/omnibase_description': CMAKE_PREFIX_PATH=${CMAKE_PREFIX_PATH}:/home/seth/omnibase_ws/install/omnibase_vision:/home/seth/omnibase_ws/install/omnibase_control:/opt/ros/jazzy DEBUGINFOD_URLS=https://debuginfod.ubuntu.com /usr/bin/cmake --build /home/seth/omnibase_ws/build/omnibase_description -- -j12 -l12
[0.144s] -- Found ament_cmake: 2.5.4 (/opt/ros/jazzy/share/ament_cmake/cmake)
[0.172s] -- Override CMake install command with custom implementation using symlinks instead of copying resources
[0.231s] -- Configuring done (0.2s)
[0.233s] -- Generating done (0.0s)
[0.234s] -- Build files have been written to: /home/seth/omnibase_ws/build/omnibase_description
[0.263s] Invoked command in '/home/seth/omnibase_ws/build/omnibase_description' returned '0': CMAKE_PREFIX_PATH=${CMAKE_PREFIX_PATH}:/home/seth/omnibase_ws/install/omnibase_vision:/home/seth/omnibase_ws/install/omnibase_control:/opt/ros/jazzy DEBUGINFOD_URLS=https://debuginfod.ubuntu.com /usr/bin/cmake --build /home/seth/omnibase_ws/build/omnibase_description -- -j12 -l12
[0.271s] Invoking command in '/home/seth/omnibase_ws/build/omnibase_description': CMAKE_PREFIX_PATH=${CMAKE_PREFIX_PATH}:/home/seth/omnibase_ws/install/omnibase_vision:/home/seth/omnibase_ws/install/omnibase_control:/opt/ros/jazzy DEBUGINFOD_URLS=https://debuginfod.ubuntu.com /usr/bin/cmake --install /home/seth/omnibase_ws/build/omnibase_description
[0.277s] -- Install configuration: ""
[0.278s] -- Execute custom install script
[0.278s] -- Up-to-date symlink: /home/seth/omnibase_ws/install/omnibase_description/share/omnibase_description/urdf/omnibase.urdf.xacro
[0.278s] -- Up-to-date symlink: /home/seth/omnibase_ws/install/omnibase_description/share/omnibase_description/launch/description.launch.py
[0.278s] -- Up-to-date symlink: /home/seth/omnibase_ws/install/omnibase_description/share/ament_index/resource_index/package_run_dependencies/omnibase_description
[0.278s] -- Up-to-date symlink: /home/seth/omnibase_ws/install/omnibase_description/share/ament_index/resource_index/parent_prefix_path/omnibase_description
[0.278s] -- Up-to-date symlink: /home/seth/omnibase_ws/install/omnibase_description/share/omnibase_description/environment/ament_prefix_path.sh
[0.278s] -- Up-to-date symlink: /home/seth/omnibase_ws/install/omnibase_description/share/omnibase_description/environment/ament_prefix_path.dsv
[0.279s] -- Up-to-date symlink: /home/seth/omnibase_ws/install/omnibase_description/share/omnibase_description/environment/path.sh
[0.279s] -- Up-to-date symlink: /home/seth/omnibase_ws/install/omnibase_description/share/omnibase_description/environment/path.dsv
[0.279s] -- Up-to-date symlink: /home/seth/omnibase_ws/install/omnibase_description/share/omnibase_description/local_setup.bash
[0.279s] -- Up-to-date symlink: /home/seth/omnibase_ws/install/omnibase_description/share/omnibase_description/local_setup.sh
[0.279s] -- Up-to-date symlink: /home/seth/omnibase_ws/install/omnibase_description/share/omnibase_description/local_setup.zsh
[0.279s] -- Up-to-date symlink: /home/seth/omnibase_ws/install/omnibase_description/share/omnibase_description/local_setup.dsv
[0.279s] -- Symlinking: /home/seth/omnibase_ws/install/omnibase_description/share/omnibase_description/package.dsv
[0.287s] -- Up-to-date symlink: /home/seth/omnibase_ws/install/omnibase_description/share/ament_index/resource_index/packages/omnibase_description
[0.287s] -- Up-to-date symlink: /home/seth/omnibase_ws/install/omnibase_description/share/omnibase_description/cmake/omnibase_descriptionConfig.cmake
[0.288s] -- Up-to-date symlink: /home/seth/omnibase_ws/install/omnibase_description/share/omnibase_description/cmake/omnibase_descriptionConfig-version.cmake
[0.288s] -- Up-to-date symlink: /home/seth/omnibase_ws/install/omnibase_description/share/omnibase_description/package.xml
[0.289s] Invoked command in '/home/seth/omnibase_ws/build/omnibase_description' returned '0': CMAKE_PREFIX_PATH=${CMAKE_PREFIX_PATH}:/home/seth/omnibase_ws/install/omnibase_vision:/home/seth/omnibase_ws/install/omnibase_control:/opt/ros/jazzy DEBUGINFOD_URLS=https://debuginfod.ubuntu.com /usr/bin/cmake --install /home/seth/omnibase_ws/build/omnibase_description
