[0.256s] Invoking command in '/home/seth/omnibase_ws/build/yahboom_rosmaster_navigation': CMAKE_PREFIX_PATH=${CMAKE_PREFIX_PATH}:/home/seth/omnibase_ws/install/omnibase_vision:/home/seth/omnibase_ws/install/omnibase_control:/opt/ros/jazzy DEBUGINFOD_URLS=https://debuginfod.ubuntu.com /usr/bin/cmake /home/seth/omnibase_ws/yahboom_rosmaster/yahboom_rosmaster_navigation -DAMENT_CMAKE_SYMLINK_INSTALL=1 -DCMAKE_INSTALL_PREFIX=/home/seth/omnibase_ws/install/yahboom_rosmaster_navigation
[0.304s] -- The C compiler identification is GNU 11.5.0
[0.353s] -- The CXX compiler identification is GNU 11.5.0
[0.367s] -- Detecting C compiler ABI info
[0.444s] -- Detecting C compiler ABI info - done
[0.451s] -- Check for working C compiler: /usr/bin/cc - skipped
[0.451s] -- Detecting C compile features
[0.451s] -- Detecting C compile features - done
[0.460s] -- Detecting CXX compiler ABI info
[0.553s] -- Detecting CXX compiler ABI info - done
[0.560s] -- Check for working CXX compiler: /usr/bin/c++ - skipped
[0.560s] -- Detecting CXX compile features
[0.560s] -- Detecting CXX compile features - done
[0.563s] -- Found ament_cmake: 2.5.4 (/opt/ros/jazzy/share/ament_cmake/cmake)
[0.704s] -- Found Python3: /usr/bin/python3 (found version "3.12.3") found components: Interpreter 
[0.768s] -- Override CMake install command with custom implementation using symlinks instead of copying resources
[0.848s] -- Found geometry_msgs: 5.3.6 (/opt/ros/jazzy/share/geometry_msgs/cmake)
[0.891s] -- Found rosidl_generator_c: 4.6.6 (/opt/ros/jazzy/share/rosidl_generator_c/cmake)
[0.905s] -- Found rosidl_generator_cpp: 4.6.6 (/opt/ros/jazzy/share/rosidl_generator_cpp/cmake)
[0.923s] -- Using all available rosidl_typesupport_c: rosidl_typesupport_fastrtps_c;rosidl_typesupport_introspection_c
[0.941s] -- Using all available rosidl_typesupport_cpp: rosidl_typesupport_fastrtps_cpp;rosidl_typesupport_introspection_cpp
[0.989s] -- Configuring incomplete, errors occurred!
[0.989s] [31mCMake Error at CMakeLists.txt:12 (find_package):
[0.989s]   By not providing "Findnavigation2.cmake" in CMAKE_MODULE_PATH this project
[0.989s]   has asked CMake to find a package configuration file provided by
[0.989s]   "navigation2", but CMake did not find one.
[0.989s] 
[0.990s]   Could not find a package configuration file provided by "navigation2" with
[0.990s]   any of the following names:
[0.990s] 
[0.990s]     navigation2Config.cmake
[0.990s]     navigation2-config.cmake
[0.990s] 
[0.990s]   Add the installation prefix of "navigation2" to CMAKE_PREFIX_PATH or set
[0.990s]   "navigation2_DIR" to a directory containing one of the above files.  If
[0.990s]   "navigation2" provides a separate development package or SDK, be sure it
[0.990s]   has been installed.
[0.990s] 
[0.990s] [0m
