[0.635s] Invoking command in '/home/seth/omnibase_ws/build/omnibase_vision': DEBUGINFOD_URLS=https://debuginfod.ubuntu.com PYTHONPATH=/home/seth/omnibase_ws/build/omnibase_vision/prefix_override:/usr/lib/python3/dist-packages/colcon_core/task/python/colcon_distutils_commands:/home/seth/omnibase_ws/install/omnibase_vision/lib/python3.12/site-packages:${PYTHONPATH} /usr/bin/python3 -W ignore:setup.py install is deprecated -W ignore:easy_install command is deprecated setup.py develop --editable --build-directory /home/seth/omnibase_ws/build/omnibase_vision/build --no-deps symlink_data
[0.784s] running develop
[0.867s] running egg_info
[0.867s] creating omnibase_vision.egg-info
[0.875s] writing omnibase_vision.egg-info/PKG-INFO
[0.875s] writing dependency_links to omnibase_vision.egg-info/dependency_links.txt
[0.875s] writing entry points to omnibase_vision.egg-info/entry_points.txt
[0.876s] writing requirements to omnibase_vision.egg-info/requires.txt
[0.876s] writing top-level names to omnibase_vision.egg-info/top_level.txt
[0.876s] writing manifest file 'omnibase_vision.egg-info/SOURCES.txt'
[0.894s] reading manifest file 'omnibase_vision.egg-info/SOURCES.txt'
[0.895s] writing manifest file 'omnibase_vision.egg-info/SOURCES.txt'
[0.905s] running build_ext
[0.905s] Creating /home/seth/omnibase_ws/install/omnibase_vision/lib/python3.12/site-packages/omnibase-vision.egg-link (link to .)
[0.905s] Installing base_tracker script to /home/seth/omnibase_ws/install/omnibase_vision/lib/omnibase_vision
[0.905s] Installing led_detector script to /home/seth/omnibase_ws/install/omnibase_vision/lib/omnibase_vision
[0.905s] 
[0.905s] Installed /home/seth/omnibase_ws/build/omnibase_vision
[0.905s] running symlink_data
[0.905s] creating /home/seth/omnibase_ws/install/omnibase_vision/share/ament_index
[0.905s] creating /home/seth/omnibase_ws/install/omnibase_vision/share/ament_index/resource_index
[0.905s] creating /home/seth/omnibase_ws/install/omnibase_vision/share/ament_index/resource_index/packages
[0.905s] symbolically linking /home/seth/omnibase_ws/build/omnibase_vision/resource/omnibase_vision -> /home/seth/omnibase_ws/install/omnibase_vision/share/ament_index/resource_index/packages
[0.905s] symbolically linking /home/seth/omnibase_ws/build/omnibase_vision/package.xml -> /home/seth/omnibase_ws/install/omnibase_vision/share/omnibase_vision
[0.906s] creating /home/seth/omnibase_ws/install/omnibase_vision/share/omnibase_vision/launch
[0.906s] symbolically linking /home/seth/omnibase_ws/build/omnibase_vision/launch/vision.launch.py -> /home/seth/omnibase_ws/install/omnibase_vision/share/omnibase_vision/launch
[0.933s] Invoked command in '/home/seth/omnibase_ws/build/omnibase_vision' returned '0': DEBUGINFOD_URLS=https://debuginfod.ubuntu.com PYTHONPATH=/home/seth/omnibase_ws/build/omnibase_vision/prefix_override:/usr/lib/python3/dist-packages/colcon_core/task/python/colcon_distutils_commands:/home/seth/omnibase_ws/install/omnibase_vision/lib/python3.12/site-packages:${PYTHONPATH} /usr/bin/python3 -W ignore:setup.py install is deprecated -W ignore:easy_install command is deprecated setup.py develop --editable --build-directory /home/seth/omnibase_ws/build/omnibase_vision/build --no-deps symlink_data
