[0.554s] Invoking command in '/home/seth/omnibase_ws/build/omnibase_control': DEBUGINFOD_URLS=https://debuginfod.ubuntu.com PYTHONPATH=/home/seth/omnibase_ws/build/omnibase_control/prefix_override:/usr/lib/python3/dist-packages/colcon_core/task/python/colcon_distutils_commands:/home/seth/omnibase_ws/install/omnibase_control/lib/python3.12/site-packages:${PYTHONPATH} /usr/bin/python3 -W ignore:setup.py install is deprecated -W ignore:easy_install command is deprecated setup.py develop --editable --build-directory /home/seth/omnibase_ws/build/omnibase_control/build --no-deps symlink_data
[0.708s] running develop
[0.793s] running egg_info
[0.801s] writing omnibase_control.egg-info/PKG-INFO
[0.801s] writing dependency_links to omnibase_control.egg-info/dependency_links.txt
[0.801s] writing entry points to omnibase_control.egg-info/entry_points.txt
[0.801s] writing requirements to omnibase_control.egg-info/requires.txt
[0.802s] writing top-level names to omnibase_control.egg-info/top_level.txt
[0.818s] reading manifest file 'omnibase_control.egg-info/SOURCES.txt'
[0.818s] writing manifest file 'omnibase_control.egg-info/SOURCES.txt'
[0.827s] running build_ext
[0.827s] Creating /home/seth/omnibase_ws/install/omnibase_control/lib/python3.12/site-packages/omnibase-control.egg-link (link to .)
[0.827s] Installing custom_planar_move script to /home/seth/omnibase_ws/install/omnibase_control/lib/omnibase_control
[0.827s] Installing drone_gui script to /home/seth/omnibase_ws/install/omnibase_control/lib/omnibase_control
[0.827s] Installing force_controller script to /home/seth/omnibase_ws/install/omnibase_control/lib/omnibase_control
[0.827s] Installing uav_teleop script to /home/seth/omnibase_ws/install/omnibase_control/lib/omnibase_control
[0.828s] 
[0.828s] Installed /home/seth/omnibase_ws/build/omnibase_control
[0.828s] running symlink_data
[0.852s] Invoked command in '/home/seth/omnibase_ws/build/omnibase_control' returned '0': DEBUGINFOD_URLS=https://debuginfod.ubuntu.com PYTHONPATH=/home/seth/omnibase_ws/build/omnibase_control/prefix_override:/usr/lib/python3/dist-packages/colcon_core/task/python/colcon_distutils_commands:/home/seth/omnibase_ws/install/omnibase_control/lib/python3.12/site-packages:${PYTHONPATH} /usr/bin/python3 -W ignore:setup.py install is deprecated -W ignore:easy_install command is deprecated setup.py develop --editable --build-directory /home/seth/omnibase_ws/build/omnibase_control/build --no-deps symlink_data
