[0.015s] Invoking command in '/home/seth/base_ws/build/mecanumbot_teleop': CMAKE_PREFIX_PATH=${CMAKE_PREFIX_PATH}:/home/seth/omnibase_ws/install/omnibase_vision:/home/seth/omnibase_ws/install/omnibase_control:/opt/ros/jazzy DEBUGINFOD_URLS=https://debuginfod.ubuntu.com /usr/bin/cmake --build /home/seth/base_ws/build/mecanumbot_teleop -- -j12 -l12
[0.103s] [100%] Built target mecanumbot_teleop
[0.116s] Invoked command in '/home/seth/base_ws/build/mecanumbot_teleop' returned '0': CMAKE_PREFIX_PATH=${CMAKE_PREFIX_PATH}:/home/seth/omnibase_ws/install/omnibase_vision:/home/seth/omnibase_ws/install/omnibase_control:/opt/ros/jazzy DEBUGINFOD_URLS=https://debuginfod.ubuntu.com /usr/bin/cmake --build /home/seth/base_ws/build/mecanumbot_teleop -- -j12 -l12
[0.117s] Invoking command in '/home/seth/base_ws/build/mecanumbot_teleop': CMAKE_PREFIX_PATH=${CMAKE_PREFIX_PATH}:/home/seth/omnibase_ws/install/omnibase_vision:/home/seth/omnibase_ws/install/omnibase_control:/opt/ros/jazzy DEBUGINFOD_URLS=https://debuginfod.ubuntu.com /usr/bin/cmake --install /home/seth/base_ws/build/mecanumbot_teleop
[0.122s] -- Install configuration: ""
[0.123s] -- Execute custom install script
[0.124s] -- Up-to-date symlink: /home/seth/base_ws/install/mecanumbot_teleop/share/mecanumbot_teleop/config/teleop_config.yaml
[0.124s] -- Up-to-date symlink: /home/seth/base_ws/install/mecanumbot_teleop/lib/mecanumbot_teleop/mecanumbot_teleop
[0.124s] -- Up-to-date symlink: /home/seth/base_ws/install/mecanumbot_teleop/share/ament_index/resource_index/package_run_dependencies/mecanumbot_teleop
[0.124s] -- Up-to-date symlink: /home/seth/base_ws/install/mecanumbot_teleop/share/ament_index/resource_index/parent_prefix_path/mecanumbot_teleop
[0.124s] -- Up-to-date symlink: /home/seth/base_ws/install/mecanumbot_teleop/share/mecanumbot_teleop/environment/ament_prefix_path.sh
[0.124s] -- Up-to-date symlink: /home/seth/base_ws/install/mecanumbot_teleop/share/mecanumbot_teleop/environment/ament_prefix_path.dsv
[0.124s] -- Up-to-date symlink: /home/seth/base_ws/install/mecanumbot_teleop/share/mecanumbot_teleop/environment/path.sh
[0.125s] -- Up-to-date symlink: /home/seth/base_ws/install/mecanumbot_teleop/share/mecanumbot_teleop/environment/path.dsv
[0.125s] -- Up-to-date symlink: /home/seth/base_ws/install/mecanumbot_teleop/share/mecanumbot_teleop/local_setup.bash
[0.125s] -- Up-to-date symlink: /home/seth/base_ws/install/mecanumbot_teleop/share/mecanumbot_teleop/local_setup.sh
[0.125s] -- Up-to-date symlink: /home/seth/base_ws/install/mecanumbot_teleop/share/mecanumbot_teleop/local_setup.zsh
[0.125s] -- Up-to-date symlink: /home/seth/base_ws/install/mecanumbot_teleop/share/mecanumbot_teleop/local_setup.dsv
[0.125s] -- Symlinking: /home/seth/base_ws/install/mecanumbot_teleop/share/mecanumbot_teleop/package.dsv
[0.132s] -- Up-to-date symlink: /home/seth/base_ws/install/mecanumbot_teleop/share/ament_index/resource_index/packages/mecanumbot_teleop
[0.132s] -- Up-to-date symlink: /home/seth/base_ws/install/mecanumbot_teleop/share/mecanumbot_teleop/cmake/mecanumbot_teleopConfig.cmake
[0.132s] -- Up-to-date symlink: /home/seth/base_ws/install/mecanumbot_teleop/share/mecanumbot_teleop/cmake/mecanumbot_teleopConfig-version.cmake
[0.132s] -- Up-to-date symlink: /home/seth/base_ws/install/mecanumbot_teleop/share/mecanumbot_teleop/package.xml
[0.147s] Invoked command in '/home/seth/base_ws/build/mecanumbot_teleop' returned '0': CMAKE_PREFIX_PATH=${CMAKE_PREFIX_PATH}:/home/seth/omnibase_ws/install/omnibase_vision:/home/seth/omnibase_ws/install/omnibase_control:/opt/ros/jazzy DEBUGINFOD_URLS=https://debuginfod.ubuntu.com /usr/bin/cmake --install /home/seth/base_ws/build/mecanumbot_teleop
