[0.014s] Invoking command in '/home/seth/omnibase_ws/build/omnibase_description': CMAKE_PREFIX_PATH=${CMAKE_PREFIX_PATH}:/home/seth/omnibase_ws/install/omnibase_vision:/home/seth/omnibase_ws/install/omnibase_control:/opt/ros/jazzy DEBUGINFOD_URLS=https://debuginfod.ubuntu.com /usr/bin/cmake /home/seth/omnibase_ws/src/omnibase_description -DAMENT_CMAKE_SYMLINK_INSTALL=1 -DCMAKE_INSTALL_PREFIX=/home/seth/omnibase_ws/install/omnibase_description
[0.180s] -- The C compiler identification is GNU 11.5.0
[0.295s] -- The CXX compiler identification is GNU 11.5.0
[0.313s] -- Detecting C compiler ABI info
[0.392s] -- Detecting C compiler ABI info - done
[0.397s] -- Check for working C compiler: /usr/bin/cc - skipped
[0.397s] -- Detecting C compile features
[0.398s] -- Detecting C compile features - done
[0.405s] -- Detecting CXX compiler ABI info
[0.476s] -- Detecting CXX compiler ABI info - done
[0.481s] -- Check for working CXX compiler: /usr/bin/c++ - skipped
[0.481s] -- Detecting CXX compile features
[0.481s] -- Detecting CXX compile features - done
[0.492s] -- Found ament_cmake: 2.5.4 (/opt/ros/jazzy/share/ament_cmake/cmake)
[0.599s] -- Found Python3: /usr/bin/python3 (found version "3.12.3") found components: Interpreter 
[0.658s] -- Override CMake install command with custom implementation using symlinks instead of copying resources
[0.759s] -- Configuring done (0.7s)
[0.761s] -- Generating done (0.0s)
[0.762s] -- Build files have been written to: /home/seth/omnibase_ws/build/omnibase_description
[0.766s] Invoked command in '/home/seth/omnibase_ws/build/omnibase_description' returned '0': CMAKE_PREFIX_PATH=${CMAKE_PREFIX_PATH}:/home/seth/omnibase_ws/install/omnibase_vision:/home/seth/omnibase_ws/install/omnibase_control:/opt/ros/jazzy DEBUGINFOD_URLS=https://debuginfod.ubuntu.com /usr/bin/cmake /home/seth/omnibase_ws/src/omnibase_description -DAMENT_CMAKE_SYMLINK_INSTALL=1 -DCMAKE_INSTALL_PREFIX=/home/seth/omnibase_ws/install/omnibase_description
[0.767s] Invoking command in '/home/seth/omnibase_ws/build/omnibase_description': CMAKE_PREFIX_PATH=${CMAKE_PREFIX_PATH}:/home/seth/omnibase_ws/install/omnibase_vision:/home/seth/omnibase_ws/install/omnibase_control:/opt/ros/jazzy DEBUGINFOD_URLS=https://debuginfod.ubuntu.com /usr/bin/cmake --build /home/seth/omnibase_ws/build/omnibase_description -- -j12 -l12
[0.798s] Invoked command in '/home/seth/omnibase_ws/build/omnibase_description' returned '0': CMAKE_PREFIX_PATH=${CMAKE_PREFIX_PATH}:/home/seth/omnibase_ws/install/omnibase_vision:/home/seth/omnibase_ws/install/omnibase_control:/opt/ros/jazzy DEBUGINFOD_URLS=https://debuginfod.ubuntu.com /usr/bin/cmake --build /home/seth/omnibase_ws/build/omnibase_description -- -j12 -l12
[0.806s] Invoking command in '/home/seth/omnibase_ws/build/omnibase_description': CMAKE_PREFIX_PATH=${CMAKE_PREFIX_PATH}:/home/seth/omnibase_ws/install/omnibase_vision:/home/seth/omnibase_ws/install/omnibase_control:/opt/ros/jazzy DEBUGINFOD_URLS=https://debuginfod.ubuntu.com /usr/bin/cmake --install /home/seth/omnibase_ws/build/omnibase_description
[0.811s] -- Install configuration: ""
[0.811s] -- Execute custom install script
[0.812s] -- Symlinking: /home/seth/omnibase_ws/install/omnibase_description/share/omnibase_description/urdf/omnibase.urdf.xacro
[0.819s] -- Symlinking: /home/seth/omnibase_ws/install/omnibase_description/share/omnibase_description/launch/description.launch.py
[0.825s] -- Symlinking: /home/seth/omnibase_ws/install/omnibase_description/share/ament_index/resource_index/package_run_dependencies/omnibase_description
[0.832s] -- Symlinking: /home/seth/omnibase_ws/install/omnibase_description/share/ament_index/resource_index/parent_prefix_path/omnibase_description
[0.838s] -- Symlinking: /home/seth/omnibase_ws/install/omnibase_description/share/omnibase_description/environment/ament_prefix_path.sh
[0.844s] -- Symlinking: /home/seth/omnibase_ws/install/omnibase_description/share/omnibase_description/environment/ament_prefix_path.dsv
[0.850s] -- Symlinking: /home/seth/omnibase_ws/install/omnibase_description/share/omnibase_description/environment/path.sh
[0.855s] -- Symlinking: /home/seth/omnibase_ws/install/omnibase_description/share/omnibase_description/environment/path.dsv
[0.861s] -- Symlinking: /home/seth/omnibase_ws/install/omnibase_description/share/omnibase_description/local_setup.bash
[0.867s] -- Symlinking: /home/seth/omnibase_ws/install/omnibase_description/share/omnibase_description/local_setup.sh
[0.874s] -- Symlinking: /home/seth/omnibase_ws/install/omnibase_description/share/omnibase_description/local_setup.zsh
[0.881s] -- Symlinking: /home/seth/omnibase_ws/install/omnibase_description/share/omnibase_description/local_setup.dsv
[0.889s] -- Symlinking: /home/seth/omnibase_ws/install/omnibase_description/share/omnibase_description/package.dsv
[0.896s] -- Symlinking: /home/seth/omnibase_ws/install/omnibase_description/share/ament_index/resource_index/packages/omnibase_description
[0.902s] -- Symlinking: /home/seth/omnibase_ws/install/omnibase_description/share/omnibase_description/cmake/omnibase_descriptionConfig.cmake
[0.909s] -- Symlinking: /home/seth/omnibase_ws/install/omnibase_description/share/omnibase_description/cmake/omnibase_descriptionConfig-version.cmake
[0.916s] -- Symlinking: /home/seth/omnibase_ws/install/omnibase_description/share/omnibase_description/package.xml
[0.925s] Invoked command in '/home/seth/omnibase_ws/build/omnibase_description' returned '0': CMAKE_PREFIX_PATH=${CMAKE_PREFIX_PATH}:/home/seth/omnibase_ws/install/omnibase_vision:/home/seth/omnibase_ws/install/omnibase_control:/opt/ros/jazzy DEBUGINFOD_URLS=https://debuginfod.ubuntu.com /usr/bin/cmake --install /home/seth/omnibase_ws/build/omnibase_description
