[100%] Built target mecanumbot_teleop
-- Install configuration: ""
-- Execute custom install script
-- Symlinking: /home/seth/base_ws/install/mecanumbot_teleop/share/mecanumbot_teleop/config/teleop_config.yaml
-- Symlinking: /home/seth/base_ws/install/mecanumbot_teleop/lib/mecanumbot_teleop/mecanumbot_teleop
-- Symlinking: /home/seth/base_ws/install/mecanumbot_teleop/share/ament_index/resource_index/package_run_dependencies/mecanumbot_teleop
-- Symlinking: /home/seth/base_ws/install/mecanumbot_teleop/share/ament_index/resource_index/parent_prefix_path/mecanumbot_teleop
-- Symlinking: /home/seth/base_ws/install/mecanumbot_teleop/share/mecanumbot_teleop/environment/ament_prefix_path.sh
-- Symlinking: /home/seth/base_ws/install/mecanumbot_teleop/share/mecanumbot_teleop/environment/ament_prefix_path.dsv
-- Symlinking: /home/seth/base_ws/install/mecanumbot_teleop/share/mecanumbot_teleop/environment/path.sh
-- Symlinking: /home/seth/base_ws/install/mecanumbot_teleop/share/mecanumbot_teleop/environment/path.dsv
-- Symlinking: /home/seth/base_ws/install/mecanumbot_teleop/share/mecanumbot_teleop/local_setup.bash
-- Symlinking: /home/seth/base_ws/install/mecanumbot_teleop/share/mecanumbot_teleop/local_setup.sh
-- Symlinking: /home/seth/base_ws/install/mecanumbot_teleop/share/mecanumbot_teleop/local_setup.zsh
-- Symlinking: /home/seth/base_ws/install/mecanumbot_teleop/share/mecanumbot_teleop/local_setup.dsv
-- Symlinking: /home/seth/base_ws/install/mecanumbot_teleop/share/mecanumbot_teleop/package.dsv
-- Symlinking: /home/seth/base_ws/install/mecanumbot_teleop/share/ament_index/resource_index/packages/mecanumbot_teleop
-- Symlinking: /home/seth/base_ws/install/mecanumbot_teleop/share/mecanumbot_teleop/cmake/mecanumbot_teleopConfig.cmake
-- Symlinking: /home/seth/base_ws/install/mecanumbot_teleop/share/mecanumbot_teleop/cmake/mecanumbot_teleopConfig-version.cmake
-- Symlinking: /home/seth/base_ws/install/mecanumbot_teleop/share/mecanumbot_teleop/package.xml
