-- The C compiler identification is GNU 11.5.0
-- The CXX compiler identification is GNU 11.5.0
-- Detecting C compiler ABI info
-- Detecting C compiler ABI info - done
-- Check for working C compiler: /usr/bin/cc - skipped
-- Detecting C compile features
-- Detecting C compile features - done
-- Detecting CXX compiler ABI info
-- Detecting CXX compiler ABI info - done
-- Check for working CXX compiler: /usr/bin/c++ - skipped
-- Detecting CXX compile features
-- Detecting CXX compile features - done
-- Found ament_cmake: 2.5.4 (/opt/ros/jazzy/share/ament_cmake/cmake)
-- Found Python3: /usr/bin/python3 (found version "3.12.3") found components: Interpreter 
-- Override CMake install command with custom implementation using symlinks instead of copying resources
-- Configuring incomplete, errors occurred!
[31mCMake Error at CMakeLists.txt:10 (find_package):
  By not providing "Findrobot_localization.cmake" in CMAKE_MODULE_PATH this
  project has asked CMake to find a package configuration file provided by
  "robot_localization", but CMake did not find one.

  Could not find a package configuration file provided by
  "robot_localization" with any of the following names:

    robot_localizationConfig.cmake
    robot_localization-config.cmake

  Add the installation prefix of "robot_localization" to CMAKE_PREFIX_PATH or
  set "robot_localization_DIR" to a directory containing one of the above
  files.  If "robot_localization" provides a separate development package or
  SDK, be sure it has been installed.

[0m
