[0.208s] DEBUG:colcon:Command line arguments: ['/usr/bin/colcon', 'build', '--symlink-install']
[0.208s] DEBUG:colcon:Parsed command line arguments: Namespace(log_base=None, log_level=None, verb_name='build', build_base='build', install_base='install', merge_install=False, symlink_install=True, test_result_base=None, continue_on_error=False, executor='parallel', parallel_workers=4, event_handlers=None, ignore_user_meta=False, metas=['./colcon.meta'], base_paths=['.'], packages_ignore=None, packages_ignore_regex=None, paths=None, packages_up_to=None, packages_up_to_regex=None, packages_above=None, packages_above_and_dependencies=None, packages_above_depth=None, packages_select_by_dep=None, packages_skip_by_dep=None, packages_skip_up_to=None, packages_select_build_failed=False, packages_skip_build_finished=False, packages_select_test_failures=False, packages_skip_test_passed=False, packages_select=None, packages_skip=None, packages_select_regex=None, packages_skip_regex=None, packages_start=None, packages_end=None, allow_overriding=[], cmake_args=None, cmake_target=None, cmake_target_skip_unavailable=False, cmake_clean_cache=False, cmake_clean_first=False, cmake_force_configure=False, ament_cmake_args=None, catkin_cmake_args=None, catkin_skip_building_tests=False, verb_parser=<colcon_defaults.argument_parser.defaults.DefaultArgumentsDecorator object at 0x7fa86a56e120>, verb_extension=<colcon_core.verb.build.BuildVerb object at 0x7fa86a56dcd0>, main=<bound method BuildVerb.main of <colcon_core.verb.build.BuildVerb object at 0x7fa86a56dcd0>>)
[0.284s] Level 1:colcon.colcon_core.package_discovery:discover_packages(colcon_meta) check parameters
[0.285s] Level 1:colcon.colcon_core.package_discovery:discover_packages(recursive) check parameters
[0.285s] Level 1:colcon.colcon_core.package_discovery:discover_packages(ignore) check parameters
[0.285s] Level 1:colcon.colcon_core.package_discovery:discover_packages(path) check parameters
[0.285s] Level 1:colcon.colcon_core.package_discovery:discover_packages(colcon_meta) discover
[0.285s] Level 1:colcon.colcon_core.package_discovery:discover_packages(recursive) discover
[0.285s] INFO:colcon.colcon_core.package_discovery:Crawling recursively for packages in '/home/juds/omnibase_ws'
[0.285s] Level 1:colcon.colcon_core.package_identification:_identify(.) by extensions ['ignore', 'ignore_ament_install']
[0.285s] Level 1:colcon.colcon_core.package_identification:_identify(.) by extension 'ignore'
[0.286s] Level 1:colcon.colcon_core.package_identification:_identify(.) by extension 'ignore_ament_install'
[0.286s] Level 1:colcon.colcon_core.package_identification:_identify(.) by extensions ['colcon_pkg']
[0.286s] Level 1:colcon.colcon_core.package_identification:_identify(.) by extension 'colcon_pkg'
[0.286s] Level 1:colcon.colcon_core.package_identification:_identify(.) by extensions ['colcon_meta']
[0.286s] Level 1:colcon.colcon_core.package_identification:_identify(.) by extension 'colcon_meta'
[0.286s] Level 1:colcon.colcon_core.package_identification:_identify(.) by extensions ['ros']
[0.286s] Level 1:colcon.colcon_core.package_identification:_identify(.) by extension 'ros'
[0.334s] Level 1:colcon.colcon_core.package_identification:_identify(.) by extensions ['cmake', 'python']
[0.334s] Level 1:colcon.colcon_core.package_identification:_identify(.) by extension 'cmake'
[0.334s] Level 1:colcon.colcon_core.package_identification:_identify(.) by extension 'python'
[0.334s] Level 1:colcon.colcon_core.package_identification:_identify(.) by extensions ['python_setup_py']
[0.334s] Level 1:colcon.colcon_core.package_identification:_identify(.) by extension 'python_setup_py'
[0.334s] Level 1:colcon.colcon_core.package_identification:_identify(build) by extensions ['ignore', 'ignore_ament_install']
[0.335s] Level 1:colcon.colcon_core.package_identification:_identify(build) by extension 'ignore'
[0.335s] Level 1:colcon.colcon_core.package_identification:_identify(build) ignored
[0.335s] Level 1:colcon.colcon_core.package_identification:_identify(install) by extensions ['ignore', 'ignore_ament_install']
[0.335s] Level 1:colcon.colcon_core.package_identification:_identify(install) by extension 'ignore'
[0.335s] Level 1:colcon.colcon_core.package_identification:_identify(install) ignored
[0.335s] Level 1:colcon.colcon_core.package_identification:_identify(log) by extensions ['ignore', 'ignore_ament_install']
[0.335s] Level 1:colcon.colcon_core.package_identification:_identify(log) by extension 'ignore'
[0.336s] Level 1:colcon.colcon_core.package_identification:_identify(log) ignored
[0.336s] Level 1:colcon.colcon_core.package_identification:_identify(src) by extensions ['ignore', 'ignore_ament_install']
[0.336s] Level 1:colcon.colcon_core.package_identification:_identify(src) by extension 'ignore'
[0.336s] Level 1:colcon.colcon_core.package_identification:_identify(src) by extension 'ignore_ament_install'
[0.336s] Level 1:colcon.colcon_core.package_identification:_identify(src) by extensions ['colcon_pkg']
[0.336s] Level 1:colcon.colcon_core.package_identification:_identify(src) by extension 'colcon_pkg'
[0.336s] Level 1:colcon.colcon_core.package_identification:_identify(src) by extensions ['colcon_meta']
[0.336s] Level 1:colcon.colcon_core.package_identification:_identify(src) by extension 'colcon_meta'
[0.336s] Level 1:colcon.colcon_core.package_identification:_identify(src) by extensions ['ros']
[0.337s] Level 1:colcon.colcon_core.package_identification:_identify(src) by extension 'ros'
[0.337s] Level 1:colcon.colcon_core.package_identification:_identify(src) by extensions ['cmake', 'python']
[0.337s] Level 1:colcon.colcon_core.package_identification:_identify(src) by extension 'cmake'
[0.337s] Level 1:colcon.colcon_core.package_identification:_identify(src) by extension 'python'
[0.337s] Level 1:colcon.colcon_core.package_identification:_identify(src) by extensions ['python_setup_py']
[0.337s] Level 1:colcon.colcon_core.package_identification:_identify(src) by extension 'python_setup_py'
[0.337s] Level 1:colcon.colcon_core.package_identification:_identify(src/omnibase_bringup) by extensions ['ignore', 'ignore_ament_install']
[0.337s] Level 1:colcon.colcon_core.package_identification:_identify(src/omnibase_bringup) by extension 'ignore'
[0.337s] Level 1:colcon.colcon_core.package_identification:_identify(src/omnibase_bringup) by extension 'ignore_ament_install'
[0.338s] Level 1:colcon.colcon_core.package_identification:_identify(src/omnibase_bringup) by extensions ['colcon_pkg']
[0.338s] Level 1:colcon.colcon_core.package_identification:_identify(src/omnibase_bringup) by extension 'colcon_pkg'
[0.338s] Level 1:colcon.colcon_core.package_identification:_identify(src/omnibase_bringup) by extensions ['colcon_meta']
[0.338s] Level 1:colcon.colcon_core.package_identification:_identify(src/omnibase_bringup) by extension 'colcon_meta'
[0.338s] Level 1:colcon.colcon_core.package_identification:_identify(src/omnibase_bringup) by extensions ['ros']
[0.338s] Level 1:colcon.colcon_core.package_identification:_identify(src/omnibase_bringup) by extension 'ros'
[0.343s] DEBUG:colcon.colcon_core.package_identification:Package 'src/omnibase_bringup' with type 'ros.ament_cmake' and name 'omnibase_bringup'
[0.344s] Level 1:colcon.colcon_core.package_identification:_identify(src/omnibase_control) by extensions ['ignore', 'ignore_ament_install']
[0.344s] Level 1:colcon.colcon_core.package_identification:_identify(src/omnibase_control) by extension 'ignore'
[0.344s] Level 1:colcon.colcon_core.package_identification:_identify(src/omnibase_control) by extension 'ignore_ament_install'
[0.344s] Level 1:colcon.colcon_core.package_identification:_identify(src/omnibase_control) by extensions ['colcon_pkg']
[0.344s] Level 1:colcon.colcon_core.package_identification:_identify(src/omnibase_control) by extension 'colcon_pkg'
[0.344s] Level 1:colcon.colcon_core.package_identification:_identify(src/omnibase_control) by extensions ['colcon_meta']
[0.344s] Level 1:colcon.colcon_core.package_identification:_identify(src/omnibase_control) by extension 'colcon_meta'
[0.344s] Level 1:colcon.colcon_core.package_identification:_identify(src/omnibase_control) by extensions ['ros']
[0.344s] Level 1:colcon.colcon_core.package_identification:_identify(src/omnibase_control) by extension 'ros'
[0.345s] DEBUG:colcon.colcon_core.package_identification:Package 'src/omnibase_control' with type 'ros.ament_python' and name 'omnibase_control'
[0.345s] Level 1:colcon.colcon_core.package_identification:_identify(src/omnibase_description) by extensions ['ignore', 'ignore_ament_install']
[0.346s] Level 1:colcon.colcon_core.package_identification:_identify(src/omnibase_description) by extension 'ignore'
[0.346s] Level 1:colcon.colcon_core.package_identification:_identify(src/omnibase_description) by extension 'ignore_ament_install'
[0.346s] Level 1:colcon.colcon_core.package_identification:_identify(src/omnibase_description) by extensions ['colcon_pkg']
[0.346s] Level 1:colcon.colcon_core.package_identification:_identify(src/omnibase_description) by extension 'colcon_pkg'
[0.346s] Level 1:colcon.colcon_core.package_identification:_identify(src/omnibase_description) by extensions ['colcon_meta']
[0.346s] Level 1:colcon.colcon_core.package_identification:_identify(src/omnibase_description) by extension 'colcon_meta'
[0.346s] Level 1:colcon.colcon_core.package_identification:_identify(src/omnibase_description) by extensions ['ros']
[0.346s] Level 1:colcon.colcon_core.package_identification:_identify(src/omnibase_description) by extension 'ros'
[0.347s] DEBUG:colcon.colcon_core.package_identification:Package 'src/omnibase_description' with type 'ros.ament_cmake' and name 'omnibase_description'
[0.347s] Level 1:colcon.colcon_core.package_identification:_identify(src/omnibase_gazebo) by extensions ['ignore', 'ignore_ament_install']
[0.348s] Level 1:colcon.colcon_core.package_identification:_identify(src/omnibase_gazebo) by extension 'ignore'
[0.348s] Level 1:colcon.colcon_core.package_identification:_identify(src/omnibase_gazebo) by extension 'ignore_ament_install'
[0.348s] Level 1:colcon.colcon_core.package_identification:_identify(src/omnibase_gazebo) by extensions ['colcon_pkg']
[0.348s] Level 1:colcon.colcon_core.package_identification:_identify(src/omnibase_gazebo) by extension 'colcon_pkg'
[0.348s] Level 1:colcon.colcon_core.package_identification:_identify(src/omnibase_gazebo) by extensions ['colcon_meta']
[0.348s] Level 1:colcon.colcon_core.package_identification:_identify(src/omnibase_gazebo) by extension 'colcon_meta'
[0.348s] Level 1:colcon.colcon_core.package_identification:_identify(src/omnibase_gazebo) by extensions ['ros']
[0.348s] Level 1:colcon.colcon_core.package_identification:_identify(src/omnibase_gazebo) by extension 'ros'
[0.349s] DEBUG:colcon.colcon_core.package_identification:Package 'src/omnibase_gazebo' with type 'ros.ament_cmake' and name 'omnibase_gazebo'
[0.349s] Level 1:colcon.colcon_core.package_identification:_identify(src/omnibase_vision) by extensions ['ignore', 'ignore_ament_install']
[0.349s] Level 1:colcon.colcon_core.package_identification:_identify(src/omnibase_vision) by extension 'ignore'
[0.349s] Level 1:colcon.colcon_core.package_identification:_identify(src/omnibase_vision) by extension 'ignore_ament_install'
[0.350s] Level 1:colcon.colcon_core.package_identification:_identify(src/omnibase_vision) by extensions ['colcon_pkg']
[0.350s] Level 1:colcon.colcon_core.package_identification:_identify(src/omnibase_vision) by extension 'colcon_pkg'
[0.350s] Level 1:colcon.colcon_core.package_identification:_identify(src/omnibase_vision) by extensions ['colcon_meta']
[0.350s] Level 1:colcon.colcon_core.package_identification:_identify(src/omnibase_vision) by extension 'colcon_meta'
[0.350s] Level 1:colcon.colcon_core.package_identification:_identify(src/omnibase_vision) by extensions ['ros']
[0.350s] Level 1:colcon.colcon_core.package_identification:_identify(src/omnibase_vision) by extension 'ros'
[0.351s] DEBUG:colcon.colcon_core.package_identification:Package 'src/omnibase_vision' with type 'ros.ament_python' and name 'omnibase_vision'
[0.351s] Level 1:colcon.colcon_core.package_discovery:discover_packages(recursive) using defaults
[0.351s] Level 1:colcon.colcon_core.package_discovery:discover_packages(ignore) discover
[0.351s] Level 1:colcon.colcon_core.package_discovery:discover_packages(ignore) using defaults
[0.351s] Level 1:colcon.colcon_core.package_discovery:discover_packages(path) discover
[0.351s] Level 1:colcon.colcon_core.package_discovery:discover_packages(path) using defaults
[0.385s] Level 1:colcon.colcon_core.package_discovery:discover_packages(prefix_path) check parameters
[0.385s] Level 1:colcon.colcon_core.package_discovery:discover_packages(prefix_path) discover
[0.391s] DEBUG:colcon.colcon_installed_package_information.package_discovery:Found 315 installed packages in /opt/ros/jazzy
[0.392s] Level 1:colcon.colcon_core.package_discovery:discover_packages(prefix_path) using defaults
[0.490s] Level 5:colcon.colcon_core.verb:set package 'omnibase_control' build argument 'cmake_args' from command line to 'None'
[0.491s] Level 5:colcon.colcon_core.verb:set package 'omnibase_control' build argument 'cmake_target' from command line to 'None'
[0.491s] Level 5:colcon.colcon_core.verb:set package 'omnibase_control' build argument 'cmake_target_skip_unavailable' from command line to 'False'
[0.491s] Level 5:colcon.colcon_core.verb:set package 'omnibase_control' build argument 'cmake_clean_cache' from command line to 'False'
[0.491s] Level 5:colcon.colcon_core.verb:set package 'omnibase_control' build argument 'cmake_clean_first' from command line to 'False'
[0.491s] Level 5:colcon.colcon_core.verb:set package 'omnibase_control' build argument 'cmake_force_configure' from command line to 'False'
[0.491s] Level 5:colcon.colcon_core.verb:set package 'omnibase_control' build argument 'ament_cmake_args' from command line to 'None'
[0.491s] Level 5:colcon.colcon_core.verb:set package 'omnibase_control' build argument 'catkin_cmake_args' from command line to 'None'
[0.491s] Level 5:colcon.colcon_core.verb:set package 'omnibase_control' build argument 'catkin_skip_building_tests' from command line to 'False'
[0.491s] DEBUG:colcon.colcon_core.verb:Building package 'omnibase_control' with the following arguments: {'ament_cmake_args': None, 'build_base': '/home/juds/omnibase_ws/build/omnibase_control', 'catkin_cmake_args': None, 'catkin_skip_building_tests': False, 'cmake_args': None, 'cmake_clean_cache': False, 'cmake_clean_first': False, 'cmake_force_configure': False, 'cmake_target': None, 'cmake_target_skip_unavailable': False, 'install_base': '/home/juds/omnibase_ws/install/omnibase_control', 'merge_install': False, 'path': '/home/juds/omnibase_ws/src/omnibase_control', 'symlink_install': True, 'test_result_base': None}
[0.492s] Level 5:colcon.colcon_core.verb:set package 'omnibase_description' build argument 'cmake_args' from command line to 'None'
[0.492s] Level 5:colcon.colcon_core.verb:set package 'omnibase_description' build argument 'cmake_target' from command line to 'None'
[0.492s] Level 5:colcon.colcon_core.verb:set package 'omnibase_description' build argument 'cmake_target_skip_unavailable' from command line to 'False'
[0.492s] Level 5:colcon.colcon_core.verb:set package 'omnibase_description' build argument 'cmake_clean_cache' from command line to 'False'
[0.492s] Level 5:colcon.colcon_core.verb:set package 'omnibase_description' build argument 'cmake_clean_first' from command line to 'False'
[0.492s] Level 5:colcon.colcon_core.verb:set package 'omnibase_description' build argument 'cmake_force_configure' from command line to 'False'
[0.492s] Level 5:colcon.colcon_core.verb:set package 'omnibase_description' build argument 'ament_cmake_args' from command line to 'None'
[0.492s] Level 5:colcon.colcon_core.verb:set package 'omnibase_description' build argument 'catkin_cmake_args' from command line to 'None'
[0.492s] Level 5:colcon.colcon_core.verb:set package 'omnibase_description' build argument 'catkin_skip_building_tests' from command line to 'False'
[0.492s] DEBUG:colcon.colcon_core.verb:Building package 'omnibase_description' with the following arguments: {'ament_cmake_args': None, 'build_base': '/home/juds/omnibase_ws/build/omnibase_description', 'catkin_cmake_args': None, 'catkin_skip_building_tests': False, 'cmake_args': None, 'cmake_clean_cache': False, 'cmake_clean_first': False, 'cmake_force_configure': False, 'cmake_target': None, 'cmake_target_skip_unavailable': False, 'install_base': '/home/juds/omnibase_ws/install/omnibase_description', 'merge_install': False, 'path': '/home/juds/omnibase_ws/src/omnibase_description', 'symlink_install': True, 'test_result_base': None}
[0.493s] Level 5:colcon.colcon_core.verb:set package 'omnibase_vision' build argument 'cmake_args' from command line to 'None'
[0.493s] Level 5:colcon.colcon_core.verb:set package 'omnibase_vision' build argument 'cmake_target' from command line to 'None'
[0.493s] Level 5:colcon.colcon_core.verb:set package 'omnibase_vision' build argument 'cmake_target_skip_unavailable' from command line to 'False'
[0.493s] Level 5:colcon.colcon_core.verb:set package 'omnibase_vision' build argument 'cmake_clean_cache' from command line to 'False'
[0.493s] Level 5:colcon.colcon_core.verb:set package 'omnibase_vision' build argument 'cmake_clean_first' from command line to 'False'
[0.493s] Level 5:colcon.colcon_core.verb:set package 'omnibase_vision' build argument 'cmake_force_configure' from command line to 'False'
[0.493s] Level 5:colcon.colcon_core.verb:set package 'omnibase_vision' build argument 'ament_cmake_args' from command line to 'None'
[0.493s] Level 5:colcon.colcon_core.verb:set package 'omnibase_vision' build argument 'catkin_cmake_args' from command line to 'None'
[0.493s] Level 5:colcon.colcon_core.verb:set package 'omnibase_vision' build argument 'catkin_skip_building_tests' from command line to 'False'
[0.493s] DEBUG:colcon.colcon_core.verb:Building package 'omnibase_vision' with the following arguments: {'ament_cmake_args': None, 'build_base': '/home/juds/omnibase_ws/build/omnibase_vision', 'catkin_cmake_args': None, 'catkin_skip_building_tests': False, 'cmake_args': None, 'cmake_clean_cache': False, 'cmake_clean_first': False, 'cmake_force_configure': False, 'cmake_target': None, 'cmake_target_skip_unavailable': False, 'install_base': '/home/juds/omnibase_ws/install/omnibase_vision', 'merge_install': False, 'path': '/home/juds/omnibase_ws/src/omnibase_vision', 'symlink_install': True, 'test_result_base': None}
[0.494s] Level 5:colcon.colcon_core.verb:set package 'omnibase_gazebo' build argument 'cmake_args' from command line to 'None'
[0.494s] Level 5:colcon.colcon_core.verb:set package 'omnibase_gazebo' build argument 'cmake_target' from command line to 'None'
[0.494s] Level 5:colcon.colcon_core.verb:set package 'omnibase_gazebo' build argument 'cmake_target_skip_unavailable' from command line to 'False'
[0.494s] Level 5:colcon.colcon_core.verb:set package 'omnibase_gazebo' build argument 'cmake_clean_cache' from command line to 'False'
[0.494s] Level 5:colcon.colcon_core.verb:set package 'omnibase_gazebo' build argument 'cmake_clean_first' from command line to 'False'
[0.494s] Level 5:colcon.colcon_core.verb:set package 'omnibase_gazebo' build argument 'cmake_force_configure' from command line to 'False'
[0.494s] Level 5:colcon.colcon_core.verb:set package 'omnibase_gazebo' build argument 'ament_cmake_args' from command line to 'None'
[0.494s] Level 5:colcon.colcon_core.verb:set package 'omnibase_gazebo' build argument 'catkin_cmake_args' from command line to 'None'
[0.494s] Level 5:colcon.colcon_core.verb:set package 'omnibase_gazebo' build argument 'catkin_skip_building_tests' from command line to 'False'
[0.494s] DEBUG:colcon.colcon_core.verb:Building package 'omnibase_gazebo' with the following arguments: {'ament_cmake_args': None, 'build_base': '/home/juds/omnibase_ws/build/omnibase_gazebo', 'catkin_cmake_args': None, 'catkin_skip_building_tests': False, 'cmake_args': None, 'cmake_clean_cache': False, 'cmake_clean_first': False, 'cmake_force_configure': False, 'cmake_target': None, 'cmake_target_skip_unavailable': False, 'install_base': '/home/juds/omnibase_ws/install/omnibase_gazebo', 'merge_install': False, 'path': '/home/juds/omnibase_ws/src/omnibase_gazebo', 'symlink_install': True, 'test_result_base': None}
[0.495s] Level 5:colcon.colcon_core.verb:set package 'omnibase_bringup' build argument 'cmake_args' from command line to 'None'
[0.495s] Level 5:colcon.colcon_core.verb:set package 'omnibase_bringup' build argument 'cmake_target' from command line to 'None'
[0.495s] Level 5:colcon.colcon_core.verb:set package 'omnibase_bringup' build argument 'cmake_target_skip_unavailable' from command line to 'False'
[0.495s] Level 5:colcon.colcon_core.verb:set package 'omnibase_bringup' build argument 'cmake_clean_cache' from command line to 'False'
[0.495s] Level 5:colcon.colcon_core.verb:set package 'omnibase_bringup' build argument 'cmake_clean_first' from command line to 'False'
[0.495s] Level 5:colcon.colcon_core.verb:set package 'omnibase_bringup' build argument 'cmake_force_configure' from command line to 'False'
[0.495s] Level 5:colcon.colcon_core.verb:set package 'omnibase_bringup' build argument 'ament_cmake_args' from command line to 'None'
[0.495s] Level 5:colcon.colcon_core.verb:set package 'omnibase_bringup' build argument 'catkin_cmake_args' from command line to 'None'
[0.495s] Level 5:colcon.colcon_core.verb:set package 'omnibase_bringup' build argument 'catkin_skip_building_tests' from command line to 'False'
[0.495s] DEBUG:colcon.colcon_core.verb:Building package 'omnibase_bringup' with the following arguments: {'ament_cmake_args': None, 'build_base': '/home/juds/omnibase_ws/build/omnibase_bringup', 'catkin_cmake_args': None, 'catkin_skip_building_tests': False, 'cmake_args': None, 'cmake_clean_cache': False, 'cmake_clean_first': False, 'cmake_force_configure': False, 'cmake_target': None, 'cmake_target_skip_unavailable': False, 'install_base': '/home/juds/omnibase_ws/install/omnibase_bringup', 'merge_install': False, 'path': '/home/juds/omnibase_ws/src/omnibase_bringup', 'symlink_install': True, 'test_result_base': None}
[0.495s] INFO:colcon.colcon_core.executor:Executing jobs using 'parallel' executor
[0.497s] DEBUG:colcon.colcon_parallel_executor.executor.parallel:run_until_complete
[0.497s] INFO:colcon.colcon_ros.task.ament_cmake.build:Building ROS package in '/home/juds/omnibase_ws/src/omnibase_description' with build type 'ament_cmake'
[0.497s] INFO:colcon.colcon_cmake.task.cmake.build:Building CMake package in '/home/juds/omnibase_ws/src/omnibase_description'
[0.503s] INFO:colcon.colcon_core.plugin_system:Skipping extension 'colcon_core.shell.bat': Not used on non-Windows systems
[0.503s] INFO:colcon.colcon_core.shell:Skip shell extension 'powershell' for command environment: Not usable outside of PowerShell
[0.503s] DEBUG:colcon.colcon_core.shell:Skip shell extension 'dsv' for command environment
[0.510s] INFO:colcon.colcon_ros.task.ament_python.build:Building ROS package in '/home/juds/omnibase_ws/src/omnibase_control' with build type 'ament_python'
[0.511s] Level 1:colcon.colcon_core.shell:create_environment_hook('omnibase_control', 'ament_prefix_path')
[0.511s] INFO:colcon.colcon_core.shell:Creating environment hook '/home/juds/omnibase_ws/install/omnibase_control/share/omnibase_control/hook/ament_prefix_path.ps1'
[0.512s] INFO:colcon.colcon_core.shell:Creating environment descriptor '/home/juds/omnibase_ws/install/omnibase_control/share/omnibase_control/hook/ament_prefix_path.dsv'
[0.513s] INFO:colcon.colcon_core.shell:Creating environment hook '/home/juds/omnibase_ws/install/omnibase_control/share/omnibase_control/hook/ament_prefix_path.sh'
[0.514s] INFO:colcon.colcon_core.shell:Skip shell extension 'powershell' for command environment: Not usable outside of PowerShell
[0.515s] DEBUG:colcon.colcon_core.shell:Skip shell extension 'dsv' for command environment
[0.519s] INFO:colcon.colcon_ros.task.ament_python.build:Building ROS package in '/home/juds/omnibase_ws/src/omnibase_vision' with build type 'ament_python'
[0.520s] Level 1:colcon.colcon_core.shell:create_environment_hook('omnibase_vision', 'ament_prefix_path')
[0.520s] INFO:colcon.colcon_core.shell:Creating environment hook '/home/juds/omnibase_ws/install/omnibase_vision/share/omnibase_vision/hook/ament_prefix_path.ps1'
[0.522s] INFO:colcon.colcon_core.shell:Creating environment descriptor '/home/juds/omnibase_ws/install/omnibase_vision/share/omnibase_vision/hook/ament_prefix_path.dsv'
[0.523s] INFO:colcon.colcon_core.shell:Creating environment hook '/home/juds/omnibase_ws/install/omnibase_vision/share/omnibase_vision/hook/ament_prefix_path.sh'
[0.525s] INFO:colcon.colcon_core.shell:Skip shell extension 'powershell' for command environment: Not usable outside of PowerShell
[0.525s] DEBUG:colcon.colcon_core.shell:Skip shell extension 'dsv' for command environment
[0.540s] DEBUG:colcon.colcon_core.event_handler.log_command:Invoking command in '/home/juds/omnibase_ws/build/omnibase_description': CMAKE_PREFIX_PATH=${CMAKE_PREFIX_PATH}:/opt/ros/jazzy DEBUGINFOD_URLS=https://debuginfod.ubuntu.com /usr/bin/cmake /home/juds/omnibase_ws/src/omnibase_description -DAMENT_CMAKE_SYMLINK_INSTALL=1 -DCMAKE_INSTALL_PREFIX=/home/juds/omnibase_ws/install/omnibase_description
[1.029s] INFO:colcon.colcon_core.task.python.build:Building Python package in '/home/juds/omnibase_ws/src/omnibase_control'
[1.030s] INFO:colcon.colcon_core.shell:Skip shell extension 'powershell' for command environment: Not usable outside of PowerShell
[1.030s] DEBUG:colcon.colcon_core.shell:Skip shell extension 'dsv' for command environment
[1.520s] INFO:colcon.colcon_core.task.python.build:Building Python package in '/home/juds/omnibase_ws/src/omnibase_vision'
[1.520s] INFO:colcon.colcon_core.shell:Skip shell extension 'powershell' for command environment: Not usable outside of PowerShell
[1.520s] DEBUG:colcon.colcon_core.shell:Skip shell extension 'dsv' for command environment
[2.284s] DEBUG:colcon.colcon_core.event_handler.log_command:Invoked command in '/home/juds/omnibase_ws/build/omnibase_description' returned '0': CMAKE_PREFIX_PATH=${CMAKE_PREFIX_PATH}:/opt/ros/jazzy DEBUGINFOD_URLS=https://debuginfod.ubuntu.com /usr/bin/cmake /home/juds/omnibase_ws/src/omnibase_description -DAMENT_CMAKE_SYMLINK_INSTALL=1 -DCMAKE_INSTALL_PREFIX=/home/juds/omnibase_ws/install/omnibase_description
[2.288s] DEBUG:colcon.colcon_core.event_handler.log_command:Invoking command in '/home/juds/omnibase_ws/build/omnibase_description': CMAKE_PREFIX_PATH=${CMAKE_PREFIX_PATH}:/opt/ros/jazzy DEBUGINFOD_URLS=https://debuginfod.ubuntu.com /usr/bin/cmake --build /home/juds/omnibase_ws/build/omnibase_description -- -j4 -l4
[2.382s] DEBUG:colcon.colcon_core.event_handler.log_command:Invoked command in '/home/juds/omnibase_ws/build/omnibase_description' returned '0': CMAKE_PREFIX_PATH=${CMAKE_PREFIX_PATH}:/opt/ros/jazzy DEBUGINFOD_URLS=https://debuginfod.ubuntu.com /usr/bin/cmake --build /home/juds/omnibase_ws/build/omnibase_description -- -j4 -l4
[2.402s] DEBUG:colcon.colcon_core.event_handler.log_command:Invoking command in '/home/juds/omnibase_ws/build/omnibase_description': CMAKE_PREFIX_PATH=${CMAKE_PREFIX_PATH}:/opt/ros/jazzy DEBUGINFOD_URLS=https://debuginfod.ubuntu.com /usr/bin/cmake --install /home/juds/omnibase_ws/build/omnibase_description
[2.863s] Level 1:colcon.colcon_core.environment:create_environment_scripts_only(omnibase_description)
[2.864s] DEBUG:colcon.colcon_core.event_handler.log_command:Invoked command in '/home/juds/omnibase_ws/build/omnibase_description' returned '0': CMAKE_PREFIX_PATH=${CMAKE_PREFIX_PATH}:/opt/ros/jazzy DEBUGINFOD_URLS=https://debuginfod.ubuntu.com /usr/bin/cmake --install /home/juds/omnibase_ws/build/omnibase_description
[2.868s] Level 1:colcon.colcon_core.environment:checking '/home/juds/omnibase_ws/install/omnibase_description' for CMake module files
[2.869s] Level 1:colcon.colcon_core.environment:checking '/home/juds/omnibase_ws/install/omnibase_description' for CMake config files
[2.870s] Level 1:colcon.colcon_core.shell:create_environment_hook('omnibase_description', 'cmake_prefix_path')
[2.871s] INFO:colcon.colcon_core.shell:Creating environment hook '/home/juds/omnibase_ws/install/omnibase_description/share/omnibase_description/hook/cmake_prefix_path.ps1'
[2.871s] INFO:colcon.colcon_core.shell:Creating environment descriptor '/home/juds/omnibase_ws/install/omnibase_description/share/omnibase_description/hook/cmake_prefix_path.dsv'
[2.872s] INFO:colcon.colcon_core.shell:Creating environment hook '/home/juds/omnibase_ws/install/omnibase_description/share/omnibase_description/hook/cmake_prefix_path.sh'
[2.874s] Level 1:colcon.colcon_core.environment:checking '/home/juds/omnibase_ws/install/omnibase_description/bin'
[2.875s] Level 1:colcon.colcon_core.environment:checking '/home/juds/omnibase_ws/install/omnibase_description/lib/pkgconfig/omnibase_description.pc'
[2.875s] Level 1:colcon.colcon_core.environment:checking '/home/juds/omnibase_ws/install/omnibase_description/lib/python3.12/site-packages'
[2.876s] Level 1:colcon.colcon_core.environment:checking '/home/juds/omnibase_ws/install/omnibase_description/bin'
[2.877s] INFO:colcon.colcon_core.shell:Creating package script '/home/juds/omnibase_ws/install/omnibase_description/share/omnibase_description/package.ps1'
[2.878s] INFO:colcon.colcon_core.shell:Creating package descriptor '/home/juds/omnibase_ws/install/omnibase_description/share/omnibase_description/package.dsv'
[2.879s] INFO:colcon.colcon_core.shell:Creating package script '/home/juds/omnibase_ws/install/omnibase_description/share/omnibase_description/package.sh'
[2.880s] INFO:colcon.colcon_core.shell:Creating package script '/home/juds/omnibase_ws/install/omnibase_description/share/omnibase_description/package.bash'
[2.882s] INFO:colcon.colcon_core.shell:Creating package script '/home/juds/omnibase_ws/install/omnibase_description/share/omnibase_description/package.zsh'
[2.883s] Level 1:colcon.colcon_core.environment:create_file_with_runtime_dependencies(/home/juds/omnibase_ws/install/omnibase_description/share/colcon-core/packages/omnibase_description)
[2.884s] Level 1:colcon.colcon_core.environment:create_environment_scripts_only(omnibase_description)
[2.884s] Level 1:colcon.colcon_core.environment:checking '/home/juds/omnibase_ws/install/omnibase_description' for CMake module files
[2.885s] Level 1:colcon.colcon_core.environment:checking '/home/juds/omnibase_ws/install/omnibase_description' for CMake config files
[2.886s] Level 1:colcon.colcon_core.shell:create_environment_hook('omnibase_description', 'cmake_prefix_path')
[2.886s] INFO:colcon.colcon_core.shell:Creating environment hook '/home/juds/omnibase_ws/install/omnibase_description/share/omnibase_description/hook/cmake_prefix_path.ps1'
[2.887s] INFO:colcon.colcon_core.shell:Creating environment descriptor '/home/juds/omnibase_ws/install/omnibase_description/share/omnibase_description/hook/cmake_prefix_path.dsv'
[2.887s] INFO:colcon.colcon_core.shell:Creating environment hook '/home/juds/omnibase_ws/install/omnibase_description/share/omnibase_description/hook/cmake_prefix_path.sh'
[2.889s] Level 1:colcon.colcon_core.environment:checking '/home/juds/omnibase_ws/install/omnibase_description/bin'
[2.889s] Level 1:colcon.colcon_core.environment:checking '/home/juds/omnibase_ws/install/omnibase_description/lib/pkgconfig/omnibase_description.pc'
[2.889s] Level 1:colcon.colcon_core.environment:checking '/home/juds/omnibase_ws/install/omnibase_description/lib/python3.12/site-packages'
[2.890s] Level 1:colcon.colcon_core.environment:checking '/home/juds/omnibase_ws/install/omnibase_description/bin'
[2.891s] INFO:colcon.colcon_core.shell:Creating package script '/home/juds/omnibase_ws/install/omnibase_description/share/omnibase_description/package.ps1'
[2.892s] INFO:colcon.colcon_core.shell:Creating package descriptor '/home/juds/omnibase_ws/install/omnibase_description/share/omnibase_description/package.dsv'
[2.893s] INFO:colcon.colcon_core.shell:Creating package script '/home/juds/omnibase_ws/install/omnibase_description/share/omnibase_description/package.sh'
[2.894s] INFO:colcon.colcon_core.shell:Creating package script '/home/juds/omnibase_ws/install/omnibase_description/share/omnibase_description/package.bash'
[2.894s] INFO:colcon.colcon_core.shell:Creating package script '/home/juds/omnibase_ws/install/omnibase_description/share/omnibase_description/package.zsh'
[2.896s] Level 1:colcon.colcon_core.environment:create_file_with_runtime_dependencies(/home/juds/omnibase_ws/install/omnibase_description/share/colcon-core/packages/omnibase_description)
[2.896s] INFO:colcon.colcon_ros.task.ament_cmake.build:Building ROS package in '/home/juds/omnibase_ws/src/omnibase_gazebo' with build type 'ament_cmake'
[2.897s] INFO:colcon.colcon_cmake.task.cmake.build:Building CMake package in '/home/juds/omnibase_ws/src/omnibase_gazebo'
[2.898s] INFO:colcon.colcon_core.shell:Skip shell extension 'powershell' for command environment: Not usable outside of PowerShell
[2.898s] DEBUG:colcon.colcon_core.shell:Skip shell extension 'dsv' for command environment
[2.918s] DEBUG:colcon.colcon_core.event_handler.log_command:Invoking command in '/home/juds/omnibase_ws/build/omnibase_gazebo': AMENT_PREFIX_PATH=/home/juds/omnibase_ws/install/omnibase_description:${AMENT_PREFIX_PATH} CMAKE_PREFIX_PATH=/home/juds/omnibase_ws/install/omnibase_description:/opt/ros/jazzy/opt/gz_sim_vendor:/opt/ros/jazzy/opt/gz_sensors_vendor:/opt/ros/jazzy/opt/gz_physics_vendor:/opt/ros/jazzy/opt/sdformat_vendor:/opt/ros/jazzy/opt/gz_gui_vendor:/opt/ros/jazzy/opt/gz_transport_vendor:/opt/ros/jazzy/opt/gz_rendering_vendor:/opt/ros/jazzy/opt/gz_plugin_vendor:/opt/ros/jazzy/opt/gz_fuel_tools_vendor:/opt/ros/jazzy/opt/gz_msgs_vendor:/opt/ros/jazzy/opt/gz_common_vendor:/opt/ros/jazzy/opt/gz_math_vendor:/opt/ros/jazzy/opt/gz_utils_vendor:/opt/ros/jazzy/opt/gz_tools_vendor:/opt/ros/jazzy/opt/gz_ogre_next_vendor:/opt/ros/jazzy/opt/gz_dartsim_vendor:/opt/ros/jazzy/opt/gz_cmake_vendor:/opt/ros/jazzy DEBUGINFOD_URLS=https://debuginfod.ubuntu.com /usr/bin/cmake /home/juds/omnibase_ws/src/omnibase_gazebo -DAMENT_CMAKE_SYMLINK_INSTALL=1 -DCMAKE_INSTALL_PREFIX=/home/juds/omnibase_ws/install/omnibase_gazebo
[3.469s] DEBUG:colcon.colcon_core.event_handler.log_command:Invoking command in '/home/juds/omnibase_ws/build/omnibase_vision': DEBUGINFOD_URLS=https://debuginfod.ubuntu.com PYTHONPATH=/home/juds/omnibase_ws/build/omnibase_vision/prefix_override:/usr/lib/python3/dist-packages/colcon_core/task/python/colcon_distutils_commands:/home/juds/omnibase_ws/install/omnibase_vision/lib/python3.12/site-packages:${PYTHONPATH} /usr/bin/python3 -W ignore:setup.py install is deprecated -W ignore:easy_install command is deprecated setup.py develop --editable --build-directory /home/juds/omnibase_ws/build/omnibase_vision/build --no-deps symlink_data
[3.473s] DEBUG:colcon.colcon_core.event_handler.log_command:Invoking command in '/home/juds/omnibase_ws/build/omnibase_control': DEBUGINFOD_URLS=https://debuginfod.ubuntu.com PYTHONPATH=/home/juds/omnibase_ws/build/omnibase_control/prefix_override:/usr/lib/python3/dist-packages/colcon_core/task/python/colcon_distutils_commands:/home/juds/omnibase_ws/install/omnibase_control/lib/python3.12/site-packages:${PYTHONPATH} /usr/bin/python3 -W ignore:setup.py install is deprecated -W ignore:easy_install command is deprecated setup.py develop --editable --build-directory /home/juds/omnibase_ws/build/omnibase_control/build --no-deps symlink_data
[4.703s] DEBUG:colcon.colcon_core.event_handler.log_command:Invoked command in '/home/juds/omnibase_ws/build/omnibase_gazebo' returned '0': AMENT_PREFIX_PATH=/home/juds/omnibase_ws/install/omnibase_description:${AMENT_PREFIX_PATH} CMAKE_PREFIX_PATH=/home/juds/omnibase_ws/install/omnibase_description:/opt/ros/jazzy/opt/gz_sim_vendor:/opt/ros/jazzy/opt/gz_sensors_vendor:/opt/ros/jazzy/opt/gz_physics_vendor:/opt/ros/jazzy/opt/sdformat_vendor:/opt/ros/jazzy/opt/gz_gui_vendor:/opt/ros/jazzy/opt/gz_transport_vendor:/opt/ros/jazzy/opt/gz_rendering_vendor:/opt/ros/jazzy/opt/gz_plugin_vendor:/opt/ros/jazzy/opt/gz_fuel_tools_vendor:/opt/ros/jazzy/opt/gz_msgs_vendor:/opt/ros/jazzy/opt/gz_common_vendor:/opt/ros/jazzy/opt/gz_math_vendor:/opt/ros/jazzy/opt/gz_utils_vendor:/opt/ros/jazzy/opt/gz_tools_vendor:/opt/ros/jazzy/opt/gz_ogre_next_vendor:/opt/ros/jazzy/opt/gz_dartsim_vendor:/opt/ros/jazzy/opt/gz_cmake_vendor:/opt/ros/jazzy DEBUGINFOD_URLS=https://debuginfod.ubuntu.com /usr/bin/cmake /home/juds/omnibase_ws/src/omnibase_gazebo -DAMENT_CMAKE_SYMLINK_INSTALL=1 -DCMAKE_INSTALL_PREFIX=/home/juds/omnibase_ws/install/omnibase_gazebo
[4.706s] DEBUG:colcon.colcon_core.event_handler.log_command:Invoking command in '/home/juds/omnibase_ws/build/omnibase_gazebo': AMENT_PREFIX_PATH=/home/juds/omnibase_ws/install/omnibase_description:${AMENT_PREFIX_PATH} CMAKE_PREFIX_PATH=/home/juds/omnibase_ws/install/omnibase_description:/opt/ros/jazzy/opt/gz_sim_vendor:/opt/ros/jazzy/opt/gz_sensors_vendor:/opt/ros/jazzy/opt/gz_physics_vendor:/opt/ros/jazzy/opt/sdformat_vendor:/opt/ros/jazzy/opt/gz_gui_vendor:/opt/ros/jazzy/opt/gz_transport_vendor:/opt/ros/jazzy/opt/gz_rendering_vendor:/opt/ros/jazzy/opt/gz_plugin_vendor:/opt/ros/jazzy/opt/gz_fuel_tools_vendor:/opt/ros/jazzy/opt/gz_msgs_vendor:/opt/ros/jazzy/opt/gz_common_vendor:/opt/ros/jazzy/opt/gz_math_vendor:/opt/ros/jazzy/opt/gz_utils_vendor:/opt/ros/jazzy/opt/gz_tools_vendor:/opt/ros/jazzy/opt/gz_ogre_next_vendor:/opt/ros/jazzy/opt/gz_dartsim_vendor:/opt/ros/jazzy/opt/gz_cmake_vendor:/opt/ros/jazzy DEBUGINFOD_URLS=https://debuginfod.ubuntu.com /usr/bin/cmake --build /home/juds/omnibase_ws/build/omnibase_gazebo -- -j4 -l4
[4.823s] DEBUG:colcon.colcon_core.event_handler.log_command:Invoked command in '/home/juds/omnibase_ws/build/omnibase_gazebo' returned '0': AMENT_PREFIX_PATH=/home/juds/omnibase_ws/install/omnibase_description:${AMENT_PREFIX_PATH} CMAKE_PREFIX_PATH=/home/juds/omnibase_ws/install/omnibase_description:/opt/ros/jazzy/opt/gz_sim_vendor:/opt/ros/jazzy/opt/gz_sensors_vendor:/opt/ros/jazzy/opt/gz_physics_vendor:/opt/ros/jazzy/opt/sdformat_vendor:/opt/ros/jazzy/opt/gz_gui_vendor:/opt/ros/jazzy/opt/gz_transport_vendor:/opt/ros/jazzy/opt/gz_rendering_vendor:/opt/ros/jazzy/opt/gz_plugin_vendor:/opt/ros/jazzy/opt/gz_fuel_tools_vendor:/opt/ros/jazzy/opt/gz_msgs_vendor:/opt/ros/jazzy/opt/gz_common_vendor:/opt/ros/jazzy/opt/gz_math_vendor:/opt/ros/jazzy/opt/gz_utils_vendor:/opt/ros/jazzy/opt/gz_tools_vendor:/opt/ros/jazzy/opt/gz_ogre_next_vendor:/opt/ros/jazzy/opt/gz_dartsim_vendor:/opt/ros/jazzy/opt/gz_cmake_vendor:/opt/ros/jazzy DEBUGINFOD_URLS=https://debuginfod.ubuntu.com /usr/bin/cmake --build /home/juds/omnibase_ws/build/omnibase_gazebo -- -j4 -l4
[4.826s] DEBUG:colcon.colcon_core.event_handler.log_command:Invoking command in '/home/juds/omnibase_ws/build/omnibase_gazebo': AMENT_PREFIX_PATH=/home/juds/omnibase_ws/install/omnibase_description:${AMENT_PREFIX_PATH} CMAKE_PREFIX_PATH=/home/juds/omnibase_ws/install/omnibase_description:/opt/ros/jazzy/opt/gz_sim_vendor:/opt/ros/jazzy/opt/gz_sensors_vendor:/opt/ros/jazzy/opt/gz_physics_vendor:/opt/ros/jazzy/opt/sdformat_vendor:/opt/ros/jazzy/opt/gz_gui_vendor:/opt/ros/jazzy/opt/gz_transport_vendor:/opt/ros/jazzy/opt/gz_rendering_vendor:/opt/ros/jazzy/opt/gz_plugin_vendor:/opt/ros/jazzy/opt/gz_fuel_tools_vendor:/opt/ros/jazzy/opt/gz_msgs_vendor:/opt/ros/jazzy/opt/gz_common_vendor:/opt/ros/jazzy/opt/gz_math_vendor:/opt/ros/jazzy/opt/gz_utils_vendor:/opt/ros/jazzy/opt/gz_tools_vendor:/opt/ros/jazzy/opt/gz_ogre_next_vendor:/opt/ros/jazzy/opt/gz_dartsim_vendor:/opt/ros/jazzy/opt/gz_cmake_vendor:/opt/ros/jazzy DEBUGINFOD_URLS=https://debuginfod.ubuntu.com /usr/bin/cmake --install /home/juds/omnibase_ws/build/omnibase_gazebo
[5.405s] Level 1:colcon.colcon_core.shell:create_environment_hook('omnibase_vision', 'pythonpath_develop')
[5.406s] INFO:colcon.colcon_core.shell:Creating environment hook '/home/juds/omnibase_ws/build/omnibase_vision/share/omnibase_vision/hook/pythonpath_develop.ps1'
[5.407s] DEBUG:colcon.colcon_core.event_handler.log_command:Invoked command in '/home/juds/omnibase_ws/build/omnibase_vision' returned '0': DEBUGINFOD_URLS=https://debuginfod.ubuntu.com PYTHONPATH=/home/juds/omnibase_ws/build/omnibase_vision/prefix_override:/usr/lib/python3/dist-packages/colcon_core/task/python/colcon_distutils_commands:/home/juds/omnibase_ws/install/omnibase_vision/lib/python3.12/site-packages:${PYTHONPATH} /usr/bin/python3 -W ignore:setup.py install is deprecated -W ignore:easy_install command is deprecated setup.py develop --editable --build-directory /home/juds/omnibase_ws/build/omnibase_vision/build --no-deps symlink_data
[5.408s] INFO:colcon.colcon_core.shell:Creating environment descriptor '/home/juds/omnibase_ws/build/omnibase_vision/share/omnibase_vision/hook/pythonpath_develop.dsv'
[5.408s] INFO:colcon.colcon_core.shell:Creating environment hook '/home/juds/omnibase_ws/build/omnibase_vision/share/omnibase_vision/hook/pythonpath_develop.sh'
[5.409s] Level 1:colcon.colcon_core.environment:checking '/home/juds/omnibase_ws/install/omnibase_vision' for CMake module files
[5.410s] Level 1:colcon.colcon_core.environment:checking '/home/juds/omnibase_ws/install/omnibase_vision' for CMake config files
[5.411s] Level 1:colcon.colcon_core.environment:checking '/home/juds/omnibase_ws/install/omnibase_vision/lib'
[5.412s] Level 1:colcon.colcon_core.environment:checking '/home/juds/omnibase_ws/install/omnibase_vision/bin'
[5.412s] Level 1:colcon.colcon_core.environment:checking '/home/juds/omnibase_ws/install/omnibase_vision/lib/pkgconfig/omnibase_vision.pc'
[5.413s] Level 1:colcon.colcon_core.environment:checking '/home/juds/omnibase_ws/install/omnibase_vision/lib/python3.12/site-packages'
[5.413s] Level 1:colcon.colcon_core.shell:create_environment_hook('omnibase_vision', 'pythonpath')
[5.413s] INFO:colcon.colcon_core.shell:Creating environment hook '/home/juds/omnibase_ws/install/omnibase_vision/share/omnibase_vision/hook/pythonpath.ps1'
[5.414s] INFO:colcon.colcon_core.shell:Creating environment descriptor '/home/juds/omnibase_ws/install/omnibase_vision/share/omnibase_vision/hook/pythonpath.dsv'
[5.415s] INFO:colcon.colcon_core.shell:Creating environment hook '/home/juds/omnibase_ws/install/omnibase_vision/share/omnibase_vision/hook/pythonpath.sh'
[5.416s] Level 1:colcon.colcon_core.environment:checking '/home/juds/omnibase_ws/install/omnibase_vision/bin'
[5.417s] Level 1:colcon.colcon_core.environment:create_environment_scripts_only(omnibase_vision)
[5.417s] INFO:colcon.colcon_core.shell:Creating package script '/home/juds/omnibase_ws/install/omnibase_vision/share/omnibase_vision/package.ps1'
[5.418s] INFO:colcon.colcon_core.shell:Creating package descriptor '/home/juds/omnibase_ws/install/omnibase_vision/share/omnibase_vision/package.dsv'
[5.419s] INFO:colcon.colcon_core.shell:Creating package script '/home/juds/omnibase_ws/install/omnibase_vision/share/omnibase_vision/package.sh'
[5.420s] INFO:colcon.colcon_core.shell:Creating package script '/home/juds/omnibase_ws/install/omnibase_vision/share/omnibase_vision/package.bash'
[5.421s] INFO:colcon.colcon_core.shell:Creating package script '/home/juds/omnibase_ws/install/omnibase_vision/share/omnibase_vision/package.zsh'
[5.422s] Level 1:colcon.colcon_core.environment:create_file_with_runtime_dependencies(/home/juds/omnibase_ws/install/omnibase_vision/share/colcon-core/packages/omnibase_vision)
[5.424s] Level 1:colcon.colcon_core.shell:create_environment_hook('omnibase_control', 'pythonpath_develop')
[5.425s] INFO:colcon.colcon_core.shell:Creating environment hook '/home/juds/omnibase_ws/build/omnibase_control/share/omnibase_control/hook/pythonpath_develop.ps1'
[5.426s] DEBUG:colcon.colcon_core.event_handler.log_command:Invoked command in '/home/juds/omnibase_ws/build/omnibase_control' returned '0': DEBUGINFOD_URLS=https://debuginfod.ubuntu.com PYTHONPATH=/home/juds/omnibase_ws/build/omnibase_control/prefix_override:/usr/lib/python3/dist-packages/colcon_core/task/python/colcon_distutils_commands:/home/juds/omnibase_ws/install/omnibase_control/lib/python3.12/site-packages:${PYTHONPATH} /usr/bin/python3 -W ignore:setup.py install is deprecated -W ignore:easy_install command is deprecated setup.py develop --editable --build-directory /home/juds/omnibase_ws/build/omnibase_control/build --no-deps symlink_data
[5.426s] INFO:colcon.colcon_core.shell:Creating environment descriptor '/home/juds/omnibase_ws/build/omnibase_control/share/omnibase_control/hook/pythonpath_develop.dsv'
[5.427s] INFO:colcon.colcon_core.shell:Creating environment hook '/home/juds/omnibase_ws/build/omnibase_control/share/omnibase_control/hook/pythonpath_develop.sh'
[5.428s] Level 1:colcon.colcon_core.environment:checking '/home/juds/omnibase_ws/install/omnibase_control' for CMake module files
[5.429s] Level 1:colcon.colcon_core.environment:checking '/home/juds/omnibase_ws/install/omnibase_control' for CMake config files
[5.430s] Level 1:colcon.colcon_core.environment:checking '/home/juds/omnibase_ws/install/omnibase_control/lib'
[5.430s] Level 1:colcon.colcon_core.environment:checking '/home/juds/omnibase_ws/install/omnibase_control/bin'
[5.430s] Level 1:colcon.colcon_core.environment:checking '/home/juds/omnibase_ws/install/omnibase_control/lib/pkgconfig/omnibase_control.pc'
[5.431s] Level 1:colcon.colcon_core.environment:checking '/home/juds/omnibase_ws/install/omnibase_control/lib/python3.12/site-packages'
[5.431s] Level 1:colcon.colcon_core.shell:create_environment_hook('omnibase_control', 'pythonpath')
[5.431s] INFO:colcon.colcon_core.shell:Creating environment hook '/home/juds/omnibase_ws/install/omnibase_control/share/omnibase_control/hook/pythonpath.ps1'
[5.432s] INFO:colcon.colcon_core.shell:Creating environment descriptor '/home/juds/omnibase_ws/install/omnibase_control/share/omnibase_control/hook/pythonpath.dsv'
[5.432s] INFO:colcon.colcon_core.shell:Creating environment hook '/home/juds/omnibase_ws/install/omnibase_control/share/omnibase_control/hook/pythonpath.sh'
[5.434s] Level 1:colcon.colcon_core.environment:checking '/home/juds/omnibase_ws/install/omnibase_control/bin'
[5.434s] Level 1:colcon.colcon_core.environment:create_environment_scripts_only(omnibase_control)
[5.434s] INFO:colcon.colcon_core.shell:Creating package script '/home/juds/omnibase_ws/install/omnibase_control/share/omnibase_control/package.ps1'
[5.435s] INFO:colcon.colcon_core.shell:Creating package descriptor '/home/juds/omnibase_ws/install/omnibase_control/share/omnibase_control/package.dsv'
[5.436s] INFO:colcon.colcon_core.shell:Creating package script '/home/juds/omnibase_ws/install/omnibase_control/share/omnibase_control/package.sh'
[5.437s] INFO:colcon.colcon_core.shell:Creating package script '/home/juds/omnibase_ws/install/omnibase_control/share/omnibase_control/package.bash'
[5.438s] INFO:colcon.colcon_core.shell:Creating package script '/home/juds/omnibase_ws/install/omnibase_control/share/omnibase_control/package.zsh'
[5.439s] Level 1:colcon.colcon_core.environment:create_file_with_runtime_dependencies(/home/juds/omnibase_ws/install/omnibase_control/share/colcon-core/packages/omnibase_control)
[5.439s] Level 1:colcon.colcon_core.environment:create_environment_scripts_only(omnibase_gazebo)
[5.440s] Level 1:colcon.colcon_core.environment:checking '/home/juds/omnibase_ws/install/omnibase_gazebo' for CMake module files
[5.442s] DEBUG:colcon.colcon_core.event_handler.log_command:Invoked command in '/home/juds/omnibase_ws/build/omnibase_gazebo' returned '0': AMENT_PREFIX_PATH=/home/juds/omnibase_ws/install/omnibase_description:${AMENT_PREFIX_PATH} CMAKE_PREFIX_PATH=/home/juds/omnibase_ws/install/omnibase_description:/opt/ros/jazzy/opt/gz_sim_vendor:/opt/ros/jazzy/opt/gz_sensors_vendor:/opt/ros/jazzy/opt/gz_physics_vendor:/opt/ros/jazzy/opt/sdformat_vendor:/opt/ros/jazzy/opt/gz_gui_vendor:/opt/ros/jazzy/opt/gz_transport_vendor:/opt/ros/jazzy/opt/gz_rendering_vendor:/opt/ros/jazzy/opt/gz_plugin_vendor:/opt/ros/jazzy/opt/gz_fuel_tools_vendor:/opt/ros/jazzy/opt/gz_msgs_vendor:/opt/ros/jazzy/opt/gz_common_vendor:/opt/ros/jazzy/opt/gz_math_vendor:/opt/ros/jazzy/opt/gz_utils_vendor:/opt/ros/jazzy/opt/gz_tools_vendor:/opt/ros/jazzy/opt/gz_ogre_next_vendor:/opt/ros/jazzy/opt/gz_dartsim_vendor:/opt/ros/jazzy/opt/gz_cmake_vendor:/opt/ros/jazzy DEBUGINFOD_URLS=https://debuginfod.ubuntu.com /usr/bin/cmake --install /home/juds/omnibase_ws/build/omnibase_gazebo
[5.443s] Level 1:colcon.colcon_core.environment:checking '/home/juds/omnibase_ws/install/omnibase_gazebo' for CMake config files
[5.444s] Level 1:colcon.colcon_core.shell:create_environment_hook('omnibase_gazebo', 'cmake_prefix_path')
[5.444s] INFO:colcon.colcon_core.shell:Creating environment hook '/home/juds/omnibase_ws/install/omnibase_gazebo/share/omnibase_gazebo/hook/cmake_prefix_path.ps1'
[5.445s] INFO:colcon.colcon_core.shell:Creating environment descriptor '/home/juds/omnibase_ws/install/omnibase_gazebo/share/omnibase_gazebo/hook/cmake_prefix_path.dsv'
[5.445s] INFO:colcon.colcon_core.shell:Creating environment hook '/home/juds/omnibase_ws/install/omnibase_gazebo/share/omnibase_gazebo/hook/cmake_prefix_path.sh'
[5.447s] Level 1:colcon.colcon_core.environment:checking '/home/juds/omnibase_ws/install/omnibase_gazebo/bin'
[5.447s] Level 1:colcon.colcon_core.environment:checking '/home/juds/omnibase_ws/install/omnibase_gazebo/lib/pkgconfig/omnibase_gazebo.pc'
[5.447s] Level 1:colcon.colcon_core.environment:checking '/home/juds/omnibase_ws/install/omnibase_gazebo/lib/python3.12/site-packages'
[5.448s] Level 1:colcon.colcon_core.environment:checking '/home/juds/omnibase_ws/install/omnibase_gazebo/bin'
[5.449s] INFO:colcon.colcon_core.shell:Creating package script '/home/juds/omnibase_ws/install/omnibase_gazebo/share/omnibase_gazebo/package.ps1'
[5.449s] INFO:colcon.colcon_core.shell:Creating package descriptor '/home/juds/omnibase_ws/install/omnibase_gazebo/share/omnibase_gazebo/package.dsv'
[5.450s] INFO:colcon.colcon_core.shell:Creating package script '/home/juds/omnibase_ws/install/omnibase_gazebo/share/omnibase_gazebo/package.sh'
[5.451s] INFO:colcon.colcon_core.shell:Creating package script '/home/juds/omnibase_ws/install/omnibase_gazebo/share/omnibase_gazebo/package.bash'
[5.451s] INFO:colcon.colcon_core.shell:Creating package script '/home/juds/omnibase_ws/install/omnibase_gazebo/share/omnibase_gazebo/package.zsh'
[5.452s] Level 1:colcon.colcon_core.environment:create_file_with_runtime_dependencies(/home/juds/omnibase_ws/install/omnibase_gazebo/share/colcon-core/packages/omnibase_gazebo)
[5.453s] Level 1:colcon.colcon_core.environment:create_environment_scripts_only(omnibase_gazebo)
[5.453s] Level 1:colcon.colcon_core.environment:checking '/home/juds/omnibase_ws/install/omnibase_gazebo' for CMake module files
[5.454s] Level 1:colcon.colcon_core.environment:checking '/home/juds/omnibase_ws/install/omnibase_gazebo' for CMake config files
[5.455s] Level 1:colcon.colcon_core.shell:create_environment_hook('omnibase_gazebo', 'cmake_prefix_path')
[5.456s] INFO:colcon.colcon_core.shell:Creating environment hook '/home/juds/omnibase_ws/install/omnibase_gazebo/share/omnibase_gazebo/hook/cmake_prefix_path.ps1'
[5.457s] INFO:colcon.colcon_core.shell:Creating environment descriptor '/home/juds/omnibase_ws/install/omnibase_gazebo/share/omnibase_gazebo/hook/cmake_prefix_path.dsv'
[5.458s] INFO:colcon.colcon_core.shell:Creating environment hook '/home/juds/omnibase_ws/install/omnibase_gazebo/share/omnibase_gazebo/hook/cmake_prefix_path.sh'
[5.460s] Level 1:colcon.colcon_core.environment:checking '/home/juds/omnibase_ws/install/omnibase_gazebo/bin'
[5.460s] Level 1:colcon.colcon_core.environment:checking '/home/juds/omnibase_ws/install/omnibase_gazebo/lib/pkgconfig/omnibase_gazebo.pc'
[5.461s] Level 1:colcon.colcon_core.environment:checking '/home/juds/omnibase_ws/install/omnibase_gazebo/lib/python3.12/site-packages'
[5.462s] Level 1:colcon.colcon_core.environment:checking '/home/juds/omnibase_ws/install/omnibase_gazebo/bin'
[5.463s] INFO:colcon.colcon_core.shell:Creating package script '/home/juds/omnibase_ws/install/omnibase_gazebo/share/omnibase_gazebo/package.ps1'
[5.464s] INFO:colcon.colcon_core.shell:Creating package descriptor '/home/juds/omnibase_ws/install/omnibase_gazebo/share/omnibase_gazebo/package.dsv'
[5.465s] INFO:colcon.colcon_core.shell:Creating package script '/home/juds/omnibase_ws/install/omnibase_gazebo/share/omnibase_gazebo/package.sh'
[5.466s] INFO:colcon.colcon_core.shell:Creating package script '/home/juds/omnibase_ws/install/omnibase_gazebo/share/omnibase_gazebo/package.bash'
[5.467s] INFO:colcon.colcon_core.shell:Creating package script '/home/juds/omnibase_ws/install/omnibase_gazebo/share/omnibase_gazebo/package.zsh'
[5.468s] Level 1:colcon.colcon_core.environment:create_file_with_runtime_dependencies(/home/juds/omnibase_ws/install/omnibase_gazebo/share/colcon-core/packages/omnibase_gazebo)
[5.469s] INFO:colcon.colcon_ros.task.ament_cmake.build:Building ROS package in '/home/juds/omnibase_ws/src/omnibase_bringup' with build type 'ament_cmake'
[5.469s] INFO:colcon.colcon_cmake.task.cmake.build:Building CMake package in '/home/juds/omnibase_ws/src/omnibase_bringup'
[5.469s] INFO:colcon.colcon_core.shell:Skip shell extension 'powershell' for command environment: Not usable outside of PowerShell
[5.469s] DEBUG:colcon.colcon_core.shell:Skip shell extension 'dsv' for command environment
[5.490s] DEBUG:colcon.colcon_core.event_handler.log_command:Invoking command in '/home/juds/omnibase_ws/build/omnibase_bringup': AMENT_PREFIX_PATH=/home/juds/omnibase_ws/install/omnibase_gazebo:/home/juds/omnibase_ws/install/omnibase_vision:/home/juds/omnibase_ws/install/omnibase_description:/home/juds/omnibase_ws/install/omnibase_control:${AMENT_PREFIX_PATH} CMAKE_PREFIX_PATH=/home/juds/omnibase_ws/install/omnibase_gazebo:/home/juds/omnibase_ws/install/omnibase_description:/opt/ros/jazzy/opt/gz_sim_vendor:/opt/ros/jazzy/opt/gz_sensors_vendor:/opt/ros/jazzy/opt/gz_physics_vendor:/opt/ros/jazzy/opt/sdformat_vendor:/opt/ros/jazzy/opt/gz_gui_vendor:/opt/ros/jazzy/opt/gz_transport_vendor:/opt/ros/jazzy/opt/gz_rendering_vendor:/opt/ros/jazzy/opt/gz_plugin_vendor:/opt/ros/jazzy/opt/gz_fuel_tools_vendor:/opt/ros/jazzy/opt/gz_msgs_vendor:/opt/ros/jazzy/opt/gz_common_vendor:/opt/ros/jazzy/opt/gz_math_vendor:/opt/ros/jazzy/opt/gz_utils_vendor:/opt/ros/jazzy/opt/gz_tools_vendor:/opt/ros/jazzy/opt/gz_ogre_next_vendor:/opt/ros/jazzy/opt/gz_dartsim_vendor:/opt/ros/jazzy/opt/gz_cmake_vendor:/opt/ros/jazzy DEBUGINFOD_URLS=https://debuginfod.ubuntu.com PYTHONPATH=/home/juds/omnibase_ws/build/omnibase_vision:/home/juds/omnibase_ws/install/omnibase_vision/lib/python3.12/site-packages:/home/juds/omnibase_ws/build/omnibase_control:/home/juds/omnibase_ws/install/omnibase_control/lib/python3.12/site-packages:${PYTHONPATH} /usr/bin/cmake /home/juds/omnibase_ws/src/omnibase_bringup -DAMENT_CMAKE_SYMLINK_INSTALL=1 -DCMAKE_INSTALL_PREFIX=/home/juds/omnibase_ws/install/omnibase_bringup
[6.955s] DEBUG:colcon.colcon_core.event_handler.log_command:Invoked command in '/home/juds/omnibase_ws/build/omnibase_bringup' returned '0': AMENT_PREFIX_PATH=/home/juds/omnibase_ws/install/omnibase_gazebo:/home/juds/omnibase_ws/install/omnibase_vision:/home/juds/omnibase_ws/install/omnibase_description:/home/juds/omnibase_ws/install/omnibase_control:${AMENT_PREFIX_PATH} CMAKE_PREFIX_PATH=/home/juds/omnibase_ws/install/omnibase_gazebo:/home/juds/omnibase_ws/install/omnibase_description:/opt/ros/jazzy/opt/gz_sim_vendor:/opt/ros/jazzy/opt/gz_sensors_vendor:/opt/ros/jazzy/opt/gz_physics_vendor:/opt/ros/jazzy/opt/sdformat_vendor:/opt/ros/jazzy/opt/gz_gui_vendor:/opt/ros/jazzy/opt/gz_transport_vendor:/opt/ros/jazzy/opt/gz_rendering_vendor:/opt/ros/jazzy/opt/gz_plugin_vendor:/opt/ros/jazzy/opt/gz_fuel_tools_vendor:/opt/ros/jazzy/opt/gz_msgs_vendor:/opt/ros/jazzy/opt/gz_common_vendor:/opt/ros/jazzy/opt/gz_math_vendor:/opt/ros/jazzy/opt/gz_utils_vendor:/opt/ros/jazzy/opt/gz_tools_vendor:/opt/ros/jazzy/opt/gz_ogre_next_vendor:/opt/ros/jazzy/opt/gz_dartsim_vendor:/opt/ros/jazzy/opt/gz_cmake_vendor:/opt/ros/jazzy DEBUGINFOD_URLS=https://debuginfod.ubuntu.com PYTHONPATH=/home/juds/omnibase_ws/build/omnibase_vision:/home/juds/omnibase_ws/install/omnibase_vision/lib/python3.12/site-packages:/home/juds/omnibase_ws/build/omnibase_control:/home/juds/omnibase_ws/install/omnibase_control/lib/python3.12/site-packages:${PYTHONPATH} /usr/bin/cmake /home/juds/omnibase_ws/src/omnibase_bringup -DAMENT_CMAKE_SYMLINK_INSTALL=1 -DCMAKE_INSTALL_PREFIX=/home/juds/omnibase_ws/install/omnibase_bringup
[6.957s] DEBUG:colcon.colcon_core.event_handler.log_command:Invoking command in '/home/juds/omnibase_ws/build/omnibase_bringup': AMENT_PREFIX_PATH=/home/juds/omnibase_ws/install/omnibase_gazebo:/home/juds/omnibase_ws/install/omnibase_vision:/home/juds/omnibase_ws/install/omnibase_description:/home/juds/omnibase_ws/install/omnibase_control:${AMENT_PREFIX_PATH} CMAKE_PREFIX_PATH=/home/juds/omnibase_ws/install/omnibase_gazebo:/home/juds/omnibase_ws/install/omnibase_description:/opt/ros/jazzy/opt/gz_sim_vendor:/opt/ros/jazzy/opt/gz_sensors_vendor:/opt/ros/jazzy/opt/gz_physics_vendor:/opt/ros/jazzy/opt/sdformat_vendor:/opt/ros/jazzy/opt/gz_gui_vendor:/opt/ros/jazzy/opt/gz_transport_vendor:/opt/ros/jazzy/opt/gz_rendering_vendor:/opt/ros/jazzy/opt/gz_plugin_vendor:/opt/ros/jazzy/opt/gz_fuel_tools_vendor:/opt/ros/jazzy/opt/gz_msgs_vendor:/opt/ros/jazzy/opt/gz_common_vendor:/opt/ros/jazzy/opt/gz_math_vendor:/opt/ros/jazzy/opt/gz_utils_vendor:/opt/ros/jazzy/opt/gz_tools_vendor:/opt/ros/jazzy/opt/gz_ogre_next_vendor:/opt/ros/jazzy/opt/gz_dartsim_vendor:/opt/ros/jazzy/opt/gz_cmake_vendor:/opt/ros/jazzy DEBUGINFOD_URLS=https://debuginfod.ubuntu.com PYTHONPATH=/home/juds/omnibase_ws/build/omnibase_vision:/home/juds/omnibase_ws/install/omnibase_vision/lib/python3.12/site-packages:/home/juds/omnibase_ws/build/omnibase_control:/home/juds/omnibase_ws/install/omnibase_control/lib/python3.12/site-packages:${PYTHONPATH} /usr/bin/cmake --build /home/juds/omnibase_ws/build/omnibase_bringup -- -j4 -l4
[7.034s] DEBUG:colcon.colcon_core.event_handler.log_command:Invoked command in '/home/juds/omnibase_ws/build/omnibase_bringup' returned '0': AMENT_PREFIX_PATH=/home/juds/omnibase_ws/install/omnibase_gazebo:/home/juds/omnibase_ws/install/omnibase_vision:/home/juds/omnibase_ws/install/omnibase_description:/home/juds/omnibase_ws/install/omnibase_control:${AMENT_PREFIX_PATH} CMAKE_PREFIX_PATH=/home/juds/omnibase_ws/install/omnibase_gazebo:/home/juds/omnibase_ws/install/omnibase_description:/opt/ros/jazzy/opt/gz_sim_vendor:/opt/ros/jazzy/opt/gz_sensors_vendor:/opt/ros/jazzy/opt/gz_physics_vendor:/opt/ros/jazzy/opt/sdformat_vendor:/opt/ros/jazzy/opt/gz_gui_vendor:/opt/ros/jazzy/opt/gz_transport_vendor:/opt/ros/jazzy/opt/gz_rendering_vendor:/opt/ros/jazzy/opt/gz_plugin_vendor:/opt/ros/jazzy/opt/gz_fuel_tools_vendor:/opt/ros/jazzy/opt/gz_msgs_vendor:/opt/ros/jazzy/opt/gz_common_vendor:/opt/ros/jazzy/opt/gz_math_vendor:/opt/ros/jazzy/opt/gz_utils_vendor:/opt/ros/jazzy/opt/gz_tools_vendor:/opt/ros/jazzy/opt/gz_ogre_next_vendor:/opt/ros/jazzy/opt/gz_dartsim_vendor:/opt/ros/jazzy/opt/gz_cmake_vendor:/opt/ros/jazzy DEBUGINFOD_URLS=https://debuginfod.ubuntu.com PYTHONPATH=/home/juds/omnibase_ws/build/omnibase_vision:/home/juds/omnibase_ws/install/omnibase_vision/lib/python3.12/site-packages:/home/juds/omnibase_ws/build/omnibase_control:/home/juds/omnibase_ws/install/omnibase_control/lib/python3.12/site-packages:${PYTHONPATH} /usr/bin/cmake --build /home/juds/omnibase_ws/build/omnibase_bringup -- -j4 -l4
[7.036s] DEBUG:colcon.colcon_core.event_handler.log_command:Invoking command in '/home/juds/omnibase_ws/build/omnibase_bringup': AMENT_PREFIX_PATH=/home/juds/omnibase_ws/install/omnibase_gazebo:/home/juds/omnibase_ws/install/omnibase_vision:/home/juds/omnibase_ws/install/omnibase_description:/home/juds/omnibase_ws/install/omnibase_control:${AMENT_PREFIX_PATH} CMAKE_PREFIX_PATH=/home/juds/omnibase_ws/install/omnibase_gazebo:/home/juds/omnibase_ws/install/omnibase_description:/opt/ros/jazzy/opt/gz_sim_vendor:/opt/ros/jazzy/opt/gz_sensors_vendor:/opt/ros/jazzy/opt/gz_physics_vendor:/opt/ros/jazzy/opt/sdformat_vendor:/opt/ros/jazzy/opt/gz_gui_vendor:/opt/ros/jazzy/opt/gz_transport_vendor:/opt/ros/jazzy/opt/gz_rendering_vendor:/opt/ros/jazzy/opt/gz_plugin_vendor:/opt/ros/jazzy/opt/gz_fuel_tools_vendor:/opt/ros/jazzy/opt/gz_msgs_vendor:/opt/ros/jazzy/opt/gz_common_vendor:/opt/ros/jazzy/opt/gz_math_vendor:/opt/ros/jazzy/opt/gz_utils_vendor:/opt/ros/jazzy/opt/gz_tools_vendor:/opt/ros/jazzy/opt/gz_ogre_next_vendor:/opt/ros/jazzy/opt/gz_dartsim_vendor:/opt/ros/jazzy/opt/gz_cmake_vendor:/opt/ros/jazzy DEBUGINFOD_URLS=https://debuginfod.ubuntu.com PYTHONPATH=/home/juds/omnibase_ws/build/omnibase_vision:/home/juds/omnibase_ws/install/omnibase_vision/lib/python3.12/site-packages:/home/juds/omnibase_ws/build/omnibase_control:/home/juds/omnibase_ws/install/omnibase_control/lib/python3.12/site-packages:${PYTHONPATH} /usr/bin/cmake --install /home/juds/omnibase_ws/build/omnibase_bringup
[7.356s] Level 1:colcon.colcon_core.environment:create_environment_scripts_only(omnibase_bringup)
[7.356s] Level 1:colcon.colcon_core.environment:checking '/home/juds/omnibase_ws/install/omnibase_bringup' for CMake module files
[7.357s] DEBUG:colcon.colcon_core.event_handler.log_command:Invoked command in '/home/juds/omnibase_ws/build/omnibase_bringup' returned '0': AMENT_PREFIX_PATH=/home/juds/omnibase_ws/install/omnibase_gazebo:/home/juds/omnibase_ws/install/omnibase_vision:/home/juds/omnibase_ws/install/omnibase_description:/home/juds/omnibase_ws/install/omnibase_control:${AMENT_PREFIX_PATH} CMAKE_PREFIX_PATH=/home/juds/omnibase_ws/install/omnibase_gazebo:/home/juds/omnibase_ws/install/omnibase_description:/opt/ros/jazzy/opt/gz_sim_vendor:/opt/ros/jazzy/opt/gz_sensors_vendor:/opt/ros/jazzy/opt/gz_physics_vendor:/opt/ros/jazzy/opt/sdformat_vendor:/opt/ros/jazzy/opt/gz_gui_vendor:/opt/ros/jazzy/opt/gz_transport_vendor:/opt/ros/jazzy/opt/gz_rendering_vendor:/opt/ros/jazzy/opt/gz_plugin_vendor:/opt/ros/jazzy/opt/gz_fuel_tools_vendor:/opt/ros/jazzy/opt/gz_msgs_vendor:/opt/ros/jazzy/opt/gz_common_vendor:/opt/ros/jazzy/opt/gz_math_vendor:/opt/ros/jazzy/opt/gz_utils_vendor:/opt/ros/jazzy/opt/gz_tools_vendor:/opt/ros/jazzy/opt/gz_ogre_next_vendor:/opt/ros/jazzy/opt/gz_dartsim_vendor:/opt/ros/jazzy/opt/gz_cmake_vendor:/opt/ros/jazzy DEBUGINFOD_URLS=https://debuginfod.ubuntu.com PYTHONPATH=/home/juds/omnibase_ws/build/omnibase_vision:/home/juds/omnibase_ws/install/omnibase_vision/lib/python3.12/site-packages:/home/juds/omnibase_ws/build/omnibase_control:/home/juds/omnibase_ws/install/omnibase_control/lib/python3.12/site-packages:${PYTHONPATH} /usr/bin/cmake --install /home/juds/omnibase_ws/build/omnibase_bringup
[7.358s] Level 1:colcon.colcon_core.environment:checking '/home/juds/omnibase_ws/install/omnibase_bringup' for CMake config files
[7.359s] Level 1:colcon.colcon_core.shell:create_environment_hook('omnibase_bringup', 'cmake_prefix_path')
[7.359s] INFO:colcon.colcon_core.shell:Creating environment hook '/home/juds/omnibase_ws/install/omnibase_bringup/share/omnibase_bringup/hook/cmake_prefix_path.ps1'
[7.360s] INFO:colcon.colcon_core.shell:Creating environment descriptor '/home/juds/omnibase_ws/install/omnibase_bringup/share/omnibase_bringup/hook/cmake_prefix_path.dsv'
[7.361s] INFO:colcon.colcon_core.shell:Creating environment hook '/home/juds/omnibase_ws/install/omnibase_bringup/share/omnibase_bringup/hook/cmake_prefix_path.sh'
[7.362s] Level 1:colcon.colcon_core.environment:checking '/home/juds/omnibase_ws/install/omnibase_bringup/bin'
[7.362s] Level 1:colcon.colcon_core.environment:checking '/home/juds/omnibase_ws/install/omnibase_bringup/lib/pkgconfig/omnibase_bringup.pc'
[7.363s] Level 1:colcon.colcon_core.environment:checking '/home/juds/omnibase_ws/install/omnibase_bringup/lib/python3.12/site-packages'
[7.363s] Level 1:colcon.colcon_core.environment:checking '/home/juds/omnibase_ws/install/omnibase_bringup/bin'
[7.364s] INFO:colcon.colcon_core.shell:Creating package script '/home/juds/omnibase_ws/install/omnibase_bringup/share/omnibase_bringup/package.ps1'
[7.365s] INFO:colcon.colcon_core.shell:Creating package descriptor '/home/juds/omnibase_ws/install/omnibase_bringup/share/omnibase_bringup/package.dsv'
[7.366s] INFO:colcon.colcon_core.shell:Creating package script '/home/juds/omnibase_ws/install/omnibase_bringup/share/omnibase_bringup/package.sh'
[7.367s] INFO:colcon.colcon_core.shell:Creating package script '/home/juds/omnibase_ws/install/omnibase_bringup/share/omnibase_bringup/package.bash'
[7.367s] INFO:colcon.colcon_core.shell:Creating package script '/home/juds/omnibase_ws/install/omnibase_bringup/share/omnibase_bringup/package.zsh'
[7.368s] Level 1:colcon.colcon_core.environment:create_file_with_runtime_dependencies(/home/juds/omnibase_ws/install/omnibase_bringup/share/colcon-core/packages/omnibase_bringup)
[7.369s] Level 1:colcon.colcon_core.environment:create_environment_scripts_only(omnibase_bringup)
[7.369s] Level 1:colcon.colcon_core.environment:checking '/home/juds/omnibase_ws/install/omnibase_bringup' for CMake module files
[7.370s] Level 1:colcon.colcon_core.environment:checking '/home/juds/omnibase_ws/install/omnibase_bringup' for CMake config files
[7.371s] Level 1:colcon.colcon_core.shell:create_environment_hook('omnibase_bringup', 'cmake_prefix_path')
[7.371s] INFO:colcon.colcon_core.shell:Creating environment hook '/home/juds/omnibase_ws/install/omnibase_bringup/share/omnibase_bringup/hook/cmake_prefix_path.ps1'
[7.372s] INFO:colcon.colcon_core.shell:Creating environment descriptor '/home/juds/omnibase_ws/install/omnibase_bringup/share/omnibase_bringup/hook/cmake_prefix_path.dsv'
[7.373s] INFO:colcon.colcon_core.shell:Creating environment hook '/home/juds/omnibase_ws/install/omnibase_bringup/share/omnibase_bringup/hook/cmake_prefix_path.sh'
[7.374s] Level 1:colcon.colcon_core.environment:checking '/home/juds/omnibase_ws/install/omnibase_bringup/bin'
[7.374s] Level 1:colcon.colcon_core.environment:checking '/home/juds/omnibase_ws/install/omnibase_bringup/lib/pkgconfig/omnibase_bringup.pc'
[7.375s] Level 1:colcon.colcon_core.environment:checking '/home/juds/omnibase_ws/install/omnibase_bringup/lib/python3.12/site-packages'
[7.376s] Level 1:colcon.colcon_core.environment:checking '/home/juds/omnibase_ws/install/omnibase_bringup/bin'
[7.376s] INFO:colcon.colcon_core.shell:Creating package script '/home/juds/omnibase_ws/install/omnibase_bringup/share/omnibase_bringup/package.ps1'
[7.377s] INFO:colcon.colcon_core.shell:Creating package descriptor '/home/juds/omnibase_ws/install/omnibase_bringup/share/omnibase_bringup/package.dsv'
[7.378s] INFO:colcon.colcon_core.shell:Creating package script '/home/juds/omnibase_ws/install/omnibase_bringup/share/omnibase_bringup/package.sh'
[7.379s] INFO:colcon.colcon_core.shell:Creating package script '/home/juds/omnibase_ws/install/omnibase_bringup/share/omnibase_bringup/package.bash'
[7.380s] INFO:colcon.colcon_core.shell:Creating package script '/home/juds/omnibase_ws/install/omnibase_bringup/share/omnibase_bringup/package.zsh'
[7.381s] Level 1:colcon.colcon_core.environment:create_file_with_runtime_dependencies(/home/juds/omnibase_ws/install/omnibase_bringup/share/colcon-core/packages/omnibase_bringup)
[7.382s] DEBUG:colcon.colcon_parallel_executor.executor.parallel:closing loop
[7.383s] DEBUG:colcon.colcon_parallel_executor.executor.parallel:loop closed
[7.383s] DEBUG:colcon.colcon_parallel_executor.executor.parallel:run_until_complete finished with '0'
[7.383s] DEBUG:colcon.colcon_core.event_reactor:joining thread
[7.395s] INFO:colcon.colcon_core.plugin_system:Skipping extension 'colcon_notification.desktop_notification.terminal_notifier': Not used on non-Darwin systems
[7.396s] INFO:colcon.colcon_core.plugin_system:Skipping extension 'colcon_notification.desktop_notification.win32': Not used on non-Windows systems
[7.396s] INFO:colcon.colcon_notification.desktop_notification:Sending desktop notification using 'notify2'
[7.432s] DEBUG:colcon.colcon_core.event_reactor:joined thread
[7.433s] INFO:colcon.colcon_core.shell:Creating prefix script '/home/juds/omnibase_ws/install/local_setup.ps1'
[7.436s] INFO:colcon.colcon_core.shell:Creating prefix util module '/home/juds/omnibase_ws/install/_local_setup_util_ps1.py'
[7.440s] INFO:colcon.colcon_core.shell:Creating prefix chain script '/home/juds/omnibase_ws/install/setup.ps1'
[7.443s] INFO:colcon.colcon_core.shell:Creating prefix script '/home/juds/omnibase_ws/install/local_setup.sh'
[7.444s] INFO:colcon.colcon_core.shell:Creating prefix util module '/home/juds/omnibase_ws/install/_local_setup_util_sh.py'
[7.446s] INFO:colcon.colcon_core.shell:Creating prefix chain script '/home/juds/omnibase_ws/install/setup.sh'
[7.449s] INFO:colcon.colcon_core.shell:Creating prefix script '/home/juds/omnibase_ws/install/local_setup.bash'
[7.450s] INFO:colcon.colcon_core.shell:Creating prefix chain script '/home/juds/omnibase_ws/install/setup.bash'
[7.452s] INFO:colcon.colcon_core.shell:Creating prefix script '/home/juds/omnibase_ws/install/local_setup.zsh'
[7.454s] INFO:colcon.colcon_core.shell:Creating prefix chain script '/home/juds/omnibase_ws/install/setup.zsh'
