[0.127s] Invoking command in '/home/juds/omnibase_ws/build/omnibase_gazebo': AMENT_PREFIX_PATH=/home/juds/omnibase_ws/install/omnibase_description:${AMENT_PREFIX_PATH} CMAKE_PREFIX_PATH=/home/juds/omnibase_ws/install/omnibase_description:/opt/ros/jazzy/opt/gz_sim_vendor:/opt/ros/jazzy/opt/gz_sensors_vendor:/opt/ros/jazzy/opt/gz_physics_vendor:/opt/ros/jazzy/opt/sdformat_vendor:/opt/ros/jazzy/opt/gz_gui_vendor:/opt/ros/jazzy/opt/gz_transport_vendor:/opt/ros/jazzy/opt/gz_rendering_vendor:/opt/ros/jazzy/opt/gz_plugin_vendor:/opt/ros/jazzy/opt/gz_fuel_tools_vendor:/opt/ros/jazzy/opt/gz_msgs_vendor:/opt/ros/jazzy/opt/gz_common_vendor:/opt/ros/jazzy/opt/gz_math_vendor:/opt/ros/jazzy/opt/gz_utils_vendor:/opt/ros/jazzy/opt/gz_tools_vendor:/opt/ros/jazzy/opt/gz_ogre_next_vendor:/opt/ros/jazzy/opt/gz_dartsim_vendor:/opt/ros/jazzy/opt/gz_cmake_vendor:/opt/ros/jazzy DEBUGINFOD_URLS=https://debuginfod.ubuntu.com /usr/bin/cmake --build /home/juds/omnibase_ws/build/omnibase_gazebo -- -j4 -l4
[0.836s] Invoked command in '/home/juds/omnibase_ws/build/omnibase_gazebo' returned '0': AMENT_PREFIX_PATH=/home/juds/omnibase_ws/install/omnibase_description:${AMENT_PREFIX_PATH} CMAKE_PREFIX_PATH=/home/juds/omnibase_ws/install/omnibase_description:/opt/ros/jazzy/opt/gz_sim_vendor:/opt/ros/jazzy/opt/gz_sensors_vendor:/opt/ros/jazzy/opt/gz_physics_vendor:/opt/ros/jazzy/opt/sdformat_vendor:/opt/ros/jazzy/opt/gz_gui_vendor:/opt/ros/jazzy/opt/gz_transport_vendor:/opt/ros/jazzy/opt/gz_rendering_vendor:/opt/ros/jazzy/opt/gz_plugin_vendor:/opt/ros/jazzy/opt/gz_fuel_tools_vendor:/opt/ros/jazzy/opt/gz_msgs_vendor:/opt/ros/jazzy/opt/gz_common_vendor:/opt/ros/jazzy/opt/gz_math_vendor:/opt/ros/jazzy/opt/gz_utils_vendor:/opt/ros/jazzy/opt/gz_tools_vendor:/opt/ros/jazzy/opt/gz_ogre_next_vendor:/opt/ros/jazzy/opt/gz_dartsim_vendor:/opt/ros/jazzy/opt/gz_cmake_vendor:/opt/ros/jazzy DEBUGINFOD_URLS=https://debuginfod.ubuntu.com /usr/bin/cmake --build /home/juds/omnibase_ws/build/omnibase_gazebo -- -j4 -l4
[0.859s] Invoking command in '/home/juds/omnibase_ws/build/omnibase_gazebo': AMENT_PREFIX_PATH=/home/juds/omnibase_ws/install/omnibase_description:${AMENT_PREFIX_PATH} CMAKE_PREFIX_PATH=/home/juds/omnibase_ws/install/omnibase_description:/opt/ros/jazzy/opt/gz_sim_vendor:/opt/ros/jazzy/opt/gz_sensors_vendor:/opt/ros/jazzy/opt/gz_physics_vendor:/opt/ros/jazzy/opt/sdformat_vendor:/opt/ros/jazzy/opt/gz_gui_vendor:/opt/ros/jazzy/opt/gz_transport_vendor:/opt/ros/jazzy/opt/gz_rendering_vendor:/opt/ros/jazzy/opt/gz_plugin_vendor:/opt/ros/jazzy/opt/gz_fuel_tools_vendor:/opt/ros/jazzy/opt/gz_msgs_vendor:/opt/ros/jazzy/opt/gz_common_vendor:/opt/ros/jazzy/opt/gz_math_vendor:/opt/ros/jazzy/opt/gz_utils_vendor:/opt/ros/jazzy/opt/gz_tools_vendor:/opt/ros/jazzy/opt/gz_ogre_next_vendor:/opt/ros/jazzy/opt/gz_dartsim_vendor:/opt/ros/jazzy/opt/gz_cmake_vendor:/opt/ros/jazzy DEBUGINFOD_URLS=https://debuginfod.ubuntu.com /usr/bin/cmake --install /home/juds/omnibase_ws/build/omnibase_gazebo
[0.995s] -- Install configuration: ""
[1.015s] -- Execute custom install script
[1.021s] -- Up-to-date symlink: /home/juds/omnibase_ws/install/omnibase_gazebo/share/omnibase_gazebo/worlds/tracking_world.sdf
[1.038s] -- Up-to-date symlink: /home/juds/omnibase_ws/install/omnibase_gazebo/share/omnibase_gazebo/models/led_marker/model.config
[1.046s] -- Up-to-date symlink: /home/juds/omnibase_ws/install/omnibase_gazebo/share/omnibase_gazebo/models/led_marker/model.sdf
[1.046s] -- Up-to-date symlink: /home/juds/omnibase_ws/install/omnibase_gazebo/share/omnibase_gazebo/config/ros_gz_bridge.yaml
[1.052s] -- Up-to-date symlink: /home/juds/omnibase_ws/install/omnibase_gazebo/share/omnibase_gazebo/launch/simulation.launch.py
[1.056s] -- Up-to-date symlink: /home/juds/omnibase_ws/install/omnibase_gazebo/share/ament_index/resource_index/package_run_dependencies/omnibase_gazebo
[1.056s] -- Up-to-date symlink: /home/juds/omnibase_ws/install/omnibase_gazebo/share/ament_index/resource_index/parent_prefix_path/omnibase_gazebo
[1.062s] -- Up-to-date symlink: /home/juds/omnibase_ws/install/omnibase_gazebo/share/omnibase_gazebo/environment/ament_prefix_path.sh
[1.064s] -- Up-to-date symlink: /home/juds/omnibase_ws/install/omnibase_gazebo/share/omnibase_gazebo/environment/ament_prefix_path.dsv
[1.066s] -- Up-to-date symlink: /home/juds/omnibase_ws/install/omnibase_gazebo/share/omnibase_gazebo/environment/path.sh
[1.067s] -- Up-to-date symlink: /home/juds/omnibase_ws/install/omnibase_gazebo/share/omnibase_gazebo/environment/path.dsv
[1.067s] -- Up-to-date symlink: /home/juds/omnibase_ws/install/omnibase_gazebo/share/omnibase_gazebo/local_setup.bash
[1.067s] -- Up-to-date symlink: /home/juds/omnibase_ws/install/omnibase_gazebo/share/omnibase_gazebo/local_setup.sh
[1.081s] -- Up-to-date symlink: /home/juds/omnibase_ws/install/omnibase_gazebo/share/omnibase_gazebo/local_setup.zsh
[1.081s] -- Up-to-date symlink: /home/juds/omnibase_ws/install/omnibase_gazebo/share/omnibase_gazebo/local_setup.dsv
[1.081s] -- Symlinking: /home/juds/omnibase_ws/install/omnibase_gazebo/share/omnibase_gazebo/package.dsv
[1.142s] -- Up-to-date symlink: /home/juds/omnibase_ws/install/omnibase_gazebo/share/ament_index/resource_index/packages/omnibase_gazebo
[1.144s] -- Up-to-date symlink: /home/juds/omnibase_ws/install/omnibase_gazebo/share/omnibase_gazebo/cmake/omnibase_gazeboConfig.cmake
[1.144s] -- Up-to-date symlink: /home/juds/omnibase_ws/install/omnibase_gazebo/share/omnibase_gazebo/cmake/omnibase_gazeboConfig-version.cmake
[1.165s] -- Up-to-date symlink: /home/juds/omnibase_ws/install/omnibase_gazebo/share/omnibase_gazebo/package.xml
[1.191s] Invoked command in '/home/juds/omnibase_ws/build/omnibase_gazebo' returned '0': AMENT_PREFIX_PATH=/home/juds/omnibase_ws/install/omnibase_description:${AMENT_PREFIX_PATH} CMAKE_PREFIX_PATH=/home/juds/omnibase_ws/install/omnibase_description:/opt/ros/jazzy/opt/gz_sim_vendor:/opt/ros/jazzy/opt/gz_sensors_vendor:/opt/ros/jazzy/opt/gz_physics_vendor:/opt/ros/jazzy/opt/sdformat_vendor:/opt/ros/jazzy/opt/gz_gui_vendor:/opt/ros/jazzy/opt/gz_transport_vendor:/opt/ros/jazzy/opt/gz_rendering_vendor:/opt/ros/jazzy/opt/gz_plugin_vendor:/opt/ros/jazzy/opt/gz_fuel_tools_vendor:/opt/ros/jazzy/opt/gz_msgs_vendor:/opt/ros/jazzy/opt/gz_common_vendor:/opt/ros/jazzy/opt/gz_math_vendor:/opt/ros/jazzy/opt/gz_utils_vendor:/opt/ros/jazzy/opt/gz_tools_vendor:/opt/ros/jazzy/opt/gz_ogre_next_vendor:/opt/ros/jazzy/opt/gz_dartsim_vendor:/opt/ros/jazzy/opt/gz_cmake_vendor:/opt/ros/jazzy DEBUGINFOD_URLS=https://debuginfod.ubuntu.com /usr/bin/cmake --install /home/juds/omnibase_ws/build/omnibase_gazebo
