[0.020s] Invoking command in '/home/seth/base_ws/build/mecanumbot_description': CMAKE_PREFIX_PATH=${CMAKE_PREFIX_PATH}:/home/seth/omnibase_ws/install/omnibase_vision:/home/seth/omnibase_ws/install/omnibase_control:/opt/ros/jazzy DEBUGINFOD_URLS=https://debuginfod.ubuntu.com /usr/bin/cmake --build /home/seth/base_ws/build/mecanumbot_description -- -j12 -l12
[0.069s] Invoked command in '/home/seth/base_ws/build/mecanumbot_description' returned '0': CMAKE_PREFIX_PATH=${CMAKE_PREFIX_PATH}:/home/seth/omnibase_ws/install/omnibase_vision:/home/seth/omnibase_ws/install/omnibase_control:/opt/ros/jazzy DEBUGINFOD_URLS=https://debuginfod.ubuntu.com /usr/bin/cmake --build /home/seth/base_ws/build/mecanumbot_description -- -j12 -l12
[0.077s] Invoking command in '/home/seth/base_ws/build/mecanumbot_description': CMAKE_PREFIX_PATH=${CMAKE_PREFIX_PATH}:/home/seth/omnibase_ws/install/omnibase_vision:/home/seth/omnibase_ws/install/omnibase_control:/opt/ros/jazzy DEBUGINFOD_URLS=https://debuginfod.ubuntu.com /usr/bin/cmake --install /home/seth/base_ws/build/mecanumbot_description
[0.082s] -- Install configuration: ""
[0.083s] -- Execute custom install script
[0.085s] -- Up-to-date symlink: /home/seth/base_ws/install/mecanumbot_description/share/mecanumbot_description/urdf/mecanumbot.urdf
[0.085s] -- Up-to-date symlink: /home/seth/base_ws/install/mecanumbot_description/share/mecanumbot_description/urdf/mecanumbot_sim.urdf
[0.085s] -- Up-to-date symlink: /home/seth/base_ws/install/mecanumbot_description/share/mecanumbot_description/rviz/model.rviz
[0.085s] -- Up-to-date symlink: /home/seth/base_ws/install/mecanumbot_description/share/mecanumbot_description/meshes/fl_wheel_link.STL
[0.086s] -- Up-to-date symlink: /home/seth/base_ws/install/mecanumbot_description/share/mecanumbot_description/meshes/fr_wheel_link.STL
[0.086s] -- Up-to-date symlink: /home/seth/base_ws/install/mecanumbot_description/share/mecanumbot_description/meshes/rl_wheel_link.STL
[0.086s] -- Up-to-date symlink: /home/seth/base_ws/install/mecanumbot_description/share/mecanumbot_description/meshes/rr_wheel_link.STL
[0.086s] -- Up-to-date symlink: /home/seth/base_ws/install/mecanumbot_description/share/mecanumbot_description/config/robot_controller_config.yaml
[0.086s] -- Up-to-date symlink: /home/seth/base_ws/install/mecanumbot_description/share/mecanumbot_description/config/sim_controller_config.yaml
[0.086s] -- Up-to-date symlink: /home/seth/base_ws/install/mecanumbot_description/share/ament_index/resource_index/package_run_dependencies/mecanumbot_description
[0.086s] -- Up-to-date symlink: /home/seth/base_ws/install/mecanumbot_description/share/ament_index/resource_index/parent_prefix_path/mecanumbot_description
[0.086s] -- Up-to-date symlink: /home/seth/base_ws/install/mecanumbot_description/share/mecanumbot_description/environment/ament_prefix_path.sh
[0.086s] -- Up-to-date symlink: /home/seth/base_ws/install/mecanumbot_description/share/mecanumbot_description/environment/ament_prefix_path.dsv
[0.086s] -- Up-to-date symlink: /home/seth/base_ws/install/mecanumbot_description/share/mecanumbot_description/environment/path.sh
[0.087s] -- Up-to-date symlink: /home/seth/base_ws/install/mecanumbot_description/share/mecanumbot_description/environment/path.dsv
[0.087s] -- Up-to-date symlink: /home/seth/base_ws/install/mecanumbot_description/share/mecanumbot_description/local_setup.bash
[0.087s] -- Up-to-date symlink: /home/seth/base_ws/install/mecanumbot_description/share/mecanumbot_description/local_setup.sh
[0.087s] -- Up-to-date symlink: /home/seth/base_ws/install/mecanumbot_description/share/mecanumbot_description/local_setup.zsh
[0.087s] -- Up-to-date symlink: /home/seth/base_ws/install/mecanumbot_description/share/mecanumbot_description/local_setup.dsv
[0.087s] -- Symlinking: /home/seth/base_ws/install/mecanumbot_description/share/mecanumbot_description/package.dsv
[0.094s] -- Up-to-date symlink: /home/seth/base_ws/install/mecanumbot_description/share/ament_index/resource_index/packages/mecanumbot_description
[0.094s] -- Up-to-date symlink: /home/seth/base_ws/install/mecanumbot_description/share/mecanumbot_description/cmake/mecanumbot_descriptionConfig.cmake
[0.094s] -- Up-to-date symlink: /home/seth/base_ws/install/mecanumbot_description/share/mecanumbot_description/cmake/mecanumbot_descriptionConfig-version.cmake
[0.094s] -- Up-to-date symlink: /home/seth/base_ws/install/mecanumbot_description/share/mecanumbot_description/package.xml
[0.095s] Invoked command in '/home/seth/base_ws/build/mecanumbot_description' returned '0': CMAKE_PREFIX_PATH=${CMAKE_PREFIX_PATH}:/home/seth/omnibase_ws/install/omnibase_vision:/home/seth/omnibase_ws/install/omnibase_control:/opt/ros/jazzy DEBUGINFOD_URLS=https://debuginfod.ubuntu.com /usr/bin/cmake --install /home/seth/base_ws/build/mecanumbot_description
