-- Found ament_cmake: 2.5.4 (/opt/ros/jazzy/share/ament_cmake/cmake)
-- Override CMake install command with custom implementation using symlinks instead of copying resources
-- Configuring done (0.3s)
-- Generating done (0.0s)
-- Build files have been written to: /home/seth/omnibase_ws/build/omnibase_bringup
-- Install configuration: ""
-- Execute custom install script
-- Up-to-date symlink: /home/seth/omnibase_ws/install/omnibase_bringup/share/omnibase_bringup/launch/full_simulation.launch.py
-- Up-to-date symlink: /home/seth/omnibase_ws/install/omnibase_bringup/share/ament_index/resource_index/package_run_dependencies/omnibase_bringup
-- Up-to-date symlink: /home/seth/omnibase_ws/install/omnibase_bringup/share/ament_index/resource_index/parent_prefix_path/omnibase_bringup
-- Up-to-date symlink: /home/seth/omnibase_ws/install/omnibase_bringup/share/omnibase_bringup/environment/ament_prefix_path.sh
-- Up-to-date symlink: /home/seth/omnibase_ws/install/omnibase_bringup/share/omnibase_bringup/environment/ament_prefix_path.dsv
-- Up-to-date symlink: /home/seth/omnibase_ws/install/omnibase_bringup/share/omnibase_bringup/environment/path.sh
-- Up-to-date symlink: /home/seth/omnibase_ws/install/omnibase_bringup/share/omnibase_bringup/environment/path.dsv
-- Up-to-date symlink: /home/seth/omnibase_ws/install/omnibase_bringup/share/omnibase_bringup/local_setup.bash
-- Up-to-date symlink: /home/seth/omnibase_ws/install/omnibase_bringup/share/omnibase_bringup/local_setup.sh
-- Up-to-date symlink: /home/seth/omnibase_ws/install/omnibase_bringup/share/omnibase_bringup/local_setup.zsh
-- Up-to-date symlink: /home/seth/omnibase_ws/install/omnibase_bringup/share/omnibase_bringup/local_setup.dsv
-- Symlinking: /home/seth/omnibase_ws/install/omnibase_bringup/share/omnibase_bringup/package.dsv
-- Up-to-date symlink: /home/seth/omnibase_ws/install/omnibase_bringup/share/ament_index/resource_index/packages/omnibase_bringup
-- Up-to-date symlink: /home/seth/omnibase_ws/install/omnibase_bringup/share/omnibase_bringup/cmake/omnibase_bringupConfig.cmake
-- Up-to-date symlink: /home/seth/omnibase_ws/install/omnibase_bringup/share/omnibase_bringup/cmake/omnibase_bringupConfig-version.cmake
-- Up-to-date symlink: /home/seth/omnibase_ws/install/omnibase_bringup/share/omnibase_bringup/package.xml
