running develop
Removing /home/seth/omnibase_ws/install/omnibase_vision/lib/python3.12/site-packages/omnibase-vision.egg-link (link to .)
running egg_info
writing ../../build/omnibase_vision/omnibase_vision.egg-info/PKG-INFO
writing dependency_links to ../../build/omnibase_vision/omnibase_vision.egg-info/dependency_links.txt
writing entry points to ../../build/omnibase_vision/omnibase_vision.egg-info/entry_points.txt
writing requirements to ../../build/omnibase_vision/omnibase_vision.egg-info/requires.txt
writing top-level names to ../../build/omnibase_vision/omnibase_vision.egg-info/top_level.txt
reading manifest file '../../build/omnibase_vision/omnibase_vision.egg-info/SOURCES.txt'
writing manifest file '../../build/omnibase_vision/omnibase_vision.egg-info/SOURCES.txt'
running build
running build_py
creating /home/seth/omnibase_ws/build/omnibase_vision/build
creating /home/seth/omnibase_ws/build/omnibase_vision/build/lib
creating /home/seth/omnibase_ws/build/omnibase_vision/build/lib/omnibase_vision
copying omnibase_vision/__init__.py -> /home/seth/omnibase_ws/build/omnibase_vision/build/lib/omnibase_vision
copying omnibase_vision/led_detector.py -> /home/seth/omnibase_ws/build/omnibase_vision/build/lib/omnibase_vision
copying omnibase_vision/base_tracker.py -> /home/seth/omnibase_ws/build/omnibase_vision/build/lib/omnibase_vision
running install
running install_lib
creating /home/seth/omnibase_ws/install/omnibase_vision/lib/python3.12/site-packages/omnibase_vision
copying /home/seth/omnibase_ws/build/omnibase_vision/build/lib/omnibase_vision/__init__.py -> /home/seth/omnibase_ws/install/omnibase_vision/lib/python3.12/site-packages/omnibase_vision
copying /home/seth/omnibase_ws/build/omnibase_vision/build/lib/omnibase_vision/led_detector.py -> /home/seth/omnibase_ws/install/omnibase_vision/lib/python3.12/site-packages/omnibase_vision
copying /home/seth/omnibase_ws/build/omnibase_vision/build/lib/omnibase_vision/base_tracker.py -> /home/seth/omnibase_ws/install/omnibase_vision/lib/python3.12/site-packages/omnibase_vision
byte-compiling /home/seth/omnibase_ws/install/omnibase_vision/lib/python3.12/site-packages/omnibase_vision/__init__.py to __init__.cpython-312.pyc
byte-compiling /home/seth/omnibase_ws/install/omnibase_vision/lib/python3.12/site-packages/omnibase_vision/led_detector.py to led_detector.cpython-312.pyc
byte-compiling /home/seth/omnibase_ws/install/omnibase_vision/lib/python3.12/site-packages/omnibase_vision/base_tracker.py to base_tracker.cpython-312.pyc
running install_data
copying resource/omnibase_vision -> /home/seth/omnibase_ws/install/omnibase_vision/share/ament_index/resource_index/packages
copying package.xml -> /home/seth/omnibase_ws/install/omnibase_vision/share/omnibase_vision
copying launch/vision.launch.py -> /home/seth/omnibase_ws/install/omnibase_vision/share/omnibase_vision/launch
running install_egg_info
Copying ../../build/omnibase_vision/omnibase_vision.egg-info to /home/seth/omnibase_ws/install/omnibase_vision/lib/python3.12/site-packages/omnibase_vision-0.1.0-py3.12.egg-info
running install_scripts
Installing base_tracker script to /home/seth/omnibase_ws/install/omnibase_vision/lib/omnibase_vision
Installing led_detector script to /home/seth/omnibase_ws/install/omnibase_vision/lib/omnibase_vision
writing list of installed files to '/home/seth/omnibase_ws/build/omnibase_vision/install.log'
