[0.421s] Invoking command in '/home/seth/omnibase_ws/build/omnibase_vision': DEBUGINFOD_URLS=https://debuginfod.ubuntu.com PYTHONPATH=/home/seth/omnibase_ws/build/omnibase_vision/prefix_override:/usr/lib/python3/dist-packages/colcon_core/task/python/colcon_distutils_commands:/home/seth/omnibase_ws/install/omnibase_vision/lib/python3.12/site-packages:${PYTHONPATH} /usr/bin/python3 -W ignore:setup.py install is deprecated -W ignore:easy_install command is deprecated setup.py develop --uninstall --editable --build-directory /home/seth/omnibase_ws/build/omnibase_vision/build
[0.564s] running develop
[0.649s] Removing /home/seth/omnibase_ws/install/omnibase_vision/lib/python3.12/site-packages/omnibase-vision.egg-link (link to .)
[0.664s] Invoked command in '/home/seth/omnibase_ws/build/omnibase_vision' returned '0': DEBUGINFOD_URLS=https://debuginfod.ubuntu.com PYTHONPATH=/home/seth/omnibase_ws/build/omnibase_vision/prefix_override:/usr/lib/python3/dist-packages/colcon_core/task/python/colcon_distutils_commands:/home/seth/omnibase_ws/install/omnibase_vision/lib/python3.12/site-packages:${PYTHONPATH} /usr/bin/python3 -W ignore:setup.py install is deprecated -W ignore:easy_install command is deprecated setup.py develop --uninstall --editable --build-directory /home/seth/omnibase_ws/build/omnibase_vision/build
[0.665s] Invoking command in '/home/seth/omnibase_ws/src/omnibase_vision': DEBUGINFOD_URLS=https://debuginfod.ubuntu.com PYTHONPATH=/home/seth/omnibase_ws/build/omnibase_vision/prefix_override:/usr/lib/python3/dist-packages/colcon_core/task/python/colcon_distutils_commands:/home/seth/omnibase_ws/install/omnibase_vision/lib/python3.12/site-packages:${PYTHONPATH} /usr/bin/python3 -W ignore:setup.py install is deprecated -W ignore:easy_install command is deprecated setup.py egg_info --egg-base ../../build/omnibase_vision build --build-base /home/seth/omnibase_ws/build/omnibase_vision/build install --record /home/seth/omnibase_ws/build/omnibase_vision/install.log --single-version-externally-managed install_data --force
[0.783s] running egg_info
[0.790s] writing ../../build/omnibase_vision/omnibase_vision.egg-info/PKG-INFO
[0.790s] writing dependency_links to ../../build/omnibase_vision/omnibase_vision.egg-info/dependency_links.txt
[0.790s] writing entry points to ../../build/omnibase_vision/omnibase_vision.egg-info/entry_points.txt
[0.791s] writing requirements to ../../build/omnibase_vision/omnibase_vision.egg-info/requires.txt
[0.791s] writing top-level names to ../../build/omnibase_vision/omnibase_vision.egg-info/top_level.txt
[0.806s] reading manifest file '../../build/omnibase_vision/omnibase_vision.egg-info/SOURCES.txt'
[0.809s] writing manifest file '../../build/omnibase_vision/omnibase_vision.egg-info/SOURCES.txt'
[0.810s] running build
[0.810s] running build_py
[0.810s] creating /home/seth/omnibase_ws/build/omnibase_vision/build
[0.810s] creating /home/seth/omnibase_ws/build/omnibase_vision/build/lib
[0.810s] creating /home/seth/omnibase_ws/build/omnibase_vision/build/lib/omnibase_vision
[0.810s] copying omnibase_vision/__init__.py -> /home/seth/omnibase_ws/build/omnibase_vision/build/lib/omnibase_vision
[0.810s] copying omnibase_vision/led_detector.py -> /home/seth/omnibase_ws/build/omnibase_vision/build/lib/omnibase_vision
[0.810s] copying omnibase_vision/base_tracker.py -> /home/seth/omnibase_ws/build/omnibase_vision/build/lib/omnibase_vision
[0.810s] running install
[0.813s] running install_lib
[0.821s] creating /home/seth/omnibase_ws/install/omnibase_vision/lib/python3.12/site-packages/omnibase_vision
[0.822s] copying /home/seth/omnibase_ws/build/omnibase_vision/build/lib/omnibase_vision/__init__.py -> /home/seth/omnibase_ws/install/omnibase_vision/lib/python3.12/site-packages/omnibase_vision
[0.822s] copying /home/seth/omnibase_ws/build/omnibase_vision/build/lib/omnibase_vision/led_detector.py -> /home/seth/omnibase_ws/install/omnibase_vision/lib/python3.12/site-packages/omnibase_vision
[0.822s] copying /home/seth/omnibase_ws/build/omnibase_vision/build/lib/omnibase_vision/base_tracker.py -> /home/seth/omnibase_ws/install/omnibase_vision/lib/python3.12/site-packages/omnibase_vision
[0.822s] byte-compiling /home/seth/omnibase_ws/install/omnibase_vision/lib/python3.12/site-packages/omnibase_vision/__init__.py to __init__.cpython-312.pyc
[0.822s] byte-compiling /home/seth/omnibase_ws/install/omnibase_vision/lib/python3.12/site-packages/omnibase_vision/led_detector.py to led_detector.cpython-312.pyc
[0.823s] byte-compiling /home/seth/omnibase_ws/install/omnibase_vision/lib/python3.12/site-packages/omnibase_vision/base_tracker.py to base_tracker.cpython-312.pyc
[0.823s] running install_data
[0.823s] copying resource/omnibase_vision -> /home/seth/omnibase_ws/install/omnibase_vision/share/ament_index/resource_index/packages
[0.824s] copying package.xml -> /home/seth/omnibase_ws/install/omnibase_vision/share/omnibase_vision
[0.824s] copying launch/vision.launch.py -> /home/seth/omnibase_ws/install/omnibase_vision/share/omnibase_vision/launch
[0.824s] running install_egg_info
[0.833s] Copying ../../build/omnibase_vision/omnibase_vision.egg-info to /home/seth/omnibase_ws/install/omnibase_vision/lib/python3.12/site-packages/omnibase_vision-0.1.0-py3.12.egg-info
[0.833s] running install_scripts
[0.892s] Installing base_tracker script to /home/seth/omnibase_ws/install/omnibase_vision/lib/omnibase_vision
[0.892s] Installing led_detector script to /home/seth/omnibase_ws/install/omnibase_vision/lib/omnibase_vision
[0.892s] writing list of installed files to '/home/seth/omnibase_ws/build/omnibase_vision/install.log'
[0.906s] Invoked command in '/home/seth/omnibase_ws/src/omnibase_vision' returned '0': DEBUGINFOD_URLS=https://debuginfod.ubuntu.com PYTHONPATH=/home/seth/omnibase_ws/build/omnibase_vision/prefix_override:/usr/lib/python3/dist-packages/colcon_core/task/python/colcon_distutils_commands:/home/seth/omnibase_ws/install/omnibase_vision/lib/python3.12/site-packages:${PYTHONPATH} /usr/bin/python3 -W ignore:setup.py install is deprecated -W ignore:easy_install command is deprecated setup.py egg_info --egg-base ../../build/omnibase_vision build --build-base /home/seth/omnibase_ws/build/omnibase_vision/build install --record /home/seth/omnibase_ws/build/omnibase_vision/install.log --single-version-externally-managed install_data --force
