[0.055s] DEBUG:colcon:Command line arguments: ['/usr/bin/colcon', 'build', '--packages-select', 'omnibase_description', 'omnibase_control']
[0.055s] DEBUG:colcon:Parsed command line arguments: Namespace(log_base=None, log_level=None, verb_name='build', build_base='build', install_base='install', merge_install=False, symlink_install=False, test_result_base=None, continue_on_error=False, executor='parallel', parallel_workers=12, event_handlers=None, ignore_user_meta=False, metas=['./colcon.meta'], base_paths=['.'], packages_ignore=None, packages_ignore_regex=None, paths=None, packages_up_to=None, packages_up_to_regex=None, packages_above=None, packages_above_and_dependencies=None, packages_above_depth=None, packages_select_by_dep=None, packages_skip_by_dep=None, packages_skip_up_to=None, packages_select_build_failed=False, packages_skip_build_finished=False, packages_select_test_failures=False, packages_skip_test_passed=False, packages_select=['omnibase_description', 'omnibase_control'], packages_skip=None, packages_select_regex=None, packages_skip_regex=None, packages_start=None, packages_end=None, allow_overriding=[], cmake_args=None, cmake_target=None, cmake_target_skip_unavailable=False, cmake_clean_cache=False, cmake_clean_first=False, cmake_force_configure=False, ament_cmake_args=None, catkin_cmake_args=None, catkin_skip_building_tests=False, verb_parser=<colcon_defaults.argument_parser.defaults.DefaultArgumentsDecorator object at 0x788943b7a900>, verb_extension=<colcon_core.verb.build.BuildVerb object at 0x788943ca3110>, main=<bound method BuildVerb.main of <colcon_core.verb.build.BuildVerb object at 0x788943ca3110>>)
[0.096s] Level 1:colcon.colcon_core.package_discovery:discover_packages(colcon_meta) check parameters
[0.096s] Level 1:colcon.colcon_core.package_discovery:discover_packages(recursive) check parameters
[0.096s] Level 1:colcon.colcon_core.package_discovery:discover_packages(ignore) check parameters
[0.096s] Level 1:colcon.colcon_core.package_discovery:discover_packages(path) check parameters
[0.096s] Level 1:colcon.colcon_core.package_discovery:discover_packages(colcon_meta) discover
[0.096s] Level 1:colcon.colcon_core.package_discovery:discover_packages(recursive) discover
[0.096s] INFO:colcon.colcon_core.package_discovery:Crawling recursively for packages in '/home/seth/omnibase_ws'
[0.096s] Level 1:colcon.colcon_core.package_identification:_identify(.) by extensions ['ignore', 'ignore_ament_install']
[0.096s] Level 1:colcon.colcon_core.package_identification:_identify(.) by extension 'ignore'
[0.096s] Level 1:colcon.colcon_core.package_identification:_identify(.) by extension 'ignore_ament_install'
[0.096s] Level 1:colcon.colcon_core.package_identification:_identify(.) by extensions ['colcon_pkg']
[0.096s] Level 1:colcon.colcon_core.package_identification:_identify(.) by extension 'colcon_pkg'
[0.096s] Level 1:colcon.colcon_core.package_identification:_identify(.) by extensions ['colcon_meta']
[0.096s] Level 1:colcon.colcon_core.package_identification:_identify(.) by extension 'colcon_meta'
[0.096s] Level 1:colcon.colcon_core.package_identification:_identify(.) by extensions ['ros']
[0.096s] Level 1:colcon.colcon_core.package_identification:_identify(.) by extension 'ros'
[0.110s] Level 1:colcon.colcon_core.package_identification:_identify(.) by extensions ['cmake', 'python']
[0.110s] Level 1:colcon.colcon_core.package_identification:_identify(.) by extension 'cmake'
[0.110s] Level 1:colcon.colcon_core.package_identification:_identify(.) by extension 'python'
[0.110s] Level 1:colcon.colcon_core.package_identification:_identify(.) by extensions ['python_setup_py']
[0.110s] Level 1:colcon.colcon_core.package_identification:_identify(.) by extension 'python_setup_py'
[0.110s] Level 1:colcon.colcon_core.package_identification:_identify(build) by extensions ['ignore', 'ignore_ament_install']
[0.110s] Level 1:colcon.colcon_core.package_identification:_identify(build) by extension 'ignore'
[0.111s] Level 1:colcon.colcon_core.package_identification:_identify(build) ignored
[0.111s] Level 1:colcon.colcon_core.package_identification:_identify(install) by extensions ['ignore', 'ignore_ament_install']
[0.111s] Level 1:colcon.colcon_core.package_identification:_identify(install) by extension 'ignore'
[0.111s] Level 1:colcon.colcon_core.package_identification:_identify(install) ignored
[0.111s] Level 1:colcon.colcon_core.package_identification:_identify(log) by extensions ['ignore', 'ignore_ament_install']
[0.111s] Level 1:colcon.colcon_core.package_identification:_identify(log) by extension 'ignore'
[0.111s] Level 1:colcon.colcon_core.package_identification:_identify(log) ignored
[0.111s] Level 1:colcon.colcon_core.package_identification:_identify(src) by extensions ['ignore', 'ignore_ament_install']
[0.111s] Level 1:colcon.colcon_core.package_identification:_identify(src) by extension 'ignore'
[0.111s] Level 1:colcon.colcon_core.package_identification:_identify(src) by extension 'ignore_ament_install'
[0.111s] Level 1:colcon.colcon_core.package_identification:_identify(src) by extensions ['colcon_pkg']
[0.111s] Level 1:colcon.colcon_core.package_identification:_identify(src) by extension 'colcon_pkg'
[0.111s] Level 1:colcon.colcon_core.package_identification:_identify(src) by extensions ['colcon_meta']
[0.111s] Level 1:colcon.colcon_core.package_identification:_identify(src) by extension 'colcon_meta'
[0.111s] Level 1:colcon.colcon_core.package_identification:_identify(src) by extensions ['ros']
[0.111s] Level 1:colcon.colcon_core.package_identification:_identify(src) by extension 'ros'
[0.111s] Level 1:colcon.colcon_core.package_identification:_identify(src) by extensions ['cmake', 'python']
[0.111s] Level 1:colcon.colcon_core.package_identification:_identify(src) by extension 'cmake'
[0.111s] Level 1:colcon.colcon_core.package_identification:_identify(src) by extension 'python'
[0.111s] Level 1:colcon.colcon_core.package_identification:_identify(src) by extensions ['python_setup_py']
[0.111s] Level 1:colcon.colcon_core.package_identification:_identify(src) by extension 'python_setup_py'
[0.111s] Level 1:colcon.colcon_core.package_identification:_identify(src/omnibase_bringup) by extensions ['ignore', 'ignore_ament_install']
[0.111s] Level 1:colcon.colcon_core.package_identification:_identify(src/omnibase_bringup) by extension 'ignore'
[0.111s] Level 1:colcon.colcon_core.package_identification:_identify(src/omnibase_bringup) by extension 'ignore_ament_install'
[0.111s] Level 1:colcon.colcon_core.package_identification:_identify(src/omnibase_bringup) by extensions ['colcon_pkg']
[0.111s] Level 1:colcon.colcon_core.package_identification:_identify(src/omnibase_bringup) by extension 'colcon_pkg'
[0.111s] Level 1:colcon.colcon_core.package_identification:_identify(src/omnibase_bringup) by extensions ['colcon_meta']
[0.111s] Level 1:colcon.colcon_core.package_identification:_identify(src/omnibase_bringup) by extension 'colcon_meta'
[0.111s] Level 1:colcon.colcon_core.package_identification:_identify(src/omnibase_bringup) by extensions ['ros']
[0.111s] Level 1:colcon.colcon_core.package_identification:_identify(src/omnibase_bringup) by extension 'ros'
[0.113s] DEBUG:colcon.colcon_core.package_identification:Package 'src/omnibase_bringup' with type 'ros.ament_cmake' and name 'omnibase_bringup'
[0.113s] Level 1:colcon.colcon_core.package_identification:_identify(src/omnibase_control) by extensions ['ignore', 'ignore_ament_install']
[0.113s] Level 1:colcon.colcon_core.package_identification:_identify(src/omnibase_control) by extension 'ignore'
[0.113s] Level 1:colcon.colcon_core.package_identification:_identify(src/omnibase_control) by extension 'ignore_ament_install'
[0.113s] Level 1:colcon.colcon_core.package_identification:_identify(src/omnibase_control) by extensions ['colcon_pkg']
[0.113s] Level 1:colcon.colcon_core.package_identification:_identify(src/omnibase_control) by extension 'colcon_pkg'
[0.113s] Level 1:colcon.colcon_core.package_identification:_identify(src/omnibase_control) by extensions ['colcon_meta']
[0.113s] Level 1:colcon.colcon_core.package_identification:_identify(src/omnibase_control) by extension 'colcon_meta'
[0.113s] Level 1:colcon.colcon_core.package_identification:_identify(src/omnibase_control) by extensions ['ros']
[0.113s] Level 1:colcon.colcon_core.package_identification:_identify(src/omnibase_control) by extension 'ros'
[0.113s] DEBUG:colcon.colcon_core.package_identification:Package 'src/omnibase_control' with type 'ros.ament_python' and name 'omnibase_control'
[0.113s] Level 1:colcon.colcon_core.package_identification:_identify(src/omnibase_description) by extensions ['ignore', 'ignore_ament_install']
[0.113s] Level 1:colcon.colcon_core.package_identification:_identify(src/omnibase_description) by extension 'ignore'
[0.114s] Level 1:colcon.colcon_core.package_identification:_identify(src/omnibase_description) by extension 'ignore_ament_install'
[0.114s] Level 1:colcon.colcon_core.package_identification:_identify(src/omnibase_description) by extensions ['colcon_pkg']
[0.114s] Level 1:colcon.colcon_core.package_identification:_identify(src/omnibase_description) by extension 'colcon_pkg'
[0.114s] Level 1:colcon.colcon_core.package_identification:_identify(src/omnibase_description) by extensions ['colcon_meta']
[0.114s] Level 1:colcon.colcon_core.package_identification:_identify(src/omnibase_description) by extension 'colcon_meta'
[0.114s] Level 1:colcon.colcon_core.package_identification:_identify(src/omnibase_description) by extensions ['ros']
[0.114s] Level 1:colcon.colcon_core.package_identification:_identify(src/omnibase_description) by extension 'ros'
[0.114s] DEBUG:colcon.colcon_core.package_identification:Package 'src/omnibase_description' with type 'ros.ament_cmake' and name 'omnibase_description'
[0.114s] Level 1:colcon.colcon_core.package_identification:_identify(src/omnibase_gazebo) by extensions ['ignore', 'ignore_ament_install']
[0.114s] Level 1:colcon.colcon_core.package_identification:_identify(src/omnibase_gazebo) by extension 'ignore'
[0.114s] Level 1:colcon.colcon_core.package_identification:_identify(src/omnibase_gazebo) by extension 'ignore_ament_install'
[0.114s] Level 1:colcon.colcon_core.package_identification:_identify(src/omnibase_gazebo) by extensions ['colcon_pkg']
[0.114s] Level 1:colcon.colcon_core.package_identification:_identify(src/omnibase_gazebo) by extension 'colcon_pkg'
[0.114s] Level 1:colcon.colcon_core.package_identification:_identify(src/omnibase_gazebo) by extensions ['colcon_meta']
[0.114s] Level 1:colcon.colcon_core.package_identification:_identify(src/omnibase_gazebo) by extension 'colcon_meta'
[0.114s] Level 1:colcon.colcon_core.package_identification:_identify(src/omnibase_gazebo) by extensions ['ros']
[0.114s] Level 1:colcon.colcon_core.package_identification:_identify(src/omnibase_gazebo) by extension 'ros'
[0.114s] DEBUG:colcon.colcon_core.package_identification:Package 'src/omnibase_gazebo' with type 'ros.ament_cmake' and name 'omnibase_gazebo'
[0.114s] Level 1:colcon.colcon_core.package_identification:_identify(src/omnibase_vision) by extensions ['ignore', 'ignore_ament_install']
[0.114s] Level 1:colcon.colcon_core.package_identification:_identify(src/omnibase_vision) by extension 'ignore'
[0.115s] Level 1:colcon.colcon_core.package_identification:_identify(src/omnibase_vision) by extension 'ignore_ament_install'
[0.115s] Level 1:colcon.colcon_core.package_identification:_identify(src/omnibase_vision) by extensions ['colcon_pkg']
[0.115s] Level 1:colcon.colcon_core.package_identification:_identify(src/omnibase_vision) by extension 'colcon_pkg'
[0.115s] Level 1:colcon.colcon_core.package_identification:_identify(src/omnibase_vision) by extensions ['colcon_meta']
[0.115s] Level 1:colcon.colcon_core.package_identification:_identify(src/omnibase_vision) by extension 'colcon_meta'
[0.115s] Level 1:colcon.colcon_core.package_identification:_identify(src/omnibase_vision) by extensions ['ros']
[0.115s] Level 1:colcon.colcon_core.package_identification:_identify(src/omnibase_vision) by extension 'ros'
[0.115s] DEBUG:colcon.colcon_core.package_identification:Package 'src/omnibase_vision' with type 'ros.ament_python' and name 'omnibase_vision'
[0.115s] Level 1:colcon.colcon_core.package_identification:_identify(uav) by extensions ['ignore', 'ignore_ament_install']
[0.115s] Level 1:colcon.colcon_core.package_identification:_identify(uav) by extension 'ignore'
[0.115s] Level 1:colcon.colcon_core.package_identification:_identify(uav) by extension 'ignore_ament_install'
[0.115s] Level 1:colcon.colcon_core.package_identification:_identify(uav) by extensions ['colcon_pkg']
[0.115s] Level 1:colcon.colcon_core.package_identification:_identify(uav) by extension 'colcon_pkg'
[0.115s] Level 1:colcon.colcon_core.package_identification:_identify(uav) by extensions ['colcon_meta']
[0.115s] Level 1:colcon.colcon_core.package_identification:_identify(uav) by extension 'colcon_meta'
[0.115s] Level 1:colcon.colcon_core.package_identification:_identify(uav) by extensions ['ros']
[0.115s] Level 1:colcon.colcon_core.package_identification:_identify(uav) by extension 'ros'
[0.115s] Level 1:colcon.colcon_core.package_identification:_identify(uav) by extensions ['cmake', 'python']
[0.115s] Level 1:colcon.colcon_core.package_identification:_identify(uav) by extension 'cmake'
[0.115s] Level 1:colcon.colcon_core.package_identification:_identify(uav) by extension 'python'
[0.115s] Level 1:colcon.colcon_core.package_identification:_identify(uav) by extensions ['python_setup_py']
[0.115s] Level 1:colcon.colcon_core.package_identification:_identify(uav) by extension 'python_setup_py'
[0.115s] Level 1:colcon.colcon_core.package_identification:_identify(uav/materials) by extensions ['ignore', 'ignore_ament_install']
[0.115s] Level 1:colcon.colcon_core.package_identification:_identify(uav/materials) by extension 'ignore'
[0.115s] Level 1:colcon.colcon_core.package_identification:_identify(uav/materials) by extension 'ignore_ament_install'
[0.115s] Level 1:colcon.colcon_core.package_identification:_identify(uav/materials) by extensions ['colcon_pkg']
[0.115s] Level 1:colcon.colcon_core.package_identification:_identify(uav/materials) by extension 'colcon_pkg'
[0.115s] Level 1:colcon.colcon_core.package_identification:_identify(uav/materials) by extensions ['colcon_meta']
[0.115s] Level 1:colcon.colcon_core.package_identification:_identify(uav/materials) by extension 'colcon_meta'
[0.115s] Level 1:colcon.colcon_core.package_identification:_identify(uav/materials) by extensions ['ros']
[0.115s] Level 1:colcon.colcon_core.package_identification:_identify(uav/materials) by extension 'ros'
[0.115s] Level 1:colcon.colcon_core.package_identification:_identify(uav/materials) by extensions ['cmake', 'python']
[0.115s] Level 1:colcon.colcon_core.package_identification:_identify(uav/materials) by extension 'cmake'
[0.115s] Level 1:colcon.colcon_core.package_identification:_identify(uav/materials) by extension 'python'
[0.115s] Level 1:colcon.colcon_core.package_identification:_identify(uav/materials) by extensions ['python_setup_py']
[0.115s] Level 1:colcon.colcon_core.package_identification:_identify(uav/materials) by extension 'python_setup_py'
[0.116s] Level 1:colcon.colcon_core.package_identification:_identify(uav/materials/textures) by extensions ['ignore', 'ignore_ament_install']
[0.116s] Level 1:colcon.colcon_core.package_identification:_identify(uav/materials/textures) by extension 'ignore'
[0.116s] Level 1:colcon.colcon_core.package_identification:_identify(uav/materials/textures) by extension 'ignore_ament_install'
[0.116s] Level 1:colcon.colcon_core.package_identification:_identify(uav/materials/textures) by extensions ['colcon_pkg']
[0.116s] Level 1:colcon.colcon_core.package_identification:_identify(uav/materials/textures) by extension 'colcon_pkg'
[0.116s] Level 1:colcon.colcon_core.package_identification:_identify(uav/materials/textures) by extensions ['colcon_meta']
[0.116s] Level 1:colcon.colcon_core.package_identification:_identify(uav/materials/textures) by extension 'colcon_meta'
[0.116s] Level 1:colcon.colcon_core.package_identification:_identify(uav/materials/textures) by extensions ['ros']
[0.116s] Level 1:colcon.colcon_core.package_identification:_identify(uav/materials/textures) by extension 'ros'
[0.116s] Level 1:colcon.colcon_core.package_identification:_identify(uav/materials/textures) by extensions ['cmake', 'python']
[0.116s] Level 1:colcon.colcon_core.package_identification:_identify(uav/materials/textures) by extension 'cmake'
[0.116s] Level 1:colcon.colcon_core.package_identification:_identify(uav/materials/textures) by extension 'python'
[0.116s] Level 1:colcon.colcon_core.package_identification:_identify(uav/materials/textures) by extensions ['python_setup_py']
[0.116s] Level 1:colcon.colcon_core.package_identification:_identify(uav/materials/textures) by extension 'python_setup_py'
[0.116s] Level 1:colcon.colcon_core.package_identification:_identify(uav/meshes) by extensions ['ignore', 'ignore_ament_install']
[0.116s] Level 1:colcon.colcon_core.package_identification:_identify(uav/meshes) by extension 'ignore'
[0.116s] Level 1:colcon.colcon_core.package_identification:_identify(uav/meshes) by extension 'ignore_ament_install'
[0.116s] Level 1:colcon.colcon_core.package_identification:_identify(uav/meshes) by extensions ['colcon_pkg']
[0.116s] Level 1:colcon.colcon_core.package_identification:_identify(uav/meshes) by extension 'colcon_pkg'
[0.116s] Level 1:colcon.colcon_core.package_identification:_identify(uav/meshes) by extensions ['colcon_meta']
[0.116s] Level 1:colcon.colcon_core.package_identification:_identify(uav/meshes) by extension 'colcon_meta'
[0.116s] Level 1:colcon.colcon_core.package_identification:_identify(uav/meshes) by extensions ['ros']
[0.116s] Level 1:colcon.colcon_core.package_identification:_identify(uav/meshes) by extension 'ros'
[0.116s] Level 1:colcon.colcon_core.package_identification:_identify(uav/meshes) by extensions ['cmake', 'python']
[0.116s] Level 1:colcon.colcon_core.package_identification:_identify(uav/meshes) by extension 'cmake'
[0.116s] Level 1:colcon.colcon_core.package_identification:_identify(uav/meshes) by extension 'python'
[0.116s] Level 1:colcon.colcon_core.package_identification:_identify(uav/meshes) by extensions ['python_setup_py']
[0.116s] Level 1:colcon.colcon_core.package_identification:_identify(uav/meshes) by extension 'python_setup_py'
[0.116s] Level 1:colcon.colcon_core.package_identification:_identify(uav/thumbnails) by extensions ['ignore', 'ignore_ament_install']
[0.116s] Level 1:colcon.colcon_core.package_identification:_identify(uav/thumbnails) by extension 'ignore'
[0.116s] Level 1:colcon.colcon_core.package_identification:_identify(uav/thumbnails) by extension 'ignore_ament_install'
[0.116s] Level 1:colcon.colcon_core.package_identification:_identify(uav/thumbnails) by extensions ['colcon_pkg']
[0.116s] Level 1:colcon.colcon_core.package_identification:_identify(uav/thumbnails) by extension 'colcon_pkg'
[0.116s] Level 1:colcon.colcon_core.package_identification:_identify(uav/thumbnails) by extensions ['colcon_meta']
[0.116s] Level 1:colcon.colcon_core.package_identification:_identify(uav/thumbnails) by extension 'colcon_meta'
[0.116s] Level 1:colcon.colcon_core.package_identification:_identify(uav/thumbnails) by extensions ['ros']
[0.116s] Level 1:colcon.colcon_core.package_identification:_identify(uav/thumbnails) by extension 'ros'
[0.116s] Level 1:colcon.colcon_core.package_identification:_identify(uav/thumbnails) by extensions ['cmake', 'python']
[0.116s] Level 1:colcon.colcon_core.package_identification:_identify(uav/thumbnails) by extension 'cmake'
[0.116s] Level 1:colcon.colcon_core.package_identification:_identify(uav/thumbnails) by extension 'python'
[0.116s] Level 1:colcon.colcon_core.package_identification:_identify(uav/thumbnails) by extensions ['python_setup_py']
[0.116s] Level 1:colcon.colcon_core.package_identification:_identify(uav/thumbnails) by extension 'python_setup_py'
[0.116s] Level 1:colcon.colcon_core.package_discovery:discover_packages(recursive) using defaults
[0.116s] Level 1:colcon.colcon_core.package_discovery:discover_packages(ignore) discover
[0.116s] Level 1:colcon.colcon_core.package_discovery:discover_packages(ignore) using defaults
[0.116s] Level 1:colcon.colcon_core.package_discovery:discover_packages(path) discover
[0.116s] Level 1:colcon.colcon_core.package_discovery:discover_packages(path) using defaults
[0.126s] INFO:colcon.colcon_core.package_selection:Skipping not selected package 'omnibase_vision' in 'src/omnibase_vision'
[0.126s] INFO:colcon.colcon_core.package_selection:Skipping not selected package 'omnibase_gazebo' in 'src/omnibase_gazebo'
[0.126s] INFO:colcon.colcon_core.package_selection:Skipping not selected package 'omnibase_bringup' in 'src/omnibase_bringup'
[0.126s] Level 1:colcon.colcon_core.package_discovery:discover_packages(prefix_path) check parameters
[0.126s] Level 1:colcon.colcon_core.package_discovery:discover_packages(prefix_path) discover
[0.127s] DEBUG:colcon.colcon_installed_package_information.package_discovery:Found 7 installed packages in /home/seth/omnibase_ws/install
[0.128s] DEBUG:colcon.colcon_installed_package_information.package_discovery:Found 4 installed packages in /home/seth/mecanum_ws/install
[0.129s] DEBUG:colcon.colcon_installed_package_information.package_discovery:Found 367 installed packages in /opt/ros/jazzy
[0.130s] Level 1:colcon.colcon_core.package_discovery:discover_packages(prefix_path) using defaults
[0.155s] WARNING:colcon.colcon_core.package_selection:Some selected packages are already built in one or more underlay workspaces:
	'omnibase_description' is in: /home/seth/omnibase_ws/install/omnibase_description
	'omnibase_control' is in: /home/seth/omnibase_ws/install/omnibase_control
If a package in a merged underlay workspace is overridden and it installs headers, then all packages in the overlay must sort their include directories by workspace order. Failure to do so may result in build failures or undefined behavior at run time.
If the overridden package is used by another package in any underlay, then the overriding package in the overlay must be API and ABI compatible or undefined behavior at run time may occur.

If you understand the risks and want to override a package anyways, add the following to the command line:
	--allow-overriding omnibase_control omnibase_description

This may be promoted to an error in a future release of colcon-override-check.
[0.155s] Level 5:colcon.colcon_core.verb:set package 'omnibase_control' build argument 'cmake_args' from command line to 'None'
[0.155s] Level 5:colcon.colcon_core.verb:set package 'omnibase_control' build argument 'cmake_target' from command line to 'None'
[0.155s] Level 5:colcon.colcon_core.verb:set package 'omnibase_control' build argument 'cmake_target_skip_unavailable' from command line to 'False'
[0.155s] Level 5:colcon.colcon_core.verb:set package 'omnibase_control' build argument 'cmake_clean_cache' from command line to 'False'
[0.155s] Level 5:colcon.colcon_core.verb:set package 'omnibase_control' build argument 'cmake_clean_first' from command line to 'False'
[0.155s] Level 5:colcon.colcon_core.verb:set package 'omnibase_control' build argument 'cmake_force_configure' from command line to 'False'
[0.155s] Level 5:colcon.colcon_core.verb:set package 'omnibase_control' build argument 'ament_cmake_args' from command line to 'None'
[0.155s] Level 5:colcon.colcon_core.verb:set package 'omnibase_control' build argument 'catkin_cmake_args' from command line to 'None'
[0.155s] Level 5:colcon.colcon_core.verb:set package 'omnibase_control' build argument 'catkin_skip_building_tests' from command line to 'False'
[0.155s] DEBUG:colcon.colcon_core.verb:Building package 'omnibase_control' with the following arguments: {'ament_cmake_args': None, 'build_base': '/home/seth/omnibase_ws/build/omnibase_control', 'catkin_cmake_args': None, 'catkin_skip_building_tests': False, 'cmake_args': None, 'cmake_clean_cache': False, 'cmake_clean_first': False, 'cmake_force_configure': False, 'cmake_target': None, 'cmake_target_skip_unavailable': False, 'install_base': '/home/seth/omnibase_ws/install/omnibase_control', 'merge_install': False, 'path': '/home/seth/omnibase_ws/src/omnibase_control', 'symlink_install': False, 'test_result_base': None}
[0.156s] Level 5:colcon.colcon_core.verb:set package 'omnibase_description' build argument 'cmake_args' from command line to 'None'
[0.156s] Level 5:colcon.colcon_core.verb:set package 'omnibase_description' build argument 'cmake_target' from command line to 'None'
[0.156s] Level 5:colcon.colcon_core.verb:set package 'omnibase_description' build argument 'cmake_target_skip_unavailable' from command line to 'False'
[0.156s] Level 5:colcon.colcon_core.verb:set package 'omnibase_description' build argument 'cmake_clean_cache' from command line to 'False'
[0.156s] Level 5:colcon.colcon_core.verb:set package 'omnibase_description' build argument 'cmake_clean_first' from command line to 'False'
[0.156s] Level 5:colcon.colcon_core.verb:set package 'omnibase_description' build argument 'cmake_force_configure' from command line to 'False'
[0.156s] Level 5:colcon.colcon_core.verb:set package 'omnibase_description' build argument 'ament_cmake_args' from command line to 'None'
[0.156s] Level 5:colcon.colcon_core.verb:set package 'omnibase_description' build argument 'catkin_cmake_args' from command line to 'None'
[0.156s] Level 5:colcon.colcon_core.verb:set package 'omnibase_description' build argument 'catkin_skip_building_tests' from command line to 'False'
[0.156s] DEBUG:colcon.colcon_core.verb:Building package 'omnibase_description' with the following arguments: {'ament_cmake_args': None, 'build_base': '/home/seth/omnibase_ws/build/omnibase_description', 'catkin_cmake_args': None, 'catkin_skip_building_tests': False, 'cmake_args': None, 'cmake_clean_cache': False, 'cmake_clean_first': False, 'cmake_force_configure': False, 'cmake_target': None, 'cmake_target_skip_unavailable': False, 'install_base': '/home/seth/omnibase_ws/install/omnibase_description', 'merge_install': False, 'path': '/home/seth/omnibase_ws/src/omnibase_description', 'symlink_install': False, 'test_result_base': None}
[0.156s] INFO:colcon.colcon_core.executor:Executing jobs using 'parallel' executor
[0.156s] DEBUG:colcon.colcon_parallel_executor.executor.parallel:run_until_complete
[0.156s] INFO:colcon.colcon_ros.task.ament_python.build:Building ROS package in '/home/seth/omnibase_ws/src/omnibase_control' with build type 'ament_python'
[0.157s] Level 1:colcon.colcon_core.shell:create_environment_hook('omnibase_control', 'ament_prefix_path')
[0.157s] INFO:colcon.colcon_core.plugin_system:Skipping extension 'colcon_core.shell.bat': Not used on non-Windows systems
[0.157s] INFO:colcon.colcon_core.shell:Creating environment hook '/home/seth/omnibase_ws/install/omnibase_control/share/omnibase_control/hook/ament_prefix_path.ps1'
[0.158s] INFO:colcon.colcon_core.shell:Creating environment descriptor '/home/seth/omnibase_ws/install/omnibase_control/share/omnibase_control/hook/ament_prefix_path.dsv'
[0.158s] INFO:colcon.colcon_core.shell:Creating environment hook '/home/seth/omnibase_ws/install/omnibase_control/share/omnibase_control/hook/ament_prefix_path.sh'
[0.158s] INFO:colcon.colcon_core.shell:Skip shell extension 'powershell' for command environment: Not usable outside of PowerShell
[0.158s] DEBUG:colcon.colcon_core.shell:Skip shell extension 'dsv' for command environment
[0.161s] INFO:colcon.colcon_ros.task.ament_cmake.build:Building ROS package in '/home/seth/omnibase_ws/src/omnibase_description' with build type 'ament_cmake'
[0.161s] INFO:colcon.colcon_cmake.task.cmake.build:Building CMake package in '/home/seth/omnibase_ws/src/omnibase_description'
[0.161s] INFO:colcon.colcon_core.shell:Skip shell extension 'powershell' for command environment: Not usable outside of PowerShell
[0.161s] DEBUG:colcon.colcon_core.shell:Skip shell extension 'dsv' for command environment
[0.287s] INFO:colcon.colcon_core.task.python.build:Building Python package in '/home/seth/omnibase_ws/src/omnibase_control'
[0.287s] INFO:colcon.colcon_core.shell:Skip shell extension 'powershell' for command environment: Not usable outside of PowerShell
[0.287s] DEBUG:colcon.colcon_core.shell:Skip shell extension 'dsv' for command environment
[0.293s] DEBUG:colcon.colcon_core.event_handler.log_command:Invoking command in '/home/seth/omnibase_ws/build/omnibase_description': CMAKE_PREFIX_PATH=${CMAKE_PREFIX_PATH}:/home/seth/omnibase_ws/install/omnibase_vision:/home/seth/omnibase_ws/install/omnibase_control:/opt/ros/jazzy DEBUGINFOD_URLS=https://debuginfod.ubuntu.com /usr/bin/cmake /home/seth/omnibase_ws/src/omnibase_description -DCMAKE_INSTALL_PREFIX=/home/seth/omnibase_ws/install/omnibase_description
[0.506s] DEBUG:colcon.colcon_core.event_handler.log_command:Invoked command in '/home/seth/omnibase_ws/build/omnibase_description' returned '0': CMAKE_PREFIX_PATH=${CMAKE_PREFIX_PATH}:/home/seth/omnibase_ws/install/omnibase_vision:/home/seth/omnibase_ws/install/omnibase_control:/opt/ros/jazzy DEBUGINFOD_URLS=https://debuginfod.ubuntu.com /usr/bin/cmake /home/seth/omnibase_ws/src/omnibase_description -DCMAKE_INSTALL_PREFIX=/home/seth/omnibase_ws/install/omnibase_description
[0.506s] DEBUG:colcon.colcon_core.event_handler.log_command:Invoking command in '/home/seth/omnibase_ws/build/omnibase_description': CMAKE_PREFIX_PATH=${CMAKE_PREFIX_PATH}:/home/seth/omnibase_ws/install/omnibase_vision:/home/seth/omnibase_ws/install/omnibase_control:/opt/ros/jazzy DEBUGINFOD_URLS=https://debuginfod.ubuntu.com /usr/bin/cmake --build /home/seth/omnibase_ws/build/omnibase_description -- -j12 -l12
[0.534s] DEBUG:colcon.colcon_core.event_handler.log_command:Invoked command in '/home/seth/omnibase_ws/build/omnibase_description' returned '0': CMAKE_PREFIX_PATH=${CMAKE_PREFIX_PATH}:/home/seth/omnibase_ws/install/omnibase_vision:/home/seth/omnibase_ws/install/omnibase_control:/opt/ros/jazzy DEBUGINFOD_URLS=https://debuginfod.ubuntu.com /usr/bin/cmake --build /home/seth/omnibase_ws/build/omnibase_description -- -j12 -l12
[0.540s] DEBUG:colcon.colcon_core.event_handler.log_command:Invoking command in '/home/seth/omnibase_ws/build/omnibase_description': CMAKE_PREFIX_PATH=${CMAKE_PREFIX_PATH}:/home/seth/omnibase_ws/install/omnibase_vision:/home/seth/omnibase_ws/install/omnibase_control:/opt/ros/jazzy DEBUGINFOD_URLS=https://debuginfod.ubuntu.com /usr/bin/cmake --install /home/seth/omnibase_ws/build/omnibase_description
[0.583s] Level 1:colcon.colcon_core.environment:create_environment_scripts_only(omnibase_description)
[0.583s] DEBUG:colcon.colcon_core.event_handler.log_command:Invoked command in '/home/seth/omnibase_ws/build/omnibase_description' returned '0': CMAKE_PREFIX_PATH=${CMAKE_PREFIX_PATH}:/home/seth/omnibase_ws/install/omnibase_vision:/home/seth/omnibase_ws/install/omnibase_control:/opt/ros/jazzy DEBUGINFOD_URLS=https://debuginfod.ubuntu.com /usr/bin/cmake --install /home/seth/omnibase_ws/build/omnibase_description
[0.585s] Level 1:colcon.colcon_core.environment:checking '/home/seth/omnibase_ws/install/omnibase_description' for CMake module files
[0.585s] Level 1:colcon.colcon_core.environment:checking '/home/seth/omnibase_ws/install/omnibase_description' for CMake config files
[0.585s] Level 1:colcon.colcon_core.shell:create_environment_hook('omnibase_description', 'cmake_prefix_path')
[0.585s] INFO:colcon.colcon_core.shell:Creating environment hook '/home/seth/omnibase_ws/install/omnibase_description/share/omnibase_description/hook/cmake_prefix_path.ps1'
[0.586s] INFO:colcon.colcon_core.shell:Creating environment descriptor '/home/seth/omnibase_ws/install/omnibase_description/share/omnibase_description/hook/cmake_prefix_path.dsv'
[0.586s] INFO:colcon.colcon_core.shell:Creating environment hook '/home/seth/omnibase_ws/install/omnibase_description/share/omnibase_description/hook/cmake_prefix_path.sh'
[0.586s] Level 1:colcon.colcon_core.environment:checking '/home/seth/omnibase_ws/install/omnibase_description/bin'
[0.586s] Level 1:colcon.colcon_core.environment:checking '/home/seth/omnibase_ws/install/omnibase_description/lib/pkgconfig/omnibase_description.pc'
[0.587s] Level 1:colcon.colcon_core.environment:checking '/home/seth/omnibase_ws/install/omnibase_description/lib/python3.12/site-packages'
[0.587s] Level 1:colcon.colcon_core.environment:checking '/home/seth/omnibase_ws/install/omnibase_description/bin'
[0.587s] INFO:colcon.colcon_core.shell:Creating package script '/home/seth/omnibase_ws/install/omnibase_description/share/omnibase_description/package.ps1'
[0.587s] INFO:colcon.colcon_core.shell:Creating package descriptor '/home/seth/omnibase_ws/install/omnibase_description/share/omnibase_description/package.dsv'
[0.588s] INFO:colcon.colcon_core.shell:Creating package script '/home/seth/omnibase_ws/install/omnibase_description/share/omnibase_description/package.sh'
[0.588s] INFO:colcon.colcon_core.shell:Creating package script '/home/seth/omnibase_ws/install/omnibase_description/share/omnibase_description/package.bash'
[0.588s] INFO:colcon.colcon_core.shell:Creating package script '/home/seth/omnibase_ws/install/omnibase_description/share/omnibase_description/package.zsh'
[0.589s] Level 1:colcon.colcon_core.environment:create_file_with_runtime_dependencies(/home/seth/omnibase_ws/install/omnibase_description/share/colcon-core/packages/omnibase_description)
[0.589s] Level 1:colcon.colcon_core.environment:create_environment_scripts_only(omnibase_description)
[0.589s] Level 1:colcon.colcon_core.environment:checking '/home/seth/omnibase_ws/install/omnibase_description' for CMake module files
[0.589s] Level 1:colcon.colcon_core.environment:checking '/home/seth/omnibase_ws/install/omnibase_description' for CMake config files
[0.589s] Level 1:colcon.colcon_core.shell:create_environment_hook('omnibase_description', 'cmake_prefix_path')
[0.589s] INFO:colcon.colcon_core.shell:Creating environment hook '/home/seth/omnibase_ws/install/omnibase_description/share/omnibase_description/hook/cmake_prefix_path.ps1'
[0.590s] INFO:colcon.colcon_core.shell:Creating environment descriptor '/home/seth/omnibase_ws/install/omnibase_description/share/omnibase_description/hook/cmake_prefix_path.dsv'
[0.590s] INFO:colcon.colcon_core.shell:Creating environment hook '/home/seth/omnibase_ws/install/omnibase_description/share/omnibase_description/hook/cmake_prefix_path.sh'
[0.590s] Level 1:colcon.colcon_core.environment:checking '/home/seth/omnibase_ws/install/omnibase_description/bin'
[0.590s] Level 1:colcon.colcon_core.environment:checking '/home/seth/omnibase_ws/install/omnibase_description/lib/pkgconfig/omnibase_description.pc'
[0.590s] Level 1:colcon.colcon_core.environment:checking '/home/seth/omnibase_ws/install/omnibase_description/lib/python3.12/site-packages'
[0.590s] Level 1:colcon.colcon_core.environment:checking '/home/seth/omnibase_ws/install/omnibase_description/bin'
[0.591s] INFO:colcon.colcon_core.shell:Creating package script '/home/seth/omnibase_ws/install/omnibase_description/share/omnibase_description/package.ps1'
[0.591s] INFO:colcon.colcon_core.shell:Creating package descriptor '/home/seth/omnibase_ws/install/omnibase_description/share/omnibase_description/package.dsv'
[0.591s] INFO:colcon.colcon_core.shell:Creating package script '/home/seth/omnibase_ws/install/omnibase_description/share/omnibase_description/package.sh'
[0.591s] INFO:colcon.colcon_core.shell:Creating package script '/home/seth/omnibase_ws/install/omnibase_description/share/omnibase_description/package.bash'
[0.591s] INFO:colcon.colcon_core.shell:Creating package script '/home/seth/omnibase_ws/install/omnibase_description/share/omnibase_description/package.zsh'
[0.592s] Level 1:colcon.colcon_core.environment:create_file_with_runtime_dependencies(/home/seth/omnibase_ws/install/omnibase_description/share/colcon-core/packages/omnibase_description)
[0.677s] DEBUG:colcon.colcon_core.event_handler.log_command:Invoking command in '/home/seth/omnibase_ws/build/omnibase_control': DEBUGINFOD_URLS=https://debuginfod.ubuntu.com PYTHONPATH=/home/seth/omnibase_ws/build/omnibase_control/prefix_override:/usr/lib/python3/dist-packages/colcon_core/task/python/colcon_distutils_commands:/home/seth/omnibase_ws/install/omnibase_control/lib/python3.12/site-packages:${PYTHONPATH} /usr/bin/python3 -W ignore:setup.py install is deprecated -W ignore:easy_install command is deprecated setup.py develop --uninstall --editable --build-directory /home/seth/omnibase_ws/build/omnibase_control/build
[0.925s] DEBUG:colcon.colcon_core.event_handler.log_command:Invoked command in '/home/seth/omnibase_ws/build/omnibase_control' returned '0': DEBUGINFOD_URLS=https://debuginfod.ubuntu.com PYTHONPATH=/home/seth/omnibase_ws/build/omnibase_control/prefix_override:/usr/lib/python3/dist-packages/colcon_core/task/python/colcon_distutils_commands:/home/seth/omnibase_ws/install/omnibase_control/lib/python3.12/site-packages:${PYTHONPATH} /usr/bin/python3 -W ignore:setup.py install is deprecated -W ignore:easy_install command is deprecated setup.py develop --uninstall --editable --build-directory /home/seth/omnibase_ws/build/omnibase_control/build
[0.925s] DEBUG:colcon.colcon_core.event_handler.log_command:Invoking command in '/home/seth/omnibase_ws/src/omnibase_control': DEBUGINFOD_URLS=https://debuginfod.ubuntu.com PYTHONPATH=/home/seth/omnibase_ws/build/omnibase_control/prefix_override:/usr/lib/python3/dist-packages/colcon_core/task/python/colcon_distutils_commands:/home/seth/omnibase_ws/install/omnibase_control/lib/python3.12/site-packages:${PYTHONPATH} /usr/bin/python3 -W ignore:setup.py install is deprecated -W ignore:easy_install command is deprecated setup.py egg_info --egg-base ../../build/omnibase_control build --build-base /home/seth/omnibase_ws/build/omnibase_control/build install --record /home/seth/omnibase_ws/build/omnibase_control/install.log --single-version-externally-managed install_data --force
[1.172s] Level 1:colcon.colcon_core.environment:checking '/home/seth/omnibase_ws/install/omnibase_control' for CMake module files
[1.172s] DEBUG:colcon.colcon_core.event_handler.log_command:Invoked command in '/home/seth/omnibase_ws/src/omnibase_control' returned '0': DEBUGINFOD_URLS=https://debuginfod.ubuntu.com PYTHONPATH=/home/seth/omnibase_ws/build/omnibase_control/prefix_override:/usr/lib/python3/dist-packages/colcon_core/task/python/colcon_distutils_commands:/home/seth/omnibase_ws/install/omnibase_control/lib/python3.12/site-packages:${PYTHONPATH} /usr/bin/python3 -W ignore:setup.py install is deprecated -W ignore:easy_install command is deprecated setup.py egg_info --egg-base ../../build/omnibase_control build --build-base /home/seth/omnibase_ws/build/omnibase_control/build install --record /home/seth/omnibase_ws/build/omnibase_control/install.log --single-version-externally-managed install_data --force
[1.173s] Level 1:colcon.colcon_core.environment:checking '/home/seth/omnibase_ws/install/omnibase_control' for CMake config files
[1.173s] Level 1:colcon.colcon_core.environment:checking '/home/seth/omnibase_ws/install/omnibase_control/lib'
[1.173s] Level 1:colcon.colcon_core.environment:checking '/home/seth/omnibase_ws/install/omnibase_control/bin'
[1.173s] Level 1:colcon.colcon_core.environment:checking '/home/seth/omnibase_ws/install/omnibase_control/lib/pkgconfig/omnibase_control.pc'
[1.173s] Level 1:colcon.colcon_core.environment:checking '/home/seth/omnibase_ws/install/omnibase_control/lib/python3.12/site-packages'
[1.173s] Level 1:colcon.colcon_core.shell:create_environment_hook('omnibase_control', 'pythonpath')
[1.173s] INFO:colcon.colcon_core.shell:Creating environment hook '/home/seth/omnibase_ws/install/omnibase_control/share/omnibase_control/hook/pythonpath.ps1'
[1.174s] INFO:colcon.colcon_core.shell:Creating environment descriptor '/home/seth/omnibase_ws/install/omnibase_control/share/omnibase_control/hook/pythonpath.dsv'
[1.174s] INFO:colcon.colcon_core.shell:Creating environment hook '/home/seth/omnibase_ws/install/omnibase_control/share/omnibase_control/hook/pythonpath.sh'
[1.174s] Level 1:colcon.colcon_core.environment:checking '/home/seth/omnibase_ws/install/omnibase_control/bin'
[1.174s] Level 1:colcon.colcon_core.environment:create_environment_scripts_only(omnibase_control)
[1.174s] INFO:colcon.colcon_core.shell:Creating package script '/home/seth/omnibase_ws/install/omnibase_control/share/omnibase_control/package.ps1'
[1.175s] INFO:colcon.colcon_core.shell:Creating package descriptor '/home/seth/omnibase_ws/install/omnibase_control/share/omnibase_control/package.dsv'
[1.175s] INFO:colcon.colcon_core.shell:Creating package script '/home/seth/omnibase_ws/install/omnibase_control/share/omnibase_control/package.sh'
[1.175s] INFO:colcon.colcon_core.shell:Creating package script '/home/seth/omnibase_ws/install/omnibase_control/share/omnibase_control/package.bash'
[1.175s] INFO:colcon.colcon_core.shell:Creating package script '/home/seth/omnibase_ws/install/omnibase_control/share/omnibase_control/package.zsh'
[1.175s] Level 1:colcon.colcon_core.environment:create_file_with_runtime_dependencies(/home/seth/omnibase_ws/install/omnibase_control/share/colcon-core/packages/omnibase_control)
[1.175s] DEBUG:colcon.colcon_parallel_executor.executor.parallel:closing loop
[1.176s] DEBUG:colcon.colcon_parallel_executor.executor.parallel:loop closed
[1.176s] DEBUG:colcon.colcon_parallel_executor.executor.parallel:run_until_complete finished with '0'
[1.176s] DEBUG:colcon.colcon_core.event_reactor:joining thread
[1.179s] INFO:colcon.colcon_core.plugin_system:Skipping extension 'colcon_notification.desktop_notification.terminal_notifier': Not used on non-Darwin systems
[1.179s] INFO:colcon.colcon_core.plugin_system:Skipping extension 'colcon_notification.desktop_notification.win32': Not used on non-Windows systems
[1.179s] INFO:colcon.colcon_notification.desktop_notification:Sending desktop notification using 'notify2'
[1.186s] DEBUG:colcon.colcon_core.event_reactor:joined thread
[1.186s] INFO:colcon.colcon_core.shell:Creating prefix script '/home/seth/omnibase_ws/install/local_setup.ps1'
[1.187s] INFO:colcon.colcon_core.shell:Creating prefix util module '/home/seth/omnibase_ws/install/_local_setup_util_ps1.py'
[1.187s] INFO:colcon.colcon_core.shell:Creating prefix chain script '/home/seth/omnibase_ws/install/setup.ps1'
[1.188s] INFO:colcon.colcon_core.shell:Creating prefix script '/home/seth/omnibase_ws/install/local_setup.sh'
[1.188s] INFO:colcon.colcon_core.shell:Creating prefix util module '/home/seth/omnibase_ws/install/_local_setup_util_sh.py'
[1.188s] INFO:colcon.colcon_core.shell:Creating prefix chain script '/home/seth/omnibase_ws/install/setup.sh'
[1.189s] INFO:colcon.colcon_core.shell:Creating prefix script '/home/seth/omnibase_ws/install/local_setup.bash'
[1.189s] INFO:colcon.colcon_core.shell:Creating prefix chain script '/home/seth/omnibase_ws/install/setup.bash'
[1.190s] INFO:colcon.colcon_core.shell:Creating prefix script '/home/seth/omnibase_ws/install/local_setup.zsh'
[1.190s] INFO:colcon.colcon_core.shell:Creating prefix chain script '/home/seth/omnibase_ws/install/setup.zsh'
