running develop
Removing /home/seth/omnibase_ws/install/omnibase_control/lib/python3.12/site-packages/omnibase-control.egg-link (link to .)
running egg_info
writing ../../build/omnibase_control/omnibase_control.egg-info/PKG-INFO
writing dependency_links to ../../build/omnibase_control/omnibase_control.egg-info/dependency_links.txt
writing entry points to ../../build/omnibase_control/omnibase_control.egg-info/entry_points.txt
writing requirements to ../../build/omnibase_control/omnibase_control.egg-info/requires.txt
writing top-level names to ../../build/omnibase_control/omnibase_control.egg-info/top_level.txt
reading manifest file '../../build/omnibase_control/omnibase_control.egg-info/SOURCES.txt'
writing manifest file '../../build/omnibase_control/omnibase_control.egg-info/SOURCES.txt'
running build
running build_py
creating /home/seth/omnibase_ws/build/omnibase_control/build
creating /home/seth/omnibase_ws/build/omnibase_control/build/lib
creating /home/seth/omnibase_ws/build/omnibase_control/build/lib/omnibase_control
copying omnibase_control/drone_gui.py -> /home/seth/omnibase_ws/build/omnibase_control/build/lib/omnibase_control
copying omnibase_control/__init__.py -> /home/seth/omnibase_ws/build/omnibase_control/build/lib/omnibase_control
copying omnibase_control/uav_teleop.py -> /home/seth/omnibase_ws/build/omnibase_control/build/lib/omnibase_control
copying omnibase_control/custom_planar_move.py -> /home/seth/omnibase_ws/build/omnibase_control/build/lib/omnibase_control
copying omnibase_control/force_controller.py -> /home/seth/omnibase_ws/build/omnibase_control/build/lib/omnibase_control
running install
running install_lib
creating /home/seth/omnibase_ws/install/omnibase_control/lib/python3.12/site-packages/omnibase_control
copying /home/seth/omnibase_ws/build/omnibase_control/build/lib/omnibase_control/drone_gui.py -> /home/seth/omnibase_ws/install/omnibase_control/lib/python3.12/site-packages/omnibase_control
copying /home/seth/omnibase_ws/build/omnibase_control/build/lib/omnibase_control/__init__.py -> /home/seth/omnibase_ws/install/omnibase_control/lib/python3.12/site-packages/omnibase_control
copying /home/seth/omnibase_ws/build/omnibase_control/build/lib/omnibase_control/uav_teleop.py -> /home/seth/omnibase_ws/install/omnibase_control/lib/python3.12/site-packages/omnibase_control
copying /home/seth/omnibase_ws/build/omnibase_control/build/lib/omnibase_control/custom_planar_move.py -> /home/seth/omnibase_ws/install/omnibase_control/lib/python3.12/site-packages/omnibase_control
copying /home/seth/omnibase_ws/build/omnibase_control/build/lib/omnibase_control/force_controller.py -> /home/seth/omnibase_ws/install/omnibase_control/lib/python3.12/site-packages/omnibase_control
byte-compiling /home/seth/omnibase_ws/install/omnibase_control/lib/python3.12/site-packages/omnibase_control/drone_gui.py to drone_gui.cpython-312.pyc
byte-compiling /home/seth/omnibase_ws/install/omnibase_control/lib/python3.12/site-packages/omnibase_control/__init__.py to __init__.cpython-312.pyc
byte-compiling /home/seth/omnibase_ws/install/omnibase_control/lib/python3.12/site-packages/omnibase_control/uav_teleop.py to uav_teleop.cpython-312.pyc
byte-compiling /home/seth/omnibase_ws/install/omnibase_control/lib/python3.12/site-packages/omnibase_control/custom_planar_move.py to custom_planar_move.cpython-312.pyc
byte-compiling /home/seth/omnibase_ws/install/omnibase_control/lib/python3.12/site-packages/omnibase_control/force_controller.py to force_controller.cpython-312.pyc
running install_data
copying resource/omnibase_control -> /home/seth/omnibase_ws/install/omnibase_control/share/ament_index/resource_index/packages
copying package.xml -> /home/seth/omnibase_ws/install/omnibase_control/share/omnibase_control
copying config/mecanum_controllers.yaml -> /home/seth/omnibase_ws/install/omnibase_control/share/omnibase_control/config
running install_egg_info
Copying ../../build/omnibase_control/omnibase_control.egg-info to /home/seth/omnibase_ws/install/omnibase_control/lib/python3.12/site-packages/omnibase_control-0.1.0-py3.12.egg-info
running install_scripts
Installing custom_planar_move script to /home/seth/omnibase_ws/install/omnibase_control/lib/omnibase_control
Installing drone_gui script to /home/seth/omnibase_ws/install/omnibase_control/lib/omnibase_control
Installing force_controller script to /home/seth/omnibase_ws/install/omnibase_control/lib/omnibase_control
Installing uav_teleop script to /home/seth/omnibase_ws/install/omnibase_control/lib/omnibase_control
writing list of installed files to '/home/seth/omnibase_ws/build/omnibase_control/install.log'
