[0.520s] Invoking command in '/home/seth/omnibase_ws/build/omnibase_control': DEBUGINFOD_URLS=https://debuginfod.ubuntu.com PYTHONPATH=/home/seth/omnibase_ws/build/omnibase_control/prefix_override:/usr/lib/python3/dist-packages/colcon_core/task/python/colcon_distutils_commands:/home/seth/omnibase_ws/install/omnibase_control/lib/python3.12/site-packages:${PYTHONPATH} /usr/bin/python3 -W ignore:setup.py install is deprecated -W ignore:easy_install command is deprecated setup.py develop --uninstall --editable --build-directory /home/seth/omnibase_ws/build/omnibase_control/build
[0.664s] running develop
[0.753s] Removing /home/seth/omnibase_ws/install/omnibase_control/lib/python3.12/site-packages/omnibase-control.egg-link (link to .)
[0.768s] Invoked command in '/home/seth/omnibase_ws/build/omnibase_control' returned '0': DEBUGINFOD_URLS=https://debuginfod.ubuntu.com PYTHONPATH=/home/seth/omnibase_ws/build/omnibase_control/prefix_override:/usr/lib/python3/dist-packages/colcon_core/task/python/colcon_distutils_commands:/home/seth/omnibase_ws/install/omnibase_control/lib/python3.12/site-packages:${PYTHONPATH} /usr/bin/python3 -W ignore:setup.py install is deprecated -W ignore:easy_install command is deprecated setup.py develop --uninstall --editable --build-directory /home/seth/omnibase_ws/build/omnibase_control/build
[0.769s] Invoking command in '/home/seth/omnibase_ws/src/omnibase_control': DEBUGINFOD_URLS=https://debuginfod.ubuntu.com PYTHONPATH=/home/seth/omnibase_ws/build/omnibase_control/prefix_override:/usr/lib/python3/dist-packages/colcon_core/task/python/colcon_distutils_commands:/home/seth/omnibase_ws/install/omnibase_control/lib/python3.12/site-packages:${PYTHONPATH} /usr/bin/python3 -W ignore:setup.py install is deprecated -W ignore:easy_install command is deprecated setup.py egg_info --egg-base ../../build/omnibase_control build --build-base /home/seth/omnibase_ws/build/omnibase_control/build install --record /home/seth/omnibase_ws/build/omnibase_control/install.log --single-version-externally-managed install_data --force
[0.891s] running egg_info
[0.899s] writing ../../build/omnibase_control/omnibase_control.egg-info/PKG-INFO
[0.900s] writing dependency_links to ../../build/omnibase_control/omnibase_control.egg-info/dependency_links.txt
[0.900s] writing entry points to ../../build/omnibase_control/omnibase_control.egg-info/entry_points.txt
[0.900s] writing requirements to ../../build/omnibase_control/omnibase_control.egg-info/requires.txt
[0.900s] writing top-level names to ../../build/omnibase_control/omnibase_control.egg-info/top_level.txt
[0.916s] reading manifest file '../../build/omnibase_control/omnibase_control.egg-info/SOURCES.txt'
[0.917s] writing manifest file '../../build/omnibase_control/omnibase_control.egg-info/SOURCES.txt'
[0.917s] running build
[0.917s] running build_py
[0.917s] creating /home/seth/omnibase_ws/build/omnibase_control/build
[0.917s] creating /home/seth/omnibase_ws/build/omnibase_control/build/lib
[0.917s] creating /home/seth/omnibase_ws/build/omnibase_control/build/lib/omnibase_control
[0.917s] copying omnibase_control/drone_gui.py -> /home/seth/omnibase_ws/build/omnibase_control/build/lib/omnibase_control
[0.917s] copying omnibase_control/__init__.py -> /home/seth/omnibase_ws/build/omnibase_control/build/lib/omnibase_control
[0.917s] copying omnibase_control/uav_teleop.py -> /home/seth/omnibase_ws/build/omnibase_control/build/lib/omnibase_control
[0.917s] copying omnibase_control/custom_planar_move.py -> /home/seth/omnibase_ws/build/omnibase_control/build/lib/omnibase_control
[0.917s] copying omnibase_control/force_controller.py -> /home/seth/omnibase_ws/build/omnibase_control/build/lib/omnibase_control
[0.917s] running install
[0.920s] running install_lib
[0.928s] creating /home/seth/omnibase_ws/install/omnibase_control/lib/python3.12/site-packages/omnibase_control
[0.928s] copying /home/seth/omnibase_ws/build/omnibase_control/build/lib/omnibase_control/drone_gui.py -> /home/seth/omnibase_ws/install/omnibase_control/lib/python3.12/site-packages/omnibase_control
[0.928s] copying /home/seth/omnibase_ws/build/omnibase_control/build/lib/omnibase_control/__init__.py -> /home/seth/omnibase_ws/install/omnibase_control/lib/python3.12/site-packages/omnibase_control
[0.929s] copying /home/seth/omnibase_ws/build/omnibase_control/build/lib/omnibase_control/uav_teleop.py -> /home/seth/omnibase_ws/install/omnibase_control/lib/python3.12/site-packages/omnibase_control
[0.929s] copying /home/seth/omnibase_ws/build/omnibase_control/build/lib/omnibase_control/custom_planar_move.py -> /home/seth/omnibase_ws/install/omnibase_control/lib/python3.12/site-packages/omnibase_control
[0.929s] copying /home/seth/omnibase_ws/build/omnibase_control/build/lib/omnibase_control/force_controller.py -> /home/seth/omnibase_ws/install/omnibase_control/lib/python3.12/site-packages/omnibase_control
[0.929s] byte-compiling /home/seth/omnibase_ws/install/omnibase_control/lib/python3.12/site-packages/omnibase_control/drone_gui.py to drone_gui.cpython-312.pyc
[0.930s] byte-compiling /home/seth/omnibase_ws/install/omnibase_control/lib/python3.12/site-packages/omnibase_control/__init__.py to __init__.cpython-312.pyc
[0.930s] byte-compiling /home/seth/omnibase_ws/install/omnibase_control/lib/python3.12/site-packages/omnibase_control/uav_teleop.py to uav_teleop.cpython-312.pyc
[0.931s] byte-compiling /home/seth/omnibase_ws/install/omnibase_control/lib/python3.12/site-packages/omnibase_control/custom_planar_move.py to custom_planar_move.cpython-312.pyc
[0.931s] byte-compiling /home/seth/omnibase_ws/install/omnibase_control/lib/python3.12/site-packages/omnibase_control/force_controller.py to force_controller.cpython-312.pyc
[0.932s] running install_data
[0.932s] copying resource/omnibase_control -> /home/seth/omnibase_ws/install/omnibase_control/share/ament_index/resource_index/packages
[0.932s] copying package.xml -> /home/seth/omnibase_ws/install/omnibase_control/share/omnibase_control
[0.932s] copying config/mecanum_controllers.yaml -> /home/seth/omnibase_ws/install/omnibase_control/share/omnibase_control/config
[0.933s] running install_egg_info
[0.942s] Copying ../../build/omnibase_control/omnibase_control.egg-info to /home/seth/omnibase_ws/install/omnibase_control/lib/python3.12/site-packages/omnibase_control-0.1.0-py3.12.egg-info
[0.942s] running install_scripts
[1.001s] Installing custom_planar_move script to /home/seth/omnibase_ws/install/omnibase_control/lib/omnibase_control
[1.001s] Installing drone_gui script to /home/seth/omnibase_ws/install/omnibase_control/lib/omnibase_control
[1.001s] Installing force_controller script to /home/seth/omnibase_ws/install/omnibase_control/lib/omnibase_control
[1.001s] Installing uav_teleop script to /home/seth/omnibase_ws/install/omnibase_control/lib/omnibase_control
[1.001s] writing list of installed files to '/home/seth/omnibase_ws/build/omnibase_control/install.log'
[1.016s] Invoked command in '/home/seth/omnibase_ws/src/omnibase_control' returned '0': DEBUGINFOD_URLS=https://debuginfod.ubuntu.com PYTHONPATH=/home/seth/omnibase_ws/build/omnibase_control/prefix_override:/usr/lib/python3/dist-packages/colcon_core/task/python/colcon_distutils_commands:/home/seth/omnibase_ws/install/omnibase_control/lib/python3.12/site-packages:${PYTHONPATH} /usr/bin/python3 -W ignore:setup.py install is deprecated -W ignore:easy_install command is deprecated setup.py egg_info --egg-base ../../build/omnibase_control build --build-base /home/seth/omnibase_ws/build/omnibase_control/build install --record /home/seth/omnibase_ws/build/omnibase_control/install.log --single-version-externally-managed install_data --force
