[0.107s] DEBUG:colcon:Command line arguments: ['/usr/bin/colcon', 'build', '--packages-select', 'omnibase_bringup', 'omnibase_gazebo', 'omnibase_vision', 'omnibase_control']
[0.107s] DEBUG:colcon:Parsed command line arguments: Namespace(log_base=None, log_level=None, verb_name='build', build_base='build', install_base='install', merge_install=False, symlink_install=False, test_result_base=None, continue_on_error=False, executor='parallel', parallel_workers=12, event_handlers=None, ignore_user_meta=False, metas=['./colcon.meta'], base_paths=['.'], packages_ignore=None, packages_ignore_regex=None, paths=None, packages_up_to=None, packages_up_to_regex=None, packages_above=None, packages_above_and_dependencies=None, packages_above_depth=None, packages_select_by_dep=None, packages_skip_by_dep=None, packages_skip_up_to=None, packages_select_build_failed=False, packages_skip_build_finished=False, packages_select_test_failures=False, packages_skip_test_passed=False, packages_select=['omnibase_bringup', 'omnibase_gazebo', 'omnibase_vision', 'omnibase_control'], packages_skip=None, packages_select_regex=None, packages_skip_regex=None, packages_start=None, packages_end=None, allow_overriding=[], cmake_args=None, cmake_target=None, cmake_target_skip_unavailable=False, cmake_clean_cache=False, cmake_clean_first=False, cmake_force_configure=False, ament_cmake_args=None, catkin_cmake_args=None, catkin_skip_building_tests=False, verb_parser=<colcon_defaults.argument_parser.defaults.DefaultArgumentsDecorator object at 0x7a6c9147e570>, verb_extension=<colcon_core.verb.build.BuildVerb object at 0x7a6c915c98b0>, main=<bound method BuildVerb.main of <colcon_core.verb.build.BuildVerb object at 0x7a6c915c98b0>>)
[0.149s] Level 1:colcon.colcon_core.package_discovery:discover_packages(colcon_meta) check parameters
[0.149s] Level 1:colcon.colcon_core.package_discovery:discover_packages(recursive) check parameters
[0.149s] Level 1:colcon.colcon_core.package_discovery:discover_packages(ignore) check parameters
[0.149s] Level 1:colcon.colcon_core.package_discovery:discover_packages(path) check parameters
[0.149s] Level 1:colcon.colcon_core.package_discovery:discover_packages(colcon_meta) discover
[0.149s] Level 1:colcon.colcon_core.package_discovery:discover_packages(recursive) discover
[0.149s] INFO:colcon.colcon_core.package_discovery:Crawling recursively for packages in '/home/seth/omnibase_ws'
[0.149s] Level 1:colcon.colcon_core.package_identification:_identify(.) by extensions ['ignore', 'ignore_ament_install']
[0.149s] Level 1:colcon.colcon_core.package_identification:_identify(.) by extension 'ignore'
[0.149s] Level 1:colcon.colcon_core.package_identification:_identify(.) by extension 'ignore_ament_install'
[0.149s] Level 1:colcon.colcon_core.package_identification:_identify(.) by extensions ['colcon_pkg']
[0.149s] Level 1:colcon.colcon_core.package_identification:_identify(.) by extension 'colcon_pkg'
[0.149s] Level 1:colcon.colcon_core.package_identification:_identify(.) by extensions ['colcon_meta']
[0.149s] Level 1:colcon.colcon_core.package_identification:_identify(.) by extension 'colcon_meta'
[0.149s] Level 1:colcon.colcon_core.package_identification:_identify(.) by extensions ['ros']
[0.149s] Level 1:colcon.colcon_core.package_identification:_identify(.) by extension 'ros'
[0.165s] Level 1:colcon.colcon_core.package_identification:_identify(.) by extensions ['cmake', 'python']
[0.166s] Level 1:colcon.colcon_core.package_identification:_identify(.) by extension 'cmake'
[0.166s] Level 1:colcon.colcon_core.package_identification:_identify(.) by extension 'python'
[0.166s] Level 1:colcon.colcon_core.package_identification:_identify(.) by extensions ['python_setup_py']
[0.166s] Level 1:colcon.colcon_core.package_identification:_identify(.) by extension 'python_setup_py'
[0.166s] Level 1:colcon.colcon_core.package_identification:_identify(build) by extensions ['ignore', 'ignore_ament_install']
[0.166s] Level 1:colcon.colcon_core.package_identification:_identify(build) by extension 'ignore'
[0.166s] Level 1:colcon.colcon_core.package_identification:_identify(build) ignored
[0.166s] Level 1:colcon.colcon_core.package_identification:_identify(install) by extensions ['ignore', 'ignore_ament_install']
[0.166s] Level 1:colcon.colcon_core.package_identification:_identify(install) by extension 'ignore'
[0.166s] Level 1:colcon.colcon_core.package_identification:_identify(install) ignored
[0.166s] Level 1:colcon.colcon_core.package_identification:_identify(log) by extensions ['ignore', 'ignore_ament_install']
[0.166s] Level 1:colcon.colcon_core.package_identification:_identify(log) by extension 'ignore'
[0.166s] Level 1:colcon.colcon_core.package_identification:_identify(log) ignored
[0.166s] Level 1:colcon.colcon_core.package_identification:_identify(src) by extensions ['ignore', 'ignore_ament_install']
[0.166s] Level 1:colcon.colcon_core.package_identification:_identify(src) by extension 'ignore'
[0.166s] Level 1:colcon.colcon_core.package_identification:_identify(src) by extension 'ignore_ament_install'
[0.166s] Level 1:colcon.colcon_core.package_identification:_identify(src) by extensions ['colcon_pkg']
[0.166s] Level 1:colcon.colcon_core.package_identification:_identify(src) by extension 'colcon_pkg'
[0.166s] Level 1:colcon.colcon_core.package_identification:_identify(src) by extensions ['colcon_meta']
[0.166s] Level 1:colcon.colcon_core.package_identification:_identify(src) by extension 'colcon_meta'
[0.166s] Level 1:colcon.colcon_core.package_identification:_identify(src) by extensions ['ros']
[0.166s] Level 1:colcon.colcon_core.package_identification:_identify(src) by extension 'ros'
[0.166s] Level 1:colcon.colcon_core.package_identification:_identify(src) by extensions ['cmake', 'python']
[0.166s] Level 1:colcon.colcon_core.package_identification:_identify(src) by extension 'cmake'
[0.166s] Level 1:colcon.colcon_core.package_identification:_identify(src) by extension 'python'
[0.166s] Level 1:colcon.colcon_core.package_identification:_identify(src) by extensions ['python_setup_py']
[0.166s] Level 1:colcon.colcon_core.package_identification:_identify(src) by extension 'python_setup_py'
[0.166s] Level 1:colcon.colcon_core.package_identification:_identify(src/omnibase_bringup) by extensions ['ignore', 'ignore_ament_install']
[0.166s] Level 1:colcon.colcon_core.package_identification:_identify(src/omnibase_bringup) by extension 'ignore'
[0.166s] Level 1:colcon.colcon_core.package_identification:_identify(src/omnibase_bringup) by extension 'ignore_ament_install'
[0.166s] Level 1:colcon.colcon_core.package_identification:_identify(src/omnibase_bringup) by extensions ['colcon_pkg']
[0.166s] Level 1:colcon.colcon_core.package_identification:_identify(src/omnibase_bringup) by extension 'colcon_pkg'
[0.166s] Level 1:colcon.colcon_core.package_identification:_identify(src/omnibase_bringup) by extensions ['colcon_meta']
[0.166s] Level 1:colcon.colcon_core.package_identification:_identify(src/omnibase_bringup) by extension 'colcon_meta'
[0.166s] Level 1:colcon.colcon_core.package_identification:_identify(src/omnibase_bringup) by extensions ['ros']
[0.166s] Level 1:colcon.colcon_core.package_identification:_identify(src/omnibase_bringup) by extension 'ros'
[0.168s] DEBUG:colcon.colcon_core.package_identification:Package 'src/omnibase_bringup' with type 'ros.ament_cmake' and name 'omnibase_bringup'
[0.169s] Level 1:colcon.colcon_core.package_identification:_identify(src/omnibase_control) by extensions ['ignore', 'ignore_ament_install']
[0.169s] Level 1:colcon.colcon_core.package_identification:_identify(src/omnibase_control) by extension 'ignore'
[0.169s] Level 1:colcon.colcon_core.package_identification:_identify(src/omnibase_control) by extension 'ignore_ament_install'
[0.169s] Level 1:colcon.colcon_core.package_identification:_identify(src/omnibase_control) by extensions ['colcon_pkg']
[0.169s] Level 1:colcon.colcon_core.package_identification:_identify(src/omnibase_control) by extension 'colcon_pkg'
[0.169s] Level 1:colcon.colcon_core.package_identification:_identify(src/omnibase_control) by extensions ['colcon_meta']
[0.169s] Level 1:colcon.colcon_core.package_identification:_identify(src/omnibase_control) by extension 'colcon_meta'
[0.169s] Level 1:colcon.colcon_core.package_identification:_identify(src/omnibase_control) by extensions ['ros']
[0.169s] Level 1:colcon.colcon_core.package_identification:_identify(src/omnibase_control) by extension 'ros'
[0.169s] DEBUG:colcon.colcon_core.package_identification:Package 'src/omnibase_control' with type 'ros.ament_python' and name 'omnibase_control'
[0.169s] Level 1:colcon.colcon_core.package_identification:_identify(src/omnibase_description) by extensions ['ignore', 'ignore_ament_install']
[0.169s] Level 1:colcon.colcon_core.package_identification:_identify(src/omnibase_description) by extension 'ignore'
[0.169s] Level 1:colcon.colcon_core.package_identification:_identify(src/omnibase_description) by extension 'ignore_ament_install'
[0.169s] Level 1:colcon.colcon_core.package_identification:_identify(src/omnibase_description) by extensions ['colcon_pkg']
[0.169s] Level 1:colcon.colcon_core.package_identification:_identify(src/omnibase_description) by extension 'colcon_pkg'
[0.169s] Level 1:colcon.colcon_core.package_identification:_identify(src/omnibase_description) by extensions ['colcon_meta']
[0.169s] Level 1:colcon.colcon_core.package_identification:_identify(src/omnibase_description) by extension 'colcon_meta'
[0.169s] Level 1:colcon.colcon_core.package_identification:_identify(src/omnibase_description) by extensions ['ros']
[0.169s] Level 1:colcon.colcon_core.package_identification:_identify(src/omnibase_description) by extension 'ros'
[0.169s] DEBUG:colcon.colcon_core.package_identification:Package 'src/omnibase_description' with type 'ros.ament_cmake' and name 'omnibase_description'
[0.169s] Level 1:colcon.colcon_core.package_identification:_identify(src/omnibase_gazebo) by extensions ['ignore', 'ignore_ament_install']
[0.170s] Level 1:colcon.colcon_core.package_identification:_identify(src/omnibase_gazebo) by extension 'ignore'
[0.170s] Level 1:colcon.colcon_core.package_identification:_identify(src/omnibase_gazebo) by extension 'ignore_ament_install'
[0.170s] Level 1:colcon.colcon_core.package_identification:_identify(src/omnibase_gazebo) by extensions ['colcon_pkg']
[0.170s] Level 1:colcon.colcon_core.package_identification:_identify(src/omnibase_gazebo) by extension 'colcon_pkg'
[0.170s] Level 1:colcon.colcon_core.package_identification:_identify(src/omnibase_gazebo) by extensions ['colcon_meta']
[0.170s] Level 1:colcon.colcon_core.package_identification:_identify(src/omnibase_gazebo) by extension 'colcon_meta'
[0.170s] Level 1:colcon.colcon_core.package_identification:_identify(src/omnibase_gazebo) by extensions ['ros']
[0.170s] Level 1:colcon.colcon_core.package_identification:_identify(src/omnibase_gazebo) by extension 'ros'
[0.170s] DEBUG:colcon.colcon_core.package_identification:Package 'src/omnibase_gazebo' with type 'ros.ament_cmake' and name 'omnibase_gazebo'
[0.170s] Level 1:colcon.colcon_core.package_identification:_identify(src/omnibase_vision) by extensions ['ignore', 'ignore_ament_install']
[0.170s] Level 1:colcon.colcon_core.package_identification:_identify(src/omnibase_vision) by extension 'ignore'
[0.170s] Level 1:colcon.colcon_core.package_identification:_identify(src/omnibase_vision) by extension 'ignore_ament_install'
[0.170s] Level 1:colcon.colcon_core.package_identification:_identify(src/omnibase_vision) by extensions ['colcon_pkg']
[0.170s] Level 1:colcon.colcon_core.package_identification:_identify(src/omnibase_vision) by extension 'colcon_pkg'
[0.170s] Level 1:colcon.colcon_core.package_identification:_identify(src/omnibase_vision) by extensions ['colcon_meta']
[0.170s] Level 1:colcon.colcon_core.package_identification:_identify(src/omnibase_vision) by extension 'colcon_meta'
[0.170s] Level 1:colcon.colcon_core.package_identification:_identify(src/omnibase_vision) by extensions ['ros']
[0.170s] Level 1:colcon.colcon_core.package_identification:_identify(src/omnibase_vision) by extension 'ros'
[0.170s] DEBUG:colcon.colcon_core.package_identification:Package 'src/omnibase_vision' with type 'ros.ament_python' and name 'omnibase_vision'
[0.170s] Level 1:colcon.colcon_core.package_identification:_identify(uav) by extensions ['ignore', 'ignore_ament_install']
[0.170s] Level 1:colcon.colcon_core.package_identification:_identify(uav) by extension 'ignore'
[0.170s] Level 1:colcon.colcon_core.package_identification:_identify(uav) by extension 'ignore_ament_install'
[0.171s] Level 1:colcon.colcon_core.package_identification:_identify(uav) by extensions ['colcon_pkg']
[0.171s] Level 1:colcon.colcon_core.package_identification:_identify(uav) by extension 'colcon_pkg'
[0.171s] Level 1:colcon.colcon_core.package_identification:_identify(uav) by extensions ['colcon_meta']
[0.171s] Level 1:colcon.colcon_core.package_identification:_identify(uav) by extension 'colcon_meta'
[0.171s] Level 1:colcon.colcon_core.package_identification:_identify(uav) by extensions ['ros']
[0.171s] Level 1:colcon.colcon_core.package_identification:_identify(uav) by extension 'ros'
[0.171s] Level 1:colcon.colcon_core.package_identification:_identify(uav) by extensions ['cmake', 'python']
[0.171s] Level 1:colcon.colcon_core.package_identification:_identify(uav) by extension 'cmake'
[0.171s] Level 1:colcon.colcon_core.package_identification:_identify(uav) by extension 'python'
[0.171s] Level 1:colcon.colcon_core.package_identification:_identify(uav) by extensions ['python_setup_py']
[0.171s] Level 1:colcon.colcon_core.package_identification:_identify(uav) by extension 'python_setup_py'
[0.171s] Level 1:colcon.colcon_core.package_identification:_identify(uav/materials) by extensions ['ignore', 'ignore_ament_install']
[0.171s] Level 1:colcon.colcon_core.package_identification:_identify(uav/materials) by extension 'ignore'
[0.171s] Level 1:colcon.colcon_core.package_identification:_identify(uav/materials) by extension 'ignore_ament_install'
[0.171s] Level 1:colcon.colcon_core.package_identification:_identify(uav/materials) by extensions ['colcon_pkg']
[0.171s] Level 1:colcon.colcon_core.package_identification:_identify(uav/materials) by extension 'colcon_pkg'
[0.171s] Level 1:colcon.colcon_core.package_identification:_identify(uav/materials) by extensions ['colcon_meta']
[0.171s] Level 1:colcon.colcon_core.package_identification:_identify(uav/materials) by extension 'colcon_meta'
[0.171s] Level 1:colcon.colcon_core.package_identification:_identify(uav/materials) by extensions ['ros']
[0.171s] Level 1:colcon.colcon_core.package_identification:_identify(uav/materials) by extension 'ros'
[0.171s] Level 1:colcon.colcon_core.package_identification:_identify(uav/materials) by extensions ['cmake', 'python']
[0.171s] Level 1:colcon.colcon_core.package_identification:_identify(uav/materials) by extension 'cmake'
[0.171s] Level 1:colcon.colcon_core.package_identification:_identify(uav/materials) by extension 'python'
[0.171s] Level 1:colcon.colcon_core.package_identification:_identify(uav/materials) by extensions ['python_setup_py']
[0.171s] Level 1:colcon.colcon_core.package_identification:_identify(uav/materials) by extension 'python_setup_py'
[0.171s] Level 1:colcon.colcon_core.package_identification:_identify(uav/materials/textures) by extensions ['ignore', 'ignore_ament_install']
[0.171s] Level 1:colcon.colcon_core.package_identification:_identify(uav/materials/textures) by extension 'ignore'
[0.171s] Level 1:colcon.colcon_core.package_identification:_identify(uav/materials/textures) by extension 'ignore_ament_install'
[0.171s] Level 1:colcon.colcon_core.package_identification:_identify(uav/materials/textures) by extensions ['colcon_pkg']
[0.171s] Level 1:colcon.colcon_core.package_identification:_identify(uav/materials/textures) by extension 'colcon_pkg'
[0.171s] Level 1:colcon.colcon_core.package_identification:_identify(uav/materials/textures) by extensions ['colcon_meta']
[0.171s] Level 1:colcon.colcon_core.package_identification:_identify(uav/materials/textures) by extension 'colcon_meta'
[0.171s] Level 1:colcon.colcon_core.package_identification:_identify(uav/materials/textures) by extensions ['ros']
[0.171s] Level 1:colcon.colcon_core.package_identification:_identify(uav/materials/textures) by extension 'ros'
[0.171s] Level 1:colcon.colcon_core.package_identification:_identify(uav/materials/textures) by extensions ['cmake', 'python']
[0.171s] Level 1:colcon.colcon_core.package_identification:_identify(uav/materials/textures) by extension 'cmake'
[0.171s] Level 1:colcon.colcon_core.package_identification:_identify(uav/materials/textures) by extension 'python'
[0.171s] Level 1:colcon.colcon_core.package_identification:_identify(uav/materials/textures) by extensions ['python_setup_py']
[0.171s] Level 1:colcon.colcon_core.package_identification:_identify(uav/materials/textures) by extension 'python_setup_py'
[0.171s] Level 1:colcon.colcon_core.package_identification:_identify(uav/meshes) by extensions ['ignore', 'ignore_ament_install']
[0.171s] Level 1:colcon.colcon_core.package_identification:_identify(uav/meshes) by extension 'ignore'
[0.172s] Level 1:colcon.colcon_core.package_identification:_identify(uav/meshes) by extension 'ignore_ament_install'
[0.172s] Level 1:colcon.colcon_core.package_identification:_identify(uav/meshes) by extensions ['colcon_pkg']
[0.172s] Level 1:colcon.colcon_core.package_identification:_identify(uav/meshes) by extension 'colcon_pkg'
[0.172s] Level 1:colcon.colcon_core.package_identification:_identify(uav/meshes) by extensions ['colcon_meta']
[0.172s] Level 1:colcon.colcon_core.package_identification:_identify(uav/meshes) by extension 'colcon_meta'
[0.172s] Level 1:colcon.colcon_core.package_identification:_identify(uav/meshes) by extensions ['ros']
[0.172s] Level 1:colcon.colcon_core.package_identification:_identify(uav/meshes) by extension 'ros'
[0.172s] Level 1:colcon.colcon_core.package_identification:_identify(uav/meshes) by extensions ['cmake', 'python']
[0.172s] Level 1:colcon.colcon_core.package_identification:_identify(uav/meshes) by extension 'cmake'
[0.172s] Level 1:colcon.colcon_core.package_identification:_identify(uav/meshes) by extension 'python'
[0.172s] Level 1:colcon.colcon_core.package_identification:_identify(uav/meshes) by extensions ['python_setup_py']
[0.172s] Level 1:colcon.colcon_core.package_identification:_identify(uav/meshes) by extension 'python_setup_py'
[0.172s] Level 1:colcon.colcon_core.package_identification:_identify(uav/thumbnails) by extensions ['ignore', 'ignore_ament_install']
[0.172s] Level 1:colcon.colcon_core.package_identification:_identify(uav/thumbnails) by extension 'ignore'
[0.172s] Level 1:colcon.colcon_core.package_identification:_identify(uav/thumbnails) by extension 'ignore_ament_install'
[0.172s] Level 1:colcon.colcon_core.package_identification:_identify(uav/thumbnails) by extensions ['colcon_pkg']
[0.172s] Level 1:colcon.colcon_core.package_identification:_identify(uav/thumbnails) by extension 'colcon_pkg'
[0.172s] Level 1:colcon.colcon_core.package_identification:_identify(uav/thumbnails) by extensions ['colcon_meta']
[0.172s] Level 1:colcon.colcon_core.package_identification:_identify(uav/thumbnails) by extension 'colcon_meta'
[0.172s] Level 1:colcon.colcon_core.package_identification:_identify(uav/thumbnails) by extensions ['ros']
[0.172s] Level 1:colcon.colcon_core.package_identification:_identify(uav/thumbnails) by extension 'ros'
[0.172s] Level 1:colcon.colcon_core.package_identification:_identify(uav/thumbnails) by extensions ['cmake', 'python']
[0.172s] Level 1:colcon.colcon_core.package_identification:_identify(uav/thumbnails) by extension 'cmake'
[0.172s] Level 1:colcon.colcon_core.package_identification:_identify(uav/thumbnails) by extension 'python'
[0.172s] Level 1:colcon.colcon_core.package_identification:_identify(uav/thumbnails) by extensions ['python_setup_py']
[0.172s] Level 1:colcon.colcon_core.package_identification:_identify(uav/thumbnails) by extension 'python_setup_py'
[0.172s] Level 1:colcon.colcon_core.package_discovery:discover_packages(recursive) using defaults
[0.172s] Level 1:colcon.colcon_core.package_discovery:discover_packages(ignore) discover
[0.172s] Level 1:colcon.colcon_core.package_discovery:discover_packages(ignore) using defaults
[0.172s] Level 1:colcon.colcon_core.package_discovery:discover_packages(path) discover
[0.172s] Level 1:colcon.colcon_core.package_discovery:discover_packages(path) using defaults
[0.188s] INFO:colcon.colcon_core.package_selection:Skipping not selected package 'omnibase_description' in 'src/omnibase_description'
[0.189s] Level 1:colcon.colcon_core.package_discovery:discover_packages(prefix_path) check parameters
[0.189s] Level 1:colcon.colcon_core.package_discovery:discover_packages(prefix_path) discover
[0.191s] DEBUG:colcon.colcon_installed_package_information.package_discovery:Found 7 installed packages in /home/seth/omnibase_ws/install
[0.191s] DEBUG:colcon.colcon_installed_package_information.package_discovery:Found 4 installed packages in /home/seth/mecanum_ws/install
[0.192s] DEBUG:colcon.colcon_installed_package_information.package_discovery:Found 367 installed packages in /opt/ros/jazzy
[0.193s] Level 1:colcon.colcon_core.package_discovery:discover_packages(prefix_path) using defaults
[0.225s] Level 5:colcon.colcon_core.verb:set package 'omnibase_control' build argument 'cmake_args' from command line to 'None'
[0.225s] Level 5:colcon.colcon_core.verb:set package 'omnibase_control' build argument 'cmake_target' from command line to 'None'
[0.225s] Level 5:colcon.colcon_core.verb:set package 'omnibase_control' build argument 'cmake_target_skip_unavailable' from command line to 'False'
[0.225s] Level 5:colcon.colcon_core.verb:set package 'omnibase_control' build argument 'cmake_clean_cache' from command line to 'False'
[0.225s] Level 5:colcon.colcon_core.verb:set package 'omnibase_control' build argument 'cmake_clean_first' from command line to 'False'
[0.225s] Level 5:colcon.colcon_core.verb:set package 'omnibase_control' build argument 'cmake_force_configure' from command line to 'False'
[0.225s] Level 5:colcon.colcon_core.verb:set package 'omnibase_control' build argument 'ament_cmake_args' from command line to 'None'
[0.225s] Level 5:colcon.colcon_core.verb:set package 'omnibase_control' build argument 'catkin_cmake_args' from command line to 'None'
[0.225s] Level 5:colcon.colcon_core.verb:set package 'omnibase_control' build argument 'catkin_skip_building_tests' from command line to 'False'
[0.225s] DEBUG:colcon.colcon_core.verb:Building package 'omnibase_control' with the following arguments: {'ament_cmake_args': None, 'build_base': '/home/seth/omnibase_ws/build/omnibase_control', 'catkin_cmake_args': None, 'catkin_skip_building_tests': False, 'cmake_args': None, 'cmake_clean_cache': False, 'cmake_clean_first': False, 'cmake_force_configure': False, 'cmake_target': None, 'cmake_target_skip_unavailable': False, 'install_base': '/home/seth/omnibase_ws/install/omnibase_control', 'merge_install': False, 'path': '/home/seth/omnibase_ws/src/omnibase_control', 'symlink_install': False, 'test_result_base': None}
[0.225s] Level 5:colcon.colcon_core.verb:set package 'omnibase_vision' build argument 'cmake_args' from command line to 'None'
[0.225s] Level 5:colcon.colcon_core.verb:set package 'omnibase_vision' build argument 'cmake_target' from command line to 'None'
[0.225s] Level 5:colcon.colcon_core.verb:set package 'omnibase_vision' build argument 'cmake_target_skip_unavailable' from command line to 'False'
[0.225s] Level 5:colcon.colcon_core.verb:set package 'omnibase_vision' build argument 'cmake_clean_cache' from command line to 'False'
[0.225s] Level 5:colcon.colcon_core.verb:set package 'omnibase_vision' build argument 'cmake_clean_first' from command line to 'False'
[0.225s] Level 5:colcon.colcon_core.verb:set package 'omnibase_vision' build argument 'cmake_force_configure' from command line to 'False'
[0.225s] Level 5:colcon.colcon_core.verb:set package 'omnibase_vision' build argument 'ament_cmake_args' from command line to 'None'
[0.225s] Level 5:colcon.colcon_core.verb:set package 'omnibase_vision' build argument 'catkin_cmake_args' from command line to 'None'
[0.225s] Level 5:colcon.colcon_core.verb:set package 'omnibase_vision' build argument 'catkin_skip_building_tests' from command line to 'False'
[0.225s] DEBUG:colcon.colcon_core.verb:Building package 'omnibase_vision' with the following arguments: {'ament_cmake_args': None, 'build_base': '/home/seth/omnibase_ws/build/omnibase_vision', 'catkin_cmake_args': None, 'catkin_skip_building_tests': False, 'cmake_args': None, 'cmake_clean_cache': False, 'cmake_clean_first': False, 'cmake_force_configure': False, 'cmake_target': None, 'cmake_target_skip_unavailable': False, 'install_base': '/home/seth/omnibase_ws/install/omnibase_vision', 'merge_install': False, 'path': '/home/seth/omnibase_ws/src/omnibase_vision', 'symlink_install': False, 'test_result_base': None}
[0.226s] Level 5:colcon.colcon_core.verb:set package 'omnibase_gazebo' build argument 'cmake_args' from command line to 'None'
[0.226s] Level 5:colcon.colcon_core.verb:set package 'omnibase_gazebo' build argument 'cmake_target' from command line to 'None'
[0.226s] Level 5:colcon.colcon_core.verb:set package 'omnibase_gazebo' build argument 'cmake_target_skip_unavailable' from command line to 'False'
[0.226s] Level 5:colcon.colcon_core.verb:set package 'omnibase_gazebo' build argument 'cmake_clean_cache' from command line to 'False'
[0.226s] Level 5:colcon.colcon_core.verb:set package 'omnibase_gazebo' build argument 'cmake_clean_first' from command line to 'False'
[0.226s] Level 5:colcon.colcon_core.verb:set package 'omnibase_gazebo' build argument 'cmake_force_configure' from command line to 'False'
[0.226s] Level 5:colcon.colcon_core.verb:set package 'omnibase_gazebo' build argument 'ament_cmake_args' from command line to 'None'
[0.226s] Level 5:colcon.colcon_core.verb:set package 'omnibase_gazebo' build argument 'catkin_cmake_args' from command line to 'None'
[0.226s] Level 5:colcon.colcon_core.verb:set package 'omnibase_gazebo' build argument 'catkin_skip_building_tests' from command line to 'False'
[0.226s] DEBUG:colcon.colcon_core.verb:Building package 'omnibase_gazebo' with the following arguments: {'ament_cmake_args': None, 'build_base': '/home/seth/omnibase_ws/build/omnibase_gazebo', 'catkin_cmake_args': None, 'catkin_skip_building_tests': False, 'cmake_args': None, 'cmake_clean_cache': False, 'cmake_clean_first': False, 'cmake_force_configure': False, 'cmake_target': None, 'cmake_target_skip_unavailable': False, 'install_base': '/home/seth/omnibase_ws/install/omnibase_gazebo', 'merge_install': False, 'path': '/home/seth/omnibase_ws/src/omnibase_gazebo', 'symlink_install': False, 'test_result_base': None}
[0.226s] Level 5:colcon.colcon_core.verb:set package 'omnibase_bringup' build argument 'cmake_args' from command line to 'None'
[0.226s] Level 5:colcon.colcon_core.verb:set package 'omnibase_bringup' build argument 'cmake_target' from command line to 'None'
[0.226s] Level 5:colcon.colcon_core.verb:set package 'omnibase_bringup' build argument 'cmake_target_skip_unavailable' from command line to 'False'
[0.226s] Level 5:colcon.colcon_core.verb:set package 'omnibase_bringup' build argument 'cmake_clean_cache' from command line to 'False'
[0.226s] Level 5:colcon.colcon_core.verb:set package 'omnibase_bringup' build argument 'cmake_clean_first' from command line to 'False'
[0.226s] Level 5:colcon.colcon_core.verb:set package 'omnibase_bringup' build argument 'cmake_force_configure' from command line to 'False'
[0.226s] Level 5:colcon.colcon_core.verb:set package 'omnibase_bringup' build argument 'ament_cmake_args' from command line to 'None'
[0.226s] Level 5:colcon.colcon_core.verb:set package 'omnibase_bringup' build argument 'catkin_cmake_args' from command line to 'None'
[0.226s] Level 5:colcon.colcon_core.verb:set package 'omnibase_bringup' build argument 'catkin_skip_building_tests' from command line to 'False'
[0.226s] DEBUG:colcon.colcon_core.verb:Building package 'omnibase_bringup' with the following arguments: {'ament_cmake_args': None, 'build_base': '/home/seth/omnibase_ws/build/omnibase_bringup', 'catkin_cmake_args': None, 'catkin_skip_building_tests': False, 'cmake_args': None, 'cmake_clean_cache': False, 'cmake_clean_first': False, 'cmake_force_configure': False, 'cmake_target': None, 'cmake_target_skip_unavailable': False, 'install_base': '/home/seth/omnibase_ws/install/omnibase_bringup', 'merge_install': False, 'path': '/home/seth/omnibase_ws/src/omnibase_bringup', 'symlink_install': False, 'test_result_base': None}
[0.226s] INFO:colcon.colcon_core.executor:Executing jobs using 'parallel' executor
[0.226s] DEBUG:colcon.colcon_parallel_executor.executor.parallel:run_until_complete
[0.227s] INFO:colcon.colcon_ros.task.ament_python.build:Building ROS package in '/home/seth/omnibase_ws/src/omnibase_control' with build type 'ament_python'
[0.227s] Level 1:colcon.colcon_core.shell:create_environment_hook('omnibase_control', 'ament_prefix_path')
[0.229s] INFO:colcon.colcon_core.plugin_system:Skipping extension 'colcon_core.shell.bat': Not used on non-Windows systems
[0.229s] INFO:colcon.colcon_core.shell:Creating environment hook '/home/seth/omnibase_ws/install/omnibase_control/share/omnibase_control/hook/ament_prefix_path.ps1'
[0.230s] INFO:colcon.colcon_core.shell:Creating environment descriptor '/home/seth/omnibase_ws/install/omnibase_control/share/omnibase_control/hook/ament_prefix_path.dsv'
[0.230s] INFO:colcon.colcon_core.shell:Creating environment hook '/home/seth/omnibase_ws/install/omnibase_control/share/omnibase_control/hook/ament_prefix_path.sh'
[0.231s] INFO:colcon.colcon_core.shell:Skip shell extension 'powershell' for command environment: Not usable outside of PowerShell
[0.231s] DEBUG:colcon.colcon_core.shell:Skip shell extension 'dsv' for command environment
[0.234s] INFO:colcon.colcon_ros.task.ament_python.build:Building ROS package in '/home/seth/omnibase_ws/src/omnibase_vision' with build type 'ament_python'
[0.234s] Level 1:colcon.colcon_core.shell:create_environment_hook('omnibase_vision', 'ament_prefix_path')
[0.234s] INFO:colcon.colcon_core.shell:Creating environment hook '/home/seth/omnibase_ws/install/omnibase_vision/share/omnibase_vision/hook/ament_prefix_path.ps1'
[0.234s] INFO:colcon.colcon_core.shell:Creating environment descriptor '/home/seth/omnibase_ws/install/omnibase_vision/share/omnibase_vision/hook/ament_prefix_path.dsv'
[0.234s] INFO:colcon.colcon_core.shell:Creating environment hook '/home/seth/omnibase_ws/install/omnibase_vision/share/omnibase_vision/hook/ament_prefix_path.sh'
[0.235s] INFO:colcon.colcon_core.shell:Skip shell extension 'powershell' for command environment: Not usable outside of PowerShell
[0.235s] DEBUG:colcon.colcon_core.shell:Skip shell extension 'dsv' for command environment
[0.237s] INFO:colcon.colcon_ros.task.ament_cmake.build:Building ROS package in '/home/seth/omnibase_ws/src/omnibase_gazebo' with build type 'ament_cmake'
[0.237s] INFO:colcon.colcon_cmake.task.cmake.build:Building CMake package in '/home/seth/omnibase_ws/src/omnibase_gazebo'
[0.237s] INFO:colcon.colcon_core.shell:Skip shell extension 'powershell' for command environment: Not usable outside of PowerShell
[0.237s] DEBUG:colcon.colcon_core.shell:Skip shell extension 'dsv' for command environment
[0.344s] INFO:colcon.colcon_core.task.python.build:Building Python package in '/home/seth/omnibase_ws/src/omnibase_control'
[0.344s] INFO:colcon.colcon_core.shell:Skip shell extension 'powershell' for command environment: Not usable outside of PowerShell
[0.344s] DEBUG:colcon.colcon_core.shell:Skip shell extension 'dsv' for command environment
[0.450s] INFO:colcon.colcon_core.task.python.build:Building Python package in '/home/seth/omnibase_ws/src/omnibase_vision'
[0.450s] INFO:colcon.colcon_core.shell:Skip shell extension 'powershell' for command environment: Not usable outside of PowerShell
[0.450s] DEBUG:colcon.colcon_core.shell:Skip shell extension 'dsv' for command environment
[0.456s] DEBUG:colcon.colcon_core.event_handler.log_command:Invoking command in '/home/seth/omnibase_ws/build/omnibase_gazebo': CMAKE_PREFIX_PATH=/home/seth/omnibase_ws/install/omnibase_description:/home/seth/omnibase_ws/install/omnibase_bringup:/home/seth/omnibase_ws/install/omnibase_gazebo:/home/seth/mecanum_ws/install/mecanum_base_sim:/home/seth/mecanum_ws/install/mecanum_base_description:/home/seth/mecanum_ws/install/mecanum_base_controller:/home/seth/mecanum_ws/install/mecanum_base_bringup:/opt/ros/jazzy/opt/gz_sim_vendor:/opt/ros/jazzy/opt/gz_sensors_vendor:/opt/ros/jazzy/opt/gz_physics_vendor:/opt/ros/jazzy/opt/sdformat_vendor:/opt/ros/jazzy/opt/gz_gui_vendor:/opt/ros/jazzy/opt/gz_transport_vendor:/opt/ros/jazzy/opt/gz_rendering_vendor:/opt/ros/jazzy/opt/gz_plugin_vendor:/opt/ros/jazzy/opt/gz_fuel_tools_vendor:/opt/ros/jazzy/opt/gz_msgs_vendor:/opt/ros/jazzy/opt/gz_common_vendor:/opt/ros/jazzy/opt/gz_math_vendor:/opt/ros/jazzy/opt/gz_utils_vendor:/opt/ros/jazzy/opt/gz_tools_vendor:/opt/ros/jazzy/opt/gz_ogre_next_vendor:/opt/ros/jazzy/opt/gz_dartsim_vendor:/opt/ros/jazzy/opt/gz_cmake_vendor:/home/seth/omnibase_ws/install/omnibase_vision:/home/seth/omnibase_ws/install/omnibase_control:/opt/ros/jazzy DEBUGINFOD_URLS=https://debuginfod.ubuntu.com /usr/bin/cmake --build /home/seth/omnibase_ws/build/omnibase_gazebo -- -j12 -l12
[0.501s] DEBUG:colcon.colcon_core.event_handler.log_command:Invoked command in '/home/seth/omnibase_ws/build/omnibase_gazebo' returned '0': CMAKE_PREFIX_PATH=/home/seth/omnibase_ws/install/omnibase_description:/home/seth/omnibase_ws/install/omnibase_bringup:/home/seth/omnibase_ws/install/omnibase_gazebo:/home/seth/mecanum_ws/install/mecanum_base_sim:/home/seth/mecanum_ws/install/mecanum_base_description:/home/seth/mecanum_ws/install/mecanum_base_controller:/home/seth/mecanum_ws/install/mecanum_base_bringup:/opt/ros/jazzy/opt/gz_sim_vendor:/opt/ros/jazzy/opt/gz_sensors_vendor:/opt/ros/jazzy/opt/gz_physics_vendor:/opt/ros/jazzy/opt/sdformat_vendor:/opt/ros/jazzy/opt/gz_gui_vendor:/opt/ros/jazzy/opt/gz_transport_vendor:/opt/ros/jazzy/opt/gz_rendering_vendor:/opt/ros/jazzy/opt/gz_plugin_vendor:/opt/ros/jazzy/opt/gz_fuel_tools_vendor:/opt/ros/jazzy/opt/gz_msgs_vendor:/opt/ros/jazzy/opt/gz_common_vendor:/opt/ros/jazzy/opt/gz_math_vendor:/opt/ros/jazzy/opt/gz_utils_vendor:/opt/ros/jazzy/opt/gz_tools_vendor:/opt/ros/jazzy/opt/gz_ogre_next_vendor:/opt/ros/jazzy/opt/gz_dartsim_vendor:/opt/ros/jazzy/opt/gz_cmake_vendor:/home/seth/omnibase_ws/install/omnibase_vision:/home/seth/omnibase_ws/install/omnibase_control:/opt/ros/jazzy DEBUGINFOD_URLS=https://debuginfod.ubuntu.com /usr/bin/cmake --build /home/seth/omnibase_ws/build/omnibase_gazebo -- -j12 -l12
[0.510s] DEBUG:colcon.colcon_core.event_handler.log_command:Invoking command in '/home/seth/omnibase_ws/build/omnibase_gazebo': CMAKE_PREFIX_PATH=/home/seth/omnibase_ws/install/omnibase_description:/home/seth/omnibase_ws/install/omnibase_bringup:/home/seth/omnibase_ws/install/omnibase_gazebo:/home/seth/mecanum_ws/install/mecanum_base_sim:/home/seth/mecanum_ws/install/mecanum_base_description:/home/seth/mecanum_ws/install/mecanum_base_controller:/home/seth/mecanum_ws/install/mecanum_base_bringup:/opt/ros/jazzy/opt/gz_sim_vendor:/opt/ros/jazzy/opt/gz_sensors_vendor:/opt/ros/jazzy/opt/gz_physics_vendor:/opt/ros/jazzy/opt/sdformat_vendor:/opt/ros/jazzy/opt/gz_gui_vendor:/opt/ros/jazzy/opt/gz_transport_vendor:/opt/ros/jazzy/opt/gz_rendering_vendor:/opt/ros/jazzy/opt/gz_plugin_vendor:/opt/ros/jazzy/opt/gz_fuel_tools_vendor:/opt/ros/jazzy/opt/gz_msgs_vendor:/opt/ros/jazzy/opt/gz_common_vendor:/opt/ros/jazzy/opt/gz_math_vendor:/opt/ros/jazzy/opt/gz_utils_vendor:/opt/ros/jazzy/opt/gz_tools_vendor:/opt/ros/jazzy/opt/gz_ogre_next_vendor:/opt/ros/jazzy/opt/gz_dartsim_vendor:/opt/ros/jazzy/opt/gz_cmake_vendor:/home/seth/omnibase_ws/install/omnibase_vision:/home/seth/omnibase_ws/install/omnibase_control:/opt/ros/jazzy DEBUGINFOD_URLS=https://debuginfod.ubuntu.com /usr/bin/cmake --install /home/seth/omnibase_ws/build/omnibase_gazebo
[0.530s] Level 1:colcon.colcon_core.environment:create_environment_scripts_only(omnibase_gazebo)
[0.530s] DEBUG:colcon.colcon_core.event_handler.log_command:Invoked command in '/home/seth/omnibase_ws/build/omnibase_gazebo' returned '0': CMAKE_PREFIX_PATH=/home/seth/omnibase_ws/install/omnibase_description:/home/seth/omnibase_ws/install/omnibase_bringup:/home/seth/omnibase_ws/install/omnibase_gazebo:/home/seth/mecanum_ws/install/mecanum_base_sim:/home/seth/mecanum_ws/install/mecanum_base_description:/home/seth/mecanum_ws/install/mecanum_base_controller:/home/seth/mecanum_ws/install/mecanum_base_bringup:/opt/ros/jazzy/opt/gz_sim_vendor:/opt/ros/jazzy/opt/gz_sensors_vendor:/opt/ros/jazzy/opt/gz_physics_vendor:/opt/ros/jazzy/opt/sdformat_vendor:/opt/ros/jazzy/opt/gz_gui_vendor:/opt/ros/jazzy/opt/gz_transport_vendor:/opt/ros/jazzy/opt/gz_rendering_vendor:/opt/ros/jazzy/opt/gz_plugin_vendor:/opt/ros/jazzy/opt/gz_fuel_tools_vendor:/opt/ros/jazzy/opt/gz_msgs_vendor:/opt/ros/jazzy/opt/gz_common_vendor:/opt/ros/jazzy/opt/gz_math_vendor:/opt/ros/jazzy/opt/gz_utils_vendor:/opt/ros/jazzy/opt/gz_tools_vendor:/opt/ros/jazzy/opt/gz_ogre_next_vendor:/opt/ros/jazzy/opt/gz_dartsim_vendor:/opt/ros/jazzy/opt/gz_cmake_vendor:/home/seth/omnibase_ws/install/omnibase_vision:/home/seth/omnibase_ws/install/omnibase_control:/opt/ros/jazzy DEBUGINFOD_URLS=https://debuginfod.ubuntu.com /usr/bin/cmake --install /home/seth/omnibase_ws/build/omnibase_gazebo
[0.533s] Level 1:colcon.colcon_core.environment:checking '/home/seth/omnibase_ws/install/omnibase_gazebo' for CMake module files
[0.533s] Level 1:colcon.colcon_core.environment:checking '/home/seth/omnibase_ws/install/omnibase_gazebo' for CMake config files
[0.534s] Level 1:colcon.colcon_core.shell:create_environment_hook('omnibase_gazebo', 'cmake_prefix_path')
[0.534s] INFO:colcon.colcon_core.shell:Creating environment hook '/home/seth/omnibase_ws/install/omnibase_gazebo/share/omnibase_gazebo/hook/cmake_prefix_path.ps1'
[0.534s] INFO:colcon.colcon_core.shell:Creating environment descriptor '/home/seth/omnibase_ws/install/omnibase_gazebo/share/omnibase_gazebo/hook/cmake_prefix_path.dsv'
[0.534s] INFO:colcon.colcon_core.shell:Creating environment hook '/home/seth/omnibase_ws/install/omnibase_gazebo/share/omnibase_gazebo/hook/cmake_prefix_path.sh'
[0.534s] Level 1:colcon.colcon_core.environment:checking '/home/seth/omnibase_ws/install/omnibase_gazebo/lib'
[0.535s] Level 1:colcon.colcon_core.shell:create_environment_hook('omnibase_gazebo', 'ld_library_path_lib')
[0.535s] INFO:colcon.colcon_core.shell:Creating environment hook '/home/seth/omnibase_ws/install/omnibase_gazebo/share/omnibase_gazebo/hook/ld_library_path_lib.ps1'
[0.535s] INFO:colcon.colcon_core.shell:Creating environment descriptor '/home/seth/omnibase_ws/install/omnibase_gazebo/share/omnibase_gazebo/hook/ld_library_path_lib.dsv'
[0.535s] INFO:colcon.colcon_core.shell:Creating environment hook '/home/seth/omnibase_ws/install/omnibase_gazebo/share/omnibase_gazebo/hook/ld_library_path_lib.sh'
[0.535s] Level 1:colcon.colcon_core.environment:checking '/home/seth/omnibase_ws/install/omnibase_gazebo/bin'
[0.535s] Level 1:colcon.colcon_core.environment:checking '/home/seth/omnibase_ws/install/omnibase_gazebo/lib/pkgconfig/omnibase_gazebo.pc'
[0.535s] Level 1:colcon.colcon_core.environment:checking '/home/seth/omnibase_ws/install/omnibase_gazebo/lib/python3.12/site-packages'
[0.536s] Level 1:colcon.colcon_core.environment:checking '/home/seth/omnibase_ws/install/omnibase_gazebo/bin'
[0.536s] INFO:colcon.colcon_core.shell:Creating package script '/home/seth/omnibase_ws/install/omnibase_gazebo/share/omnibase_gazebo/package.ps1'
[0.536s] INFO:colcon.colcon_core.shell:Creating package descriptor '/home/seth/omnibase_ws/install/omnibase_gazebo/share/omnibase_gazebo/package.dsv'
[0.537s] INFO:colcon.colcon_core.shell:Creating package script '/home/seth/omnibase_ws/install/omnibase_gazebo/share/omnibase_gazebo/package.sh'
[0.537s] INFO:colcon.colcon_core.shell:Creating package script '/home/seth/omnibase_ws/install/omnibase_gazebo/share/omnibase_gazebo/package.bash'
[0.537s] INFO:colcon.colcon_core.shell:Creating package script '/home/seth/omnibase_ws/install/omnibase_gazebo/share/omnibase_gazebo/package.zsh'
[0.538s] Level 1:colcon.colcon_core.environment:create_file_with_runtime_dependencies(/home/seth/omnibase_ws/install/omnibase_gazebo/share/colcon-core/packages/omnibase_gazebo)
[0.538s] Level 1:colcon.colcon_core.environment:create_environment_scripts_only(omnibase_gazebo)
[0.538s] Level 1:colcon.colcon_core.environment:checking '/home/seth/omnibase_ws/install/omnibase_gazebo' for CMake module files
[0.538s] Level 1:colcon.colcon_core.environment:checking '/home/seth/omnibase_ws/install/omnibase_gazebo' for CMake config files
[0.539s] Level 1:colcon.colcon_core.shell:create_environment_hook('omnibase_gazebo', 'cmake_prefix_path')
[0.539s] INFO:colcon.colcon_core.shell:Creating environment hook '/home/seth/omnibase_ws/install/omnibase_gazebo/share/omnibase_gazebo/hook/cmake_prefix_path.ps1'
[0.539s] INFO:colcon.colcon_core.shell:Creating environment descriptor '/home/seth/omnibase_ws/install/omnibase_gazebo/share/omnibase_gazebo/hook/cmake_prefix_path.dsv'
[0.539s] INFO:colcon.colcon_core.shell:Creating environment hook '/home/seth/omnibase_ws/install/omnibase_gazebo/share/omnibase_gazebo/hook/cmake_prefix_path.sh'
[0.539s] Level 1:colcon.colcon_core.environment:checking '/home/seth/omnibase_ws/install/omnibase_gazebo/lib'
[0.539s] Level 1:colcon.colcon_core.shell:create_environment_hook('omnibase_gazebo', 'ld_library_path_lib')
[0.540s] INFO:colcon.colcon_core.shell:Creating environment hook '/home/seth/omnibase_ws/install/omnibase_gazebo/share/omnibase_gazebo/hook/ld_library_path_lib.ps1'
[0.540s] INFO:colcon.colcon_core.shell:Creating environment descriptor '/home/seth/omnibase_ws/install/omnibase_gazebo/share/omnibase_gazebo/hook/ld_library_path_lib.dsv'
[0.540s] INFO:colcon.colcon_core.shell:Creating environment hook '/home/seth/omnibase_ws/install/omnibase_gazebo/share/omnibase_gazebo/hook/ld_library_path_lib.sh'
[0.540s] Level 1:colcon.colcon_core.environment:checking '/home/seth/omnibase_ws/install/omnibase_gazebo/bin'
[0.540s] Level 1:colcon.colcon_core.environment:checking '/home/seth/omnibase_ws/install/omnibase_gazebo/lib/pkgconfig/omnibase_gazebo.pc'
[0.540s] Level 1:colcon.colcon_core.environment:checking '/home/seth/omnibase_ws/install/omnibase_gazebo/lib/python3.12/site-packages'
[0.540s] Level 1:colcon.colcon_core.environment:checking '/home/seth/omnibase_ws/install/omnibase_gazebo/bin'
[0.540s] INFO:colcon.colcon_core.shell:Creating package script '/home/seth/omnibase_ws/install/omnibase_gazebo/share/omnibase_gazebo/package.ps1'
[0.541s] INFO:colcon.colcon_core.shell:Creating package descriptor '/home/seth/omnibase_ws/install/omnibase_gazebo/share/omnibase_gazebo/package.dsv'
[0.541s] INFO:colcon.colcon_core.shell:Creating package script '/home/seth/omnibase_ws/install/omnibase_gazebo/share/omnibase_gazebo/package.sh'
[0.541s] INFO:colcon.colcon_core.shell:Creating package script '/home/seth/omnibase_ws/install/omnibase_gazebo/share/omnibase_gazebo/package.bash'
[0.541s] INFO:colcon.colcon_core.shell:Creating package script '/home/seth/omnibase_ws/install/omnibase_gazebo/share/omnibase_gazebo/package.zsh'
[0.542s] Level 1:colcon.colcon_core.environment:create_file_with_runtime_dependencies(/home/seth/omnibase_ws/install/omnibase_gazebo/share/colcon-core/packages/omnibase_gazebo)
[0.881s] DEBUG:colcon.colcon_core.event_handler.log_command:Invoking command in '/home/seth/omnibase_ws/src/omnibase_vision': DEBUGINFOD_URLS=https://debuginfod.ubuntu.com PYTHONPATH=/home/seth/omnibase_ws/build/omnibase_vision/prefix_override:/usr/lib/python3/dist-packages/colcon_core/task/python/colcon_distutils_commands:/home/seth/omnibase_ws/install/omnibase_vision/lib/python3.12/site-packages:${PYTHONPATH} /usr/bin/python3 -W ignore:setup.py install is deprecated -W ignore:easy_install command is deprecated setup.py egg_info --egg-base ../../build/omnibase_vision build --build-base /home/seth/omnibase_ws/build/omnibase_vision/build install --record /home/seth/omnibase_ws/build/omnibase_vision/install.log --single-version-externally-managed install_data
[0.884s] DEBUG:colcon.colcon_core.event_handler.log_command:Invoking command in '/home/seth/omnibase_ws/src/omnibase_control': DEBUGINFOD_URLS=https://debuginfod.ubuntu.com PYTHONPATH=/home/seth/omnibase_ws/build/omnibase_control/prefix_override:/usr/lib/python3/dist-packages/colcon_core/task/python/colcon_distutils_commands:/home/seth/omnibase_ws/install/omnibase_control/lib/python3.12/site-packages:${PYTHONPATH} /usr/bin/python3 -W ignore:setup.py install is deprecated -W ignore:easy_install command is deprecated setup.py egg_info --egg-base ../../build/omnibase_control build --build-base /home/seth/omnibase_ws/build/omnibase_control/build install --record /home/seth/omnibase_ws/build/omnibase_control/install.log --single-version-externally-managed install_data
[1.176s] Level 1:colcon.colcon_core.environment:checking '/home/seth/omnibase_ws/install/omnibase_control' for CMake module files
[1.176s] DEBUG:colcon.colcon_core.event_handler.log_command:Invoked command in '/home/seth/omnibase_ws/src/omnibase_control' returned '0': DEBUGINFOD_URLS=https://debuginfod.ubuntu.com PYTHONPATH=/home/seth/omnibase_ws/build/omnibase_control/prefix_override:/usr/lib/python3/dist-packages/colcon_core/task/python/colcon_distutils_commands:/home/seth/omnibase_ws/install/omnibase_control/lib/python3.12/site-packages:${PYTHONPATH} /usr/bin/python3 -W ignore:setup.py install is deprecated -W ignore:easy_install command is deprecated setup.py egg_info --egg-base ../../build/omnibase_control build --build-base /home/seth/omnibase_ws/build/omnibase_control/build install --record /home/seth/omnibase_ws/build/omnibase_control/install.log --single-version-externally-managed install_data
[1.176s] Level 1:colcon.colcon_core.environment:checking '/home/seth/omnibase_ws/install/omnibase_control' for CMake config files
[1.177s] Level 1:colcon.colcon_core.environment:checking '/home/seth/omnibase_ws/install/omnibase_control/lib'
[1.177s] Level 1:colcon.colcon_core.environment:checking '/home/seth/omnibase_ws/install/omnibase_control/bin'
[1.177s] Level 1:colcon.colcon_core.environment:checking '/home/seth/omnibase_ws/install/omnibase_control/lib/pkgconfig/omnibase_control.pc'
[1.177s] Level 1:colcon.colcon_core.environment:checking '/home/seth/omnibase_ws/install/omnibase_control/lib/python3.12/site-packages'
[1.177s] Level 1:colcon.colcon_core.shell:create_environment_hook('omnibase_control', 'pythonpath')
[1.177s] INFO:colcon.colcon_core.shell:Creating environment hook '/home/seth/omnibase_ws/install/omnibase_control/share/omnibase_control/hook/pythonpath.ps1'
[1.177s] INFO:colcon.colcon_core.shell:Creating environment descriptor '/home/seth/omnibase_ws/install/omnibase_control/share/omnibase_control/hook/pythonpath.dsv'
[1.177s] INFO:colcon.colcon_core.shell:Creating environment hook '/home/seth/omnibase_ws/install/omnibase_control/share/omnibase_control/hook/pythonpath.sh'
[1.178s] Level 1:colcon.colcon_core.environment:checking '/home/seth/omnibase_ws/install/omnibase_control/bin'
[1.178s] Level 1:colcon.colcon_core.environment:create_environment_scripts_only(omnibase_control)
[1.178s] INFO:colcon.colcon_core.shell:Creating package script '/home/seth/omnibase_ws/install/omnibase_control/share/omnibase_control/package.ps1'
[1.178s] INFO:colcon.colcon_core.shell:Creating package descriptor '/home/seth/omnibase_ws/install/omnibase_control/share/omnibase_control/package.dsv'
[1.179s] INFO:colcon.colcon_core.shell:Creating package script '/home/seth/omnibase_ws/install/omnibase_control/share/omnibase_control/package.sh'
[1.179s] INFO:colcon.colcon_core.shell:Creating package script '/home/seth/omnibase_ws/install/omnibase_control/share/omnibase_control/package.bash'
[1.179s] INFO:colcon.colcon_core.shell:Creating package script '/home/seth/omnibase_ws/install/omnibase_control/share/omnibase_control/package.zsh'
[1.180s] Level 1:colcon.colcon_core.environment:create_file_with_runtime_dependencies(/home/seth/omnibase_ws/install/omnibase_control/share/colcon-core/packages/omnibase_control)
[1.202s] Level 1:colcon.colcon_core.environment:checking '/home/seth/omnibase_ws/install/omnibase_vision' for CMake module files
[1.203s] DEBUG:colcon.colcon_core.event_handler.log_command:Invoked command in '/home/seth/omnibase_ws/src/omnibase_vision' returned '0': DEBUGINFOD_URLS=https://debuginfod.ubuntu.com PYTHONPATH=/home/seth/omnibase_ws/build/omnibase_vision/prefix_override:/usr/lib/python3/dist-packages/colcon_core/task/python/colcon_distutils_commands:/home/seth/omnibase_ws/install/omnibase_vision/lib/python3.12/site-packages:${PYTHONPATH} /usr/bin/python3 -W ignore:setup.py install is deprecated -W ignore:easy_install command is deprecated setup.py egg_info --egg-base ../../build/omnibase_vision build --build-base /home/seth/omnibase_ws/build/omnibase_vision/build install --record /home/seth/omnibase_ws/build/omnibase_vision/install.log --single-version-externally-managed install_data
[1.203s] Level 1:colcon.colcon_core.environment:checking '/home/seth/omnibase_ws/install/omnibase_vision' for CMake config files
[1.203s] Level 1:colcon.colcon_core.environment:checking '/home/seth/omnibase_ws/install/omnibase_vision/lib'
[1.204s] Level 1:colcon.colcon_core.environment:checking '/home/seth/omnibase_ws/install/omnibase_vision/bin'
[1.204s] Level 1:colcon.colcon_core.environment:checking '/home/seth/omnibase_ws/install/omnibase_vision/lib/pkgconfig/omnibase_vision.pc'
[1.204s] Level 1:colcon.colcon_core.environment:checking '/home/seth/omnibase_ws/install/omnibase_vision/lib/python3.12/site-packages'
[1.204s] Level 1:colcon.colcon_core.shell:create_environment_hook('omnibase_vision', 'pythonpath')
[1.204s] INFO:colcon.colcon_core.shell:Creating environment hook '/home/seth/omnibase_ws/install/omnibase_vision/share/omnibase_vision/hook/pythonpath.ps1'
[1.204s] INFO:colcon.colcon_core.shell:Creating environment descriptor '/home/seth/omnibase_ws/install/omnibase_vision/share/omnibase_vision/hook/pythonpath.dsv'
[1.204s] INFO:colcon.colcon_core.shell:Creating environment hook '/home/seth/omnibase_ws/install/omnibase_vision/share/omnibase_vision/hook/pythonpath.sh'
[1.205s] Level 1:colcon.colcon_core.environment:checking '/home/seth/omnibase_ws/install/omnibase_vision/bin'
[1.205s] Level 1:colcon.colcon_core.environment:create_environment_scripts_only(omnibase_vision)
[1.205s] INFO:colcon.colcon_core.shell:Creating package script '/home/seth/omnibase_ws/install/omnibase_vision/share/omnibase_vision/package.ps1'
[1.205s] INFO:colcon.colcon_core.shell:Creating package descriptor '/home/seth/omnibase_ws/install/omnibase_vision/share/omnibase_vision/package.dsv'
[1.206s] INFO:colcon.colcon_core.shell:Creating package script '/home/seth/omnibase_ws/install/omnibase_vision/share/omnibase_vision/package.sh'
[1.206s] INFO:colcon.colcon_core.shell:Creating package script '/home/seth/omnibase_ws/install/omnibase_vision/share/omnibase_vision/package.bash'
[1.206s] INFO:colcon.colcon_core.shell:Creating package script '/home/seth/omnibase_ws/install/omnibase_vision/share/omnibase_vision/package.zsh'
[1.206s] Level 1:colcon.colcon_core.environment:create_file_with_runtime_dependencies(/home/seth/omnibase_ws/install/omnibase_vision/share/colcon-core/packages/omnibase_vision)
[1.206s] INFO:colcon.colcon_ros.task.ament_cmake.build:Building ROS package in '/home/seth/omnibase_ws/src/omnibase_bringup' with build type 'ament_cmake'
[1.207s] INFO:colcon.colcon_cmake.task.cmake.build:Building CMake package in '/home/seth/omnibase_ws/src/omnibase_bringup'
[1.207s] INFO:colcon.colcon_core.shell:Skip shell extension 'powershell' for command environment: Not usable outside of PowerShell
[1.207s] DEBUG:colcon.colcon_core.shell:Skip shell extension 'dsv' for command environment
[1.216s] DEBUG:colcon.colcon_core.event_handler.log_command:Invoking command in '/home/seth/omnibase_ws/build/omnibase_bringup': AMENT_PREFIX_PATH=/home/seth/omnibase_ws/install/omnibase_vision:/home/seth/omnibase_ws/install/omnibase_control:/home/seth/omnibase_ws/install/omnibase_bringup:/home/seth/omnibase_ws/install/omnibase_gazebo:/home/seth/omnibase_ws/install/omnibase_description:/home/seth/mecanum_ws/install/mecanum_base_sim:/home/seth/mecanum_ws/install/mecanum_base_description:/home/seth/mecanum_ws/install/mecanum_base_controller:/home/seth/mecanum_ws/install/mecanum_base_bringup:/opt/ros/jazzy CMAKE_PREFIX_PATH=/home/seth/omnibase_ws/install/omnibase_gazebo:/home/seth/omnibase_ws/install/omnibase_description:/home/seth/omnibase_ws/install/omnibase_bringup:/home/seth/mecanum_ws/install/mecanum_base_sim:/home/seth/mecanum_ws/install/mecanum_base_description:/home/seth/mecanum_ws/install/mecanum_base_controller:/home/seth/mecanum_ws/install/mecanum_base_bringup:/opt/ros/jazzy/opt/gz_sim_vendor:/opt/ros/jazzy/opt/gz_sensors_vendor:/opt/ros/jazzy/opt/gz_physics_vendor:/opt/ros/jazzy/opt/sdformat_vendor:/opt/ros/jazzy/opt/gz_gui_vendor:/opt/ros/jazzy/opt/gz_transport_vendor:/opt/ros/jazzy/opt/gz_rendering_vendor:/opt/ros/jazzy/opt/gz_plugin_vendor:/opt/ros/jazzy/opt/gz_fuel_tools_vendor:/opt/ros/jazzy/opt/gz_msgs_vendor:/opt/ros/jazzy/opt/gz_common_vendor:/opt/ros/jazzy/opt/gz_math_vendor:/opt/ros/jazzy/opt/gz_utils_vendor:/opt/ros/jazzy/opt/gz_tools_vendor:/opt/ros/jazzy/opt/gz_ogre_next_vendor:/opt/ros/jazzy/opt/gz_dartsim_vendor:/opt/ros/jazzy/opt/gz_cmake_vendor:/home/seth/omnibase_ws/install/omnibase_vision:/home/seth/omnibase_ws/install/omnibase_control:/opt/ros/jazzy DEBUGINFOD_URLS=https://debuginfod.ubuntu.com /usr/bin/cmake --build /home/seth/omnibase_ws/build/omnibase_bringup -- -j12 -l12
[1.248s] DEBUG:colcon.colcon_core.event_handler.log_command:Invoked command in '/home/seth/omnibase_ws/build/omnibase_bringup' returned '0': AMENT_PREFIX_PATH=/home/seth/omnibase_ws/install/omnibase_vision:/home/seth/omnibase_ws/install/omnibase_control:/home/seth/omnibase_ws/install/omnibase_bringup:/home/seth/omnibase_ws/install/omnibase_gazebo:/home/seth/omnibase_ws/install/omnibase_description:/home/seth/mecanum_ws/install/mecanum_base_sim:/home/seth/mecanum_ws/install/mecanum_base_description:/home/seth/mecanum_ws/install/mecanum_base_controller:/home/seth/mecanum_ws/install/mecanum_base_bringup:/opt/ros/jazzy CMAKE_PREFIX_PATH=/home/seth/omnibase_ws/install/omnibase_gazebo:/home/seth/omnibase_ws/install/omnibase_description:/home/seth/omnibase_ws/install/omnibase_bringup:/home/seth/mecanum_ws/install/mecanum_base_sim:/home/seth/mecanum_ws/install/mecanum_base_description:/home/seth/mecanum_ws/install/mecanum_base_controller:/home/seth/mecanum_ws/install/mecanum_base_bringup:/opt/ros/jazzy/opt/gz_sim_vendor:/opt/ros/jazzy/opt/gz_sensors_vendor:/opt/ros/jazzy/opt/gz_physics_vendor:/opt/ros/jazzy/opt/sdformat_vendor:/opt/ros/jazzy/opt/gz_gui_vendor:/opt/ros/jazzy/opt/gz_transport_vendor:/opt/ros/jazzy/opt/gz_rendering_vendor:/opt/ros/jazzy/opt/gz_plugin_vendor:/opt/ros/jazzy/opt/gz_fuel_tools_vendor:/opt/ros/jazzy/opt/gz_msgs_vendor:/opt/ros/jazzy/opt/gz_common_vendor:/opt/ros/jazzy/opt/gz_math_vendor:/opt/ros/jazzy/opt/gz_utils_vendor:/opt/ros/jazzy/opt/gz_tools_vendor:/opt/ros/jazzy/opt/gz_ogre_next_vendor:/opt/ros/jazzy/opt/gz_dartsim_vendor:/opt/ros/jazzy/opt/gz_cmake_vendor:/home/seth/omnibase_ws/install/omnibase_vision:/home/seth/omnibase_ws/install/omnibase_control:/opt/ros/jazzy DEBUGINFOD_URLS=https://debuginfod.ubuntu.com /usr/bin/cmake --build /home/seth/omnibase_ws/build/omnibase_bringup -- -j12 -l12
[1.249s] DEBUG:colcon.colcon_core.event_handler.log_command:Invoking command in '/home/seth/omnibase_ws/build/omnibase_bringup': AMENT_PREFIX_PATH=/home/seth/omnibase_ws/install/omnibase_vision:/home/seth/omnibase_ws/install/omnibase_control:/home/seth/omnibase_ws/install/omnibase_bringup:/home/seth/omnibase_ws/install/omnibase_gazebo:/home/seth/omnibase_ws/install/omnibase_description:/home/seth/mecanum_ws/install/mecanum_base_sim:/home/seth/mecanum_ws/install/mecanum_base_description:/home/seth/mecanum_ws/install/mecanum_base_controller:/home/seth/mecanum_ws/install/mecanum_base_bringup:/opt/ros/jazzy CMAKE_PREFIX_PATH=/home/seth/omnibase_ws/install/omnibase_gazebo:/home/seth/omnibase_ws/install/omnibase_description:/home/seth/omnibase_ws/install/omnibase_bringup:/home/seth/mecanum_ws/install/mecanum_base_sim:/home/seth/mecanum_ws/install/mecanum_base_description:/home/seth/mecanum_ws/install/mecanum_base_controller:/home/seth/mecanum_ws/install/mecanum_base_bringup:/opt/ros/jazzy/opt/gz_sim_vendor:/opt/ros/jazzy/opt/gz_sensors_vendor:/opt/ros/jazzy/opt/gz_physics_vendor:/opt/ros/jazzy/opt/sdformat_vendor:/opt/ros/jazzy/opt/gz_gui_vendor:/opt/ros/jazzy/opt/gz_transport_vendor:/opt/ros/jazzy/opt/gz_rendering_vendor:/opt/ros/jazzy/opt/gz_plugin_vendor:/opt/ros/jazzy/opt/gz_fuel_tools_vendor:/opt/ros/jazzy/opt/gz_msgs_vendor:/opt/ros/jazzy/opt/gz_common_vendor:/opt/ros/jazzy/opt/gz_math_vendor:/opt/ros/jazzy/opt/gz_utils_vendor:/opt/ros/jazzy/opt/gz_tools_vendor:/opt/ros/jazzy/opt/gz_ogre_next_vendor:/opt/ros/jazzy/opt/gz_dartsim_vendor:/opt/ros/jazzy/opt/gz_cmake_vendor:/home/seth/omnibase_ws/install/omnibase_vision:/home/seth/omnibase_ws/install/omnibase_control:/opt/ros/jazzy DEBUGINFOD_URLS=https://debuginfod.ubuntu.com /usr/bin/cmake --install /home/seth/omnibase_ws/build/omnibase_bringup
[1.265s] Level 1:colcon.colcon_core.environment:create_environment_scripts_only(omnibase_bringup)
[1.266s] Level 1:colcon.colcon_core.environment:checking '/home/seth/omnibase_ws/install/omnibase_bringup' for CMake module files
[1.266s] DEBUG:colcon.colcon_core.event_handler.log_command:Invoked command in '/home/seth/omnibase_ws/build/omnibase_bringup' returned '0': AMENT_PREFIX_PATH=/home/seth/omnibase_ws/install/omnibase_vision:/home/seth/omnibase_ws/install/omnibase_control:/home/seth/omnibase_ws/install/omnibase_bringup:/home/seth/omnibase_ws/install/omnibase_gazebo:/home/seth/omnibase_ws/install/omnibase_description:/home/seth/mecanum_ws/install/mecanum_base_sim:/home/seth/mecanum_ws/install/mecanum_base_description:/home/seth/mecanum_ws/install/mecanum_base_controller:/home/seth/mecanum_ws/install/mecanum_base_bringup:/opt/ros/jazzy CMAKE_PREFIX_PATH=/home/seth/omnibase_ws/install/omnibase_gazebo:/home/seth/omnibase_ws/install/omnibase_description:/home/seth/omnibase_ws/install/omnibase_bringup:/home/seth/mecanum_ws/install/mecanum_base_sim:/home/seth/mecanum_ws/install/mecanum_base_description:/home/seth/mecanum_ws/install/mecanum_base_controller:/home/seth/mecanum_ws/install/mecanum_base_bringup:/opt/ros/jazzy/opt/gz_sim_vendor:/opt/ros/jazzy/opt/gz_sensors_vendor:/opt/ros/jazzy/opt/gz_physics_vendor:/opt/ros/jazzy/opt/sdformat_vendor:/opt/ros/jazzy/opt/gz_gui_vendor:/opt/ros/jazzy/opt/gz_transport_vendor:/opt/ros/jazzy/opt/gz_rendering_vendor:/opt/ros/jazzy/opt/gz_plugin_vendor:/opt/ros/jazzy/opt/gz_fuel_tools_vendor:/opt/ros/jazzy/opt/gz_msgs_vendor:/opt/ros/jazzy/opt/gz_common_vendor:/opt/ros/jazzy/opt/gz_math_vendor:/opt/ros/jazzy/opt/gz_utils_vendor:/opt/ros/jazzy/opt/gz_tools_vendor:/opt/ros/jazzy/opt/gz_ogre_next_vendor:/opt/ros/jazzy/opt/gz_dartsim_vendor:/opt/ros/jazzy/opt/gz_cmake_vendor:/home/seth/omnibase_ws/install/omnibase_vision:/home/seth/omnibase_ws/install/omnibase_control:/opt/ros/jazzy DEBUGINFOD_URLS=https://debuginfod.ubuntu.com /usr/bin/cmake --install /home/seth/omnibase_ws/build/omnibase_bringup
[1.266s] Level 1:colcon.colcon_core.environment:checking '/home/seth/omnibase_ws/install/omnibase_bringup' for CMake config files
[1.266s] Level 1:colcon.colcon_core.shell:create_environment_hook('omnibase_bringup', 'cmake_prefix_path')
[1.266s] INFO:colcon.colcon_core.shell:Creating environment hook '/home/seth/omnibase_ws/install/omnibase_bringup/share/omnibase_bringup/hook/cmake_prefix_path.ps1'
[1.267s] INFO:colcon.colcon_core.shell:Creating environment descriptor '/home/seth/omnibase_ws/install/omnibase_bringup/share/omnibase_bringup/hook/cmake_prefix_path.dsv'
[1.267s] INFO:colcon.colcon_core.shell:Creating environment hook '/home/seth/omnibase_ws/install/omnibase_bringup/share/omnibase_bringup/hook/cmake_prefix_path.sh'
[1.267s] Level 1:colcon.colcon_core.environment:checking '/home/seth/omnibase_ws/install/omnibase_bringup/bin'
[1.267s] Level 1:colcon.colcon_core.environment:checking '/home/seth/omnibase_ws/install/omnibase_bringup/lib/pkgconfig/omnibase_bringup.pc'
[1.268s] Level 1:colcon.colcon_core.environment:checking '/home/seth/omnibase_ws/install/omnibase_bringup/lib/python3.12/site-packages'
[1.268s] Level 1:colcon.colcon_core.environment:checking '/home/seth/omnibase_ws/install/omnibase_bringup/bin'
[1.268s] INFO:colcon.colcon_core.shell:Creating package script '/home/seth/omnibase_ws/install/omnibase_bringup/share/omnibase_bringup/package.ps1'
[1.268s] INFO:colcon.colcon_core.shell:Creating package descriptor '/home/seth/omnibase_ws/install/omnibase_bringup/share/omnibase_bringup/package.dsv'
[1.268s] INFO:colcon.colcon_core.shell:Creating package script '/home/seth/omnibase_ws/install/omnibase_bringup/share/omnibase_bringup/package.sh'
[1.269s] INFO:colcon.colcon_core.shell:Creating package script '/home/seth/omnibase_ws/install/omnibase_bringup/share/omnibase_bringup/package.bash'
[1.269s] INFO:colcon.colcon_core.shell:Creating package script '/home/seth/omnibase_ws/install/omnibase_bringup/share/omnibase_bringup/package.zsh'
[1.269s] Level 1:colcon.colcon_core.environment:create_file_with_runtime_dependencies(/home/seth/omnibase_ws/install/omnibase_bringup/share/colcon-core/packages/omnibase_bringup)
[1.269s] Level 1:colcon.colcon_core.environment:create_environment_scripts_only(omnibase_bringup)
[1.269s] Level 1:colcon.colcon_core.environment:checking '/home/seth/omnibase_ws/install/omnibase_bringup' for CMake module files
[1.270s] Level 1:colcon.colcon_core.environment:checking '/home/seth/omnibase_ws/install/omnibase_bringup' for CMake config files
[1.270s] Level 1:colcon.colcon_core.shell:create_environment_hook('omnibase_bringup', 'cmake_prefix_path')
[1.270s] INFO:colcon.colcon_core.shell:Creating environment hook '/home/seth/omnibase_ws/install/omnibase_bringup/share/omnibase_bringup/hook/cmake_prefix_path.ps1'
[1.270s] INFO:colcon.colcon_core.shell:Creating environment descriptor '/home/seth/omnibase_ws/install/omnibase_bringup/share/omnibase_bringup/hook/cmake_prefix_path.dsv'
[1.270s] INFO:colcon.colcon_core.shell:Creating environment hook '/home/seth/omnibase_ws/install/omnibase_bringup/share/omnibase_bringup/hook/cmake_prefix_path.sh'
[1.270s] Level 1:colcon.colcon_core.environment:checking '/home/seth/omnibase_ws/install/omnibase_bringup/bin'
[1.270s] Level 1:colcon.colcon_core.environment:checking '/home/seth/omnibase_ws/install/omnibase_bringup/lib/pkgconfig/omnibase_bringup.pc'
[1.271s] Level 1:colcon.colcon_core.environment:checking '/home/seth/omnibase_ws/install/omnibase_bringup/lib/python3.12/site-packages'
[1.271s] Level 1:colcon.colcon_core.environment:checking '/home/seth/omnibase_ws/install/omnibase_bringup/bin'
[1.271s] INFO:colcon.colcon_core.shell:Creating package script '/home/seth/omnibase_ws/install/omnibase_bringup/share/omnibase_bringup/package.ps1'
[1.271s] INFO:colcon.colcon_core.shell:Creating package descriptor '/home/seth/omnibase_ws/install/omnibase_bringup/share/omnibase_bringup/package.dsv'
[1.271s] INFO:colcon.colcon_core.shell:Creating package script '/home/seth/omnibase_ws/install/omnibase_bringup/share/omnibase_bringup/package.sh'
[1.271s] INFO:colcon.colcon_core.shell:Creating package script '/home/seth/omnibase_ws/install/omnibase_bringup/share/omnibase_bringup/package.bash'
[1.272s] INFO:colcon.colcon_core.shell:Creating package script '/home/seth/omnibase_ws/install/omnibase_bringup/share/omnibase_bringup/package.zsh'
[1.272s] Level 1:colcon.colcon_core.environment:create_file_with_runtime_dependencies(/home/seth/omnibase_ws/install/omnibase_bringup/share/colcon-core/packages/omnibase_bringup)
[1.272s] DEBUG:colcon.colcon_parallel_executor.executor.parallel:closing loop
[1.272s] DEBUG:colcon.colcon_parallel_executor.executor.parallel:loop closed
[1.272s] DEBUG:colcon.colcon_parallel_executor.executor.parallel:run_until_complete finished with '0'
[1.272s] DEBUG:colcon.colcon_core.event_reactor:joining thread
[1.276s] INFO:colcon.colcon_core.plugin_system:Skipping extension 'colcon_notification.desktop_notification.terminal_notifier': Not used on non-Darwin systems
[1.276s] INFO:colcon.colcon_core.plugin_system:Skipping extension 'colcon_notification.desktop_notification.win32': Not used on non-Windows systems
[1.276s] INFO:colcon.colcon_notification.desktop_notification:Sending desktop notification using 'notify2'
[1.287s] DEBUG:colcon.colcon_core.event_reactor:joined thread
[1.288s] INFO:colcon.colcon_core.shell:Creating prefix script '/home/seth/omnibase_ws/install/local_setup.ps1'
[1.288s] INFO:colcon.colcon_core.shell:Creating prefix util module '/home/seth/omnibase_ws/install/_local_setup_util_ps1.py'
[1.289s] INFO:colcon.colcon_core.shell:Creating prefix chain script '/home/seth/omnibase_ws/install/setup.ps1'
[1.290s] INFO:colcon.colcon_core.shell:Creating prefix script '/home/seth/omnibase_ws/install/local_setup.sh'
[1.290s] INFO:colcon.colcon_core.shell:Creating prefix util module '/home/seth/omnibase_ws/install/_local_setup_util_sh.py'
[1.291s] INFO:colcon.colcon_core.shell:Creating prefix chain script '/home/seth/omnibase_ws/install/setup.sh'
[1.292s] INFO:colcon.colcon_core.shell:Creating prefix script '/home/seth/omnibase_ws/install/local_setup.bash'
[1.292s] INFO:colcon.colcon_core.shell:Creating prefix chain script '/home/seth/omnibase_ws/install/setup.bash'
[1.293s] INFO:colcon.colcon_core.shell:Creating prefix script '/home/seth/omnibase_ws/install/local_setup.zsh'
[1.294s] INFO:colcon.colcon_core.shell:Creating prefix chain script '/home/seth/omnibase_ws/install/setup.zsh'
