-- The C compiler identification is GNU 13.3.0
-- The CXX compiler identification is GNU 13.3.0
-- Detecting C compiler ABI info
-- Detecting C compiler ABI info - done
-- Check for working C compiler: /usr/bin/cc - skipped
-- Detecting C compile features
-- Detecting C compile features - done
-- Detecting CXX compiler ABI info
-- Detecting CXX compiler ABI info - done
-- Check for working CXX compiler: /usr/bin/c++ - skipped
-- Detecting CXX compile features
-- Detecting CXX compile features - done
-- Found ament_cmake: 2.5.4 (/opt/ros/jazzy/share/ament_cmake/cmake)
-- Found Python3: /usr/bin/python3 (found version "3.12.3") found components: Interpreter 
-- Override CMake install command with custom implementation using symlinks instead of copying resources
-- Configuring done (1.7s)
-- Generating done (0.0s)
-- Build files have been written to: /home/juds/omnibase_ws/build/omnibase_description
-- Install configuration: ""
-- Execute custom install script
-- Symlinking: /home/juds/omnibase_ws/install/omnibase_description/share/omnibase_description/urdf/omnibase.urdf.xacro
-- Symlinking: /home/juds/omnibase_ws/install/omnibase_description/share/omnibase_description/launch/description.launch.py
-- Symlinking: /home/juds/omnibase_ws/install/omnibase_description/share/omnibase_description/meshes/fl_wheel_link.STL
-- Symlinking: /home/juds/omnibase_ws/install/omnibase_description/share/omnibase_description/meshes/fr_wheel_link.STL
-- Symlinking: /home/juds/omnibase_ws/install/omnibase_description/share/omnibase_description/meshes/rl_wheel_link.STL
-- Symlinking: /home/juds/omnibase_ws/install/omnibase_description/share/omnibase_description/meshes/rr_wheel_link.STL
-- Symlinking: /home/juds/omnibase_ws/install/omnibase_description/share/ament_index/resource_index/package_run_dependencies/omnibase_description
-- Symlinking: /home/juds/omnibase_ws/install/omnibase_description/share/ament_index/resource_index/parent_prefix_path/omnibase_description
-- Symlinking: /home/juds/omnibase_ws/install/omnibase_description/share/omnibase_description/environment/ament_prefix_path.sh
-- Symlinking: /home/juds/omnibase_ws/install/omnibase_description/share/omnibase_description/environment/ament_prefix_path.dsv
-- Symlinking: /home/juds/omnibase_ws/install/omnibase_description/share/omnibase_description/environment/path.sh
-- Symlinking: /home/juds/omnibase_ws/install/omnibase_description/share/omnibase_description/environment/path.dsv
-- Symlinking: /home/juds/omnibase_ws/install/omnibase_description/share/omnibase_description/local_setup.bash
-- Symlinking: /home/juds/omnibase_ws/install/omnibase_description/share/omnibase_description/local_setup.sh
-- Symlinking: /home/juds/omnibase_ws/install/omnibase_description/share/omnibase_description/local_setup.zsh
-- Symlinking: /home/juds/omnibase_ws/install/omnibase_description/share/omnibase_description/local_setup.dsv
-- Symlinking: /home/juds/omnibase_ws/install/omnibase_description/share/omnibase_description/package.dsv
-- Symlinking: /home/juds/omnibase_ws/install/omnibase_description/share/ament_index/resource_index/packages/omnibase_description
-- Symlinking: /home/juds/omnibase_ws/install/omnibase_description/share/omnibase_description/cmake/omnibase_descriptionConfig.cmake
-- Symlinking: /home/juds/omnibase_ws/install/omnibase_description/share/omnibase_description/cmake/omnibase_descriptionConfig-version.cmake
-- Symlinking: /home/juds/omnibase_ws/install/omnibase_description/share/omnibase_description/package.xml
