[0.839s] Invoking command in '/home/seth/omnibase_ws/build/omnibase_vision': DEBUGINFOD_URLS=https://debuginfod.ubuntu.com PYTHONPATH=/home/seth/omnibase_ws/build/omnibase_vision/prefix_override:/usr/lib/python3/dist-packages/colcon_core/task/python/colcon_distutils_commands:/home/seth/omnibase_ws/install/omnibase_vision/lib/python3.12/site-packages:${PYTHONPATH} /usr/bin/python3 -W ignore:setup.py install is deprecated -W ignore:easy_install command is deprecated setup.py develop --editable --build-directory /home/seth/omnibase_ws/build/omnibase_vision/build --no-deps symlink_data --force
[1.017s] running develop
[1.127s] running egg_info
[1.135s] writing omnibase_vision.egg-info/PKG-INFO
[1.135s] writing dependency_links to omnibase_vision.egg-info/dependency_links.txt
[1.135s] writing entry points to omnibase_vision.egg-info/entry_points.txt
[1.135s] writing requirements to omnibase_vision.egg-info/requires.txt
[1.135s] writing top-level names to omnibase_vision.egg-info/top_level.txt
[1.158s] reading manifest file 'omnibase_vision.egg-info/SOURCES.txt'
[1.159s] writing manifest file 'omnibase_vision.egg-info/SOURCES.txt'
[1.173s] running build_ext
[1.173s] Creating /home/seth/omnibase_ws/install/omnibase_vision/lib/python3.12/site-packages/omnibase-vision.egg-link (link to .)
[1.174s] Installing base_tracker script to /home/seth/omnibase_ws/install/omnibase_vision/lib/omnibase_vision
[1.174s] Installing led_detector script to /home/seth/omnibase_ws/install/omnibase_vision/lib/omnibase_vision
[1.174s] 
[1.174s] Installed /home/seth/omnibase_ws/build/omnibase_vision
[1.174s] running symlink_data
[1.174s] symbolically linking /home/seth/omnibase_ws/build/omnibase_vision/resource/omnibase_vision -> /home/seth/omnibase_ws/install/omnibase_vision/share/ament_index/resource_index/packages
[1.174s] symbolically linking /home/seth/omnibase_ws/build/omnibase_vision/package.xml -> /home/seth/omnibase_ws/install/omnibase_vision/share/omnibase_vision
[1.174s] symbolically linking /home/seth/omnibase_ws/build/omnibase_vision/launch/vision.launch.py -> /home/seth/omnibase_ws/install/omnibase_vision/share/omnibase_vision/launch
[1.198s] Invoked command in '/home/seth/omnibase_ws/build/omnibase_vision' returned '0': DEBUGINFOD_URLS=https://debuginfod.ubuntu.com PYTHONPATH=/home/seth/omnibase_ws/build/omnibase_vision/prefix_override:/usr/lib/python3/dist-packages/colcon_core/task/python/colcon_distutils_commands:/home/seth/omnibase_ws/install/omnibase_vision/lib/python3.12/site-packages:${PYTHONPATH} /usr/bin/python3 -W ignore:setup.py install is deprecated -W ignore:easy_install command is deprecated setup.py develop --editable --build-directory /home/seth/omnibase_ws/build/omnibase_vision/build --no-deps symlink_data --force
