running develop
running egg_info
creating omnibase_vision.egg-info
writing omnibase_vision.egg-info/PKG-INFO
writing dependency_links to omnibase_vision.egg-info/dependency_links.txt
writing entry points to omnibase_vision.egg-info/entry_points.txt
writing requirements to omnibase_vision.egg-info/requires.txt
writing top-level names to omnibase_vision.egg-info/top_level.txt
writing manifest file 'omnibase_vision.egg-info/SOURCES.txt'
reading manifest file 'omnibase_vision.egg-info/SOURCES.txt'
writing manifest file 'omnibase_vision.egg-info/SOURCES.txt'
running build_ext
Creating /home/juds/omnibase_ws/install/omnibase_vision/lib/python3.12/site-packages/omnibase-vision.egg-link (link to .)
Installing base_tracker script to /home/juds/omnibase_ws/install/omnibase_vision/lib/omnibase_vision
Installing led_detector script to /home/juds/omnibase_ws/install/omnibase_vision/lib/omnibase_vision

Installed /home/juds/omnibase_ws/build/omnibase_vision
running symlink_data
creating /home/juds/omnibase_ws/install/omnibase_vision/share/ament_index
creating /home/juds/omnibase_ws/install/omnibase_vision/share/ament_index/resource_index
creating /home/juds/omnibase_ws/install/omnibase_vision/share/ament_index/resource_index/packages
symbolically linking /home/juds/omnibase_ws/build/omnibase_vision/resource/omnibase_vision -> /home/juds/omnibase_ws/install/omnibase_vision/share/ament_index/resource_index/packages
symbolically linking /home/juds/omnibase_ws/build/omnibase_vision/package.xml -> /home/juds/omnibase_ws/install/omnibase_vision/share/omnibase_vision
creating /home/juds/omnibase_ws/install/omnibase_vision/share/omnibase_vision/launch
symbolically linking /home/juds/omnibase_ws/build/omnibase_vision/launch/vision.launch.py -> /home/juds/omnibase_ws/install/omnibase_vision/share/omnibase_vision/launch
