[2.948s] Invoking command in '/home/juds/omnibase_ws/build/omnibase_vision': DEBUGINFOD_URLS=https://debuginfod.ubuntu.com PYTHONPATH=/home/juds/omnibase_ws/build/omnibase_vision/prefix_override:/usr/lib/python3/dist-packages/colcon_core/task/python/colcon_distutils_commands:/home/juds/omnibase_ws/install/omnibase_vision/lib/python3.12/site-packages:${PYTHONPATH} /usr/bin/python3 -W ignore:setup.py install is deprecated -W ignore:easy_install command is deprecated setup.py develop --editable --build-directory /home/juds/omnibase_ws/build/omnibase_vision/build --no-deps symlink_data
[3.990s] running develop
[4.536s] running egg_info
[4.536s] creating omnibase_vision.egg-info
[4.589s] writing omnibase_vision.egg-info/PKG-INFO
[4.590s] writing dependency_links to omnibase_vision.egg-info/dependency_links.txt
[4.591s] writing entry points to omnibase_vision.egg-info/entry_points.txt
[4.591s] writing requirements to omnibase_vision.egg-info/requires.txt
[4.591s] writing top-level names to omnibase_vision.egg-info/top_level.txt
[4.592s] writing manifest file 'omnibase_vision.egg-info/SOURCES.txt'
[4.722s] reading manifest file 'omnibase_vision.egg-info/SOURCES.txt'
[4.724s] writing manifest file 'omnibase_vision.egg-info/SOURCES.txt'
[4.802s] running build_ext
[4.805s] Creating /home/juds/omnibase_ws/install/omnibase_vision/lib/python3.12/site-packages/omnibase-vision.egg-link (link to .)
[4.805s] Installing base_tracker script to /home/juds/omnibase_ws/install/omnibase_vision/lib/omnibase_vision
[4.806s] Installing led_detector script to /home/juds/omnibase_ws/install/omnibase_vision/lib/omnibase_vision
[4.806s] 
[4.807s] Installed /home/juds/omnibase_ws/build/omnibase_vision
[4.807s] running symlink_data
[4.808s] creating /home/juds/omnibase_ws/install/omnibase_vision/share/ament_index
[4.808s] creating /home/juds/omnibase_ws/install/omnibase_vision/share/ament_index/resource_index
[4.808s] creating /home/juds/omnibase_ws/install/omnibase_vision/share/ament_index/resource_index/packages
[4.809s] symbolically linking /home/juds/omnibase_ws/build/omnibase_vision/resource/omnibase_vision -> /home/juds/omnibase_ws/install/omnibase_vision/share/ament_index/resource_index/packages
[4.809s] symbolically linking /home/juds/omnibase_ws/build/omnibase_vision/package.xml -> /home/juds/omnibase_ws/install/omnibase_vision/share/omnibase_vision
[4.809s] creating /home/juds/omnibase_ws/install/omnibase_vision/share/omnibase_vision/launch
[4.809s] symbolically linking /home/juds/omnibase_ws/build/omnibase_vision/launch/vision.launch.py -> /home/juds/omnibase_ws/install/omnibase_vision/share/omnibase_vision/launch
[4.886s] Invoked command in '/home/juds/omnibase_ws/build/omnibase_vision' returned '0': DEBUGINFOD_URLS=https://debuginfod.ubuntu.com PYTHONPATH=/home/juds/omnibase_ws/build/omnibase_vision/prefix_override:/usr/lib/python3/dist-packages/colcon_core/task/python/colcon_distutils_commands:/home/juds/omnibase_ws/install/omnibase_vision/lib/python3.12/site-packages:${PYTHONPATH} /usr/bin/python3 -W ignore:setup.py install is deprecated -W ignore:easy_install command is deprecated setup.py develop --editable --build-directory /home/juds/omnibase_ws/build/omnibase_vision/build --no-deps symlink_data
