[0.257s] Invoking command in '/home/seth/omnibase_ws/build/yahboom_rosmaster_description': CMAKE_PREFIX_PATH=${CMAKE_PREFIX_PATH}:/home/seth/omnibase_ws/install/omnibase_vision:/home/seth/omnibase_ws/install/omnibase_control:/opt/ros/jazzy DEBUGINFOD_URLS=https://debuginfod.ubuntu.com /usr/bin/cmake /home/seth/omnibase_ws/yahboom_rosmaster/yahboom_rosmaster_description -DAMENT_CMAKE_SYMLINK_INSTALL=1 -DCMAKE_INSTALL_PREFIX=/home/seth/omnibase_ws/install/yahboom_rosmaster_description
[0.302s] -- The C compiler identification is GNU 11.5.0
[0.347s] -- The CXX compiler identification is GNU 11.5.0
[0.361s] -- Detecting C compiler ABI info
[0.436s] -- Detecting C compiler ABI info - done
[0.443s] -- Check for working C compiler: /usr/bin/cc - skipped
[0.443s] -- Detecting C compile features
[0.443s] -- Detecting C compile features - done
[0.449s] -- Detecting CXX compiler ABI info
[0.535s] -- Detecting CXX compiler ABI info - done
[0.543s] -- Check for working CXX compiler: /usr/bin/c++ - skipped
[0.543s] -- Detecting CXX compile features
[0.543s] -- Detecting CXX compile features - done
[0.547s] -- Found ament_cmake: 2.5.4 (/opt/ros/jazzy/share/ament_cmake/cmake)
[0.684s] -- Found Python3: /usr/bin/python3 (found version "3.12.3") found components: Interpreter 
[0.742s] -- Override CMake install command with custom implementation using symlinks instead of copying resources
[0.805s] -- Configuring incomplete, errors occurred!
[0.807s] [31mCMake Error at CMakeLists.txt:15 (find_package):
[0.807s]   By not providing "Findurdf_tutorial.cmake" in CMAKE_MODULE_PATH this
[0.807s]   project has asked CMake to find a package configuration file provided by
[0.808s]   "urdf_tutorial", but CMake did not find one.
[0.808s] 
[0.808s]   Could not find a package configuration file provided by "urdf_tutorial"
[0.808s]   with any of the following names:
[0.808s] 
[0.808s]     urdf_tutorialConfig.cmake
[0.808s]     urdf_tutorial-config.cmake
[0.808s] 
[0.808s]   Add the installation prefix of "urdf_tutorial" to CMAKE_PREFIX_PATH or set
[0.808s]   "urdf_tutorial_DIR" to a directory containing one of the above files.  If
[0.808s]   "urdf_tutorial" provides a separate development package or SDK, be sure it
[0.808s]   has been installed.
[0.808s] 
[0.808s] [0m
[0.815s] Invoked command in '/home/seth/omnibase_ws/build/yahboom_rosmaster_description' returned '1': CMAKE_PREFIX_PATH=${CMAKE_PREFIX_PATH}:/home/seth/omnibase_ws/install/omnibase_vision:/home/seth/omnibase_ws/install/omnibase_control:/opt/ros/jazzy DEBUGINFOD_URLS=https://debuginfod.ubuntu.com /usr/bin/cmake /home/seth/omnibase_ws/yahboom_rosmaster/yahboom_rosmaster_description -DAMENT_CMAKE_SYMLINK_INSTALL=1 -DCMAKE_INSTALL_PREFIX=/home/seth/omnibase_ws/install/yahboom_rosmaster_description
