[0.019s] Invoking command in '/home/juds/omnibase_ws/build/omnibase_bringup': AMENT_PREFIX_PATH=/home/juds/omnibase_ws/install/omnibase_gazebo:/home/juds/omnibase_ws/install/omnibase_vision:/home/juds/omnibase_ws/install/omnibase_description:/home/juds/omnibase_ws/install/omnibase_control:${AMENT_PREFIX_PATH} CMAKE_PREFIX_PATH=/home/juds/omnibase_ws/install/omnibase_gazebo:/home/juds/omnibase_ws/install/omnibase_description:/opt/ros/jazzy/opt/gz_sim_vendor:/opt/ros/jazzy/opt/gz_sensors_vendor:/opt/ros/jazzy/opt/gz_physics_vendor:/opt/ros/jazzy/opt/sdformat_vendor:/opt/ros/jazzy/opt/gz_gui_vendor:/opt/ros/jazzy/opt/gz_transport_vendor:/opt/ros/jazzy/opt/gz_rendering_vendor:/opt/ros/jazzy/opt/gz_plugin_vendor:/opt/ros/jazzy/opt/gz_fuel_tools_vendor:/opt/ros/jazzy/opt/gz_msgs_vendor:/opt/ros/jazzy/opt/gz_common_vendor:/opt/ros/jazzy/opt/gz_math_vendor:/opt/ros/jazzy/opt/gz_utils_vendor:/opt/ros/jazzy/opt/gz_tools_vendor:/opt/ros/jazzy/opt/gz_ogre_next_vendor:/opt/ros/jazzy/opt/gz_dartsim_vendor:/opt/ros/jazzy/opt/gz_cmake_vendor:/opt/ros/jazzy DEBUGINFOD_URLS=https://debuginfod.ubuntu.com PYTHONPATH=/home/juds/omnibase_ws/build/omnibase_vision:/home/juds/omnibase_ws/install/omnibase_vision/lib/python3.12/site-packages:/home/juds/omnibase_ws/build/omnibase_control:/home/juds/omnibase_ws/install/omnibase_control/lib/python3.12/site-packages:${PYTHONPATH} /usr/bin/cmake /home/juds/omnibase_ws/src/omnibase_bringup -DAMENT_CMAKE_SYMLINK_INSTALL=1 -DCMAKE_INSTALL_PREFIX=/home/juds/omnibase_ws/install/omnibase_bringup
[0.126s] -- The C compiler identification is GNU 13.3.0
[0.234s] -- The CXX compiler identification is GNU 13.3.0
[0.265s] -- Detecting C compiler ABI info
[0.427s] -- Detecting C compiler ABI info - done
[0.448s] -- Check for working C compiler: /usr/bin/cc - skipped
[0.449s] -- Detecting C compile features
[0.450s] -- Detecting C compile features - done
[0.469s] -- Detecting CXX compiler ABI info
[0.658s] -- Detecting CXX compiler ABI info - done
[0.681s] -- Check for working CXX compiler: /usr/bin/c++ - skipped
[0.681s] -- Detecting CXX compile features
[0.683s] -- Detecting CXX compile features - done
[0.694s] -- Found ament_cmake: 2.5.4 (/opt/ros/jazzy/share/ament_cmake/cmake)
[1.023s] -- Found Python3: /usr/bin/python3 (found version "3.12.3") found components: Interpreter 
[1.178s] -- Override CMake install command with custom implementation using symlinks instead of copying resources
[1.467s] -- Configuring done (1.4s)
[1.472s] -- Generating done (0.0s)
[1.475s] -- Build files have been written to: /home/juds/omnibase_ws/build/omnibase_bringup
[1.483s] Invoked command in '/home/juds/omnibase_ws/build/omnibase_bringup' returned '0': AMENT_PREFIX_PATH=/home/juds/omnibase_ws/install/omnibase_gazebo:/home/juds/omnibase_ws/install/omnibase_vision:/home/juds/omnibase_ws/install/omnibase_description:/home/juds/omnibase_ws/install/omnibase_control:${AMENT_PREFIX_PATH} CMAKE_PREFIX_PATH=/home/juds/omnibase_ws/install/omnibase_gazebo:/home/juds/omnibase_ws/install/omnibase_description:/opt/ros/jazzy/opt/gz_sim_vendor:/opt/ros/jazzy/opt/gz_sensors_vendor:/opt/ros/jazzy/opt/gz_physics_vendor:/opt/ros/jazzy/opt/sdformat_vendor:/opt/ros/jazzy/opt/gz_gui_vendor:/opt/ros/jazzy/opt/gz_transport_vendor:/opt/ros/jazzy/opt/gz_rendering_vendor:/opt/ros/jazzy/opt/gz_plugin_vendor:/opt/ros/jazzy/opt/gz_fuel_tools_vendor:/opt/ros/jazzy/opt/gz_msgs_vendor:/opt/ros/jazzy/opt/gz_common_vendor:/opt/ros/jazzy/opt/gz_math_vendor:/opt/ros/jazzy/opt/gz_utils_vendor:/opt/ros/jazzy/opt/gz_tools_vendor:/opt/ros/jazzy/opt/gz_ogre_next_vendor:/opt/ros/jazzy/opt/gz_dartsim_vendor:/opt/ros/jazzy/opt/gz_cmake_vendor:/opt/ros/jazzy DEBUGINFOD_URLS=https://debuginfod.ubuntu.com PYTHONPATH=/home/juds/omnibase_ws/build/omnibase_vision:/home/juds/omnibase_ws/install/omnibase_vision/lib/python3.12/site-packages:/home/juds/omnibase_ws/build/omnibase_control:/home/juds/omnibase_ws/install/omnibase_control/lib/python3.12/site-packages:${PYTHONPATH} /usr/bin/cmake /home/juds/omnibase_ws/src/omnibase_bringup -DAMENT_CMAKE_SYMLINK_INSTALL=1 -DCMAKE_INSTALL_PREFIX=/home/juds/omnibase_ws/install/omnibase_bringup
[1.485s] Invoking command in '/home/juds/omnibase_ws/build/omnibase_bringup': AMENT_PREFIX_PATH=/home/juds/omnibase_ws/install/omnibase_gazebo:/home/juds/omnibase_ws/install/omnibase_vision:/home/juds/omnibase_ws/install/omnibase_description:/home/juds/omnibase_ws/install/omnibase_control:${AMENT_PREFIX_PATH} CMAKE_PREFIX_PATH=/home/juds/omnibase_ws/install/omnibase_gazebo:/home/juds/omnibase_ws/install/omnibase_description:/opt/ros/jazzy/opt/gz_sim_vendor:/opt/ros/jazzy/opt/gz_sensors_vendor:/opt/ros/jazzy/opt/gz_physics_vendor:/opt/ros/jazzy/opt/sdformat_vendor:/opt/ros/jazzy/opt/gz_gui_vendor:/opt/ros/jazzy/opt/gz_transport_vendor:/opt/ros/jazzy/opt/gz_rendering_vendor:/opt/ros/jazzy/opt/gz_plugin_vendor:/opt/ros/jazzy/opt/gz_fuel_tools_vendor:/opt/ros/jazzy/opt/gz_msgs_vendor:/opt/ros/jazzy/opt/gz_common_vendor:/opt/ros/jazzy/opt/gz_math_vendor:/opt/ros/jazzy/opt/gz_utils_vendor:/opt/ros/jazzy/opt/gz_tools_vendor:/opt/ros/jazzy/opt/gz_ogre_next_vendor:/opt/ros/jazzy/opt/gz_dartsim_vendor:/opt/ros/jazzy/opt/gz_cmake_vendor:/opt/ros/jazzy DEBUGINFOD_URLS=https://debuginfod.ubuntu.com PYTHONPATH=/home/juds/omnibase_ws/build/omnibase_vision:/home/juds/omnibase_ws/install/omnibase_vision/lib/python3.12/site-packages:/home/juds/omnibase_ws/build/omnibase_control:/home/juds/omnibase_ws/install/omnibase_control/lib/python3.12/site-packages:${PYTHONPATH} /usr/bin/cmake --build /home/juds/omnibase_ws/build/omnibase_bringup -- -j4 -l4
[1.562s] Invoked command in '/home/juds/omnibase_ws/build/omnibase_bringup' returned '0': AMENT_PREFIX_PATH=/home/juds/omnibase_ws/install/omnibase_gazebo:/home/juds/omnibase_ws/install/omnibase_vision:/home/juds/omnibase_ws/install/omnibase_description:/home/juds/omnibase_ws/install/omnibase_control:${AMENT_PREFIX_PATH} CMAKE_PREFIX_PATH=/home/juds/omnibase_ws/install/omnibase_gazebo:/home/juds/omnibase_ws/install/omnibase_description:/opt/ros/jazzy/opt/gz_sim_vendor:/opt/ros/jazzy/opt/gz_sensors_vendor:/opt/ros/jazzy/opt/gz_physics_vendor:/opt/ros/jazzy/opt/sdformat_vendor:/opt/ros/jazzy/opt/gz_gui_vendor:/opt/ros/jazzy/opt/gz_transport_vendor:/opt/ros/jazzy/opt/gz_rendering_vendor:/opt/ros/jazzy/opt/gz_plugin_vendor:/opt/ros/jazzy/opt/gz_fuel_tools_vendor:/opt/ros/jazzy/opt/gz_msgs_vendor:/opt/ros/jazzy/opt/gz_common_vendor:/opt/ros/jazzy/opt/gz_math_vendor:/opt/ros/jazzy/opt/gz_utils_vendor:/opt/ros/jazzy/opt/gz_tools_vendor:/opt/ros/jazzy/opt/gz_ogre_next_vendor:/opt/ros/jazzy/opt/gz_dartsim_vendor:/opt/ros/jazzy/opt/gz_cmake_vendor:/opt/ros/jazzy DEBUGINFOD_URLS=https://debuginfod.ubuntu.com PYTHONPATH=/home/juds/omnibase_ws/build/omnibase_vision:/home/juds/omnibase_ws/install/omnibase_vision/lib/python3.12/site-packages:/home/juds/omnibase_ws/build/omnibase_control:/home/juds/omnibase_ws/install/omnibase_control/lib/python3.12/site-packages:${PYTHONPATH} /usr/bin/cmake --build /home/juds/omnibase_ws/build/omnibase_bringup -- -j4 -l4
[1.564s] Invoking command in '/home/juds/omnibase_ws/build/omnibase_bringup': AMENT_PREFIX_PATH=/home/juds/omnibase_ws/install/omnibase_gazebo:/home/juds/omnibase_ws/install/omnibase_vision:/home/juds/omnibase_ws/install/omnibase_description:/home/juds/omnibase_ws/install/omnibase_control:${AMENT_PREFIX_PATH} CMAKE_PREFIX_PATH=/home/juds/omnibase_ws/install/omnibase_gazebo:/home/juds/omnibase_ws/install/omnibase_description:/opt/ros/jazzy/opt/gz_sim_vendor:/opt/ros/jazzy/opt/gz_sensors_vendor:/opt/ros/jazzy/opt/gz_physics_vendor:/opt/ros/jazzy/opt/sdformat_vendor:/opt/ros/jazzy/opt/gz_gui_vendor:/opt/ros/jazzy/opt/gz_transport_vendor:/opt/ros/jazzy/opt/gz_rendering_vendor:/opt/ros/jazzy/opt/gz_plugin_vendor:/opt/ros/jazzy/opt/gz_fuel_tools_vendor:/opt/ros/jazzy/opt/gz_msgs_vendor:/opt/ros/jazzy/opt/gz_common_vendor:/opt/ros/jazzy/opt/gz_math_vendor:/opt/ros/jazzy/opt/gz_utils_vendor:/opt/ros/jazzy/opt/gz_tools_vendor:/opt/ros/jazzy/opt/gz_ogre_next_vendor:/opt/ros/jazzy/opt/gz_dartsim_vendor:/opt/ros/jazzy/opt/gz_cmake_vendor:/opt/ros/jazzy DEBUGINFOD_URLS=https://debuginfod.ubuntu.com PYTHONPATH=/home/juds/omnibase_ws/build/omnibase_vision:/home/juds/omnibase_ws/install/omnibase_vision/lib/python3.12/site-packages:/home/juds/omnibase_ws/build/omnibase_control:/home/juds/omnibase_ws/install/omnibase_control/lib/python3.12/site-packages:${PYTHONPATH} /usr/bin/cmake --install /home/juds/omnibase_ws/build/omnibase_bringup
[1.579s] -- Install configuration: ""
[1.580s] -- Execute custom install script
[1.580s] -- Symlinking: /home/juds/omnibase_ws/install/omnibase_bringup/share/omnibase_bringup/launch/full_simulation.launch.py
[1.598s] -- Symlinking: /home/juds/omnibase_ws/install/omnibase_bringup/share/ament_index/resource_index/package_run_dependencies/omnibase_bringup
[1.616s] -- Symlinking: /home/juds/omnibase_ws/install/omnibase_bringup/share/ament_index/resource_index/parent_prefix_path/omnibase_bringup
[1.633s] -- Symlinking: /home/juds/omnibase_ws/install/omnibase_bringup/share/omnibase_bringup/environment/ament_prefix_path.sh
[1.651s] -- Symlinking: /home/juds/omnibase_ws/install/omnibase_bringup/share/omnibase_bringup/environment/ament_prefix_path.dsv
[1.669s] -- Symlinking: /home/juds/omnibase_ws/install/omnibase_bringup/share/omnibase_bringup/environment/path.sh
[1.689s] -- Symlinking: /home/juds/omnibase_ws/install/omnibase_bringup/share/omnibase_bringup/environment/path.dsv
[1.709s] -- Symlinking: /home/juds/omnibase_ws/install/omnibase_bringup/share/omnibase_bringup/local_setup.bash
[1.729s] -- Symlinking: /home/juds/omnibase_ws/install/omnibase_bringup/share/omnibase_bringup/local_setup.sh
[1.749s] -- Symlinking: /home/juds/omnibase_ws/install/omnibase_bringup/share/omnibase_bringup/local_setup.zsh
[1.769s] -- Symlinking: /home/juds/omnibase_ws/install/omnibase_bringup/share/omnibase_bringup/local_setup.dsv
[1.786s] -- Symlinking: /home/juds/omnibase_ws/install/omnibase_bringup/share/omnibase_bringup/package.dsv
[1.804s] -- Symlinking: /home/juds/omnibase_ws/install/omnibase_bringup/share/ament_index/resource_index/packages/omnibase_bringup
[1.821s] -- Symlinking: /home/juds/omnibase_ws/install/omnibase_bringup/share/omnibase_bringup/cmake/omnibase_bringupConfig.cmake
[1.838s] -- Symlinking: /home/juds/omnibase_ws/install/omnibase_bringup/share/omnibase_bringup/cmake/omnibase_bringupConfig-version.cmake
[1.859s] -- Symlinking: /home/juds/omnibase_ws/install/omnibase_bringup/share/omnibase_bringup/package.xml
[1.886s] Invoked command in '/home/juds/omnibase_ws/build/omnibase_bringup' returned '0': AMENT_PREFIX_PATH=/home/juds/omnibase_ws/install/omnibase_gazebo:/home/juds/omnibase_ws/install/omnibase_vision:/home/juds/omnibase_ws/install/omnibase_description:/home/juds/omnibase_ws/install/omnibase_control:${AMENT_PREFIX_PATH} CMAKE_PREFIX_PATH=/home/juds/omnibase_ws/install/omnibase_gazebo:/home/juds/omnibase_ws/install/omnibase_description:/opt/ros/jazzy/opt/gz_sim_vendor:/opt/ros/jazzy/opt/gz_sensors_vendor:/opt/ros/jazzy/opt/gz_physics_vendor:/opt/ros/jazzy/opt/sdformat_vendor:/opt/ros/jazzy/opt/gz_gui_vendor:/opt/ros/jazzy/opt/gz_transport_vendor:/opt/ros/jazzy/opt/gz_rendering_vendor:/opt/ros/jazzy/opt/gz_plugin_vendor:/opt/ros/jazzy/opt/gz_fuel_tools_vendor:/opt/ros/jazzy/opt/gz_msgs_vendor:/opt/ros/jazzy/opt/gz_common_vendor:/opt/ros/jazzy/opt/gz_math_vendor:/opt/ros/jazzy/opt/gz_utils_vendor:/opt/ros/jazzy/opt/gz_tools_vendor:/opt/ros/jazzy/opt/gz_ogre_next_vendor:/opt/ros/jazzy/opt/gz_dartsim_vendor:/opt/ros/jazzy/opt/gz_cmake_vendor:/opt/ros/jazzy DEBUGINFOD_URLS=https://debuginfod.ubuntu.com PYTHONPATH=/home/juds/omnibase_ws/build/omnibase_vision:/home/juds/omnibase_ws/install/omnibase_vision/lib/python3.12/site-packages:/home/juds/omnibase_ws/build/omnibase_control:/home/juds/omnibase_ws/install/omnibase_control/lib/python3.12/site-packages:${PYTHONPATH} /usr/bin/cmake --install /home/juds/omnibase_ws/build/omnibase_bringup
