[0.057s] DEBUG:colcon:Command line arguments: ['/usr/bin/colcon', 'build', '--symlink-install', '--packages-select', 'mecanumbot_description', 'mecanumbot_bringup', 'mecanumbot_controller', 'mecanumbot_control', 'mecanumbot_teleop']
[0.057s] DEBUG:colcon:Parsed command line arguments: Namespace(log_base=None, log_level=None, verb_name='build', build_base='build', install_base='install', merge_install=False, symlink_install=True, test_result_base=None, continue_on_error=False, executor='parallel', parallel_workers=12, event_handlers=None, ignore_user_meta=False, metas=['./colcon.meta'], base_paths=['.'], packages_ignore=None, packages_ignore_regex=None, paths=None, packages_up_to=None, packages_up_to_regex=None, packages_above=None, packages_above_and_dependencies=None, packages_above_depth=None, packages_select_by_dep=None, packages_skip_by_dep=None, packages_skip_up_to=None, packages_select_build_failed=False, packages_skip_build_finished=False, packages_select_test_failures=False, packages_skip_test_passed=False, packages_select=['mecanumbot_description', 'mecanumbot_bringup', 'mecanumbot_controller', 'mecanumbot_control', 'mecanumbot_teleop'], packages_skip=None, packages_select_regex=None, packages_skip_regex=None, packages_start=None, packages_end=None, allow_overriding=[], cmake_args=None, cmake_target=None, cmake_target_skip_unavailable=False, cmake_clean_cache=False, cmake_clean_first=False, cmake_force_configure=False, ament_cmake_args=None, catkin_cmake_args=None, catkin_skip_building_tests=False, verb_parser=<colcon_defaults.argument_parser.defaults.DefaultArgumentsDecorator object at 0x7325b51824b0>, verb_extension=<colcon_core.verb.build.BuildVerb object at 0x7325b52a6390>, main=<bound method BuildVerb.main of <colcon_core.verb.build.BuildVerb object at 0x7325b52a6390>>)
[0.080s] Level 1:colcon.colcon_core.package_discovery:discover_packages(colcon_meta) check parameters
[0.080s] Level 1:colcon.colcon_core.package_discovery:discover_packages(recursive) check parameters
[0.080s] Level 1:colcon.colcon_core.package_discovery:discover_packages(ignore) check parameters
[0.080s] Level 1:colcon.colcon_core.package_discovery:discover_packages(path) check parameters
[0.080s] Level 1:colcon.colcon_core.package_discovery:discover_packages(colcon_meta) discover
[0.080s] Level 1:colcon.colcon_core.package_discovery:discover_packages(recursive) discover
[0.080s] INFO:colcon.colcon_core.package_discovery:Crawling recursively for packages in '/home/seth/base_ws'
[0.080s] Level 1:colcon.colcon_core.package_identification:_identify(.) by extensions ['ignore', 'ignore_ament_install']
[0.080s] Level 1:colcon.colcon_core.package_identification:_identify(.) by extension 'ignore'
[0.080s] Level 1:colcon.colcon_core.package_identification:_identify(.) by extension 'ignore_ament_install'
[0.080s] Level 1:colcon.colcon_core.package_identification:_identify(.) by extensions ['colcon_pkg']
[0.080s] Level 1:colcon.colcon_core.package_identification:_identify(.) by extension 'colcon_pkg'
[0.080s] Level 1:colcon.colcon_core.package_identification:_identify(.) by extensions ['colcon_meta']
[0.080s] Level 1:colcon.colcon_core.package_identification:_identify(.) by extension 'colcon_meta'
[0.080s] Level 1:colcon.colcon_core.package_identification:_identify(.) by extensions ['ros']
[0.080s] Level 1:colcon.colcon_core.package_identification:_identify(.) by extension 'ros'
[0.095s] Level 1:colcon.colcon_core.package_identification:_identify(.) by extensions ['cmake', 'python']
[0.095s] Level 1:colcon.colcon_core.package_identification:_identify(.) by extension 'cmake'
[0.095s] Level 1:colcon.colcon_core.package_identification:_identify(.) by extension 'python'
[0.095s] Level 1:colcon.colcon_core.package_identification:_identify(.) by extensions ['python_setup_py']
[0.095s] Level 1:colcon.colcon_core.package_identification:_identify(.) by extension 'python_setup_py'
[0.095s] Level 1:colcon.colcon_core.package_identification:_identify(build) by extensions ['ignore', 'ignore_ament_install']
[0.095s] Level 1:colcon.colcon_core.package_identification:_identify(build) by extension 'ignore'
[0.095s] Level 1:colcon.colcon_core.package_identification:_identify(build) ignored
[0.095s] Level 1:colcon.colcon_core.package_identification:_identify(install) by extensions ['ignore', 'ignore_ament_install']
[0.095s] Level 1:colcon.colcon_core.package_identification:_identify(install) by extension 'ignore'
[0.095s] Level 1:colcon.colcon_core.package_identification:_identify(install) ignored
[0.096s] Level 1:colcon.colcon_core.package_identification:_identify(log) by extensions ['ignore', 'ignore_ament_install']
[0.096s] Level 1:colcon.colcon_core.package_identification:_identify(log) by extension 'ignore'
[0.096s] Level 1:colcon.colcon_core.package_identification:_identify(log) ignored
[0.096s] Level 1:colcon.colcon_core.package_identification:_identify(src) by extensions ['ignore', 'ignore_ament_install']
[0.096s] Level 1:colcon.colcon_core.package_identification:_identify(src) by extension 'ignore'
[0.096s] Level 1:colcon.colcon_core.package_identification:_identify(src) by extension 'ignore_ament_install'
[0.096s] Level 1:colcon.colcon_core.package_identification:_identify(src) by extensions ['colcon_pkg']
[0.096s] Level 1:colcon.colcon_core.package_identification:_identify(src) by extension 'colcon_pkg'
[0.096s] Level 1:colcon.colcon_core.package_identification:_identify(src) by extensions ['colcon_meta']
[0.096s] Level 1:colcon.colcon_core.package_identification:_identify(src) by extension 'colcon_meta'
[0.096s] Level 1:colcon.colcon_core.package_identification:_identify(src) by extensions ['ros']
[0.096s] Level 1:colcon.colcon_core.package_identification:_identify(src) by extension 'ros'
[0.096s] Level 1:colcon.colcon_core.package_identification:_identify(src) by extensions ['cmake', 'python']
[0.096s] Level 1:colcon.colcon_core.package_identification:_identify(src) by extension 'cmake'
[0.096s] Level 1:colcon.colcon_core.package_identification:_identify(src) by extension 'python'
[0.096s] Level 1:colcon.colcon_core.package_identification:_identify(src) by extensions ['python_setup_py']
[0.096s] Level 1:colcon.colcon_core.package_identification:_identify(src) by extension 'python_setup_py'
[0.096s] Level 1:colcon.colcon_core.package_identification:_identify(src/ros2-mecanum-bot) by extensions ['ignore', 'ignore_ament_install']
[0.096s] Level 1:colcon.colcon_core.package_identification:_identify(src/ros2-mecanum-bot) by extension 'ignore'
[0.096s] Level 1:colcon.colcon_core.package_identification:_identify(src/ros2-mecanum-bot) by extension 'ignore_ament_install'
[0.096s] Level 1:colcon.colcon_core.package_identification:_identify(src/ros2-mecanum-bot) by extensions ['colcon_pkg']
[0.096s] Level 1:colcon.colcon_core.package_identification:_identify(src/ros2-mecanum-bot) by extension 'colcon_pkg'
[0.096s] Level 1:colcon.colcon_core.package_identification:_identify(src/ros2-mecanum-bot) by extensions ['colcon_meta']
[0.096s] Level 1:colcon.colcon_core.package_identification:_identify(src/ros2-mecanum-bot) by extension 'colcon_meta'
[0.096s] Level 1:colcon.colcon_core.package_identification:_identify(src/ros2-mecanum-bot) by extensions ['ros']
[0.096s] Level 1:colcon.colcon_core.package_identification:_identify(src/ros2-mecanum-bot) by extension 'ros'
[0.096s] Level 1:colcon.colcon_core.package_identification:_identify(src/ros2-mecanum-bot) by extensions ['cmake', 'python']
[0.096s] Level 1:colcon.colcon_core.package_identification:_identify(src/ros2-mecanum-bot) by extension 'cmake'
[0.096s] Level 1:colcon.colcon_core.package_identification:_identify(src/ros2-mecanum-bot) by extension 'python'
[0.096s] Level 1:colcon.colcon_core.package_identification:_identify(src/ros2-mecanum-bot) by extensions ['python_setup_py']
[0.096s] Level 1:colcon.colcon_core.package_identification:_identify(src/ros2-mecanum-bot) by extension 'python_setup_py'
[0.096s] Level 1:colcon.colcon_core.package_identification:_identify(src/ros2-mecanum-bot/mecanumbot_bringup) by extensions ['ignore', 'ignore_ament_install']
[0.096s] Level 1:colcon.colcon_core.package_identification:_identify(src/ros2-mecanum-bot/mecanumbot_bringup) by extension 'ignore'
[0.096s] Level 1:colcon.colcon_core.package_identification:_identify(src/ros2-mecanum-bot/mecanumbot_bringup) by extension 'ignore_ament_install'
[0.096s] Level 1:colcon.colcon_core.package_identification:_identify(src/ros2-mecanum-bot/mecanumbot_bringup) by extensions ['colcon_pkg']
[0.096s] Level 1:colcon.colcon_core.package_identification:_identify(src/ros2-mecanum-bot/mecanumbot_bringup) by extension 'colcon_pkg'
[0.096s] Level 1:colcon.colcon_core.package_identification:_identify(src/ros2-mecanum-bot/mecanumbot_bringup) by extensions ['colcon_meta']
[0.096s] Level 1:colcon.colcon_core.package_identification:_identify(src/ros2-mecanum-bot/mecanumbot_bringup) by extension 'colcon_meta'
[0.096s] Level 1:colcon.colcon_core.package_identification:_identify(src/ros2-mecanum-bot/mecanumbot_bringup) by extensions ['ros']
[0.096s] Level 1:colcon.colcon_core.package_identification:_identify(src/ros2-mecanum-bot/mecanumbot_bringup) by extension 'ros'
[0.098s] DEBUG:colcon.colcon_core.package_identification:Package 'src/ros2-mecanum-bot/mecanumbot_bringup' with type 'ros.ament_cmake' and name 'mecanumbot_bringup'
[0.098s] Level 1:colcon.colcon_core.package_identification:_identify(src/ros2-mecanum-bot/mecanumbot_control) by extensions ['ignore', 'ignore_ament_install']
[0.098s] Level 1:colcon.colcon_core.package_identification:_identify(src/ros2-mecanum-bot/mecanumbot_control) by extension 'ignore'
[0.098s] Level 1:colcon.colcon_core.package_identification:_identify(src/ros2-mecanum-bot/mecanumbot_control) by extension 'ignore_ament_install'
[0.098s] Level 1:colcon.colcon_core.package_identification:_identify(src/ros2-mecanum-bot/mecanumbot_control) by extensions ['colcon_pkg']
[0.098s] Level 1:colcon.colcon_core.package_identification:_identify(src/ros2-mecanum-bot/mecanumbot_control) by extension 'colcon_pkg'
[0.098s] Level 1:colcon.colcon_core.package_identification:_identify(src/ros2-mecanum-bot/mecanumbot_control) by extensions ['colcon_meta']
[0.098s] Level 1:colcon.colcon_core.package_identification:_identify(src/ros2-mecanum-bot/mecanumbot_control) by extension 'colcon_meta'
[0.098s] Level 1:colcon.colcon_core.package_identification:_identify(src/ros2-mecanum-bot/mecanumbot_control) by extensions ['ros']
[0.098s] Level 1:colcon.colcon_core.package_identification:_identify(src/ros2-mecanum-bot/mecanumbot_control) by extension 'ros'
[0.098s] DEBUG:colcon.colcon_core.package_identification:Package 'src/ros2-mecanum-bot/mecanumbot_control' with type 'ros.ament_cmake' and name 'mecanumbot_control'
[0.098s] Level 1:colcon.colcon_core.package_identification:_identify(src/ros2-mecanum-bot/mecanumbot_controller) by extensions ['ignore', 'ignore_ament_install']
[0.098s] Level 1:colcon.colcon_core.package_identification:_identify(src/ros2-mecanum-bot/mecanumbot_controller) by extension 'ignore'
[0.098s] Level 1:colcon.colcon_core.package_identification:_identify(src/ros2-mecanum-bot/mecanumbot_controller) by extension 'ignore_ament_install'
[0.099s] Level 1:colcon.colcon_core.package_identification:_identify(src/ros2-mecanum-bot/mecanumbot_controller) by extensions ['colcon_pkg']
[0.099s] Level 1:colcon.colcon_core.package_identification:_identify(src/ros2-mecanum-bot/mecanumbot_controller) by extension 'colcon_pkg'
[0.099s] Level 1:colcon.colcon_core.package_identification:_identify(src/ros2-mecanum-bot/mecanumbot_controller) by extensions ['colcon_meta']
[0.099s] Level 1:colcon.colcon_core.package_identification:_identify(src/ros2-mecanum-bot/mecanumbot_controller) by extension 'colcon_meta'
[0.099s] Level 1:colcon.colcon_core.package_identification:_identify(src/ros2-mecanum-bot/mecanumbot_controller) by extensions ['ros']
[0.099s] Level 1:colcon.colcon_core.package_identification:_identify(src/ros2-mecanum-bot/mecanumbot_controller) by extension 'ros'
[0.099s] DEBUG:colcon.colcon_core.package_identification:Package 'src/ros2-mecanum-bot/mecanumbot_controller' with type 'ros.ament_cmake' and name 'mecanumbot_controller'
[0.099s] Level 1:colcon.colcon_core.package_identification:_identify(src/ros2-mecanum-bot/mecanumbot_description) by extensions ['ignore', 'ignore_ament_install']
[0.099s] Level 1:colcon.colcon_core.package_identification:_identify(src/ros2-mecanum-bot/mecanumbot_description) by extension 'ignore'
[0.099s] Level 1:colcon.colcon_core.package_identification:_identify(src/ros2-mecanum-bot/mecanumbot_description) by extension 'ignore_ament_install'
[0.099s] Level 1:colcon.colcon_core.package_identification:_identify(src/ros2-mecanum-bot/mecanumbot_description) by extensions ['colcon_pkg']
[0.099s] Level 1:colcon.colcon_core.package_identification:_identify(src/ros2-mecanum-bot/mecanumbot_description) by extension 'colcon_pkg'
[0.099s] Level 1:colcon.colcon_core.package_identification:_identify(src/ros2-mecanum-bot/mecanumbot_description) by extensions ['colcon_meta']
[0.099s] Level 1:colcon.colcon_core.package_identification:_identify(src/ros2-mecanum-bot/mecanumbot_description) by extension 'colcon_meta'
[0.099s] Level 1:colcon.colcon_core.package_identification:_identify(src/ros2-mecanum-bot/mecanumbot_description) by extensions ['ros']
[0.099s] Level 1:colcon.colcon_core.package_identification:_identify(src/ros2-mecanum-bot/mecanumbot_description) by extension 'ros'
[0.100s] DEBUG:colcon.colcon_core.package_identification:Package 'src/ros2-mecanum-bot/mecanumbot_description' with type 'ros.ament_cmake' and name 'mecanumbot_description'
[0.100s] Level 1:colcon.colcon_core.package_identification:_identify(src/ros2-mecanum-bot/mecanumbot_hardware) by extensions ['ignore', 'ignore_ament_install']
[0.100s] Level 1:colcon.colcon_core.package_identification:_identify(src/ros2-mecanum-bot/mecanumbot_hardware) by extension 'ignore'
[0.100s] Level 1:colcon.colcon_core.package_identification:_identify(src/ros2-mecanum-bot/mecanumbot_hardware) by extension 'ignore_ament_install'
[0.100s] Level 1:colcon.colcon_core.package_identification:_identify(src/ros2-mecanum-bot/mecanumbot_hardware) by extensions ['colcon_pkg']
[0.100s] Level 1:colcon.colcon_core.package_identification:_identify(src/ros2-mecanum-bot/mecanumbot_hardware) by extension 'colcon_pkg'
[0.100s] Level 1:colcon.colcon_core.package_identification:_identify(src/ros2-mecanum-bot/mecanumbot_hardware) by extensions ['colcon_meta']
[0.100s] Level 1:colcon.colcon_core.package_identification:_identify(src/ros2-mecanum-bot/mecanumbot_hardware) by extension 'colcon_meta'
[0.100s] Level 1:colcon.colcon_core.package_identification:_identify(src/ros2-mecanum-bot/mecanumbot_hardware) by extensions ['ros']
[0.100s] Level 1:colcon.colcon_core.package_identification:_identify(src/ros2-mecanum-bot/mecanumbot_hardware) by extension 'ros'
[0.100s] DEBUG:colcon.colcon_core.package_identification:Package 'src/ros2-mecanum-bot/mecanumbot_hardware' with type 'ros.ament_cmake' and name 'mecanumbot_hardware'
[0.100s] Level 1:colcon.colcon_core.package_identification:_identify(src/ros2-mecanum-bot/mecanumbot_teleop) by extensions ['ignore', 'ignore_ament_install']
[0.100s] Level 1:colcon.colcon_core.package_identification:_identify(src/ros2-mecanum-bot/mecanumbot_teleop) by extension 'ignore'
[0.100s] Level 1:colcon.colcon_core.package_identification:_identify(src/ros2-mecanum-bot/mecanumbot_teleop) by extension 'ignore_ament_install'
[0.100s] Level 1:colcon.colcon_core.package_identification:_identify(src/ros2-mecanum-bot/mecanumbot_teleop) by extensions ['colcon_pkg']
[0.100s] Level 1:colcon.colcon_core.package_identification:_identify(src/ros2-mecanum-bot/mecanumbot_teleop) by extension 'colcon_pkg'
[0.100s] Level 1:colcon.colcon_core.package_identification:_identify(src/ros2-mecanum-bot/mecanumbot_teleop) by extensions ['colcon_meta']
[0.100s] Level 1:colcon.colcon_core.package_identification:_identify(src/ros2-mecanum-bot/mecanumbot_teleop) by extension 'colcon_meta'
[0.100s] Level 1:colcon.colcon_core.package_identification:_identify(src/ros2-mecanum-bot/mecanumbot_teleop) by extensions ['ros']
[0.100s] Level 1:colcon.colcon_core.package_identification:_identify(src/ros2-mecanum-bot/mecanumbot_teleop) by extension 'ros'
[0.101s] DEBUG:colcon.colcon_core.package_identification:Package 'src/ros2-mecanum-bot/mecanumbot_teleop' with type 'ros.ament_cmake' and name 'mecanumbot_teleop'
[0.101s] Level 1:colcon.colcon_core.package_discovery:discover_packages(recursive) using defaults
[0.101s] Level 1:colcon.colcon_core.package_discovery:discover_packages(ignore) discover
[0.101s] Level 1:colcon.colcon_core.package_discovery:discover_packages(ignore) using defaults
[0.101s] Level 1:colcon.colcon_core.package_discovery:discover_packages(path) discover
[0.101s] Level 1:colcon.colcon_core.package_discovery:discover_packages(path) using defaults
[0.111s] INFO:colcon.colcon_core.package_selection:Skipping not selected package 'mecanumbot_hardware' in 'src/ros2-mecanum-bot/mecanumbot_hardware'
[0.111s] Level 1:colcon.colcon_core.package_discovery:discover_packages(prefix_path) check parameters
[0.111s] Level 1:colcon.colcon_core.package_discovery:discover_packages(prefix_path) discover
[0.112s] DEBUG:colcon.colcon_installed_package_information.package_discovery:Found 7 installed packages in /home/seth/omnibase_ws/install
[0.112s] DEBUG:colcon.colcon_installed_package_information.package_discovery:Found 4 installed packages in /home/seth/mecanum_ws/install
[0.114s] DEBUG:colcon.colcon_installed_package_information.package_discovery:Found 367 installed packages in /opt/ros/jazzy
[0.114s] Level 1:colcon.colcon_core.package_discovery:discover_packages(prefix_path) using defaults
[0.141s] Level 5:colcon.colcon_core.verb:set package 'mecanumbot_control' build argument 'cmake_args' from command line to 'None'
[0.141s] Level 5:colcon.colcon_core.verb:set package 'mecanumbot_control' build argument 'cmake_target' from command line to 'None'
[0.141s] Level 5:colcon.colcon_core.verb:set package 'mecanumbot_control' build argument 'cmake_target_skip_unavailable' from command line to 'False'
[0.141s] Level 5:colcon.colcon_core.verb:set package 'mecanumbot_control' build argument 'cmake_clean_cache' from command line to 'False'
[0.141s] Level 5:colcon.colcon_core.verb:set package 'mecanumbot_control' build argument 'cmake_clean_first' from command line to 'False'
[0.141s] Level 5:colcon.colcon_core.verb:set package 'mecanumbot_control' build argument 'cmake_force_configure' from command line to 'False'
[0.141s] Level 5:colcon.colcon_core.verb:set package 'mecanumbot_control' build argument 'ament_cmake_args' from command line to 'None'
[0.141s] Level 5:colcon.colcon_core.verb:set package 'mecanumbot_control' build argument 'catkin_cmake_args' from command line to 'None'
[0.141s] Level 5:colcon.colcon_core.verb:set package 'mecanumbot_control' build argument 'catkin_skip_building_tests' from command line to 'False'
[0.141s] DEBUG:colcon.colcon_core.verb:Building package 'mecanumbot_control' with the following arguments: {'ament_cmake_args': None, 'build_base': '/home/seth/base_ws/build/mecanumbot_control', 'catkin_cmake_args': None, 'catkin_skip_building_tests': False, 'cmake_args': None, 'cmake_clean_cache': False, 'cmake_clean_first': False, 'cmake_force_configure': False, 'cmake_target': None, 'cmake_target_skip_unavailable': False, 'install_base': '/home/seth/base_ws/install/mecanumbot_control', 'merge_install': False, 'path': '/home/seth/base_ws/src/ros2-mecanum-bot/mecanumbot_control', 'symlink_install': True, 'test_result_base': None}
[0.141s] Level 5:colcon.colcon_core.verb:set package 'mecanumbot_controller' build argument 'cmake_args' from command line to 'None'
[0.141s] Level 5:colcon.colcon_core.verb:set package 'mecanumbot_controller' build argument 'cmake_target' from command line to 'None'
[0.141s] Level 5:colcon.colcon_core.verb:set package 'mecanumbot_controller' build argument 'cmake_target_skip_unavailable' from command line to 'False'
[0.141s] Level 5:colcon.colcon_core.verb:set package 'mecanumbot_controller' build argument 'cmake_clean_cache' from command line to 'False'
[0.141s] Level 5:colcon.colcon_core.verb:set package 'mecanumbot_controller' build argument 'cmake_clean_first' from command line to 'False'
[0.141s] Level 5:colcon.colcon_core.verb:set package 'mecanumbot_controller' build argument 'cmake_force_configure' from command line to 'False'
[0.141s] Level 5:colcon.colcon_core.verb:set package 'mecanumbot_controller' build argument 'ament_cmake_args' from command line to 'None'
[0.141s] Level 5:colcon.colcon_core.verb:set package 'mecanumbot_controller' build argument 'catkin_cmake_args' from command line to 'None'
[0.141s] Level 5:colcon.colcon_core.verb:set package 'mecanumbot_controller' build argument 'catkin_skip_building_tests' from command line to 'False'
[0.141s] DEBUG:colcon.colcon_core.verb:Building package 'mecanumbot_controller' with the following arguments: {'ament_cmake_args': None, 'build_base': '/home/seth/base_ws/build/mecanumbot_controller', 'catkin_cmake_args': None, 'catkin_skip_building_tests': False, 'cmake_args': None, 'cmake_clean_cache': False, 'cmake_clean_first': False, 'cmake_force_configure': False, 'cmake_target': None, 'cmake_target_skip_unavailable': False, 'install_base': '/home/seth/base_ws/install/mecanumbot_controller', 'merge_install': False, 'path': '/home/seth/base_ws/src/ros2-mecanum-bot/mecanumbot_controller', 'symlink_install': True, 'test_result_base': None}
[0.141s] Level 5:colcon.colcon_core.verb:set package 'mecanumbot_description' build argument 'cmake_args' from command line to 'None'
[0.141s] Level 5:colcon.colcon_core.verb:set package 'mecanumbot_description' build argument 'cmake_target' from command line to 'None'
[0.141s] Level 5:colcon.colcon_core.verb:set package 'mecanumbot_description' build argument 'cmake_target_skip_unavailable' from command line to 'False'
[0.142s] Level 5:colcon.colcon_core.verb:set package 'mecanumbot_description' build argument 'cmake_clean_cache' from command line to 'False'
[0.142s] Level 5:colcon.colcon_core.verb:set package 'mecanumbot_description' build argument 'cmake_clean_first' from command line to 'False'
[0.142s] Level 5:colcon.colcon_core.verb:set package 'mecanumbot_description' build argument 'cmake_force_configure' from command line to 'False'
[0.142s] Level 5:colcon.colcon_core.verb:set package 'mecanumbot_description' build argument 'ament_cmake_args' from command line to 'None'
[0.142s] Level 5:colcon.colcon_core.verb:set package 'mecanumbot_description' build argument 'catkin_cmake_args' from command line to 'None'
[0.142s] Level 5:colcon.colcon_core.verb:set package 'mecanumbot_description' build argument 'catkin_skip_building_tests' from command line to 'False'
[0.142s] DEBUG:colcon.colcon_core.verb:Building package 'mecanumbot_description' with the following arguments: {'ament_cmake_args': None, 'build_base': '/home/seth/base_ws/build/mecanumbot_description', 'catkin_cmake_args': None, 'catkin_skip_building_tests': False, 'cmake_args': None, 'cmake_clean_cache': False, 'cmake_clean_first': False, 'cmake_force_configure': False, 'cmake_target': None, 'cmake_target_skip_unavailable': False, 'install_base': '/home/seth/base_ws/install/mecanumbot_description', 'merge_install': False, 'path': '/home/seth/base_ws/src/ros2-mecanum-bot/mecanumbot_description', 'symlink_install': True, 'test_result_base': None}
[0.142s] Level 5:colcon.colcon_core.verb:set package 'mecanumbot_teleop' build argument 'cmake_args' from command line to 'None'
[0.142s] Level 5:colcon.colcon_core.verb:set package 'mecanumbot_teleop' build argument 'cmake_target' from command line to 'None'
[0.142s] Level 5:colcon.colcon_core.verb:set package 'mecanumbot_teleop' build argument 'cmake_target_skip_unavailable' from command line to 'False'
[0.142s] Level 5:colcon.colcon_core.verb:set package 'mecanumbot_teleop' build argument 'cmake_clean_cache' from command line to 'False'
[0.142s] Level 5:colcon.colcon_core.verb:set package 'mecanumbot_teleop' build argument 'cmake_clean_first' from command line to 'False'
[0.142s] Level 5:colcon.colcon_core.verb:set package 'mecanumbot_teleop' build argument 'cmake_force_configure' from command line to 'False'
[0.142s] Level 5:colcon.colcon_core.verb:set package 'mecanumbot_teleop' build argument 'ament_cmake_args' from command line to 'None'
[0.142s] Level 5:colcon.colcon_core.verb:set package 'mecanumbot_teleop' build argument 'catkin_cmake_args' from command line to 'None'
[0.142s] Level 5:colcon.colcon_core.verb:set package 'mecanumbot_teleop' build argument 'catkin_skip_building_tests' from command line to 'False'
[0.142s] DEBUG:colcon.colcon_core.verb:Building package 'mecanumbot_teleop' with the following arguments: {'ament_cmake_args': None, 'build_base': '/home/seth/base_ws/build/mecanumbot_teleop', 'catkin_cmake_args': None, 'catkin_skip_building_tests': False, 'cmake_args': None, 'cmake_clean_cache': False, 'cmake_clean_first': False, 'cmake_force_configure': False, 'cmake_target': None, 'cmake_target_skip_unavailable': False, 'install_base': '/home/seth/base_ws/install/mecanumbot_teleop', 'merge_install': False, 'path': '/home/seth/base_ws/src/ros2-mecanum-bot/mecanumbot_teleop', 'symlink_install': True, 'test_result_base': None}
[0.142s] Level 5:colcon.colcon_core.verb:set package 'mecanumbot_bringup' build argument 'cmake_args' from command line to 'None'
[0.142s] Level 5:colcon.colcon_core.verb:set package 'mecanumbot_bringup' build argument 'cmake_target' from command line to 'None'
[0.142s] Level 5:colcon.colcon_core.verb:set package 'mecanumbot_bringup' build argument 'cmake_target_skip_unavailable' from command line to 'False'
[0.142s] Level 5:colcon.colcon_core.verb:set package 'mecanumbot_bringup' build argument 'cmake_clean_cache' from command line to 'False'
[0.142s] Level 5:colcon.colcon_core.verb:set package 'mecanumbot_bringup' build argument 'cmake_clean_first' from command line to 'False'
[0.142s] Level 5:colcon.colcon_core.verb:set package 'mecanumbot_bringup' build argument 'cmake_force_configure' from command line to 'False'
[0.142s] Level 5:colcon.colcon_core.verb:set package 'mecanumbot_bringup' build argument 'ament_cmake_args' from command line to 'None'
[0.142s] Level 5:colcon.colcon_core.verb:set package 'mecanumbot_bringup' build argument 'catkin_cmake_args' from command line to 'None'
[0.142s] Level 5:colcon.colcon_core.verb:set package 'mecanumbot_bringup' build argument 'catkin_skip_building_tests' from command line to 'False'
[0.142s] DEBUG:colcon.colcon_core.verb:Building package 'mecanumbot_bringup' with the following arguments: {'ament_cmake_args': None, 'build_base': '/home/seth/base_ws/build/mecanumbot_bringup', 'catkin_cmake_args': None, 'catkin_skip_building_tests': False, 'cmake_args': None, 'cmake_clean_cache': False, 'cmake_clean_first': False, 'cmake_force_configure': False, 'cmake_target': None, 'cmake_target_skip_unavailable': False, 'install_base': '/home/seth/base_ws/install/mecanumbot_bringup', 'merge_install': False, 'path': '/home/seth/base_ws/src/ros2-mecanum-bot/mecanumbot_bringup', 'symlink_install': True, 'test_result_base': None}
[0.142s] INFO:colcon.colcon_core.executor:Executing jobs using 'parallel' executor
[0.143s] DEBUG:colcon.colcon_parallel_executor.executor.parallel:run_until_complete
[0.143s] INFO:colcon.colcon_ros.task.ament_cmake.build:Building ROS package in '/home/seth/base_ws/src/ros2-mecanum-bot/mecanumbot_description' with build type 'ament_cmake'
[0.143s] INFO:colcon.colcon_cmake.task.cmake.build:Building CMake package in '/home/seth/base_ws/src/ros2-mecanum-bot/mecanumbot_description'
[0.144s] INFO:colcon.colcon_core.plugin_system:Skipping extension 'colcon_core.shell.bat': Not used on non-Windows systems
[0.144s] INFO:colcon.colcon_core.shell:Skip shell extension 'powershell' for command environment: Not usable outside of PowerShell
[0.144s] DEBUG:colcon.colcon_core.shell:Skip shell extension 'dsv' for command environment
[0.147s] INFO:colcon.colcon_ros.task.ament_cmake.build:Building ROS package in '/home/seth/base_ws/src/ros2-mecanum-bot/mecanumbot_control' with build type 'ament_cmake'
[0.147s] INFO:colcon.colcon_cmake.task.cmake.build:Building CMake package in '/home/seth/base_ws/src/ros2-mecanum-bot/mecanumbot_control'
[0.147s] INFO:colcon.colcon_core.shell:Skip shell extension 'powershell' for command environment: Not usable outside of PowerShell
[0.147s] DEBUG:colcon.colcon_core.shell:Skip shell extension 'dsv' for command environment
[0.149s] INFO:colcon.colcon_ros.task.ament_cmake.build:Building ROS package in '/home/seth/base_ws/src/ros2-mecanum-bot/mecanumbot_controller' with build type 'ament_cmake'
[0.149s] INFO:colcon.colcon_cmake.task.cmake.build:Building CMake package in '/home/seth/base_ws/src/ros2-mecanum-bot/mecanumbot_controller'
[0.149s] INFO:colcon.colcon_core.shell:Skip shell extension 'powershell' for command environment: Not usable outside of PowerShell
[0.149s] DEBUG:colcon.colcon_core.shell:Skip shell extension 'dsv' for command environment
[0.152s] INFO:colcon.colcon_ros.task.ament_cmake.build:Building ROS package in '/home/seth/base_ws/src/ros2-mecanum-bot/mecanumbot_teleop' with build type 'ament_cmake'
[0.152s] INFO:colcon.colcon_cmake.task.cmake.build:Building CMake package in '/home/seth/base_ws/src/ros2-mecanum-bot/mecanumbot_teleop'
[0.152s] INFO:colcon.colcon_core.shell:Skip shell extension 'powershell' for command environment: Not usable outside of PowerShell
[0.152s] DEBUG:colcon.colcon_core.shell:Skip shell extension 'dsv' for command environment
[0.156s] DEBUG:colcon.colcon_core.event_handler.log_command:Invoking command in '/home/seth/base_ws/build/mecanumbot_description': CMAKE_PREFIX_PATH=${CMAKE_PREFIX_PATH}:/home/seth/omnibase_ws/install/omnibase_vision:/home/seth/omnibase_ws/install/omnibase_control:/opt/ros/jazzy DEBUGINFOD_URLS=https://debuginfod.ubuntu.com /usr/bin/cmake --build /home/seth/base_ws/build/mecanumbot_description -- -j12 -l12
[0.157s] DEBUG:colcon.colcon_core.event_handler.log_command:Invoking command in '/home/seth/base_ws/build/mecanumbot_control': CMAKE_PREFIX_PATH=${CMAKE_PREFIX_PATH}:/home/seth/omnibase_ws/install/omnibase_vision:/home/seth/omnibase_ws/install/omnibase_control:/opt/ros/jazzy DEBUGINFOD_URLS=https://debuginfod.ubuntu.com /usr/bin/cmake --build /home/seth/base_ws/build/mecanumbot_control -- -j12 -l12
[0.167s] DEBUG:colcon.colcon_core.event_handler.log_command:Invoking command in '/home/seth/base_ws/build/mecanumbot_controller': CMAKE_PREFIX_PATH=${CMAKE_PREFIX_PATH}:/home/seth/omnibase_ws/install/omnibase_vision:/home/seth/omnibase_ws/install/omnibase_control:/opt/ros/jazzy DEBUGINFOD_URLS=https://debuginfod.ubuntu.com /usr/bin/cmake --build /home/seth/base_ws/build/mecanumbot_controller -- -j12 -l12
[0.168s] DEBUG:colcon.colcon_core.event_handler.log_command:Invoking command in '/home/seth/base_ws/build/mecanumbot_teleop': CMAKE_PREFIX_PATH=${CMAKE_PREFIX_PATH}:/home/seth/omnibase_ws/install/omnibase_vision:/home/seth/omnibase_ws/install/omnibase_control:/opt/ros/jazzy DEBUGINFOD_URLS=https://debuginfod.ubuntu.com /usr/bin/cmake --build /home/seth/base_ws/build/mecanumbot_teleop -- -j12 -l12
[0.186s] DEBUG:colcon.colcon_core.event_handler.log_command:Invoked command in '/home/seth/base_ws/build/mecanumbot_description' returned '0': CMAKE_PREFIX_PATH=${CMAKE_PREFIX_PATH}:/home/seth/omnibase_ws/install/omnibase_vision:/home/seth/omnibase_ws/install/omnibase_control:/opt/ros/jazzy DEBUGINFOD_URLS=https://debuginfod.ubuntu.com /usr/bin/cmake --build /home/seth/base_ws/build/mecanumbot_description -- -j12 -l12
[0.193s] DEBUG:colcon.colcon_core.event_handler.log_command:Invoking command in '/home/seth/base_ws/build/mecanumbot_description': CMAKE_PREFIX_PATH=${CMAKE_PREFIX_PATH}:/home/seth/omnibase_ws/install/omnibase_vision:/home/seth/omnibase_ws/install/omnibase_control:/opt/ros/jazzy DEBUGINFOD_URLS=https://debuginfod.ubuntu.com /usr/bin/cmake --install /home/seth/base_ws/build/mecanumbot_description
[0.209s] Level 1:colcon.colcon_core.environment:create_environment_scripts_only(mecanumbot_description)
[0.209s] DEBUG:colcon.colcon_core.event_handler.log_command:Invoked command in '/home/seth/base_ws/build/mecanumbot_description' returned '0': CMAKE_PREFIX_PATH=${CMAKE_PREFIX_PATH}:/home/seth/omnibase_ws/install/omnibase_vision:/home/seth/omnibase_ws/install/omnibase_control:/opt/ros/jazzy DEBUGINFOD_URLS=https://debuginfod.ubuntu.com /usr/bin/cmake --install /home/seth/base_ws/build/mecanumbot_description
[0.210s] Level 1:colcon.colcon_core.environment:checking '/home/seth/base_ws/install/mecanumbot_description' for CMake module files
[0.211s] Level 1:colcon.colcon_core.environment:checking '/home/seth/base_ws/install/mecanumbot_description' for CMake config files
[0.211s] Level 1:colcon.colcon_core.shell:create_environment_hook('mecanumbot_description', 'cmake_prefix_path')
[0.211s] INFO:colcon.colcon_core.shell:Creating environment hook '/home/seth/base_ws/install/mecanumbot_description/share/mecanumbot_description/hook/cmake_prefix_path.ps1'
[0.211s] INFO:colcon.colcon_core.shell:Creating environment descriptor '/home/seth/base_ws/install/mecanumbot_description/share/mecanumbot_description/hook/cmake_prefix_path.dsv'
[0.212s] INFO:colcon.colcon_core.shell:Creating environment hook '/home/seth/base_ws/install/mecanumbot_description/share/mecanumbot_description/hook/cmake_prefix_path.sh'
[0.212s] Level 1:colcon.colcon_core.environment:checking '/home/seth/base_ws/install/mecanumbot_description/bin'
[0.212s] Level 1:colcon.colcon_core.environment:checking '/home/seth/base_ws/install/mecanumbot_description/lib/pkgconfig/mecanumbot_description.pc'
[0.212s] Level 1:colcon.colcon_core.environment:checking '/home/seth/base_ws/install/mecanumbot_description/lib/python3.12/site-packages'
[0.212s] Level 1:colcon.colcon_core.environment:checking '/home/seth/base_ws/install/mecanumbot_description/bin'
[0.213s] INFO:colcon.colcon_core.shell:Creating package script '/home/seth/base_ws/install/mecanumbot_description/share/mecanumbot_description/package.ps1'
[0.213s] INFO:colcon.colcon_core.shell:Creating package descriptor '/home/seth/base_ws/install/mecanumbot_description/share/mecanumbot_description/package.dsv'
[0.213s] INFO:colcon.colcon_core.shell:Creating package script '/home/seth/base_ws/install/mecanumbot_description/share/mecanumbot_description/package.sh'
[0.214s] INFO:colcon.colcon_core.shell:Creating package script '/home/seth/base_ws/install/mecanumbot_description/share/mecanumbot_description/package.bash'
[0.214s] INFO:colcon.colcon_core.shell:Creating package script '/home/seth/base_ws/install/mecanumbot_description/share/mecanumbot_description/package.zsh'
[0.214s] Level 1:colcon.colcon_core.environment:create_file_with_runtime_dependencies(/home/seth/base_ws/install/mecanumbot_description/share/colcon-core/packages/mecanumbot_description)
[0.215s] Level 1:colcon.colcon_core.environment:create_environment_scripts_only(mecanumbot_description)
[0.215s] Level 1:colcon.colcon_core.environment:checking '/home/seth/base_ws/install/mecanumbot_description' for CMake module files
[0.215s] Level 1:colcon.colcon_core.environment:checking '/home/seth/base_ws/install/mecanumbot_description' for CMake config files
[0.215s] Level 1:colcon.colcon_core.shell:create_environment_hook('mecanumbot_description', 'cmake_prefix_path')
[0.215s] INFO:colcon.colcon_core.shell:Creating environment hook '/home/seth/base_ws/install/mecanumbot_description/share/mecanumbot_description/hook/cmake_prefix_path.ps1'
[0.215s] INFO:colcon.colcon_core.shell:Creating environment descriptor '/home/seth/base_ws/install/mecanumbot_description/share/mecanumbot_description/hook/cmake_prefix_path.dsv'
[0.216s] INFO:colcon.colcon_core.shell:Creating environment hook '/home/seth/base_ws/install/mecanumbot_description/share/mecanumbot_description/hook/cmake_prefix_path.sh'
[0.216s] Level 1:colcon.colcon_core.environment:checking '/home/seth/base_ws/install/mecanumbot_description/bin'
[0.216s] Level 1:colcon.colcon_core.environment:checking '/home/seth/base_ws/install/mecanumbot_description/lib/pkgconfig/mecanumbot_description.pc'
[0.216s] Level 1:colcon.colcon_core.environment:checking '/home/seth/base_ws/install/mecanumbot_description/lib/python3.12/site-packages'
[0.216s] Level 1:colcon.colcon_core.environment:checking '/home/seth/base_ws/install/mecanumbot_description/bin'
[0.216s] INFO:colcon.colcon_core.shell:Creating package script '/home/seth/base_ws/install/mecanumbot_description/share/mecanumbot_description/package.ps1'
[0.217s] INFO:colcon.colcon_core.shell:Creating package descriptor '/home/seth/base_ws/install/mecanumbot_description/share/mecanumbot_description/package.dsv'
[0.217s] INFO:colcon.colcon_core.shell:Creating package script '/home/seth/base_ws/install/mecanumbot_description/share/mecanumbot_description/package.sh'
[0.217s] INFO:colcon.colcon_core.shell:Creating package script '/home/seth/base_ws/install/mecanumbot_description/share/mecanumbot_description/package.bash'
[0.217s] INFO:colcon.colcon_core.shell:Creating package script '/home/seth/base_ws/install/mecanumbot_description/share/mecanumbot_description/package.zsh'
[0.218s] Level 1:colcon.colcon_core.environment:create_file_with_runtime_dependencies(/home/seth/base_ws/install/mecanumbot_description/share/colcon-core/packages/mecanumbot_description)
[0.218s] INFO:colcon.colcon_ros.task.ament_cmake.build:Building ROS package in '/home/seth/base_ws/src/ros2-mecanum-bot/mecanumbot_bringup' with build type 'ament_cmake'
[0.218s] INFO:colcon.colcon_cmake.task.cmake.build:Building CMake package in '/home/seth/base_ws/src/ros2-mecanum-bot/mecanumbot_bringup'
[0.218s] INFO:colcon.colcon_core.shell:Skip shell extension 'powershell' for command environment: Not usable outside of PowerShell
[0.218s] DEBUG:colcon.colcon_core.shell:Skip shell extension 'dsv' for command environment
[0.222s] DEBUG:colcon.colcon_core.event_handler.log_command:Invoked command in '/home/seth/base_ws/build/mecanumbot_control' returned '0': CMAKE_PREFIX_PATH=${CMAKE_PREFIX_PATH}:/home/seth/omnibase_ws/install/omnibase_vision:/home/seth/omnibase_ws/install/omnibase_control:/opt/ros/jazzy DEBUGINFOD_URLS=https://debuginfod.ubuntu.com /usr/bin/cmake --build /home/seth/base_ws/build/mecanumbot_control -- -j12 -l12
[0.223s] DEBUG:colcon.colcon_core.event_handler.log_command:Invoking command in '/home/seth/base_ws/build/mecanumbot_control': CMAKE_PREFIX_PATH=${CMAKE_PREFIX_PATH}:/home/seth/omnibase_ws/install/omnibase_vision:/home/seth/omnibase_ws/install/omnibase_control:/opt/ros/jazzy DEBUGINFOD_URLS=https://debuginfod.ubuntu.com /usr/bin/cmake --install /home/seth/base_ws/build/mecanumbot_control
[0.223s] DEBUG:colcon.colcon_core.event_handler.log_command:Invoked command in '/home/seth/base_ws/build/mecanumbot_teleop' returned '0': CMAKE_PREFIX_PATH=${CMAKE_PREFIX_PATH}:/home/seth/omnibase_ws/install/omnibase_vision:/home/seth/omnibase_ws/install/omnibase_control:/opt/ros/jazzy DEBUGINFOD_URLS=https://debuginfod.ubuntu.com /usr/bin/cmake --build /home/seth/base_ws/build/mecanumbot_teleop -- -j12 -l12
[0.223s] DEBUG:colcon.colcon_core.event_handler.log_command:Invoking command in '/home/seth/base_ws/build/mecanumbot_teleop': CMAKE_PREFIX_PATH=${CMAKE_PREFIX_PATH}:/home/seth/omnibase_ws/install/omnibase_vision:/home/seth/omnibase_ws/install/omnibase_control:/opt/ros/jazzy DEBUGINFOD_URLS=https://debuginfod.ubuntu.com /usr/bin/cmake --install /home/seth/base_ws/build/mecanumbot_teleop
[0.224s] DEBUG:colcon.colcon_core.event_handler.log_command:Invoked command in '/home/seth/base_ws/build/mecanumbot_controller' returned '0': CMAKE_PREFIX_PATH=${CMAKE_PREFIX_PATH}:/home/seth/omnibase_ws/install/omnibase_vision:/home/seth/omnibase_ws/install/omnibase_control:/opt/ros/jazzy DEBUGINFOD_URLS=https://debuginfod.ubuntu.com /usr/bin/cmake --build /home/seth/base_ws/build/mecanumbot_controller -- -j12 -l12
[0.224s] DEBUG:colcon.colcon_core.event_handler.log_command:Invoking command in '/home/seth/base_ws/build/mecanumbot_controller': CMAKE_PREFIX_PATH=${CMAKE_PREFIX_PATH}:/home/seth/omnibase_ws/install/omnibase_vision:/home/seth/omnibase_ws/install/omnibase_control:/opt/ros/jazzy DEBUGINFOD_URLS=https://debuginfod.ubuntu.com /usr/bin/cmake --install /home/seth/base_ws/build/mecanumbot_controller
[0.226s] DEBUG:colcon.colcon_core.event_handler.log_command:Invoking command in '/home/seth/base_ws/build/mecanumbot_bringup': AMENT_PREFIX_PATH=/home/seth/base_ws/install/mecanumbot_description:${AMENT_PREFIX_PATH} CMAKE_PREFIX_PATH=/home/seth/base_ws/install/mecanumbot_description:/home/seth/omnibase_ws/install/omnibase_bringup:/home/seth/omnibase_ws/install/omnibase_gazebo:/home/seth/omnibase_ws/install/omnibase_description:/home/seth/mecanum_ws/install/mecanum_base_sim:/home/seth/mecanum_ws/install/mecanum_base_description:/home/seth/mecanum_ws/install/mecanum_base_controller:/home/seth/mecanum_ws/install/mecanum_base_bringup:/opt/ros/jazzy/opt/gz_sim_vendor:/opt/ros/jazzy/opt/gz_sensors_vendor:/opt/ros/jazzy/opt/gz_physics_vendor:/opt/ros/jazzy/opt/sdformat_vendor:/opt/ros/jazzy/opt/gz_gui_vendor:/opt/ros/jazzy/opt/gz_transport_vendor:/opt/ros/jazzy/opt/gz_rendering_vendor:/opt/ros/jazzy/opt/gz_plugin_vendor:/opt/ros/jazzy/opt/gz_fuel_tools_vendor:/opt/ros/jazzy/opt/gz_msgs_vendor:/opt/ros/jazzy/opt/gz_common_vendor:/opt/ros/jazzy/opt/gz_math_vendor:/opt/ros/jazzy/opt/gz_utils_vendor:/opt/ros/jazzy/opt/gz_tools_vendor:/opt/ros/jazzy/opt/gz_ogre_next_vendor:/opt/ros/jazzy/opt/gz_dartsim_vendor:/opt/ros/jazzy/opt/gz_cmake_vendor:/home/seth/omnibase_ws/install/omnibase_vision:/home/seth/omnibase_ws/install/omnibase_control:/opt/ros/jazzy DEBUGINFOD_URLS=https://debuginfod.ubuntu.com /usr/bin/cmake --build /home/seth/base_ws/build/mecanumbot_bringup -- -j12 -l12
[0.239s] Level 1:colcon.colcon_core.environment:create_environment_scripts_only(mecanumbot_control)
[0.239s] Level 1:colcon.colcon_core.environment:checking '/home/seth/base_ws/install/mecanumbot_control' for CMake module files
[0.239s] DEBUG:colcon.colcon_core.event_handler.log_command:Invoked command in '/home/seth/base_ws/build/mecanumbot_control' returned '0': CMAKE_PREFIX_PATH=${CMAKE_PREFIX_PATH}:/home/seth/omnibase_ws/install/omnibase_vision:/home/seth/omnibase_ws/install/omnibase_control:/opt/ros/jazzy DEBUGINFOD_URLS=https://debuginfod.ubuntu.com /usr/bin/cmake --install /home/seth/base_ws/build/mecanumbot_control
[0.240s] Level 1:colcon.colcon_core.environment:checking '/home/seth/base_ws/install/mecanumbot_control' for CMake config files
[0.240s] Level 1:colcon.colcon_core.shell:create_environment_hook('mecanumbot_control', 'cmake_prefix_path')
[0.240s] INFO:colcon.colcon_core.shell:Creating environment hook '/home/seth/base_ws/install/mecanumbot_control/share/mecanumbot_control/hook/cmake_prefix_path.ps1'
[0.240s] INFO:colcon.colcon_core.shell:Creating environment descriptor '/home/seth/base_ws/install/mecanumbot_control/share/mecanumbot_control/hook/cmake_prefix_path.dsv'
[0.240s] INFO:colcon.colcon_core.shell:Creating environment hook '/home/seth/base_ws/install/mecanumbot_control/share/mecanumbot_control/hook/cmake_prefix_path.sh'
[0.241s] Level 1:colcon.colcon_core.environment:checking '/home/seth/base_ws/install/mecanumbot_control/lib'
[0.241s] Level 1:colcon.colcon_core.environment:checking '/home/seth/base_ws/install/mecanumbot_control/bin'
[0.241s] Level 1:colcon.colcon_core.environment:checking '/home/seth/base_ws/install/mecanumbot_control/lib/pkgconfig/mecanumbot_control.pc'
[0.241s] Level 1:colcon.colcon_core.environment:checking '/home/seth/base_ws/install/mecanumbot_control/lib/python3.12/site-packages'
[0.241s] Level 1:colcon.colcon_core.environment:checking '/home/seth/base_ws/install/mecanumbot_control/bin'
[0.241s] INFO:colcon.colcon_core.shell:Creating package script '/home/seth/base_ws/install/mecanumbot_control/share/mecanumbot_control/package.ps1'
[0.242s] INFO:colcon.colcon_core.shell:Creating package descriptor '/home/seth/base_ws/install/mecanumbot_control/share/mecanumbot_control/package.dsv'
[0.242s] INFO:colcon.colcon_core.shell:Creating package script '/home/seth/base_ws/install/mecanumbot_control/share/mecanumbot_control/package.sh'
[0.242s] INFO:colcon.colcon_core.shell:Creating package script '/home/seth/base_ws/install/mecanumbot_control/share/mecanumbot_control/package.bash'
[0.242s] INFO:colcon.colcon_core.shell:Creating package script '/home/seth/base_ws/install/mecanumbot_control/share/mecanumbot_control/package.zsh'
[0.242s] Level 1:colcon.colcon_core.environment:create_file_with_runtime_dependencies(/home/seth/base_ws/install/mecanumbot_control/share/colcon-core/packages/mecanumbot_control)
[0.243s] Level 1:colcon.colcon_core.environment:create_environment_scripts_only(mecanumbot_control)
[0.243s] Level 1:colcon.colcon_core.environment:checking '/home/seth/base_ws/install/mecanumbot_control' for CMake module files
[0.243s] Level 1:colcon.colcon_core.environment:checking '/home/seth/base_ws/install/mecanumbot_control' for CMake config files
[0.243s] Level 1:colcon.colcon_core.shell:create_environment_hook('mecanumbot_control', 'cmake_prefix_path')
[0.243s] INFO:colcon.colcon_core.shell:Creating environment hook '/home/seth/base_ws/install/mecanumbot_control/share/mecanumbot_control/hook/cmake_prefix_path.ps1'
[0.243s] INFO:colcon.colcon_core.shell:Creating environment descriptor '/home/seth/base_ws/install/mecanumbot_control/share/mecanumbot_control/hook/cmake_prefix_path.dsv'
[0.244s] INFO:colcon.colcon_core.shell:Creating environment hook '/home/seth/base_ws/install/mecanumbot_control/share/mecanumbot_control/hook/cmake_prefix_path.sh'
[0.244s] Level 1:colcon.colcon_core.environment:checking '/home/seth/base_ws/install/mecanumbot_control/lib'
[0.244s] Level 1:colcon.colcon_core.environment:checking '/home/seth/base_ws/install/mecanumbot_control/bin'
[0.244s] Level 1:colcon.colcon_core.environment:checking '/home/seth/base_ws/install/mecanumbot_control/lib/pkgconfig/mecanumbot_control.pc'
[0.244s] Level 1:colcon.colcon_core.environment:checking '/home/seth/base_ws/install/mecanumbot_control/lib/python3.12/site-packages'
[0.244s] Level 1:colcon.colcon_core.environment:checking '/home/seth/base_ws/install/mecanumbot_control/bin'
[0.244s] INFO:colcon.colcon_core.shell:Creating package script '/home/seth/base_ws/install/mecanumbot_control/share/mecanumbot_control/package.ps1'
[0.245s] INFO:colcon.colcon_core.shell:Creating package descriptor '/home/seth/base_ws/install/mecanumbot_control/share/mecanumbot_control/package.dsv'
[0.245s] INFO:colcon.colcon_core.shell:Creating package script '/home/seth/base_ws/install/mecanumbot_control/share/mecanumbot_control/package.sh'
[0.245s] INFO:colcon.colcon_core.shell:Creating package script '/home/seth/base_ws/install/mecanumbot_control/share/mecanumbot_control/package.bash'
[0.245s] INFO:colcon.colcon_core.shell:Creating package script '/home/seth/base_ws/install/mecanumbot_control/share/mecanumbot_control/package.zsh'
[0.245s] Level 1:colcon.colcon_core.environment:create_file_with_runtime_dependencies(/home/seth/base_ws/install/mecanumbot_control/share/colcon-core/packages/mecanumbot_control)
[0.246s] Level 1:colcon.colcon_core.environment:create_environment_scripts_only(mecanumbot_controller)
[0.246s] Level 1:colcon.colcon_core.environment:checking '/home/seth/base_ws/install/mecanumbot_controller' for CMake module files
[0.247s] DEBUG:colcon.colcon_core.event_handler.log_command:Invoked command in '/home/seth/base_ws/build/mecanumbot_controller' returned '0': CMAKE_PREFIX_PATH=${CMAKE_PREFIX_PATH}:/home/seth/omnibase_ws/install/omnibase_vision:/home/seth/omnibase_ws/install/omnibase_control:/opt/ros/jazzy DEBUGINFOD_URLS=https://debuginfod.ubuntu.com /usr/bin/cmake --install /home/seth/base_ws/build/mecanumbot_controller
[0.247s] Level 1:colcon.colcon_core.environment:checking '/home/seth/base_ws/install/mecanumbot_controller' for CMake config files
[0.247s] Level 1:colcon.colcon_core.shell:create_environment_hook('mecanumbot_controller', 'cmake_prefix_path')
[0.248s] INFO:colcon.colcon_core.shell:Creating environment hook '/home/seth/base_ws/install/mecanumbot_controller/share/mecanumbot_controller/hook/cmake_prefix_path.ps1'
[0.248s] INFO:colcon.colcon_core.shell:Creating environment descriptor '/home/seth/base_ws/install/mecanumbot_controller/share/mecanumbot_controller/hook/cmake_prefix_path.dsv'
[0.248s] INFO:colcon.colcon_core.shell:Creating environment hook '/home/seth/base_ws/install/mecanumbot_controller/share/mecanumbot_controller/hook/cmake_prefix_path.sh'
[0.248s] Level 1:colcon.colcon_core.environment:checking '/home/seth/base_ws/install/mecanumbot_controller/lib'
[0.248s] Level 1:colcon.colcon_core.shell:create_environment_hook('mecanumbot_controller', 'ld_library_path_lib')
[0.249s] INFO:colcon.colcon_core.shell:Creating environment hook '/home/seth/base_ws/install/mecanumbot_controller/share/mecanumbot_controller/hook/ld_library_path_lib.ps1'
[0.249s] INFO:colcon.colcon_core.shell:Creating environment descriptor '/home/seth/base_ws/install/mecanumbot_controller/share/mecanumbot_controller/hook/ld_library_path_lib.dsv'
[0.249s] INFO:colcon.colcon_core.shell:Creating environment hook '/home/seth/base_ws/install/mecanumbot_controller/share/mecanumbot_controller/hook/ld_library_path_lib.sh'
[0.249s] Level 1:colcon.colcon_core.environment:checking '/home/seth/base_ws/install/mecanumbot_controller/bin'
[0.249s] Level 1:colcon.colcon_core.environment:checking '/home/seth/base_ws/install/mecanumbot_controller/lib/pkgconfig/mecanumbot_controller.pc'
[0.249s] Level 1:colcon.colcon_core.environment:checking '/home/seth/base_ws/install/mecanumbot_controller/lib/python3.12/site-packages'
[0.249s] Level 1:colcon.colcon_core.environment:checking '/home/seth/base_ws/install/mecanumbot_controller/bin'
[0.250s] INFO:colcon.colcon_core.shell:Creating package script '/home/seth/base_ws/install/mecanumbot_controller/share/mecanumbot_controller/package.ps1'
[0.250s] INFO:colcon.colcon_core.shell:Creating package descriptor '/home/seth/base_ws/install/mecanumbot_controller/share/mecanumbot_controller/package.dsv'
[0.250s] INFO:colcon.colcon_core.shell:Creating package script '/home/seth/base_ws/install/mecanumbot_controller/share/mecanumbot_controller/package.sh'
[0.250s] INFO:colcon.colcon_core.shell:Creating package script '/home/seth/base_ws/install/mecanumbot_controller/share/mecanumbot_controller/package.bash'
[0.250s] INFO:colcon.colcon_core.shell:Creating package script '/home/seth/base_ws/install/mecanumbot_controller/share/mecanumbot_controller/package.zsh'
[0.251s] Level 1:colcon.colcon_core.environment:create_file_with_runtime_dependencies(/home/seth/base_ws/install/mecanumbot_controller/share/colcon-core/packages/mecanumbot_controller)
[0.251s] Level 1:colcon.colcon_core.environment:create_environment_scripts_only(mecanumbot_controller)
[0.251s] Level 1:colcon.colcon_core.environment:checking '/home/seth/base_ws/install/mecanumbot_controller' for CMake module files
[0.251s] Level 1:colcon.colcon_core.environment:checking '/home/seth/base_ws/install/mecanumbot_controller' for CMake config files
[0.251s] Level 1:colcon.colcon_core.shell:create_environment_hook('mecanumbot_controller', 'cmake_prefix_path')
[0.252s] INFO:colcon.colcon_core.shell:Creating environment hook '/home/seth/base_ws/install/mecanumbot_controller/share/mecanumbot_controller/hook/cmake_prefix_path.ps1'
[0.252s] INFO:colcon.colcon_core.shell:Creating environment descriptor '/home/seth/base_ws/install/mecanumbot_controller/share/mecanumbot_controller/hook/cmake_prefix_path.dsv'
[0.252s] INFO:colcon.colcon_core.shell:Creating environment hook '/home/seth/base_ws/install/mecanumbot_controller/share/mecanumbot_controller/hook/cmake_prefix_path.sh'
[0.252s] Level 1:colcon.colcon_core.environment:checking '/home/seth/base_ws/install/mecanumbot_controller/lib'
[0.252s] Level 1:colcon.colcon_core.shell:create_environment_hook('mecanumbot_controller', 'ld_library_path_lib')
[0.252s] INFO:colcon.colcon_core.shell:Creating environment hook '/home/seth/base_ws/install/mecanumbot_controller/share/mecanumbot_controller/hook/ld_library_path_lib.ps1'
[0.252s] INFO:colcon.colcon_core.shell:Creating environment descriptor '/home/seth/base_ws/install/mecanumbot_controller/share/mecanumbot_controller/hook/ld_library_path_lib.dsv'
[0.253s] INFO:colcon.colcon_core.shell:Creating environment hook '/home/seth/base_ws/install/mecanumbot_controller/share/mecanumbot_controller/hook/ld_library_path_lib.sh'
[0.253s] Level 1:colcon.colcon_core.environment:checking '/home/seth/base_ws/install/mecanumbot_controller/bin'
[0.253s] Level 1:colcon.colcon_core.environment:checking '/home/seth/base_ws/install/mecanumbot_controller/lib/pkgconfig/mecanumbot_controller.pc'
[0.253s] Level 1:colcon.colcon_core.environment:checking '/home/seth/base_ws/install/mecanumbot_controller/lib/python3.12/site-packages'
[0.253s] Level 1:colcon.colcon_core.environment:checking '/home/seth/base_ws/install/mecanumbot_controller/bin'
[0.253s] INFO:colcon.colcon_core.shell:Creating package script '/home/seth/base_ws/install/mecanumbot_controller/share/mecanumbot_controller/package.ps1'
[0.254s] INFO:colcon.colcon_core.shell:Creating package descriptor '/home/seth/base_ws/install/mecanumbot_controller/share/mecanumbot_controller/package.dsv'
[0.254s] INFO:colcon.colcon_core.shell:Creating package script '/home/seth/base_ws/install/mecanumbot_controller/share/mecanumbot_controller/package.sh'
[0.254s] INFO:colcon.colcon_core.shell:Creating package script '/home/seth/base_ws/install/mecanumbot_controller/share/mecanumbot_controller/package.bash'
[0.254s] INFO:colcon.colcon_core.shell:Creating package script '/home/seth/base_ws/install/mecanumbot_controller/share/mecanumbot_controller/package.zsh'
[0.255s] Level 1:colcon.colcon_core.environment:create_file_with_runtime_dependencies(/home/seth/base_ws/install/mecanumbot_controller/share/colcon-core/packages/mecanumbot_controller)
[0.255s] Level 1:colcon.colcon_core.environment:create_environment_scripts_only(mecanumbot_teleop)
[0.255s] Level 1:colcon.colcon_core.environment:checking '/home/seth/base_ws/install/mecanumbot_teleop' for CMake module files
[0.255s] DEBUG:colcon.colcon_core.event_handler.log_command:Invoked command in '/home/seth/base_ws/build/mecanumbot_teleop' returned '0': CMAKE_PREFIX_PATH=${CMAKE_PREFIX_PATH}:/home/seth/omnibase_ws/install/omnibase_vision:/home/seth/omnibase_ws/install/omnibase_control:/opt/ros/jazzy DEBUGINFOD_URLS=https://debuginfod.ubuntu.com /usr/bin/cmake --install /home/seth/base_ws/build/mecanumbot_teleop
[0.255s] Level 1:colcon.colcon_core.environment:checking '/home/seth/base_ws/install/mecanumbot_teleop' for CMake config files
[0.256s] Level 1:colcon.colcon_core.shell:create_environment_hook('mecanumbot_teleop', 'cmake_prefix_path')
[0.256s] INFO:colcon.colcon_core.shell:Creating environment hook '/home/seth/base_ws/install/mecanumbot_teleop/share/mecanumbot_teleop/hook/cmake_prefix_path.ps1'
[0.256s] INFO:colcon.colcon_core.shell:Creating environment descriptor '/home/seth/base_ws/install/mecanumbot_teleop/share/mecanumbot_teleop/hook/cmake_prefix_path.dsv'
[0.256s] INFO:colcon.colcon_core.shell:Creating environment hook '/home/seth/base_ws/install/mecanumbot_teleop/share/mecanumbot_teleop/hook/cmake_prefix_path.sh'
[0.256s] Level 1:colcon.colcon_core.environment:checking '/home/seth/base_ws/install/mecanumbot_teleop/lib'
[0.257s] Level 1:colcon.colcon_core.environment:checking '/home/seth/base_ws/install/mecanumbot_teleop/bin'
[0.257s] Level 1:colcon.colcon_core.environment:checking '/home/seth/base_ws/install/mecanumbot_teleop/lib/pkgconfig/mecanumbot_teleop.pc'
[0.257s] Level 1:colcon.colcon_core.environment:checking '/home/seth/base_ws/install/mecanumbot_teleop/lib/python3.12/site-packages'
[0.257s] Level 1:colcon.colcon_core.environment:checking '/home/seth/base_ws/install/mecanumbot_teleop/bin'
[0.257s] INFO:colcon.colcon_core.shell:Creating package script '/home/seth/base_ws/install/mecanumbot_teleop/share/mecanumbot_teleop/package.ps1'
[0.257s] INFO:colcon.colcon_core.shell:Creating package descriptor '/home/seth/base_ws/install/mecanumbot_teleop/share/mecanumbot_teleop/package.dsv'
[0.257s] INFO:colcon.colcon_core.shell:Creating package script '/home/seth/base_ws/install/mecanumbot_teleop/share/mecanumbot_teleop/package.sh'
[0.258s] INFO:colcon.colcon_core.shell:Creating package script '/home/seth/base_ws/install/mecanumbot_teleop/share/mecanumbot_teleop/package.bash'
[0.258s] INFO:colcon.colcon_core.shell:Creating package script '/home/seth/base_ws/install/mecanumbot_teleop/share/mecanumbot_teleop/package.zsh'
[0.258s] Level 1:colcon.colcon_core.environment:create_file_with_runtime_dependencies(/home/seth/base_ws/install/mecanumbot_teleop/share/colcon-core/packages/mecanumbot_teleop)
[0.258s] Level 1:colcon.colcon_core.environment:create_environment_scripts_only(mecanumbot_teleop)
[0.258s] Level 1:colcon.colcon_core.environment:checking '/home/seth/base_ws/install/mecanumbot_teleop' for CMake module files
[0.258s] Level 1:colcon.colcon_core.environment:checking '/home/seth/base_ws/install/mecanumbot_teleop' for CMake config files
[0.259s] Level 1:colcon.colcon_core.shell:create_environment_hook('mecanumbot_teleop', 'cmake_prefix_path')
[0.259s] INFO:colcon.colcon_core.shell:Creating environment hook '/home/seth/base_ws/install/mecanumbot_teleop/share/mecanumbot_teleop/hook/cmake_prefix_path.ps1'
[0.259s] INFO:colcon.colcon_core.shell:Creating environment descriptor '/home/seth/base_ws/install/mecanumbot_teleop/share/mecanumbot_teleop/hook/cmake_prefix_path.dsv'
[0.259s] INFO:colcon.colcon_core.shell:Creating environment hook '/home/seth/base_ws/install/mecanumbot_teleop/share/mecanumbot_teleop/hook/cmake_prefix_path.sh'
[0.259s] Level 1:colcon.colcon_core.environment:checking '/home/seth/base_ws/install/mecanumbot_teleop/lib'
[0.259s] Level 1:colcon.colcon_core.environment:checking '/home/seth/base_ws/install/mecanumbot_teleop/bin'
[0.259s] Level 1:colcon.colcon_core.environment:checking '/home/seth/base_ws/install/mecanumbot_teleop/lib/pkgconfig/mecanumbot_teleop.pc'
[0.260s] Level 1:colcon.colcon_core.environment:checking '/home/seth/base_ws/install/mecanumbot_teleop/lib/python3.12/site-packages'
[0.260s] Level 1:colcon.colcon_core.environment:checking '/home/seth/base_ws/install/mecanumbot_teleop/bin'
[0.260s] INFO:colcon.colcon_core.shell:Creating package script '/home/seth/base_ws/install/mecanumbot_teleop/share/mecanumbot_teleop/package.ps1'
[0.260s] INFO:colcon.colcon_core.shell:Creating package descriptor '/home/seth/base_ws/install/mecanumbot_teleop/share/mecanumbot_teleop/package.dsv'
[0.260s] INFO:colcon.colcon_core.shell:Creating package script '/home/seth/base_ws/install/mecanumbot_teleop/share/mecanumbot_teleop/package.sh'
[0.260s] INFO:colcon.colcon_core.shell:Creating package script '/home/seth/base_ws/install/mecanumbot_teleop/share/mecanumbot_teleop/package.bash'
[0.261s] INFO:colcon.colcon_core.shell:Creating package script '/home/seth/base_ws/install/mecanumbot_teleop/share/mecanumbot_teleop/package.zsh'
[0.261s] Level 1:colcon.colcon_core.environment:create_file_with_runtime_dependencies(/home/seth/base_ws/install/mecanumbot_teleop/share/colcon-core/packages/mecanumbot_teleop)
[0.261s] DEBUG:colcon.colcon_core.event_handler.log_command:Invoked command in '/home/seth/base_ws/build/mecanumbot_bringup' returned '0': AMENT_PREFIX_PATH=/home/seth/base_ws/install/mecanumbot_description:${AMENT_PREFIX_PATH} CMAKE_PREFIX_PATH=/home/seth/base_ws/install/mecanumbot_description:/home/seth/omnibase_ws/install/omnibase_bringup:/home/seth/omnibase_ws/install/omnibase_gazebo:/home/seth/omnibase_ws/install/omnibase_description:/home/seth/mecanum_ws/install/mecanum_base_sim:/home/seth/mecanum_ws/install/mecanum_base_description:/home/seth/mecanum_ws/install/mecanum_base_controller:/home/seth/mecanum_ws/install/mecanum_base_bringup:/opt/ros/jazzy/opt/gz_sim_vendor:/opt/ros/jazzy/opt/gz_sensors_vendor:/opt/ros/jazzy/opt/gz_physics_vendor:/opt/ros/jazzy/opt/sdformat_vendor:/opt/ros/jazzy/opt/gz_gui_vendor:/opt/ros/jazzy/opt/gz_transport_vendor:/opt/ros/jazzy/opt/gz_rendering_vendor:/opt/ros/jazzy/opt/gz_plugin_vendor:/opt/ros/jazzy/opt/gz_fuel_tools_vendor:/opt/ros/jazzy/opt/gz_msgs_vendor:/opt/ros/jazzy/opt/gz_common_vendor:/opt/ros/jazzy/opt/gz_math_vendor:/opt/ros/jazzy/opt/gz_utils_vendor:/opt/ros/jazzy/opt/gz_tools_vendor:/opt/ros/jazzy/opt/gz_ogre_next_vendor:/opt/ros/jazzy/opt/gz_dartsim_vendor:/opt/ros/jazzy/opt/gz_cmake_vendor:/home/seth/omnibase_ws/install/omnibase_vision:/home/seth/omnibase_ws/install/omnibase_control:/opt/ros/jazzy DEBUGINFOD_URLS=https://debuginfod.ubuntu.com /usr/bin/cmake --build /home/seth/base_ws/build/mecanumbot_bringup -- -j12 -l12
[0.264s] DEBUG:colcon.colcon_core.event_handler.log_command:Invoking command in '/home/seth/base_ws/build/mecanumbot_bringup': AMENT_PREFIX_PATH=/home/seth/base_ws/install/mecanumbot_description:${AMENT_PREFIX_PATH} CMAKE_PREFIX_PATH=/home/seth/base_ws/install/mecanumbot_description:/home/seth/omnibase_ws/install/omnibase_bringup:/home/seth/omnibase_ws/install/omnibase_gazebo:/home/seth/omnibase_ws/install/omnibase_description:/home/seth/mecanum_ws/install/mecanum_base_sim:/home/seth/mecanum_ws/install/mecanum_base_description:/home/seth/mecanum_ws/install/mecanum_base_controller:/home/seth/mecanum_ws/install/mecanum_base_bringup:/opt/ros/jazzy/opt/gz_sim_vendor:/opt/ros/jazzy/opt/gz_sensors_vendor:/opt/ros/jazzy/opt/gz_physics_vendor:/opt/ros/jazzy/opt/sdformat_vendor:/opt/ros/jazzy/opt/gz_gui_vendor:/opt/ros/jazzy/opt/gz_transport_vendor:/opt/ros/jazzy/opt/gz_rendering_vendor:/opt/ros/jazzy/opt/gz_plugin_vendor:/opt/ros/jazzy/opt/gz_fuel_tools_vendor:/opt/ros/jazzy/opt/gz_msgs_vendor:/opt/ros/jazzy/opt/gz_common_vendor:/opt/ros/jazzy/opt/gz_math_vendor:/opt/ros/jazzy/opt/gz_utils_vendor:/opt/ros/jazzy/opt/gz_tools_vendor:/opt/ros/jazzy/opt/gz_ogre_next_vendor:/opt/ros/jazzy/opt/gz_dartsim_vendor:/opt/ros/jazzy/opt/gz_cmake_vendor:/home/seth/omnibase_ws/install/omnibase_vision:/home/seth/omnibase_ws/install/omnibase_control:/opt/ros/jazzy DEBUGINFOD_URLS=https://debuginfod.ubuntu.com /usr/bin/cmake --install /home/seth/base_ws/build/mecanumbot_bringup
[0.280s] Level 1:colcon.colcon_core.environment:create_environment_scripts_only(mecanumbot_bringup)
[0.280s] Level 1:colcon.colcon_core.environment:checking '/home/seth/base_ws/install/mecanumbot_bringup' for CMake module files
[0.280s] DEBUG:colcon.colcon_core.event_handler.log_command:Invoked command in '/home/seth/base_ws/build/mecanumbot_bringup' returned '0': AMENT_PREFIX_PATH=/home/seth/base_ws/install/mecanumbot_description:${AMENT_PREFIX_PATH} CMAKE_PREFIX_PATH=/home/seth/base_ws/install/mecanumbot_description:/home/seth/omnibase_ws/install/omnibase_bringup:/home/seth/omnibase_ws/install/omnibase_gazebo:/home/seth/omnibase_ws/install/omnibase_description:/home/seth/mecanum_ws/install/mecanum_base_sim:/home/seth/mecanum_ws/install/mecanum_base_description:/home/seth/mecanum_ws/install/mecanum_base_controller:/home/seth/mecanum_ws/install/mecanum_base_bringup:/opt/ros/jazzy/opt/gz_sim_vendor:/opt/ros/jazzy/opt/gz_sensors_vendor:/opt/ros/jazzy/opt/gz_physics_vendor:/opt/ros/jazzy/opt/sdformat_vendor:/opt/ros/jazzy/opt/gz_gui_vendor:/opt/ros/jazzy/opt/gz_transport_vendor:/opt/ros/jazzy/opt/gz_rendering_vendor:/opt/ros/jazzy/opt/gz_plugin_vendor:/opt/ros/jazzy/opt/gz_fuel_tools_vendor:/opt/ros/jazzy/opt/gz_msgs_vendor:/opt/ros/jazzy/opt/gz_common_vendor:/opt/ros/jazzy/opt/gz_math_vendor:/opt/ros/jazzy/opt/gz_utils_vendor:/opt/ros/jazzy/opt/gz_tools_vendor:/opt/ros/jazzy/opt/gz_ogre_next_vendor:/opt/ros/jazzy/opt/gz_dartsim_vendor:/opt/ros/jazzy/opt/gz_cmake_vendor:/home/seth/omnibase_ws/install/omnibase_vision:/home/seth/omnibase_ws/install/omnibase_control:/opt/ros/jazzy DEBUGINFOD_URLS=https://debuginfod.ubuntu.com /usr/bin/cmake --install /home/seth/base_ws/build/mecanumbot_bringup
[0.280s] Level 1:colcon.colcon_core.environment:checking '/home/seth/base_ws/install/mecanumbot_bringup' for CMake config files
[0.281s] Level 1:colcon.colcon_core.shell:create_environment_hook('mecanumbot_bringup', 'cmake_prefix_path')
[0.281s] INFO:colcon.colcon_core.shell:Creating environment hook '/home/seth/base_ws/install/mecanumbot_bringup/share/mecanumbot_bringup/hook/cmake_prefix_path.ps1'
[0.281s] INFO:colcon.colcon_core.shell:Creating environment descriptor '/home/seth/base_ws/install/mecanumbot_bringup/share/mecanumbot_bringup/hook/cmake_prefix_path.dsv'
[0.281s] INFO:colcon.colcon_core.shell:Creating environment hook '/home/seth/base_ws/install/mecanumbot_bringup/share/mecanumbot_bringup/hook/cmake_prefix_path.sh'
[0.281s] Level 1:colcon.colcon_core.environment:checking '/home/seth/base_ws/install/mecanumbot_bringup/bin'
[0.282s] Level 1:colcon.colcon_core.environment:checking '/home/seth/base_ws/install/mecanumbot_bringup/lib/pkgconfig/mecanumbot_bringup.pc'
[0.282s] Level 1:colcon.colcon_core.environment:checking '/home/seth/base_ws/install/mecanumbot_bringup/lib/python3.12/site-packages'
[0.282s] Level 1:colcon.colcon_core.environment:checking '/home/seth/base_ws/install/mecanumbot_bringup/bin'
[0.282s] INFO:colcon.colcon_core.shell:Creating package script '/home/seth/base_ws/install/mecanumbot_bringup/share/mecanumbot_bringup/package.ps1'
[0.282s] INFO:colcon.colcon_core.shell:Creating package descriptor '/home/seth/base_ws/install/mecanumbot_bringup/share/mecanumbot_bringup/package.dsv'
[0.283s] INFO:colcon.colcon_core.shell:Creating package script '/home/seth/base_ws/install/mecanumbot_bringup/share/mecanumbot_bringup/package.sh'
[0.283s] INFO:colcon.colcon_core.shell:Creating package script '/home/seth/base_ws/install/mecanumbot_bringup/share/mecanumbot_bringup/package.bash'
[0.283s] INFO:colcon.colcon_core.shell:Creating package script '/home/seth/base_ws/install/mecanumbot_bringup/share/mecanumbot_bringup/package.zsh'
[0.283s] Level 1:colcon.colcon_core.environment:create_file_with_runtime_dependencies(/home/seth/base_ws/install/mecanumbot_bringup/share/colcon-core/packages/mecanumbot_bringup)
[0.283s] Level 1:colcon.colcon_core.environment:create_environment_scripts_only(mecanumbot_bringup)
[0.283s] Level 1:colcon.colcon_core.environment:checking '/home/seth/base_ws/install/mecanumbot_bringup' for CMake module files
[0.284s] Level 1:colcon.colcon_core.environment:checking '/home/seth/base_ws/install/mecanumbot_bringup' for CMake config files
[0.284s] Level 1:colcon.colcon_core.shell:create_environment_hook('mecanumbot_bringup', 'cmake_prefix_path')
[0.284s] INFO:colcon.colcon_core.shell:Creating environment hook '/home/seth/base_ws/install/mecanumbot_bringup/share/mecanumbot_bringup/hook/cmake_prefix_path.ps1'
[0.284s] INFO:colcon.colcon_core.shell:Creating environment descriptor '/home/seth/base_ws/install/mecanumbot_bringup/share/mecanumbot_bringup/hook/cmake_prefix_path.dsv'
[0.284s] INFO:colcon.colcon_core.shell:Creating environment hook '/home/seth/base_ws/install/mecanumbot_bringup/share/mecanumbot_bringup/hook/cmake_prefix_path.sh'
[0.285s] Level 1:colcon.colcon_core.environment:checking '/home/seth/base_ws/install/mecanumbot_bringup/bin'
[0.285s] Level 1:colcon.colcon_core.environment:checking '/home/seth/base_ws/install/mecanumbot_bringup/lib/pkgconfig/mecanumbot_bringup.pc'
[0.285s] Level 1:colcon.colcon_core.environment:checking '/home/seth/base_ws/install/mecanumbot_bringup/lib/python3.12/site-packages'
[0.285s] Level 1:colcon.colcon_core.environment:checking '/home/seth/base_ws/install/mecanumbot_bringup/bin'
[0.285s] INFO:colcon.colcon_core.shell:Creating package script '/home/seth/base_ws/install/mecanumbot_bringup/share/mecanumbot_bringup/package.ps1'
[0.285s] INFO:colcon.colcon_core.shell:Creating package descriptor '/home/seth/base_ws/install/mecanumbot_bringup/share/mecanumbot_bringup/package.dsv'
[0.286s] INFO:colcon.colcon_core.shell:Creating package script '/home/seth/base_ws/install/mecanumbot_bringup/share/mecanumbot_bringup/package.sh'
[0.286s] INFO:colcon.colcon_core.shell:Creating package script '/home/seth/base_ws/install/mecanumbot_bringup/share/mecanumbot_bringup/package.bash'
[0.286s] INFO:colcon.colcon_core.shell:Creating package script '/home/seth/base_ws/install/mecanumbot_bringup/share/mecanumbot_bringup/package.zsh'
[0.286s] Level 1:colcon.colcon_core.environment:create_file_with_runtime_dependencies(/home/seth/base_ws/install/mecanumbot_bringup/share/colcon-core/packages/mecanumbot_bringup)
[0.286s] DEBUG:colcon.colcon_parallel_executor.executor.parallel:closing loop
[0.287s] DEBUG:colcon.colcon_parallel_executor.executor.parallel:loop closed
[0.287s] DEBUG:colcon.colcon_parallel_executor.executor.parallel:run_until_complete finished with '0'
[0.287s] DEBUG:colcon.colcon_core.event_reactor:joining thread
[0.290s] INFO:colcon.colcon_core.plugin_system:Skipping extension 'colcon_notification.desktop_notification.terminal_notifier': Not used on non-Darwin systems
[0.290s] INFO:colcon.colcon_core.plugin_system:Skipping extension 'colcon_notification.desktop_notification.win32': Not used on non-Windows systems
[0.290s] INFO:colcon.colcon_notification.desktop_notification:Sending desktop notification using 'notify2'
[0.294s] DEBUG:colcon.colcon_core.event_reactor:joined thread
[0.294s] INFO:colcon.colcon_core.shell:Creating prefix script '/home/seth/base_ws/install/local_setup.ps1'
[0.294s] INFO:colcon.colcon_core.shell:Creating prefix util module '/home/seth/base_ws/install/_local_setup_util_ps1.py'
[0.295s] INFO:colcon.colcon_core.shell:Creating prefix chain script '/home/seth/base_ws/install/setup.ps1'
[0.295s] INFO:colcon.colcon_core.shell:Creating prefix script '/home/seth/base_ws/install/local_setup.sh'
[0.296s] INFO:colcon.colcon_core.shell:Creating prefix util module '/home/seth/base_ws/install/_local_setup_util_sh.py'
[0.296s] INFO:colcon.colcon_core.shell:Creating prefix chain script '/home/seth/base_ws/install/setup.sh'
[0.297s] INFO:colcon.colcon_core.shell:Creating prefix script '/home/seth/base_ws/install/local_setup.bash'
[0.297s] INFO:colcon.colcon_core.shell:Creating prefix chain script '/home/seth/base_ws/install/setup.bash'
[0.298s] INFO:colcon.colcon_core.shell:Creating prefix script '/home/seth/base_ws/install/local_setup.zsh'
[0.298s] INFO:colcon.colcon_core.shell:Creating prefix chain script '/home/seth/base_ws/install/setup.zsh'
