[0.255s] Invoking command in '/home/seth/omnibase_ws/build/yahboom_rosmaster_docking': CMAKE_PREFIX_PATH=${CMAKE_PREFIX_PATH}:/home/seth/omnibase_ws/install/omnibase_vision:/home/seth/omnibase_ws/install/omnibase_control:/opt/ros/jazzy DEBUGINFOD_URLS=https://debuginfod.ubuntu.com /usr/bin/cmake /home/seth/omnibase_ws/yahboom_rosmaster/yahboom_rosmaster_docking -DAMENT_CMAKE_SYMLINK_INSTALL=1 -DCMAKE_INSTALL_PREFIX=/home/seth/omnibase_ws/install/yahboom_rosmaster_docking
[0.304s] -- The C compiler identification is GNU 11.5.0
[0.353s] -- The CXX compiler identification is GNU 11.5.0
[0.367s] -- Detecting C compiler ABI info
[0.435s] -- Detecting C compiler ABI info - done
[0.445s] -- Check for working C compiler: /usr/bin/cc - skipped
[0.445s] -- Detecting C compile features
[0.445s] -- Detecting C compile features - done
[0.453s] -- Detecting CXX compiler ABI info
[0.528s] -- Detecting CXX compiler ABI info - done
[0.536s] -- Check for working CXX compiler: /usr/bin/c++ - skipped
[0.536s] -- Detecting CXX compile features
[0.536s] -- Detecting CXX compile features - done
[0.541s] -- Found ament_cmake: 2.5.4 (/opt/ros/jazzy/share/ament_cmake/cmake)
[0.675s] -- Found Python3: /usr/bin/python3 (found version "3.12.3") found components: Interpreter 
[0.741s] -- Override CMake install command with custom implementation using symlinks instead of copying resources
[0.798s] -- Found geometry_msgs: 5.3.6 (/opt/ros/jazzy/share/geometry_msgs/cmake)
[0.855s] -- Found rosidl_generator_c: 4.6.6 (/opt/ros/jazzy/share/rosidl_generator_c/cmake)
[0.872s] -- Found rosidl_generator_cpp: 4.6.6 (/opt/ros/jazzy/share/rosidl_generator_cpp/cmake)
[0.890s] -- Using all available rosidl_typesupport_c: rosidl_typesupport_fastrtps_c;rosidl_typesupport_introspection_c
[0.910s] -- Using all available rosidl_typesupport_cpp: rosidl_typesupport_fastrtps_cpp;rosidl_typesupport_introspection_cpp
[0.956s] -- Found rclcpp: 28.1.13 (/opt/ros/jazzy/share/rclcpp/cmake)
[1.023s] -- Found rmw_implementation_cmake: 7.3.2 (/opt/ros/jazzy/share/rmw_implementation_cmake/cmake)
[1.028s] -- Found rmw_fastrtps_cpp: 8.4.3 (/opt/ros/jazzy/share/rmw_fastrtps_cpp/cmake)
[1.100s] -- Found OpenSSL: /usr/lib/x86_64-linux-gnu/libcrypto.so (found version "3.0.13")  
[1.114s] -- Found FastRTPS: /opt/ros/jazzy/include (Required is at least version "2.13") 
[1.130s] -- Using RMW implementation 'rmw_fastrtps_cpp' as default
[1.181s] -- Found rclpy: 7.1.6 (/opt/ros/jazzy/share/rclpy/cmake)
[1.190s] [31mCMake Error at CMakeLists.txt:14 (find_package):
[1.190s]   By not providing "Findapriltag_ros.cmake" in CMAKE_MODULE_PATH this project
[1.190s]   has asked CMake to find a package configuration file provided by
[1.190s]   "apriltag_ros", but CMake did not find one.
[1.190s] 
[1.190s]   Could not find a package configuration file provided by "apriltag_ros" with
[1.190s]   any of the following names:
[1.190s] 
[1.190s]     apriltag_rosConfig.cmake
[1.190s]     apriltag_ros-config.cmake
[1.190s] 
[1.190s]   Add the installation prefix of "apriltag_ros" to CMAKE_PREFIX_PATH or set
[1.190s]   "apriltag_ros_DIR" to a directory containing one of the above files.  If
[1.190s]   "apriltag_ros" provides a separate development package or SDK, be sure it
[1.190s]   has been installed.
[1.190s] 
[1.190s] [0m
[1.190s] -- Configuring incomplete, errors occurred!
