[0.846s] Invoking command in '/home/seth/omnibase_ws/build/omnibase_control': DEBUGINFOD_URLS=https://debuginfod.ubuntu.com PYTHONPATH=/home/seth/omnibase_ws/build/omnibase_control/prefix_override:/usr/lib/python3/dist-packages/colcon_core/task/python/colcon_distutils_commands:/home/seth/omnibase_ws/install/omnibase_control/lib/python3.12/site-packages:${PYTHONPATH} /usr/bin/python3 -W ignore:setup.py install is deprecated -W ignore:easy_install command is deprecated setup.py develop --editable --build-directory /home/seth/omnibase_ws/build/omnibase_control/build --no-deps symlink_data --force
[1.023s] running develop
[1.121s] running egg_info
[1.131s] writing omnibase_control.egg-info/PKG-INFO
[1.131s] writing dependency_links to omnibase_control.egg-info/dependency_links.txt
[1.131s] writing entry points to omnibase_control.egg-info/entry_points.txt
[1.131s] writing requirements to omnibase_control.egg-info/requires.txt
[1.131s] writing top-level names to omnibase_control.egg-info/top_level.txt
[1.152s] reading manifest file 'omnibase_control.egg-info/SOURCES.txt'
[1.153s] writing manifest file 'omnibase_control.egg-info/SOURCES.txt'
[1.163s] running build_ext
[1.163s] Creating /home/seth/omnibase_ws/install/omnibase_control/lib/python3.12/site-packages/omnibase-control.egg-link (link to .)
[1.163s] Installing custom_planar_move script to /home/seth/omnibase_ws/install/omnibase_control/lib/omnibase_control
[1.163s] Installing drone_gui script to /home/seth/omnibase_ws/install/omnibase_control/lib/omnibase_control
[1.163s] Installing force_controller script to /home/seth/omnibase_ws/install/omnibase_control/lib/omnibase_control
[1.163s] Installing uav_teleop script to /home/seth/omnibase_ws/install/omnibase_control/lib/omnibase_control
[1.163s] 
[1.163s] Installed /home/seth/omnibase_ws/build/omnibase_control
[1.164s] running symlink_data
[1.164s] symbolically linking /home/seth/omnibase_ws/build/omnibase_control/resource/omnibase_control -> /home/seth/omnibase_ws/install/omnibase_control/share/ament_index/resource_index/packages
[1.164s] symbolically linking /home/seth/omnibase_ws/build/omnibase_control/package.xml -> /home/seth/omnibase_ws/install/omnibase_control/share/omnibase_control
[1.164s] symbolically linking /home/seth/omnibase_ws/build/omnibase_control/config/mecanum_controllers.yaml -> /home/seth/omnibase_ws/install/omnibase_control/share/omnibase_control/config
[1.185s] Invoked command in '/home/seth/omnibase_ws/build/omnibase_control' returned '0': DEBUGINFOD_URLS=https://debuginfod.ubuntu.com PYTHONPATH=/home/seth/omnibase_ws/build/omnibase_control/prefix_override:/usr/lib/python3/dist-packages/colcon_core/task/python/colcon_distutils_commands:/home/seth/omnibase_ws/install/omnibase_control/lib/python3.12/site-packages:${PYTHONPATH} /usr/bin/python3 -W ignore:setup.py install is deprecated -W ignore:easy_install command is deprecated setup.py develop --editable --build-directory /home/seth/omnibase_ws/build/omnibase_control/build --no-deps symlink_data --force
