[0.648s] Invoking command in '/home/seth/omnibase_ws/src/omnibase_vision': DEBUGINFOD_URLS=https://debuginfod.ubuntu.com PYTHONPATH=/home/seth/omnibase_ws/build/omnibase_vision/prefix_override:/usr/lib/python3/dist-packages/colcon_core/task/python/colcon_distutils_commands:/home/seth/omnibase_ws/install/omnibase_vision/lib/python3.12/site-packages:${PYTHONPATH} /usr/bin/python3 -W ignore:setup.py install is deprecated -W ignore:easy_install command is deprecated setup.py egg_info --egg-base ../../build/omnibase_vision build --build-base /home/seth/omnibase_ws/build/omnibase_vision/build install --record /home/seth/omnibase_ws/build/omnibase_vision/install.log --single-version-externally-managed install_data
[0.802s] running egg_info
[0.811s] writing ../../build/omnibase_vision/omnibase_vision.egg-info/PKG-INFO
[0.811s] writing dependency_links to ../../build/omnibase_vision/omnibase_vision.egg-info/dependency_links.txt
[0.811s] writing entry points to ../../build/omnibase_vision/omnibase_vision.egg-info/entry_points.txt
[0.811s] writing requirements to ../../build/omnibase_vision/omnibase_vision.egg-info/requires.txt
[0.811s] writing top-level names to ../../build/omnibase_vision/omnibase_vision.egg-info/top_level.txt
[0.828s] reading manifest file '../../build/omnibase_vision/omnibase_vision.egg-info/SOURCES.txt'
[0.829s] writing manifest file '../../build/omnibase_vision/omnibase_vision.egg-info/SOURCES.txt'
[0.829s] running build
[0.829s] running build_py
[0.829s] copying omnibase_vision/base_tracker.py -> /home/seth/omnibase_ws/build/omnibase_vision/build/lib/omnibase_vision
[0.829s] running install
[0.833s] running install_lib
[0.845s] copying /home/seth/omnibase_ws/build/omnibase_vision/build/lib/omnibase_vision/base_tracker.py -> /home/seth/omnibase_ws/install/omnibase_vision/lib/python3.12/site-packages/omnibase_vision
[0.845s] byte-compiling /home/seth/omnibase_ws/install/omnibase_vision/lib/python3.12/site-packages/omnibase_vision/base_tracker.py to base_tracker.cpython-312.pyc
[0.846s] running install_data
[0.846s] running install_egg_info
[0.855s] removing '/home/seth/omnibase_ws/install/omnibase_vision/lib/python3.12/site-packages/omnibase_vision-0.1.0-py3.12.egg-info' (and everything under it)
[0.856s] Copying ../../build/omnibase_vision/omnibase_vision.egg-info to /home/seth/omnibase_ws/install/omnibase_vision/lib/python3.12/site-packages/omnibase_vision-0.1.0-py3.12.egg-info
[0.856s] running install_scripts
[0.926s] Installing base_tracker script to /home/seth/omnibase_ws/install/omnibase_vision/lib/omnibase_vision
[0.926s] Installing led_detector script to /home/seth/omnibase_ws/install/omnibase_vision/lib/omnibase_vision
[0.926s] writing list of installed files to '/home/seth/omnibase_ws/build/omnibase_vision/install.log'
[0.969s] Invoked command in '/home/seth/omnibase_ws/src/omnibase_vision' returned '0': DEBUGINFOD_URLS=https://debuginfod.ubuntu.com PYTHONPATH=/home/seth/omnibase_ws/build/omnibase_vision/prefix_override:/usr/lib/python3/dist-packages/colcon_core/task/python/colcon_distutils_commands:/home/seth/omnibase_ws/install/omnibase_vision/lib/python3.12/site-packages:${PYTHONPATH} /usr/bin/python3 -W ignore:setup.py install is deprecated -W ignore:easy_install command is deprecated setup.py egg_info --egg-base ../../build/omnibase_vision build --build-base /home/seth/omnibase_ws/build/omnibase_vision/build install --record /home/seth/omnibase_ws/build/omnibase_vision/install.log --single-version-externally-managed install_data
