running egg_info
writing ../../build/omnibase_control/omnibase_control.egg-info/PKG-INFO
writing dependency_links to ../../build/omnibase_control/omnibase_control.egg-info/dependency_links.txt
writing entry points to ../../build/omnibase_control/omnibase_control.egg-info/entry_points.txt
writing requirements to ../../build/omnibase_control/omnibase_control.egg-info/requires.txt
writing top-level names to ../../build/omnibase_control/omnibase_control.egg-info/top_level.txt
reading manifest file '../../build/omnibase_control/omnibase_control.egg-info/SOURCES.txt'
writing manifest file '../../build/omnibase_control/omnibase_control.egg-info/SOURCES.txt'
running build
running build_py
running install
running install_lib
running install_data
running install_egg_info
removing '/home/seth/omnibase_ws/install/omnibase_control/lib/python3.12/site-packages/omnibase_control-0.1.0-py3.12.egg-info' (and everything under it)
Copying ../../build/omnibase_control/omnibase_control.egg-info to /home/seth/omnibase_ws/install/omnibase_control/lib/python3.12/site-packages/omnibase_control-0.1.0-py3.12.egg-info
running install_scripts
Installing custom_planar_move script to /home/seth/omnibase_ws/install/omnibase_control/lib/omnibase_control
Installing drone_gui script to /home/seth/omnibase_ws/install/omnibase_control/lib/omnibase_control
Installing force_controller script to /home/seth/omnibase_ws/install/omnibase_control/lib/omnibase_control
Installing uav_teleop script to /home/seth/omnibase_ws/install/omnibase_control/lib/omnibase_control
writing list of installed files to '/home/seth/omnibase_ws/build/omnibase_control/install.log'
