[0.657s] Invoking command in '/home/seth/omnibase_ws/src/omnibase_control': DEBUGINFOD_URLS=https://debuginfod.ubuntu.com PYTHONPATH=/home/seth/omnibase_ws/build/omnibase_control/prefix_override:/usr/lib/python3/dist-packages/colcon_core/task/python/colcon_distutils_commands:/home/seth/omnibase_ws/install/omnibase_control/lib/python3.12/site-packages:${PYTHONPATH} /usr/bin/python3 -W ignore:setup.py install is deprecated -W ignore:easy_install command is deprecated setup.py egg_info --egg-base ../../build/omnibase_control build --build-base /home/seth/omnibase_ws/build/omnibase_control/build install --record /home/seth/omnibase_ws/build/omnibase_control/install.log --single-version-externally-managed install_data
[0.805s] running egg_info
[0.814s] writing ../../build/omnibase_control/omnibase_control.egg-info/PKG-INFO
[0.814s] writing dependency_links to ../../build/omnibase_control/omnibase_control.egg-info/dependency_links.txt
[0.814s] writing entry points to ../../build/omnibase_control/omnibase_control.egg-info/entry_points.txt
[0.814s] writing requirements to ../../build/omnibase_control/omnibase_control.egg-info/requires.txt
[0.814s] writing top-level names to ../../build/omnibase_control/omnibase_control.egg-info/top_level.txt
[0.832s] reading manifest file '../../build/omnibase_control/omnibase_control.egg-info/SOURCES.txt'
[0.833s] writing manifest file '../../build/omnibase_control/omnibase_control.egg-info/SOURCES.txt'
[0.833s] running build
[0.833s] running build_py
[0.833s] running install
[0.837s] running install_lib
[0.847s] running install_data
[0.847s] running install_egg_info
[0.856s] removing '/home/seth/omnibase_ws/install/omnibase_control/lib/python3.12/site-packages/omnibase_control-0.1.0-py3.12.egg-info' (and everything under it)
[0.856s] Copying ../../build/omnibase_control/omnibase_control.egg-info to /home/seth/omnibase_ws/install/omnibase_control/lib/python3.12/site-packages/omnibase_control-0.1.0-py3.12.egg-info
[0.857s] running install_scripts
[0.924s] Installing custom_planar_move script to /home/seth/omnibase_ws/install/omnibase_control/lib/omnibase_control
[0.924s] Installing drone_gui script to /home/seth/omnibase_ws/install/omnibase_control/lib/omnibase_control
[0.924s] Installing force_controller script to /home/seth/omnibase_ws/install/omnibase_control/lib/omnibase_control
[0.924s] Installing uav_teleop script to /home/seth/omnibase_ws/install/omnibase_control/lib/omnibase_control
[0.924s] writing list of installed files to '/home/seth/omnibase_ws/build/omnibase_control/install.log'
[0.949s] Invoked command in '/home/seth/omnibase_ws/src/omnibase_control' returned '0': DEBUGINFOD_URLS=https://debuginfod.ubuntu.com PYTHONPATH=/home/seth/omnibase_ws/build/omnibase_control/prefix_override:/usr/lib/python3/dist-packages/colcon_core/task/python/colcon_distutils_commands:/home/seth/omnibase_ws/install/omnibase_control/lib/python3.12/site-packages:${PYTHONPATH} /usr/bin/python3 -W ignore:setup.py install is deprecated -W ignore:easy_install command is deprecated setup.py egg_info --egg-base ../../build/omnibase_control build --build-base /home/seth/omnibase_ws/build/omnibase_control/build install --record /home/seth/omnibase_ws/build/omnibase_control/install.log --single-version-externally-managed install_data
