[0.254s] Invoking command in '/home/seth/omnibase_ws/build/yahboom_rosmaster_gazebo': CMAKE_PREFIX_PATH=${CMAKE_PREFIX_PATH}:/home/seth/omnibase_ws/install/omnibase_vision:/home/seth/omnibase_ws/install/omnibase_control:/opt/ros/jazzy DEBUGINFOD_URLS=https://debuginfod.ubuntu.com /usr/bin/cmake /home/seth/omnibase_ws/yahboom_rosmaster/yahboom_rosmaster_gazebo -DAMENT_CMAKE_SYMLINK_INSTALL=1 -DCMAKE_INSTALL_PREFIX=/home/seth/omnibase_ws/install/yahboom_rosmaster_gazebo
[0.302s] -- The C compiler identification is GNU 11.5.0
[0.346s] -- The CXX compiler identification is GNU 11.5.0
[0.361s] -- Detecting C compiler ABI info
[0.433s] -- Detecting C compiler ABI info - done
[0.440s] -- Check for working C compiler: /usr/bin/cc - skipped
[0.440s] -- Detecting C compile features
[0.441s] -- Detecting C compile features - done
[0.449s] -- Detecting CXX compiler ABI info
[0.526s] -- Detecting CXX compiler ABI info - done
[0.532s] -- Check for working CXX compiler: /usr/bin/c++ - skipped
[0.532s] -- Detecting CXX compile features
[0.532s] -- Detecting CXX compile features - done
[0.536s] -- Found ament_cmake: 2.5.4 (/opt/ros/jazzy/share/ament_cmake/cmake)
[0.670s] -- Found Python3: /usr/bin/python3 (found version "3.12.3") found components: Interpreter 
[0.738s] -- Override CMake install command with custom implementation using symlinks instead of copying resources
[0.795s] -- Found controller_manager: 4.39.2 (/opt/ros/jazzy/share/controller_manager/cmake)
[0.896s] -- Found rosidl_generator_c: 4.6.6 (/opt/ros/jazzy/share/rosidl_generator_c/cmake)
[0.911s] -- Found rosidl_generator_cpp: 4.6.6 (/opt/ros/jazzy/share/rosidl_generator_cpp/cmake)
[0.931s] -- Using all available rosidl_typesupport_c: rosidl_typesupport_fastrtps_c;rosidl_typesupport_introspection_c
[0.947s] -- Using all available rosidl_typesupport_cpp: rosidl_typesupport_fastrtps_cpp;rosidl_typesupport_introspection_cpp
[1.019s] -- Found rmw_implementation_cmake: 7.3.2 (/opt/ros/jazzy/share/rmw_implementation_cmake/cmake)
[1.023s] -- Found rmw_fastrtps_cpp: 8.4.3 (/opt/ros/jazzy/share/rmw_fastrtps_cpp/cmake)
[1.097s] -- Found OpenSSL: /usr/lib/x86_64-linux-gnu/libcrypto.so (found version "3.0.13")  
[1.111s] -- Found FastRTPS: /opt/ros/jazzy/include (Required is at least version "2.13") 
[1.125s] -- Using RMW implementation 'rmw_fastrtps_cpp' as default
[1.533s] -- Found gz_ros2_control: 1.2.16 (/opt/ros/jazzy/share/gz_ros2_control/cmake)
[1.541s] -- Found ros_gz: 1.0.16 (/opt/ros/jazzy/share/ros_gz/cmake)
[1.544s] -- Found ros_gz_bridge: 1.0.16 (/opt/ros/jazzy/share/ros_gz_bridge/cmake)
[1.595s] -- Looking for gz-msgs10 -- found version 10.3.2
[1.600s] -- Searching for dependencies of gz-msgs10
[1.621s] -- Found Protobuf: /usr/lib/x86_64-linux-gnu/libprotobuf.so (found version "3.21.12") 
[1.623s] -- Looking for gz-utils2 -- found version 2.2.1
[1.623s] -- Searching for dependencies of gz-utils2
[1.625s] -- Looking for gz-math7 -- found version 7.5.2
[1.625s] -- Searching for dependencies of gz-math7
[1.626s] -- Looking for gz-utils2 -- found version 2.2.1
[1.629s] -- Checking for module 'tinyxml2'
[1.641s] --   Found tinyxml2, version 10.0.0
[1.677s] -- Looking for gz-transport13 -- found version 13.5.0
[1.677s] -- Searching for dependencies of gz-transport13
[1.700s] -- Config-file not installed for ZeroMQ -- checking for pkg-config
[1.704s] -- Checking for module 'libzmq >= 4'
[1.715s] --   Found libzmq, version 4.3.5
[1.750s] -- Found ZeroMQ: TRUE (Required is at least version "4") 
[1.754s] -- Checking for module 'uuid'
[1.765s] --   Found uuid, version 2.39.3
[1.794s] -- Found UUID: TRUE  
[1.794s] -- Looking for gz-utils2 -- found version 2.2.1
[1.795s] -- Searching for dependencies of gz-utils2
[1.795s] -- Searching for <gz-utils2> component [cli]
[1.797s] -- Looking for gz-utils2-cli -- found version 2.2.1
[1.797s] -- Searching for dependencies of gz-utils2-cli
[1.797s] -- Looking for gz-msgs10 -- found version 10.3.2
[1.922s] -- Found ros_gz_image: 1.0.16 (/opt/ros/jazzy/share/ros_gz_image/cmake)
[1.925s] -- Found ros_gz_sim: 1.0.16 (/opt/ros/jazzy/share/ros_gz_sim/cmake)
[1.953s] -- Found ros2_control: 4.39.2 (/opt/ros/jazzy/share/ros2_control/cmake)
[1.957s] -- Found ros2_controllers: 4.34.0 (/opt/ros/jazzy/share/ros2_controllers/cmake)
[1.960s] -- Found xacro: 2.1.1 (/opt/ros/jazzy/share/xacro/cmake)
[1.964s] -- Found ament_lint_auto: 0.17.3 (/opt/ros/jazzy/share/ament_lint_auto/cmake)
[2.074s] -- Added test 'flake8' to check Python code syntax and style conventions
[2.074s] -- Configured 'flake8' exclude dirs and/or files: 
[2.084s] -- Added test 'lint_cmake' to check CMake code style
[2.089s] -- Added test 'pep257' to check Python code against some of the docstring style conventions in PEP 257
[2.125s] -- Added test 'xmllint' to check XML markup files
[2.126s] -- Configuring done (1.9s)
[2.132s] -- Generating done (0.0s)
[2.134s] -- Build files have been written to: /home/seth/omnibase_ws/build/yahboom_rosmaster_gazebo
