[0.705s] Invoking command in '/home/seth/omnibase_ws/build/omnibase_control': DEBUGINFOD_URLS=https://debuginfod.ubuntu.com PYTHONPATH=/home/seth/omnibase_ws/build/omnibase_control/prefix_override:/usr/lib/python3/dist-packages/colcon_core/task/python/colcon_distutils_commands:/home/seth/omnibase_ws/install/omnibase_control/lib/python3.12/site-packages:${PYTHONPATH} /usr/bin/python3 -W ignore:setup.py install is deprecated -W ignore:easy_install command is deprecated setup.py develop --editable --build-directory /home/seth/omnibase_ws/build/omnibase_control/build --no-deps symlink_data
[0.947s] running develop
[1.060s] running egg_info
[1.068s] writing omnibase_control.egg-info/PKG-INFO
[1.068s] writing dependency_links to omnibase_control.egg-info/dependency_links.txt
[1.068s] writing entry points to omnibase_control.egg-info/entry_points.txt
[1.069s] writing requirements to omnibase_control.egg-info/requires.txt
[1.069s] writing top-level names to omnibase_control.egg-info/top_level.txt
[1.090s] reading manifest file 'omnibase_control.egg-info/SOURCES.txt'
[1.090s] writing manifest file 'omnibase_control.egg-info/SOURCES.txt'
[1.099s] running build_ext
[1.099s] Creating /home/seth/omnibase_ws/install/omnibase_control/lib/python3.12/site-packages/omnibase-control.egg-link (link to .)
[1.100s] Installing custom_planar_move script to /home/seth/omnibase_ws/install/omnibase_control/lib/omnibase_control
[1.100s] Installing drone_gui script to /home/seth/omnibase_ws/install/omnibase_control/lib/omnibase_control
[1.100s] Installing force_controller script to /home/seth/omnibase_ws/install/omnibase_control/lib/omnibase_control
[1.100s] Installing uav_teleop script to /home/seth/omnibase_ws/install/omnibase_control/lib/omnibase_control
[1.100s] 
[1.100s] Installed /home/seth/omnibase_ws/build/omnibase_control
[1.100s] running symlink_data
[1.100s] creating /home/seth/omnibase_ws/install/omnibase_control/share/omnibase_control/config
[1.101s] symbolically linking /home/seth/omnibase_ws/build/omnibase_control/config/mecanum_controllers.yaml -> /home/seth/omnibase_ws/install/omnibase_control/share/omnibase_control/config
