-- The C compiler identification is GNU 11.5.0
-- The CXX compiler identification is GNU 11.5.0
-- Detecting C compiler ABI info
-- Detecting C compiler ABI info - done
-- Check for working C compiler: /usr/bin/cc - skipped
-- Detecting C compile features
-- Detecting C compile features - done
-- Detecting CXX compiler ABI info
-- Detecting CXX compiler ABI info - done
-- Check for working CXX compiler: /usr/bin/c++ - skipped
-- Detecting CXX compile features
-- Detecting CXX compile features - done
-- Found ament_cmake: 2.5.4 (/opt/ros/jazzy/share/ament_cmake/cmake)
-- Found Python3: /usr/bin/python3 (found version "3.12.3") found components: Interpreter 
-- Override CMake install command with custom implementation using symlinks instead of copying resources
-- Found urdf: 2.10.0 (/opt/ros/jazzy/share/urdf/cmake)
-- Found TinyXML2 via Config file: /usr/lib/x86_64-linux-gnu/cmake/tinyxml2
-- Found xacro: 2.1.1 (/opt/ros/jazzy/share/xacro/cmake)
-- Configuring done (0.9s)
-- Generating done (0.0s)
-- Build files have been written to: /home/seth/omnibase_ws/build/mecanumbot_description
-- Install configuration: ""
-- Execute custom install script
-- Symlinking: /home/seth/omnibase_ws/install/mecanumbot_description/share/mecanumbot_description/urdf/mecanumbot.urdf
-- Symlinking: /home/seth/omnibase_ws/install/mecanumbot_description/share/mecanumbot_description/urdf/mecanumbot_sim.urdf
-- Symlinking: /home/seth/omnibase_ws/install/mecanumbot_description/share/mecanumbot_description/rviz/model.rviz
-- Symlinking: /home/seth/omnibase_ws/install/mecanumbot_description/share/mecanumbot_description/meshes/fl_wheel_link.STL
-- Symlinking: /home/seth/omnibase_ws/install/mecanumbot_description/share/mecanumbot_description/meshes/fr_wheel_link.STL
-- Symlinking: /home/seth/omnibase_ws/install/mecanumbot_description/share/mecanumbot_description/meshes/rl_wheel_link.STL
-- Symlinking: /home/seth/omnibase_ws/install/mecanumbot_description/share/mecanumbot_description/meshes/rr_wheel_link.STL
-- Symlinking: /home/seth/omnibase_ws/install/mecanumbot_description/share/mecanumbot_description/config/robot_controller_config.yaml
-- Symlinking: /home/seth/omnibase_ws/install/mecanumbot_description/share/mecanumbot_description/config/sim_controller_config.yaml
-- Symlinking: /home/seth/omnibase_ws/install/mecanumbot_description/share/ament_index/resource_index/package_run_dependencies/mecanumbot_description
-- Symlinking: /home/seth/omnibase_ws/install/mecanumbot_description/share/ament_index/resource_index/parent_prefix_path/mecanumbot_description
-- Symlinking: /home/seth/omnibase_ws/install/mecanumbot_description/share/mecanumbot_description/environment/ament_prefix_path.sh
-- Symlinking: /home/seth/omnibase_ws/install/mecanumbot_description/share/mecanumbot_description/environment/ament_prefix_path.dsv
-- Symlinking: /home/seth/omnibase_ws/install/mecanumbot_description/share/mecanumbot_description/environment/path.sh
-- Symlinking: /home/seth/omnibase_ws/install/mecanumbot_description/share/mecanumbot_description/environment/path.dsv
-- Symlinking: /home/seth/omnibase_ws/install/mecanumbot_description/share/mecanumbot_description/local_setup.bash
-- Symlinking: /home/seth/omnibase_ws/install/mecanumbot_description/share/mecanumbot_description/local_setup.sh
-- Symlinking: /home/seth/omnibase_ws/install/mecanumbot_description/share/mecanumbot_description/local_setup.zsh
-- Symlinking: /home/seth/omnibase_ws/install/mecanumbot_description/share/mecanumbot_description/local_setup.dsv
-- Symlinking: /home/seth/omnibase_ws/install/mecanumbot_description/share/mecanumbot_description/package.dsv
-- Symlinking: /home/seth/omnibase_ws/install/mecanumbot_description/share/ament_index/resource_index/packages/mecanumbot_description
-- Symlinking: /home/seth/omnibase_ws/install/mecanumbot_description/share/mecanumbot_description/cmake/mecanumbot_descriptionConfig.cmake
-- Symlinking: /home/seth/omnibase_ws/install/mecanumbot_description/share/mecanumbot_description/cmake/mecanumbot_descriptionConfig-version.cmake
-- Symlinking: /home/seth/omnibase_ws/install/mecanumbot_description/share/mecanumbot_description/package.xml
