running develop
running egg_info
creating omnibase_control.egg-info
writing omnibase_control.egg-info/PKG-INFO
writing dependency_links to omnibase_control.egg-info/dependency_links.txt
writing entry points to omnibase_control.egg-info/entry_points.txt
writing requirements to omnibase_control.egg-info/requires.txt
writing top-level names to omnibase_control.egg-info/top_level.txt
writing manifest file 'omnibase_control.egg-info/SOURCES.txt'
reading manifest file 'omnibase_control.egg-info/SOURCES.txt'
writing manifest file 'omnibase_control.egg-info/SOURCES.txt'
running build_ext
Creating /home/juds/omnibase_ws/install/omnibase_control/lib/python3.12/site-packages/omnibase-control.egg-link (link to .)
Installing custom_planar_move script to /home/juds/omnibase_ws/install/omnibase_control/lib/omnibase_control
Installing drone_gui script to /home/juds/omnibase_ws/install/omnibase_control/lib/omnibase_control
Installing force_controller script to /home/juds/omnibase_ws/install/omnibase_control/lib/omnibase_control
Installing uav_teleop script to /home/juds/omnibase_ws/install/omnibase_control/lib/omnibase_control

Installed /home/juds/omnibase_ws/build/omnibase_control
running symlink_data
creating /home/juds/omnibase_ws/install/omnibase_control/share/ament_index
creating /home/juds/omnibase_ws/install/omnibase_control/share/ament_index/resource_index
creating /home/juds/omnibase_ws/install/omnibase_control/share/ament_index/resource_index/packages
symbolically linking /home/juds/omnibase_ws/build/omnibase_control/resource/omnibase_control -> /home/juds/omnibase_ws/install/omnibase_control/share/ament_index/resource_index/packages
symbolically linking /home/juds/omnibase_ws/build/omnibase_control/package.xml -> /home/juds/omnibase_ws/install/omnibase_control/share/omnibase_control
creating /home/juds/omnibase_ws/install/omnibase_control/share/omnibase_control/launch
creating /home/juds/omnibase_ws/install/omnibase_control/share/omnibase_control/config
symbolically linking /home/juds/omnibase_ws/build/omnibase_control/config/mecanum_controllers.yaml -> /home/juds/omnibase_ws/install/omnibase_control/share/omnibase_control/config
