[100%] Built target ForceBasedMove
-- Install configuration: ""
-- Execute custom install script
-- Up-to-date symlink: /home/seth/omnibase_ws/install/omnibase_gazebo/lib/libForceBasedMove.so
-- Up-to-date symlink: /home/seth/omnibase_ws/install/omnibase_gazebo/share/omnibase_gazebo/worlds/tracking_world.sdf
-- Up-to-date symlink: /home/seth/omnibase_ws/install/omnibase_gazebo/share/omnibase_gazebo/models/led_marker/model.config
-- Up-to-date symlink: /home/seth/omnibase_ws/install/omnibase_gazebo/share/omnibase_gazebo/models/led_marker/model.sdf
-- Up-to-date symlink: /home/seth/omnibase_ws/install/omnibase_gazebo/share/omnibase_gazebo/config/ros_gz_bridge.yaml
-- Up-to-date symlink: /home/seth/omnibase_ws/install/omnibase_gazebo/share/omnibase_gazebo/launch/simulation.launch.py
-- Up-to-date symlink: /home/seth/omnibase_ws/install/omnibase_gazebo/share/ament_index/resource_index/package_run_dependencies/omnibase_gazebo
-- Up-to-date symlink: /home/seth/omnibase_ws/install/omnibase_gazebo/share/ament_index/resource_index/parent_prefix_path/omnibase_gazebo
-- Up-to-date symlink: /home/seth/omnibase_ws/install/omnibase_gazebo/share/omnibase_gazebo/environment/ament_prefix_path.sh
-- Up-to-date symlink: /home/seth/omnibase_ws/install/omnibase_gazebo/share/omnibase_gazebo/environment/ament_prefix_path.dsv
-- Up-to-date symlink: /home/seth/omnibase_ws/install/omnibase_gazebo/share/omnibase_gazebo/environment/path.sh
-- Up-to-date symlink: /home/seth/omnibase_ws/install/omnibase_gazebo/share/omnibase_gazebo/environment/path.dsv
-- Up-to-date symlink: /home/seth/omnibase_ws/install/omnibase_gazebo/share/omnibase_gazebo/local_setup.bash
-- Up-to-date symlink: /home/seth/omnibase_ws/install/omnibase_gazebo/share/omnibase_gazebo/local_setup.sh
-- Up-to-date symlink: /home/seth/omnibase_ws/install/omnibase_gazebo/share/omnibase_gazebo/local_setup.zsh
-- Up-to-date symlink: /home/seth/omnibase_ws/install/omnibase_gazebo/share/omnibase_gazebo/local_setup.dsv
-- Symlinking: /home/seth/omnibase_ws/install/omnibase_gazebo/share/omnibase_gazebo/package.dsv
-- Up-to-date symlink: /home/seth/omnibase_ws/install/omnibase_gazebo/share/ament_index/resource_index/packages/omnibase_gazebo
-- Up-to-date symlink: /home/seth/omnibase_ws/install/omnibase_gazebo/share/omnibase_gazebo/cmake/omnibase_gazeboConfig.cmake
-- Up-to-date symlink: /home/seth/omnibase_ws/install/omnibase_gazebo/share/omnibase_gazebo/cmake/omnibase_gazeboConfig-version.cmake
-- Up-to-date symlink: /home/seth/omnibase_ws/install/omnibase_gazebo/share/omnibase_gazebo/package.xml
