[0.006s] Invoking command in '/home/seth/omnibase_ws/build/omnibase_gazebo': CMAKE_PREFIX_PATH=/home/seth/omnibase_ws/install/omnibase_description:/home/seth/omnibase_ws/install/omnibase_bringup:/home/seth/omnibase_ws/install/omnibase_gazebo:/home/seth/mecanum_ws/install/mecanum_base_sim:/home/seth/mecanum_ws/install/mecanum_base_description:/home/seth/mecanum_ws/install/mecanum_base_controller:/home/seth/mecanum_ws/install/mecanum_base_bringup:/opt/ros/jazzy/opt/gz_sim_vendor:/opt/ros/jazzy/opt/gz_sensors_vendor:/opt/ros/jazzy/opt/gz_physics_vendor:/opt/ros/jazzy/opt/sdformat_vendor:/opt/ros/jazzy/opt/gz_gui_vendor:/opt/ros/jazzy/opt/gz_transport_vendor:/opt/ros/jazzy/opt/gz_rendering_vendor:/opt/ros/jazzy/opt/gz_plugin_vendor:/opt/ros/jazzy/opt/gz_fuel_tools_vendor:/opt/ros/jazzy/opt/gz_msgs_vendor:/opt/ros/jazzy/opt/gz_common_vendor:/opt/ros/jazzy/opt/gz_math_vendor:/opt/ros/jazzy/opt/gz_utils_vendor:/opt/ros/jazzy/opt/gz_tools_vendor:/opt/ros/jazzy/opt/gz_ogre_next_vendor:/opt/ros/jazzy/opt/gz_dartsim_vendor:/opt/ros/jazzy/opt/gz_cmake_vendor:/home/seth/omnibase_ws/install/omnibase_vision:/home/seth/omnibase_ws/install/omnibase_control:/opt/ros/jazzy DEBUGINFOD_URLS=https://debuginfod.ubuntu.com /usr/bin/cmake --build /home/seth/omnibase_ws/build/omnibase_gazebo -- -j12 -l12
[0.025s] -- Found ament_cmake: 2.5.4 (/opt/ros/jazzy/share/ament_cmake/cmake)
[0.149s] -- Override CMake install command with custom implementation using symlinks instead of copying resources
[0.210s] -- Configuring done (0.2s)
[0.212s] -- Generating done (0.0s)
[0.214s] -- Build files have been written to: /home/seth/omnibase_ws/build/omnibase_gazebo
[0.232s] Invoked command in '/home/seth/omnibase_ws/build/omnibase_gazebo' returned '0': CMAKE_PREFIX_PATH=/home/seth/omnibase_ws/install/omnibase_description:/home/seth/omnibase_ws/install/omnibase_bringup:/home/seth/omnibase_ws/install/omnibase_gazebo:/home/seth/mecanum_ws/install/mecanum_base_sim:/home/seth/mecanum_ws/install/mecanum_base_description:/home/seth/mecanum_ws/install/mecanum_base_controller:/home/seth/mecanum_ws/install/mecanum_base_bringup:/opt/ros/jazzy/opt/gz_sim_vendor:/opt/ros/jazzy/opt/gz_sensors_vendor:/opt/ros/jazzy/opt/gz_physics_vendor:/opt/ros/jazzy/opt/sdformat_vendor:/opt/ros/jazzy/opt/gz_gui_vendor:/opt/ros/jazzy/opt/gz_transport_vendor:/opt/ros/jazzy/opt/gz_rendering_vendor:/opt/ros/jazzy/opt/gz_plugin_vendor:/opt/ros/jazzy/opt/gz_fuel_tools_vendor:/opt/ros/jazzy/opt/gz_msgs_vendor:/opt/ros/jazzy/opt/gz_common_vendor:/opt/ros/jazzy/opt/gz_math_vendor:/opt/ros/jazzy/opt/gz_utils_vendor:/opt/ros/jazzy/opt/gz_tools_vendor:/opt/ros/jazzy/opt/gz_ogre_next_vendor:/opt/ros/jazzy/opt/gz_dartsim_vendor:/opt/ros/jazzy/opt/gz_cmake_vendor:/home/seth/omnibase_ws/install/omnibase_vision:/home/seth/omnibase_ws/install/omnibase_control:/opt/ros/jazzy DEBUGINFOD_URLS=https://debuginfod.ubuntu.com /usr/bin/cmake --build /home/seth/omnibase_ws/build/omnibase_gazebo -- -j12 -l12
[0.233s] Invoking command in '/home/seth/omnibase_ws/build/omnibase_gazebo': CMAKE_PREFIX_PATH=/home/seth/omnibase_ws/install/omnibase_description:/home/seth/omnibase_ws/install/omnibase_bringup:/home/seth/omnibase_ws/install/omnibase_gazebo:/home/seth/mecanum_ws/install/mecanum_base_sim:/home/seth/mecanum_ws/install/mecanum_base_description:/home/seth/mecanum_ws/install/mecanum_base_controller:/home/seth/mecanum_ws/install/mecanum_base_bringup:/opt/ros/jazzy/opt/gz_sim_vendor:/opt/ros/jazzy/opt/gz_sensors_vendor:/opt/ros/jazzy/opt/gz_physics_vendor:/opt/ros/jazzy/opt/sdformat_vendor:/opt/ros/jazzy/opt/gz_gui_vendor:/opt/ros/jazzy/opt/gz_transport_vendor:/opt/ros/jazzy/opt/gz_rendering_vendor:/opt/ros/jazzy/opt/gz_plugin_vendor:/opt/ros/jazzy/opt/gz_fuel_tools_vendor:/opt/ros/jazzy/opt/gz_msgs_vendor:/opt/ros/jazzy/opt/gz_common_vendor:/opt/ros/jazzy/opt/gz_math_vendor:/opt/ros/jazzy/opt/gz_utils_vendor:/opt/ros/jazzy/opt/gz_tools_vendor:/opt/ros/jazzy/opt/gz_ogre_next_vendor:/opt/ros/jazzy/opt/gz_dartsim_vendor:/opt/ros/jazzy/opt/gz_cmake_vendor:/home/seth/omnibase_ws/install/omnibase_vision:/home/seth/omnibase_ws/install/omnibase_control:/opt/ros/jazzy DEBUGINFOD_URLS=https://debuginfod.ubuntu.com /usr/bin/cmake --install /home/seth/omnibase_ws/build/omnibase_gazebo
[0.239s] -- Install configuration: ""
[0.240s] -- Execute custom install script
[0.240s] -- Up-to-date symlink: /home/seth/omnibase_ws/install/omnibase_gazebo/share/omnibase_gazebo/worlds/tracking_world.sdf
[0.240s] -- Up-to-date symlink: /home/seth/omnibase_ws/install/omnibase_gazebo/share/omnibase_gazebo/models/led_marker/model.config
[0.240s] -- Up-to-date symlink: /home/seth/omnibase_ws/install/omnibase_gazebo/share/omnibase_gazebo/models/led_marker/model.sdf
[0.240s] -- Up-to-date symlink: /home/seth/omnibase_ws/install/omnibase_gazebo/share/omnibase_gazebo/config/ros_gz_bridge.yaml
[0.240s] -- Up-to-date symlink: /home/seth/omnibase_ws/install/omnibase_gazebo/share/omnibase_gazebo/launch/simulation.launch.py
[0.240s] -- Up-to-date symlink: /home/seth/omnibase_ws/install/omnibase_gazebo/share/ament_index/resource_index/package_run_dependencies/omnibase_gazebo
[0.240s] -- Up-to-date symlink: /home/seth/omnibase_ws/install/omnibase_gazebo/share/ament_index/resource_index/parent_prefix_path/omnibase_gazebo
[0.241s] -- Up-to-date symlink: /home/seth/omnibase_ws/install/omnibase_gazebo/share/omnibase_gazebo/environment/ament_prefix_path.sh
[0.241s] -- Up-to-date symlink: /home/seth/omnibase_ws/install/omnibase_gazebo/share/omnibase_gazebo/environment/ament_prefix_path.dsv
[0.241s] -- Up-to-date symlink: /home/seth/omnibase_ws/install/omnibase_gazebo/share/omnibase_gazebo/environment/path.sh
[0.241s] -- Up-to-date symlink: /home/seth/omnibase_ws/install/omnibase_gazebo/share/omnibase_gazebo/environment/path.dsv
[0.241s] -- Up-to-date symlink: /home/seth/omnibase_ws/install/omnibase_gazebo/share/omnibase_gazebo/local_setup.bash
[0.241s] -- Up-to-date symlink: /home/seth/omnibase_ws/install/omnibase_gazebo/share/omnibase_gazebo/local_setup.sh
[0.241s] -- Up-to-date symlink: /home/seth/omnibase_ws/install/omnibase_gazebo/share/omnibase_gazebo/local_setup.zsh
[0.241s] -- Up-to-date symlink: /home/seth/omnibase_ws/install/omnibase_gazebo/share/omnibase_gazebo/local_setup.dsv
[0.241s] -- Symlinking: /home/seth/omnibase_ws/install/omnibase_gazebo/share/omnibase_gazebo/package.dsv
[0.249s] -- Up-to-date symlink: /home/seth/omnibase_ws/install/omnibase_gazebo/share/ament_index/resource_index/packages/omnibase_gazebo
[0.249s] -- Up-to-date symlink: /home/seth/omnibase_ws/install/omnibase_gazebo/share/omnibase_gazebo/cmake/omnibase_gazeboConfig.cmake
[0.249s] -- Up-to-date symlink: /home/seth/omnibase_ws/install/omnibase_gazebo/share/omnibase_gazebo/cmake/omnibase_gazeboConfig-version.cmake
[0.249s] -- Up-to-date symlink: /home/seth/omnibase_ws/install/omnibase_gazebo/share/omnibase_gazebo/package.xml
[0.250s] Invoked command in '/home/seth/omnibase_ws/build/omnibase_gazebo' returned '0': CMAKE_PREFIX_PATH=/home/seth/omnibase_ws/install/omnibase_description:/home/seth/omnibase_ws/install/omnibase_bringup:/home/seth/omnibase_ws/install/omnibase_gazebo:/home/seth/mecanum_ws/install/mecanum_base_sim:/home/seth/mecanum_ws/install/mecanum_base_description:/home/seth/mecanum_ws/install/mecanum_base_controller:/home/seth/mecanum_ws/install/mecanum_base_bringup:/opt/ros/jazzy/opt/gz_sim_vendor:/opt/ros/jazzy/opt/gz_sensors_vendor:/opt/ros/jazzy/opt/gz_physics_vendor:/opt/ros/jazzy/opt/sdformat_vendor:/opt/ros/jazzy/opt/gz_gui_vendor:/opt/ros/jazzy/opt/gz_transport_vendor:/opt/ros/jazzy/opt/gz_rendering_vendor:/opt/ros/jazzy/opt/gz_plugin_vendor:/opt/ros/jazzy/opt/gz_fuel_tools_vendor:/opt/ros/jazzy/opt/gz_msgs_vendor:/opt/ros/jazzy/opt/gz_common_vendor:/opt/ros/jazzy/opt/gz_math_vendor:/opt/ros/jazzy/opt/gz_utils_vendor:/opt/ros/jazzy/opt/gz_tools_vendor:/opt/ros/jazzy/opt/gz_ogre_next_vendor:/opt/ros/jazzy/opt/gz_dartsim_vendor:/opt/ros/jazzy/opt/gz_cmake_vendor:/home/seth/omnibase_ws/install/omnibase_vision:/home/seth/omnibase_ws/install/omnibase_control:/opt/ros/jazzy DEBUGINFOD_URLS=https://debuginfod.ubuntu.com /usr/bin/cmake --install /home/seth/omnibase_ws/build/omnibase_gazebo
